Information	3/12/2019 6:32:08 PM	Microsoft-Windows-Windows Defender	2011	None	"Windows Defender Antivirus used Dynamic Signature Service to discard obsolete signatures.
 	Current Signature Version: 1.289.911.0
 	Signature Type: AntiVirus
 	Current Engine Version: 1.1.15700.9
 	Dynamic Signature Type: Signature update
 	Persistence Path: C:\ProgramData\Microsoft\Windows Defender\Scans\RtSigs\data\383c1868e0d88106b3cfc2f710af572785810a6a
 	Dynamic Signature Version: 0.0.0.0
 	Dynamic Signature Compilation Timestamp: 2019/3/2 6:15:55
 	Removal Reason: Automatic
 	Persistence Limit Type: Duration
 	Persistence Limit: 50065408"
Information	3/12/2019 6:32:08 PM	Microsoft-Windows-Windows Defender	2011	None	"Windows Defender Antivirus used Dynamic Signature Service to discard obsolete signatures.
 	Current Signature Version: 1.289.911.0
 	Signature Type: AntiSpyware
 	Current Engine Version: 1.1.15700.9
 	Dynamic Signature Type: Signature update
 	Persistence Path: C:\ProgramData\Microsoft\Windows Defender\Scans\RtSigs\data\0cd8e1fa9674a104477866e1709d02e8e3d9537a
 	Dynamic Signature Version: 0.0.0.0
 	Dynamic Signature Compilation Timestamp: 2019/3/2 6:16:15
 	Removal Reason: Automatic
 	Persistence Limit Type: Duration
 	Persistence Limit: 50065408"
Information	3/12/2019 6:32:08 PM	Microsoft-Windows-Windows Defender	2011	None	"Windows Defender Antivirus used Dynamic Signature Service to discard obsolete signatures.
 	Current Signature Version: 1.289.911.0
 	Signature Type: AntiVirus
 	Current Engine Version: 1.1.15700.9
 	Dynamic Signature Type: Signature update
 	Persistence Path: C:\ProgramData\Microsoft\Windows Defender\Scans\RtSigs\data\0cd8e1fa9674a104477866e1709d02e8e3d9537a
 	Dynamic Signature Version: 0.0.0.0
 	Dynamic Signature Compilation Timestamp: 2019/3/2 6:16:15
 	Removal Reason: Automatic
 	Persistence Limit Type: Duration
 	Persistence Limit: 50065408"
Information	3/12/2019 6:26:13 PM	Microsoft-Windows-Windows Defender	1151	None	"Endpoint Protection client health report (time in UTC):
 	Platform version: 4.18.1902.2
 	Engine version: 1.1.15700.9
 	Network Realtime Inspection engine version: 1.1.15700.9
 	Antivirus signature version: 1.289.877.0
 	Antispyware signature version: 1.289.877.0
 	Network Realtime Inspection signature version: 1.289.877.0
 	RTP state: Enabled
 	OA state: Enabled
 	IOAV state: Enabled
 	BM state: Enabled
 	Antivirus signature age: 1
 	Antispyware signature age: 1
 	Last quick scan age: 0
 	Last full scan age: 4294967295
 	Antivirus signature creation time: 2019/3/11 7:24:10
 	Antispyware signature creation time: 2019/3/11 7:24:10
 	Last quick scan start time: 2019/3/11 16:43:16
 	Last quick scan end time: 2019/3/11 16:51:33
 	Last quick scan source: 2
 	Last full scan start time: 1601/1/1 0:00:00
 	Last full scan end time: 1601/1/1 0:00:00
 	Last full scan source: 0
 	Product status: 0x00080000
"
Information	3/12/2019 6:26:13 PM	Microsoft-Windows-Windows Defender	1150	None	"Endpoint Protection client is up and running in a healthy state.
 	Platform version: 4.18.1902.2
 	Engine version: 1.1.15700.9
 	Signature version: 1.289.877.0
"
Information	3/12/2019 4:45:40 PM	Microsoft-Windows-Windows Defender	1151	None	"Endpoint Protection client health report (time in UTC):
 	Platform version: 4.18.1902.2
 	Engine version: 1.1.15700.9
 	Network Realtime Inspection engine version: 1.1.15700.9
 	Antivirus signature version: 1.289.877.0
 	Antispyware signature version: 1.289.877.0
 	Network Realtime Inspection signature version: 1.289.877.0
 	RTP state: Enabled
 	OA state: Enabled
 	IOAV state: Enabled
 	BM state: Enabled
 	Antivirus signature age: 1
 	Antispyware signature age: 1
 	Last quick scan age: 0
 	Last full scan age: 4294967295
 	Antivirus signature creation time: 2019/3/11 7:24:10
 	Antispyware signature creation time: 2019/3/11 7:24:10
 	Last quick scan start time: 2019/3/11 16:43:16
 	Last quick scan end time: 2019/3/11 16:51:33
 	Last quick scan source: 2
 	Last full scan start time: 1601/1/1 0:00:00
 	Last full scan end time: 1601/1/1 0:00:00
 	Last full scan source: 0
 	Product status: 0x00080000
"
Information	3/12/2019 4:45:40 PM	Microsoft-Windows-Windows Defender	1150	None	"Endpoint Protection client is up and running in a healthy state.
 	Platform version: 4.18.1902.2
 	Engine version: 1.1.15700.9
 	Signature version: 1.289.877.0
"
Information	3/12/2019 3:45:40 PM	Microsoft-Windows-Windows Defender	1151	None	"Endpoint Protection client health report (time in UTC):
 	Platform version: 4.18.1902.2
 	Engine version: 1.1.15700.9
 	Network Realtime Inspection engine version: 1.1.15700.9
 	Antivirus signature version: 1.289.877.0
 	Antispyware signature version: 1.289.877.0
 	Network Realtime Inspection signature version: 1.289.877.0
 	RTP state: Enabled
 	OA state: Enabled
 	IOAV state: Enabled
 	BM state: Enabled
 	Antivirus signature age: 1
 	Antispyware signature age: 1
 	Last quick scan age: 0
 	Last full scan age: 4294967295
 	Antivirus signature creation time: 2019/3/11 7:24:10
 	Antispyware signature creation time: 2019/3/11 7:24:10
 	Last quick scan start time: 2019/3/11 16:43:16
 	Last quick scan end time: 2019/3/11 16:51:33
 	Last quick scan source: 2
 	Last full scan start time: 1601/1/1 0:00:00
 	Last full scan end time: 1601/1/1 0:00:00
 	Last full scan source: 0
 	Product status: 0x00080000
"
Information	3/12/2019 3:45:40 PM	Microsoft-Windows-Windows Defender	1150	None	"Endpoint Protection client is up and running in a healthy state.
 	Platform version: 4.18.1902.2
 	Engine version: 1.1.15700.9
 	Signature version: 1.289.877.0
"
Information	3/12/2019 12:00:05 PM	Microsoft-Windows-Windows Defender	1151	None	"Endpoint Protection client health report (time in UTC):
 	Platform version: 4.18.1902.2
 	Engine version: 1.1.15700.9
 	Network Realtime Inspection engine version: 1.1.15700.9
 	Antivirus signature version: 1.289.877.0
 	Antispyware signature version: 1.289.877.0
 	Network Realtime Inspection signature version: 1.289.877.0
 	RTP state: Enabled
 	OA state: Enabled
 	IOAV state: Enabled
 	BM state: Enabled
 	Antivirus signature age: 0
 	Antispyware signature age: 0
 	Last quick scan age: 0
 	Last full scan age: 4294967295
 	Antivirus signature creation time: 2019/3/11 7:24:10
 	Antispyware signature creation time: 2019/3/11 7:24:10
 	Last quick scan start time: 2019/3/11 16:43:16
 	Last quick scan end time: 2019/3/11 16:51:33
 	Last quick scan source: 2
 	Last full scan start time: 1601/1/1 0:00:00
 	Last full scan end time: 1601/1/1 0:00:00
 	Last full scan source: 0
 	Product status: 0x00080000
"
Information	3/12/2019 12:00:05 PM	Microsoft-Windows-Windows Defender	1150	None	"Endpoint Protection client is up and running in a healthy state.
 	Platform version: 4.18.1902.2
 	Engine version: 1.1.15700.9
 	Signature version: 1.289.877.0
"
Information	3/12/2019 11:00:05 AM	Microsoft-Windows-Windows Defender	1151	None	"Endpoint Protection client health report (time in UTC):
 	Platform version: 4.18.1902.2
 	Engine version: 1.1.15700.9
 	Network Realtime Inspection engine version: 1.1.15700.9
 	Antivirus signature version: 1.289.877.0
 	Antispyware signature version: 1.289.877.0
 	Network Realtime Inspection signature version: 1.289.877.0
 	RTP state: Enabled
 	OA state: Enabled
 	IOAV state: Enabled
 	BM state: Enabled
 	Antivirus signature age: 0
 	Antispyware signature age: 0
 	Last quick scan age: 0
 	Last full scan age: 4294967295
 	Antivirus signature creation time: 2019/3/11 7:24:10
 	Antispyware signature creation time: 2019/3/11 7:24:10
 	Last quick scan start time: 2019/3/11 16:43:16
 	Last quick scan end time: 2019/3/11 16:51:33
 	Last quick scan source: 2
 	Last full scan start time: 1601/1/1 0:00:00
 	Last full scan end time: 1601/1/1 0:00:00
 	Last full scan source: 0
 	Product status: 0x00080000
"
Information	3/12/2019 11:00:05 AM	Microsoft-Windows-Windows Defender	1150	None	"Endpoint Protection client is up and running in a healthy state.
 	Platform version: 4.18.1902.2
 	Engine version: 1.1.15700.9
 	Signature version: 1.289.877.0
"
Information	3/12/2019 10:00:05 AM	Microsoft-Windows-Windows Defender	1151	None	"Endpoint Protection client health report (time in UTC):
 	Platform version: 4.18.1902.2
 	Engine version: 1.1.15700.9
 	Network Realtime Inspection engine version: 1.1.15700.9
 	Antivirus signature version: 1.289.877.0
 	Antispyware signature version: 1.289.877.0
 	Network Realtime Inspection signature version: 1.289.877.0
 	RTP state: Enabled
 	OA state: Enabled
 	IOAV state: Enabled
 	BM state: Enabled
 	Antivirus signature age: 0
 	Antispyware signature age: 0
 	Last quick scan age: 0
 	Last full scan age: 4294967295
 	Antivirus signature creation time: 2019/3/11 7:24:10
 	Antispyware signature creation time: 2019/3/11 7:24:10
 	Last quick scan start time: 2019/3/11 16:43:16
 	Last quick scan end time: 2019/3/11 16:51:33
 	Last quick scan source: 2
 	Last full scan start time: 1601/1/1 0:00:00
 	Last full scan end time: 1601/1/1 0:00:00
 	Last full scan source: 0
 	Product status: 0x00080000
"
Information	3/12/2019 10:00:05 AM	Microsoft-Windows-Windows Defender	1150	None	"Endpoint Protection client is up and running in a healthy state.
 	Platform version: 4.18.1902.2
 	Engine version: 1.1.15700.9
 	Signature version: 1.289.877.0
"
Information	3/12/2019 8:52:15 AM	Microsoft-Windows-Windows Defender	1151	None	"Endpoint Protection client health report (time in UTC):
 	Platform version: 4.18.1902.2
 	Engine version: 1.1.15700.9
 	Network Realtime Inspection engine version: 1.1.15700.9
 	Antivirus signature version: 1.289.877.0
 	Antispyware signature version: 1.289.877.0
 	Network Realtime Inspection signature version: 1.289.877.0
 	RTP state: Enabled
 	OA state: Enabled
 	IOAV state: Enabled
 	BM state: Enabled
 	Antivirus signature age: 0
 	Antispyware signature age: 0
 	Last quick scan age: 0
 	Last full scan age: 4294967295
 	Antivirus signature creation time: 2019/3/11 7:24:10
 	Antispyware signature creation time: 2019/3/11 7:24:10
 	Last quick scan start time: 2019/3/11 16:43:16
 	Last quick scan end time: 2019/3/11 16:51:33
 	Last quick scan source: 2
 	Last full scan start time: 1601/1/1 0:00:00
 	Last full scan end time: 1601/1/1 0:00:00
 	Last full scan source: 0
 	Product status: 0x00080000
"
Information	3/12/2019 8:52:15 AM	Microsoft-Windows-Windows Defender	1150	None	"Endpoint Protection client is up and running in a healthy state.
 	Platform version: 4.18.1902.2
 	Engine version: 1.1.15700.9
 	Signature version: 1.289.877.0
"
Information	3/12/2019 12:51:33 AM	Microsoft-Windows-Windows Defender	1001	None	"Windows Defender Antivirus scan has finished.
 	Scan ID: {B0E51C19-390E-480E-8299-FA3DA9E562B7}
 	Scan Type: Antimalware
 	Scan Parameters: Quick Scan
 	User: NT AUTHORITY\SYSTEM
 	Scan Time: 0:08:16"
Information	3/12/2019 12:43:16 AM	Microsoft-Windows-Windows Defender	1000	None	"Windows Defender Antivirus scan has started.
 	Scan ID: {B0E51C19-390E-480E-8299-FA3DA9E562B7}
 	Scan Type: Antimalware
 	Scan Parameters: Quick Scan
 	Scan Resources: 
 	User: NT AUTHORITY\SYSTEM"
Warning	3/12/2019 12:20:03 AM	Microsoft-Windows-Windows Defender	1002	None	"Windows Defender Antivirus scan has been stopped before completion.
 	Scan ID: {1A2ECC8F-B47B-4575-B2B7-BC083C6AFC97}
 	Scan Type: Antimalware
 	Scan Parameters: Quick Scan
  	User: NT AUTHORITY\SYSTEM"
Information	3/12/2019 12:18:46 AM	Microsoft-Windows-Windows Defender	1000	None	"Windows Defender Antivirus scan has started.
 	Scan ID: {1A2ECC8F-B47B-4575-B2B7-BC083C6AFC97}
 	Scan Type: Antimalware
 	Scan Parameters: Quick Scan
 	Scan Resources: 
 	User: NT AUTHORITY\SYSTEM"
Warning	3/12/2019 12:14:21 AM	Microsoft-Windows-Windows Defender	1002	None	"Windows Defender Antivirus scan has been stopped before completion.
 	Scan ID: {E70B7AB5-ED5C-4BF5-A40B-1D2A9D3C9044}
 	Scan Type: Antimalware
 	Scan Parameters: Quick Scan
  	User: NT AUTHORITY\SYSTEM"
Information	3/12/2019 12:09:22 AM	Microsoft-Windows-Windows Defender	1151	None	"Endpoint Protection client health report (time in UTC):
 	Platform version: 4.18.1902.2
 	Engine version: 1.1.15700.9
 	Network Realtime Inspection engine version: 1.1.15700.9
 	Antivirus signature version: 1.289.877.0
 	Antispyware signature version: 1.289.877.0
 	Network Realtime Inspection signature version: 1.289.877.0
 	RTP state: Enabled
 	OA state: Enabled
 	IOAV state: Enabled
 	BM state: Enabled
 	Antivirus signature age: 0
 	Antispyware signature age: 0
 	Last quick scan age: 1
 	Last full scan age: 4294967295
 	Antivirus signature creation time: 2019/3/11 7:24:10
 	Antispyware signature creation time: 2019/3/11 7:24:10
 	Last quick scan start time: 2019/3/10 6:05:54
 	Last quick scan end time: 2019/3/10 6:15:26
 	Last quick scan source: 2
 	Last full scan start time: 1601/1/1 0:00:00
 	Last full scan end time: 1601/1/1 0:00:00
 	Last full scan source: 0
 	Product status: 0x00080200
"
Information	3/12/2019 12:09:22 AM	Microsoft-Windows-Windows Defender	1150	None	"Endpoint Protection client is up and running in a healthy state.
 	Platform version: 4.18.1902.2
 	Engine version: 1.1.15700.9
 	Signature version: 1.289.877.0
"
Information	3/12/2019 12:08:08 AM	Microsoft-Windows-Windows Defender	1000	None	"Windows Defender Antivirus scan has started.
 	Scan ID: {E70B7AB5-ED5C-4BF5-A40B-1D2A9D3C9044}
 	Scan Type: Antimalware
 	Scan Parameters: Quick Scan
 	Scan Resources: 
 	User: NT AUTHORITY\SYSTEM"
Warning	3/12/2019 12:04:01 AM	Microsoft-Windows-Windows Defender	1002	None	"Windows Defender Antivirus scan has been stopped before completion.
 	Scan ID: {8E89F5C7-87CA-4AFF-BB30-73CF240B6A62}
 	Scan Type: Antimalware
 	Scan Parameters: Quick Scan
  	User: NT AUTHORITY\SYSTEM"
Information	3/12/2019 12:01:31 AM	Microsoft-Windows-Windows Defender	1000	None	"Windows Defender Antivirus scan has started.
 	Scan ID: {8E89F5C7-87CA-4AFF-BB30-73CF240B6A62}
 	Scan Type: Antimalware
 	Scan Parameters: Quick Scan
 	Scan Resources: 
 	User: NT AUTHORITY\SYSTEM"
Information	3/11/2019 8:23:30 PM	Microsoft-Windows-Windows Defender	1151	None	"Endpoint Protection client health report (time in UTC):
 	Platform version: 4.18.1902.2
 	Engine version: 1.1.15700.9
 	Network Realtime Inspection engine version: 1.1.15700.9
 	Antivirus signature version: 1.289.877.0
 	Antispyware signature version: 1.289.877.0
 	Network Realtime Inspection signature version: 1.289.877.0
 	RTP state: Enabled
 	OA state: Enabled
 	IOAV state: Enabled
 	BM state: Enabled
 	Antivirus signature age: 0
 	Antispyware signature age: 0
 	Last quick scan age: 1
 	Last full scan age: 4294967295
 	Antivirus signature creation time: 2019/3/11 7:24:10
 	Antispyware signature creation time: 2019/3/11 7:24:10
 	Last quick scan start time: 2019/3/10 6:05:54
 	Last quick scan end time: 2019/3/10 6:15:26
 	Last quick scan source: 2
 	Last full scan start time: 1601/1/1 0:00:00
 	Last full scan end time: 1601/1/1 0:00:00
 	Last full scan source: 0
 	Product status: 0x00080000
"
Information	3/11/2019 8:23:30 PM	Microsoft-Windows-Windows Defender	1150	None	"Endpoint Protection client is up and running in a healthy state.
 	Platform version: 4.18.1902.2
 	Engine version: 1.1.15700.9
 	Signature version: 1.289.877.0
"
Information	3/11/2019 7:23:30 PM	Microsoft-Windows-Windows Defender	1151	None	"Endpoint Protection client health report (time in UTC):
 	Platform version: 4.18.1902.2
 	Engine version: 1.1.15700.9
 	Network Realtime Inspection engine version: 1.1.15700.9
 	Antivirus signature version: 1.289.877.0
 	Antispyware signature version: 1.289.877.0
 	Network Realtime Inspection signature version: 1.289.877.0
 	RTP state: Enabled
 	OA state: Enabled
 	IOAV state: Enabled
 	BM state: Enabled
 	Antivirus signature age: 0
 	Antispyware signature age: 0
 	Last quick scan age: 1
 	Last full scan age: 4294967295
 	Antivirus signature creation time: 2019/3/11 7:24:10
 	Antispyware signature creation time: 2019/3/11 7:24:10
 	Last quick scan start time: 2019/3/10 6:05:54
 	Last quick scan end time: 2019/3/10 6:15:26
 	Last quick scan source: 2
 	Last full scan start time: 1601/1/1 0:00:00
 	Last full scan end time: 1601/1/1 0:00:00
 	Last full scan source: 0
 	Product status: 0x00080000
"
Information	3/11/2019 7:23:30 PM	Microsoft-Windows-Windows Defender	1150	None	"Endpoint Protection client is up and running in a healthy state.
 	Platform version: 4.18.1902.2
 	Engine version: 1.1.15700.9
 	Signature version: 1.289.877.0
"
Information	3/11/2019 6:06:06 PM	Microsoft-Windows-Windows Defender	2000	None	"Windows Defender Antivirus signature version has been updated.
 	Current Signature Version: 1.289.877.0
 	Previous Signature Version: 1.289.870.0
 	Signature Type: AntiSpyware
 	Update Type: Delta
 	User: NT AUTHORITY\SYSTEM
 	Current Engine Version: 1.1.15700.9
 	Previous Engine Version: 1.1.15700.9"
Information	3/11/2019 6:06:06 PM	Microsoft-Windows-Windows Defender	2000	None	"Windows Defender Antivirus signature version has been updated.
 	Current Signature Version: 1.289.877.0
 	Previous Signature Version: 1.289.870.0
 	Signature Type: AntiVirus
 	Update Type: Delta
 	User: NT AUTHORITY\SYSTEM
 	Current Engine Version: 1.1.15700.9
 	Previous Engine Version: 1.1.15700.9"
Information	3/11/2019 5:07:38 PM	Microsoft-Windows-Windows Defender	1151	None	"Endpoint Protection client health report (time in UTC):
 	Platform version: 4.18.1902.2
 	Engine version: 1.1.15700.9
 	Network Realtime Inspection engine version: 1.1.15700.9
 	Antivirus signature version: 1.289.870.0
 	Antispyware signature version: 1.289.870.0
 	Network Realtime Inspection signature version: 1.289.870.0
 	RTP state: Enabled
 	OA state: Enabled
 	IOAV state: Enabled
 	BM state: Enabled
 	Antivirus signature age: 0
 	Antispyware signature age: 0
 	Last quick scan age: 1
 	Last full scan age: 4294967295
 	Antivirus signature creation time: 2019/3/11 5:38:57
 	Antispyware signature creation time: 2019/3/11 5:38:58
 	Last quick scan start time: 2019/3/10 6:05:54
 	Last quick scan end time: 2019/3/10 6:15:26
 	Last quick scan source: 2
 	Last full scan start time: 1601/1/1 0:00:00
 	Last full scan end time: 1601/1/1 0:00:00
 	Last full scan source: 0
 	Product status: 0x00080000
"
Information	3/11/2019 5:07:38 PM	Microsoft-Windows-Windows Defender	1150	None	"Endpoint Protection client is up and running in a healthy state.
 	Platform version: 4.18.1902.2
 	Engine version: 1.1.15700.9
 	Signature version: 1.289.870.0
"
Information	3/11/2019 4:24:52 PM	Microsoft-Windows-Windows Defender	2000	None	"Windows Defender Antivirus signature version has been updated.
 	Current Signature Version: 1.289.870.0
 	Previous Signature Version: 1.289.812.0
 	Signature Type: AntiSpyware
 	Update Type: Delta
 	User: NT AUTHORITY\SYSTEM
 	Current Engine Version: 1.1.15700.9
 	Previous Engine Version: 1.1.15700.9"
Information	3/11/2019 4:24:52 PM	Microsoft-Windows-Windows Defender	2000	None	"Windows Defender Antivirus signature version has been updated.
 	Current Signature Version: 1.289.870.0
 	Previous Signature Version: 1.289.812.0
 	Signature Type: AntiVirus
 	Update Type: Delta
 	User: NT AUTHORITY\SYSTEM
 	Current Engine Version: 1.1.15700.9
 	Previous Engine Version: 1.1.15700.9"
Information	3/11/2019 11:28:41 AM	Microsoft-Windows-Windows Defender	1151	None	"Endpoint Protection client health report (time in UTC):
 	Platform version: 4.18.1902.2
 	Engine version: 1.1.15700.9
 	Network Realtime Inspection engine version: 1.1.15700.9
 	Antivirus signature version: 1.289.812.0
 	Antispyware signature version: 1.289.812.0
 	Network Realtime Inspection signature version: 1.289.812.0
 	RTP state: Enabled
 	OA state: Enabled
 	IOAV state: Enabled
 	BM state: Enabled
 	Antivirus signature age: 1
 	Antispyware signature age: 1
 	Last quick scan age: 0
 	Last full scan age: 4294967295
 	Antivirus signature creation time: 2019/3/10 0:37:30
 	Antispyware signature creation time: 2019/3/10 0:37:30
 	Last quick scan start time: 2019/3/10 6:05:54
 	Last quick scan end time: 2019/3/10 6:15:26
 	Last quick scan source: 2
 	Last full scan start time: 1601/1/1 0:00:00
 	Last full scan end time: 1601/1/1 0:00:00
 	Last full scan source: 0
 	Product status: 0x00080000
"
Information	3/11/2019 11:28:41 AM	Microsoft-Windows-Windows Defender	1150	None	"Endpoint Protection client is up and running in a healthy state.
 	Platform version: 4.18.1902.2
 	Engine version: 1.1.15700.9
 	Signature version: 1.289.812.0
"
Information	3/11/2019 10:27:26 AM	Microsoft-Windows-Windows Defender	1151	None	"Endpoint Protection client health report (time in UTC):
 	Platform version: 4.18.1902.2
 	Engine version: 1.1.15700.9
 	Network Realtime Inspection engine version: 1.1.15700.9
 	Antivirus signature version: 1.289.812.0
 	Antispyware signature version: 1.289.812.0
 	Network Realtime Inspection signature version: 1.289.812.0
 	RTP state: Enabled
 	OA state: Enabled
 	IOAV state: Enabled
 	BM state: Enabled
 	Antivirus signature age: 1
 	Antispyware signature age: 1
 	Last quick scan age: 0
 	Last full scan age: 4294967295
 	Antivirus signature creation time: 2019/3/10 0:37:30
 	Antispyware signature creation time: 2019/3/10 0:37:30
 	Last quick scan start time: 2019/3/10 6:05:54
 	Last quick scan end time: 2019/3/10 6:15:26
 	Last quick scan source: 2
 	Last full scan start time: 1601/1/1 0:00:00
 	Last full scan end time: 1601/1/1 0:00:00
 	Last full scan source: 0
 	Product status: 0x00080000
"
Information	3/11/2019 10:27:26 AM	Microsoft-Windows-Windows Defender	1150	None	"Endpoint Protection client is up and running in a healthy state.
 	Platform version: 4.18.1902.2
 	Engine version: 1.1.15700.9
 	Signature version: 1.289.812.0
"
Information	3/11/2019 12:15:14 AM	Microsoft-Windows-Windows Defender	1151	None	"Endpoint Protection client health report (time in UTC):
 	Platform version: 4.18.1902.2
 	Engine version: 1.1.15700.9
 	Network Realtime Inspection engine version: 1.1.15700.9
 	Antivirus signature version: 1.289.812.0
 	Antispyware signature version: 1.289.812.0
 	Network Realtime Inspection signature version: 1.289.812.0
 	RTP state: Enabled
 	OA state: Enabled
 	IOAV state: Enabled
 	BM state: Enabled
 	Antivirus signature age: 0
 	Antispyware signature age: 0
 	Last quick scan age: 0
 	Last full scan age: 4294967295
 	Antivirus signature creation time: 2019/3/10 0:37:30
 	Antispyware signature creation time: 2019/3/10 0:37:30
 	Last quick scan start time: 2019/3/10 6:05:54
 	Last quick scan end time: 2019/3/10 6:15:26
 	Last quick scan source: 2
 	Last full scan start time: 1601/1/1 0:00:00
 	Last full scan end time: 1601/1/1 0:00:00
 	Last full scan source: 0
 	Product status: 0x00080000
"
Information	3/11/2019 12:15:14 AM	Microsoft-Windows-Windows Defender	1150	None	"Endpoint Protection client is up and running in a healthy state.
 	Platform version: 4.18.1902.2
 	Engine version: 1.1.15700.9
 	Signature version: 1.289.812.0
"
Error	3/10/2019 10:43:13 PM	Microsoft-Windows-Windows Defender	2001	None	"Windows Defender Antivirus has encountered an error trying to update signatures.
 	New Signature Version: 
 	Previous Signature Version: 1.289.812.0
 	Update Source: Microsoft Update Server
 	Signature Type: AntiVirus
 	Update Type: Full
 	User: NT AUTHORITY\SYSTEM
 	Current Engine Version: 
 	Previous Engine Version: 1.1.15700.9
 	Error code: 0x8024402c
 	Error description: 在检查更新时出现意外问题。有关更新的安装和疑难解答的信息，请参阅“帮助和支持”。 "
Information	3/10/2019 5:19:55 PM	Microsoft-Windows-Windows Defender	1151	None	"Endpoint Protection client health report (time in UTC):
 	Platform version: 4.18.1902.2
 	Engine version: 1.1.15700.9
 	Network Realtime Inspection engine version: 1.1.15700.9
 	Antivirus signature version: 1.289.812.0
 	Antispyware signature version: 1.289.812.0
 	Network Realtime Inspection signature version: 1.289.812.0
 	RTP state: Enabled
 	OA state: Enabled
 	IOAV state: Enabled
 	BM state: Enabled
 	Antivirus signature age: 0
 	Antispyware signature age: 0
 	Last quick scan age: 0
 	Last full scan age: 4294967295
 	Antivirus signature creation time: 2019/3/10 0:37:30
 	Antispyware signature creation time: 2019/3/10 0:37:30
 	Last quick scan start time: 2019/3/10 6:05:54
 	Last quick scan end time: 2019/3/10 6:15:26
 	Last quick scan source: 2
 	Last full scan start time: 1601/1/1 0:00:00
 	Last full scan end time: 1601/1/1 0:00:00
 	Last full scan source: 0
 	Product status: 0x00080000
"
Information	3/10/2019 5:19:55 PM	Microsoft-Windows-Windows Defender	1150	None	"Endpoint Protection client is up and running in a healthy state.
 	Platform version: 4.18.1902.2
 	Engine version: 1.1.15700.9
 	Signature version: 1.289.812.0
"
Information	3/10/2019 4:19:55 PM	Microsoft-Windows-Windows Defender	1151	None	"Endpoint Protection client health report (time in UTC):
 	Platform version: 4.18.1902.2
 	Engine version: 1.1.15700.9
 	Network Realtime Inspection engine version: 1.1.15700.9
 	Antivirus signature version: 1.289.812.0
 	Antispyware signature version: 1.289.812.0
 	Network Realtime Inspection signature version: 1.289.812.0
 	RTP state: Enabled
 	OA state: Enabled
 	IOAV state: Enabled
 	BM state: Enabled
 	Antivirus signature age: 0
 	Antispyware signature age: 0
 	Last quick scan age: 0
 	Last full scan age: 4294967295
 	Antivirus signature creation time: 2019/3/10 0:37:30
 	Antispyware signature creation time: 2019/3/10 0:37:30
 	Last quick scan start time: 2019/3/10 6:05:54
 	Last quick scan end time: 2019/3/10 6:15:26
 	Last quick scan source: 2
 	Last full scan start time: 1601/1/1 0:00:00
 	Last full scan end time: 1601/1/1 0:00:00
 	Last full scan source: 0
 	Product status: 0x00080000
"
Information	3/10/2019 4:19:55 PM	Microsoft-Windows-Windows Defender	1150	None	"Endpoint Protection client is up and running in a healthy state.
 	Platform version: 4.18.1902.2
 	Engine version: 1.1.15700.9
 	Signature version: 1.289.812.0
"
Information	3/10/2019 3:30:29 PM	Microsoft-Windows-Windows Defender	2000	None	"Windows Defender Antivirus signature version has been updated.
 	Current Signature Version: 1.289.812.0
 	Previous Signature Version: 1.289.810.0
 	Signature Type: AntiSpyware
 	Update Type: Delta
 	User: NT AUTHORITY\SYSTEM
 	Current Engine Version: 1.1.15700.9
 	Previous Engine Version: 1.1.15700.9"
Information	3/10/2019 3:30:29 PM	Microsoft-Windows-Windows Defender	2000	None	"Windows Defender Antivirus signature version has been updated.
 	Current Signature Version: 1.289.812.0
 	Previous Signature Version: 1.289.810.0
 	Signature Type: AntiVirus
 	Update Type: Delta
 	User: NT AUTHORITY\SYSTEM
 	Current Engine Version: 1.1.15700.9
 	Previous Engine Version: 1.1.15700.9"
Information	3/10/2019 2:50:01 PM	Microsoft-Windows-Windows Defender	1151	None	"Endpoint Protection client health report (time in UTC):
 	Platform version: 4.18.1902.2
 	Engine version: 1.1.15700.9
 	Network Realtime Inspection engine version: 1.1.15700.9
 	Antivirus signature version: 1.289.810.0
 	Antispyware signature version: 1.289.810.0
 	Network Realtime Inspection signature version: 1.289.810.0
 	RTP state: Enabled
 	OA state: Enabled
 	IOAV state: Enabled
 	BM state: Enabled
 	Antivirus signature age: 0
 	Antispyware signature age: 0
 	Last quick scan age: 0
 	Last full scan age: 4294967295
 	Antivirus signature creation time: 2019/3/9 23:59:30
 	Antispyware signature creation time: 2019/3/9 23:59:30
 	Last quick scan start time: 2019/3/10 6:05:54
 	Last quick scan end time: 2019/3/10 6:15:26
 	Last quick scan source: 2
 	Last full scan start time: 1601/1/1 0:00:00
 	Last full scan end time: 1601/1/1 0:00:00
 	Last full scan source: 0
 	Product status: 0x00080000
"
Information	3/10/2019 2:50:01 PM	Microsoft-Windows-Windows Defender	1150	None	"Endpoint Protection client is up and running in a healthy state.
 	Platform version: 4.18.1902.2
 	Engine version: 1.1.15700.9
 	Signature version: 1.289.810.0
"
Information	3/10/2019 2:15:26 PM	Microsoft-Windows-Windows Defender	1001	None	"Windows Defender Antivirus scan has finished.
 	Scan ID: {099AA2CC-08A1-4C0C-A0BD-E53A7A44E9FD}
 	Scan Type: Antimalware
 	Scan Parameters: Quick Scan
 	User: NT AUTHORITY\SYSTEM
 	Scan Time: 0:09:31"
Information	3/10/2019 2:05:54 PM	Microsoft-Windows-Windows Defender	1000	None	"Windows Defender Antivirus scan has started.
 	Scan ID: {099AA2CC-08A1-4C0C-A0BD-E53A7A44E9FD}
 	Scan Type: Antimalware
 	Scan Parameters: Quick Scan
 	Scan Resources: 
 	User: NT AUTHORITY\SYSTEM"
Information	3/10/2019 1:48:58 PM	Microsoft-Windows-Windows Defender	1151	None	"Endpoint Protection client health report (time in UTC):
 	Platform version: 4.18.1902.2
 	Engine version: 1.1.15700.9
 	Network Realtime Inspection engine version: 1.1.15700.9
 	Antivirus signature version: 1.289.810.0
 	Antispyware signature version: 1.289.810.0
 	Network Realtime Inspection signature version: 1.289.810.0
 	RTP state: Enabled
 	OA state: Enabled
 	IOAV state: Enabled
 	BM state: Enabled
 	Antivirus signature age: 0
 	Antispyware signature age: 0
 	Last quick scan age: 7
 	Last full scan age: 4294967295
 	Antivirus signature creation time: 2019/3/9 23:59:30
 	Antispyware signature creation time: 2019/3/9 23:59:30
 	Last quick scan start time: 2019/3/3 4:25:44
 	Last quick scan end time: 2019/3/3 4:40:45
 	Last quick scan source: 2
 	Last full scan start time: 1601/1/1 0:00:00
 	Last full scan end time: 1601/1/1 0:00:00
 	Last full scan source: 0
 	Product status: 0x00080000
"
Information	3/10/2019 1:48:58 PM	Microsoft-Windows-Windows Defender	1150	None	"Endpoint Protection client is up and running in a healthy state.
 	Platform version: 4.18.1902.2
 	Engine version: 1.1.15700.9
 	Signature version: 1.289.810.0
"
Warning	3/10/2019 12:51:44 PM	Microsoft-Windows-Windows Defender	1002	None	"Windows Defender Antivirus scan has been stopped before completion.
 	Scan ID: {3B11B00E-F4A4-4374-91EA-6B094ED2CD81}
 	Scan Type: Antimalware
 	Scan Parameters: Quick Scan
  	User: NT AUTHORITY\SYSTEM"
Information	3/10/2019 12:48:58 PM	Microsoft-Windows-Windows Defender	1151	None	"Endpoint Protection client health report (time in UTC):
 	Platform version: 4.18.1902.2
 	Engine version: 1.1.15700.9
 	Network Realtime Inspection engine version: 1.1.15700.9
 	Antivirus signature version: 1.289.810.0
 	Antispyware signature version: 1.289.810.0
 	Network Realtime Inspection signature version: 1.289.810.0
 	RTP state: Enabled
 	OA state: Enabled
 	IOAV state: Enabled
 	BM state: Enabled
 	Antivirus signature age: 0
 	Antispyware signature age: 0
 	Last quick scan age: 7
 	Last full scan age: 4294967295
 	Antivirus signature creation time: 2019/3/9 23:59:30
 	Antispyware signature creation time: 2019/3/9 23:59:30
 	Last quick scan start time: 2019/3/3 4:25:44
 	Last quick scan end time: 2019/3/3 4:40:45
 	Last quick scan source: 2
 	Last full scan start time: 1601/1/1 0:00:00
 	Last full scan end time: 1601/1/1 0:00:00
 	Last full scan source: 0
 	Product status: 0x00080200
"
Information	3/10/2019 12:48:58 PM	Microsoft-Windows-Windows Defender	1150	None	"Endpoint Protection client is up and running in a healthy state.
 	Platform version: 4.18.1902.2
 	Engine version: 1.1.15700.9
 	Signature version: 1.289.810.0
"
Information	3/10/2019 12:44:52 PM	Microsoft-Windows-Windows Defender	1000	None	"Windows Defender Antivirus scan has started.
 	Scan ID: {3B11B00E-F4A4-4374-91EA-6B094ED2CD81}
 	Scan Type: Antimalware
 	Scan Parameters: Quick Scan
 	Scan Resources: 
 	User: NT AUTHORITY\SYSTEM"
Information	3/10/2019 12:44:52 PM	Microsoft-Windows-Windows Defender	1013	None	"Windows Defender Antivirus has removed history of malware and other potentially unwanted software.
 	Time: 2019/2/23 12:44:51
 	User: NT AUTHORITY\SYSTEM
"
Information	3/10/2019 11:48:54 AM	Microsoft-Windows-Windows Defender	1151	None	"Endpoint Protection client health report (time in UTC):
 	Platform version: 4.18.1902.2
 	Engine version: 1.1.15700.9
 	Network Realtime Inspection engine version: 1.1.15700.9
 	Antivirus signature version: 1.289.810.0
 	Antispyware signature version: 1.289.810.0
 	Network Realtime Inspection signature version: 1.289.810.0
 	RTP state: Enabled
 	OA state: Enabled
 	IOAV state: Enabled
 	BM state: Enabled
 	Antivirus signature age: 0
 	Antispyware signature age: 0
 	Last quick scan age: 6
 	Last full scan age: 4294967295
 	Antivirus signature creation time: 2019/3/9 23:59:30
 	Antispyware signature creation time: 2019/3/9 23:59:30
 	Last quick scan start time: 2019/3/3 4:25:44
 	Last quick scan end time: 2019/3/3 4:40:45
 	Last quick scan source: 2
 	Last full scan start time: 1601/1/1 0:00:00
 	Last full scan end time: 1601/1/1 0:00:00
 	Last full scan source: 0
 	Product status: 0x00080000
"
Information	3/10/2019 11:48:54 AM	Microsoft-Windows-Windows Defender	1150	None	"Endpoint Protection client is up and running in a healthy state.
 	Platform version: 4.18.1902.2
 	Engine version: 1.1.15700.9
 	Signature version: 1.289.810.0
"
Information	3/10/2019 10:59:48 AM	Microsoft-Windows-Windows Defender	2000	None	"Windows Defender Antivirus signature version has been updated.
 	Current Signature Version: 1.289.810.0
 	Previous Signature Version: 1.289.766.0
 	Signature Type: AntiSpyware
 	Update Type: Delta
 	User: NT AUTHORITY\SYSTEM
 	Current Engine Version: 1.1.15700.9
 	Previous Engine Version: 1.1.15700.9"
Information	3/10/2019 10:59:48 AM	Microsoft-Windows-Windows Defender	2000	None	"Windows Defender Antivirus signature version has been updated.
 	Current Signature Version: 1.289.810.0
 	Previous Signature Version: 1.289.766.0
 	Signature Type: AntiVirus
 	Update Type: Delta
 	User: NT AUTHORITY\SYSTEM
 	Current Engine Version: 1.1.15700.9
 	Previous Engine Version: 1.1.15700.9"
Information	3/10/2019 2:51:16 AM	Microsoft-Windows-Windows Defender	1151	None	"Endpoint Protection client health report (time in UTC):
 	Platform version: 4.18.1902.2
 	Engine version: 1.1.15700.9
 	Network Realtime Inspection engine version: 1.1.15700.9
 	Antivirus signature version: 1.289.766.0
 	Antispyware signature version: 1.289.766.0
 	Network Realtime Inspection signature version: 1.289.766.0
 	RTP state: Enabled
 	OA state: Enabled
 	IOAV state: Enabled
 	BM state: Enabled
 	Antivirus signature age: 0
 	Antispyware signature age: 0
 	Last quick scan age: 6
 	Last full scan age: 4294967295
 	Antivirus signature creation time: 2019/3/9 9:11:51
 	Antispyware signature creation time: 2019/3/9 9:11:52
 	Last quick scan start time: 2019/3/3 4:25:44
 	Last quick scan end time: 2019/3/3 4:40:45
 	Last quick scan source: 2
 	Last full scan start time: 1601/1/1 0:00:00
 	Last full scan end time: 1601/1/1 0:00:00
 	Last full scan source: 0
 	Product status: 0x00080000
"
Information	3/10/2019 2:51:16 AM	Microsoft-Windows-Windows Defender	1150	None	"Endpoint Protection client is up and running in a healthy state.
 	Platform version: 4.18.1902.2
 	Engine version: 1.1.15700.9
 	Signature version: 1.289.766.0
"
Information	3/10/2019 1:51:16 AM	Microsoft-Windows-Windows Defender	1151	None	"Endpoint Protection client health report (time in UTC):
 	Platform version: 4.18.1902.2
 	Engine version: 1.1.15700.9
 	Network Realtime Inspection engine version: 1.1.15700.9
 	Antivirus signature version: 1.289.766.0
 	Antispyware signature version: 1.289.766.0
 	Network Realtime Inspection signature version: 1.289.766.0
 	RTP state: Enabled
 	OA state: Enabled
 	IOAV state: Enabled
 	BM state: Enabled
 	Antivirus signature age: 0
 	Antispyware signature age: 0
 	Last quick scan age: 6
 	Last full scan age: 4294967295
 	Antivirus signature creation time: 2019/3/9 9:11:51
 	Antispyware signature creation time: 2019/3/9 9:11:52
 	Last quick scan start time: 2019/3/3 4:25:44
 	Last quick scan end time: 2019/3/3 4:40:45
 	Last quick scan source: 2
 	Last full scan start time: 1601/1/1 0:00:00
 	Last full scan end time: 1601/1/1 0:00:00
 	Last full scan source: 0
 	Product status: 0x00080000
"
Information	3/10/2019 1:51:16 AM	Microsoft-Windows-Windows Defender	1150	None	"Endpoint Protection client is up and running in a healthy state.
 	Platform version: 4.18.1902.2
 	Engine version: 1.1.15700.9
 	Signature version: 1.289.766.0
"
Information	3/10/2019 12:51:16 AM	Microsoft-Windows-Windows Defender	1151	None	"Endpoint Protection client health report (time in UTC):
 	Platform version: 4.18.1902.2
 	Engine version: 1.1.15700.9
 	Network Realtime Inspection engine version: 1.1.15700.9
 	Antivirus signature version: 1.289.766.0
 	Antispyware signature version: 1.289.766.0
 	Network Realtime Inspection signature version: 1.289.766.0
 	RTP state: Enabled
 	OA state: Enabled
 	IOAV state: Enabled
 	BM state: Enabled
 	Antivirus signature age: 0
 	Antispyware signature age: 0
 	Last quick scan age: 6
 	Last full scan age: 4294967295
 	Antivirus signature creation time: 2019/3/9 9:11:51
 	Antispyware signature creation time: 2019/3/9 9:11:52
 	Last quick scan start time: 2019/3/3 4:25:44
 	Last quick scan end time: 2019/3/3 4:40:45
 	Last quick scan source: 2
 	Last full scan start time: 1601/1/1 0:00:00
 	Last full scan end time: 1601/1/1 0:00:00
 	Last full scan source: 0
 	Product status: 0x00080000
"
Information	3/10/2019 12:51:16 AM	Microsoft-Windows-Windows Defender	1150	None	"Endpoint Protection client is up and running in a healthy state.
 	Platform version: 4.18.1902.2
 	Engine version: 1.1.15700.9
 	Signature version: 1.289.766.0
"
Information	3/9/2019 11:51:16 PM	Microsoft-Windows-Windows Defender	1151	None	"Endpoint Protection client health report (time in UTC):
 	Platform version: 4.18.1902.2
 	Engine version: 1.1.15700.9
 	Network Realtime Inspection engine version: 1.1.15700.9
 	Antivirus signature version: 1.289.766.0
 	Antispyware signature version: 1.289.766.0
 	Network Realtime Inspection signature version: 1.289.766.0
 	RTP state: Enabled
 	OA state: Enabled
 	IOAV state: Enabled
 	BM state: Enabled
 	Antivirus signature age: 0
 	Antispyware signature age: 0
 	Last quick scan age: 6
 	Last full scan age: 4294967295
 	Antivirus signature creation time: 2019/3/9 9:11:51
 	Antispyware signature creation time: 2019/3/9 9:11:52
 	Last quick scan start time: 2019/3/3 4:25:44
 	Last quick scan end time: 2019/3/3 4:40:45
 	Last quick scan source: 2
 	Last full scan start time: 1601/1/1 0:00:00
 	Last full scan end time: 1601/1/1 0:00:00
 	Last full scan source: 0
 	Product status: 0x00080000
"
Information	3/9/2019 11:51:16 PM	Microsoft-Windows-Windows Defender	1150	None	"Endpoint Protection client is up and running in a healthy state.
 	Platform version: 4.18.1902.2
 	Engine version: 1.1.15700.9
 	Signature version: 1.289.766.0
"
Information	3/9/2019 10:51:16 PM	Microsoft-Windows-Windows Defender	1151	None	"Endpoint Protection client health report (time in UTC):
 	Platform version: 4.18.1902.2
 	Engine version: 1.1.15700.9
 	Network Realtime Inspection engine version: 1.1.15700.9
 	Antivirus signature version: 1.289.766.0
 	Antispyware signature version: 1.289.766.0
 	Network Realtime Inspection signature version: 1.289.766.0
 	RTP state: Enabled
 	OA state: Enabled
 	IOAV state: Enabled
 	BM state: Enabled
 	Antivirus signature age: 0
 	Antispyware signature age: 0
 	Last quick scan age: 6
 	Last full scan age: 4294967295
 	Antivirus signature creation time: 2019/3/9 9:11:51
 	Antispyware signature creation time: 2019/3/9 9:11:52
 	Last quick scan start time: 2019/3/3 4:25:44
 	Last quick scan end time: 2019/3/3 4:40:45
 	Last quick scan source: 2
 	Last full scan start time: 1601/1/1 0:00:00
 	Last full scan end time: 1601/1/1 0:00:00
 	Last full scan source: 0
 	Product status: 0x00080000
"
Information	3/9/2019 10:51:16 PM	Microsoft-Windows-Windows Defender	1150	None	"Endpoint Protection client is up and running in a healthy state.
 	Platform version: 4.18.1902.2
 	Engine version: 1.1.15700.9
 	Signature version: 1.289.766.0
"
Information	3/9/2019 9:51:16 PM	Microsoft-Windows-Windows Defender	1151	None	"Endpoint Protection client health report (time in UTC):
 	Platform version: 4.18.1902.2
 	Engine version: 1.1.15700.9
 	Network Realtime Inspection engine version: 1.1.15700.9
 	Antivirus signature version: 1.289.766.0
 	Antispyware signature version: 1.289.766.0
 	Network Realtime Inspection signature version: 1.289.766.0
 	RTP state: Enabled
 	OA state: Enabled
 	IOAV state: Enabled
 	BM state: Enabled
 	Antivirus signature age: 0
 	Antispyware signature age: 0
 	Last quick scan age: 6
 	Last full scan age: 4294967295
 	Antivirus signature creation time: 2019/3/9 9:11:51
 	Antispyware signature creation time: 2019/3/9 9:11:52
 	Last quick scan start time: 2019/3/3 4:25:44
 	Last quick scan end time: 2019/3/3 4:40:45
 	Last quick scan source: 2
 	Last full scan start time: 1601/1/1 0:00:00
 	Last full scan end time: 1601/1/1 0:00:00
 	Last full scan source: 0
 	Product status: 0x00080000
"
Information	3/9/2019 9:51:16 PM	Microsoft-Windows-Windows Defender	1150	None	"Endpoint Protection client is up and running in a healthy state.
 	Platform version: 4.18.1902.2
 	Engine version: 1.1.15700.9
 	Signature version: 1.289.766.0
"
Information	3/9/2019 8:11:23 PM	Microsoft-Windows-Windows Defender	2000	None	"Windows Defender Antivirus signature version has been updated.
 	Current Signature Version: 1.289.766.0
 	Previous Signature Version: 1.289.687.0
 	Signature Type: AntiSpyware
 	Update Type: Delta
 	User: NT AUTHORITY\SYSTEM
 	Current Engine Version: 1.1.15700.9
 	Previous Engine Version: 1.1.15700.9"
Information	3/9/2019 8:11:23 PM	Microsoft-Windows-Windows Defender	2000	None	"Windows Defender Antivirus signature version has been updated.
 	Current Signature Version: 1.289.766.0
 	Previous Signature Version: 1.289.687.0
 	Signature Type: AntiVirus
 	Update Type: Delta
 	User: NT AUTHORITY\SYSTEM
 	Current Engine Version: 1.1.15700.9
 	Previous Engine Version: 1.1.15700.9"
Information	3/9/2019 7:59:38 PM	Microsoft-Windows-Windows Defender	2011	None	"Windows Defender Antivirus used Dynamic Signature Service to discard obsolete signatures.
 	Current Signature Version: 1.289.687.0
 	Signature Type: AntiSpyware
 	Current Engine Version: 1.1.15700.9
 	Dynamic Signature Type: Signature update
 	Persistence Path: C:\ProgramData\Microsoft\Windows Defender\Scans\RtSigs\data\728966549e9f1e880fa5e81dfa6ce800efe62e3b
 	Dynamic Signature Version: 0.0.0.0
 	Dynamic Signature Compilation Timestamp: 2019/3/7 14:59:31
 	Removal Reason: Automatic
 	Persistence Limit Type: Duration
 	Persistence Limit: 864000000"
Information	3/9/2019 7:59:38 PM	Microsoft-Windows-Windows Defender	2011	None	"Windows Defender Antivirus used Dynamic Signature Service to discard obsolete signatures.
 	Current Signature Version: 1.289.687.0
 	Signature Type: AntiVirus
 	Current Engine Version: 1.1.15700.9
 	Dynamic Signature Type: Signature update
 	Persistence Path: C:\ProgramData\Microsoft\Windows Defender\Scans\RtSigs\data\728966549e9f1e880fa5e81dfa6ce800efe62e3b
 	Dynamic Signature Version: 0.0.0.0
 	Dynamic Signature Compilation Timestamp: 2019/3/7 14:59:31
 	Removal Reason: Automatic
 	Persistence Limit Type: Duration
 	Persistence Limit: 864000000"
Information	3/9/2019 7:59:38 PM	Microsoft-Windows-Windows Defender	2011	None	"Windows Defender Antivirus used Dynamic Signature Service to discard obsolete signatures.
 	Current Signature Version: 1.289.687.0
 	Signature Type: AntiSpyware
 	Current Engine Version: 1.1.15700.9
 	Dynamic Signature Type: Signature update
 	Persistence Path: C:\ProgramData\Microsoft\Windows Defender\Scans\RtSigs\data\468a639905dbe6f782ee7ae7e317a103f09ce310
 	Dynamic Signature Version: 0.0.0.0
 	Dynamic Signature Compilation Timestamp: 2019/3/7 14:59:34
 	Removal Reason: Automatic
 	Persistence Limit Type: Duration
 	Persistence Limit: 864000000"
Information	3/9/2019 7:59:38 PM	Microsoft-Windows-Windows Defender	2011	None	"Windows Defender Antivirus used Dynamic Signature Service to discard obsolete signatures.
 	Current Signature Version: 1.289.687.0
 	Signature Type: AntiVirus
 	Current Engine Version: 1.1.15700.9
 	Dynamic Signature Type: Signature update
 	Persistence Path: C:\ProgramData\Microsoft\Windows Defender\Scans\RtSigs\data\468a639905dbe6f782ee7ae7e317a103f09ce310
 	Dynamic Signature Version: 0.0.0.0
 	Dynamic Signature Compilation Timestamp: 2019/3/7 14:59:34
 	Removal Reason: Automatic
 	Persistence Limit Type: Duration
 	Persistence Limit: 864000000"
Information	3/9/2019 6:48:39 AM	Microsoft-Windows-Windows Defender	1151	None	"Endpoint Protection client health report (time in UTC):
 	Platform version: 4.18.1902.2
 	Engine version: 1.1.15700.9
 	Network Realtime Inspection engine version: 1.1.15700.9
 	Antivirus signature version: 1.289.687.0
 	Antispyware signature version: 1.289.687.0
 	Network Realtime Inspection signature version: 1.289.687.0
 	RTP state: Enabled
 	OA state: Enabled
 	IOAV state: Enabled
 	BM state: Enabled
 	Antivirus signature age: 0
 	Antispyware signature age: 0
 	Last quick scan age: 5
 	Last full scan age: 4294967295
 	Antivirus signature creation time: 2019/3/8 4:40:46
 	Antispyware signature creation time: 2019/3/8 4:40:46
 	Last quick scan start time: 2019/3/3 4:25:44
 	Last quick scan end time: 2019/3/3 4:40:45
 	Last quick scan source: 2
 	Last full scan start time: 1601/1/1 0:00:00
 	Last full scan end time: 1601/1/1 0:00:00
 	Last full scan source: 0
 	Product status: 0x00080000
"
Information	3/9/2019 6:48:39 AM	Microsoft-Windows-Windows Defender	1150	None	"Endpoint Protection client is up and running in a healthy state.
 	Platform version: 4.18.1902.2
 	Engine version: 1.1.15700.9
 	Signature version: 1.289.687.0
"
Information	3/9/2019 5:48:39 AM	Microsoft-Windows-Windows Defender	1151	None	"Endpoint Protection client health report (time in UTC):
 	Platform version: 4.18.1902.2
 	Engine version: 1.1.15700.9
 	Network Realtime Inspection engine version: 1.1.15700.9
 	Antivirus signature version: 1.289.687.0
 	Antispyware signature version: 1.289.687.0
 	Network Realtime Inspection signature version: 1.289.687.0
 	RTP state: Enabled
 	OA state: Enabled
 	IOAV state: Enabled
 	BM state: Enabled
 	Antivirus signature age: 0
 	Antispyware signature age: 0
 	Last quick scan age: 5
 	Last full scan age: 4294967295
 	Antivirus signature creation time: 2019/3/8 4:40:46
 	Antispyware signature creation time: 2019/3/8 4:40:46
 	Last quick scan start time: 2019/3/3 4:25:44
 	Last quick scan end time: 2019/3/3 4:40:45
 	Last quick scan source: 2
 	Last full scan start time: 1601/1/1 0:00:00
 	Last full scan end time: 1601/1/1 0:00:00
 	Last full scan source: 0
 	Product status: 0x00080000
"
Information	3/9/2019 5:48:39 AM	Microsoft-Windows-Windows Defender	1150	None	"Endpoint Protection client is up and running in a healthy state.
 	Platform version: 4.18.1902.2
 	Engine version: 1.1.15700.9
 	Signature version: 1.289.687.0
"
Information	3/9/2019 4:48:39 AM	Microsoft-Windows-Windows Defender	1151	None	"Endpoint Protection client health report (time in UTC):
 	Platform version: 4.18.1902.2
 	Engine version: 1.1.15700.9
 	Network Realtime Inspection engine version: 1.1.15700.9
 	Antivirus signature version: 1.289.687.0
 	Antispyware signature version: 1.289.687.0
 	Network Realtime Inspection signature version: 1.289.687.0
 	RTP state: Enabled
 	OA state: Enabled
 	IOAV state: Enabled
 	BM state: Enabled
 	Antivirus signature age: 0
 	Antispyware signature age: 0
 	Last quick scan age: 5
 	Last full scan age: 4294967295
 	Antivirus signature creation time: 2019/3/8 4:40:46
 	Antispyware signature creation time: 2019/3/8 4:40:46
 	Last quick scan start time: 2019/3/3 4:25:44
 	Last quick scan end time: 2019/3/3 4:40:45
 	Last quick scan source: 2
 	Last full scan start time: 1601/1/1 0:00:00
 	Last full scan end time: 1601/1/1 0:00:00
 	Last full scan source: 0
 	Product status: 0x00080000
"
Information	3/9/2019 4:48:39 AM	Microsoft-Windows-Windows Defender	1150	None	"Endpoint Protection client is up and running in a healthy state.
 	Platform version: 4.18.1902.2
 	Engine version: 1.1.15700.9
 	Signature version: 1.289.687.0
"
Information	3/9/2019 3:48:39 AM	Microsoft-Windows-Windows Defender	1151	None	"Endpoint Protection client health report (time in UTC):
 	Platform version: 4.18.1902.2
 	Engine version: 1.1.15700.9
 	Network Realtime Inspection engine version: 1.1.15700.9
 	Antivirus signature version: 1.289.687.0
 	Antispyware signature version: 1.289.687.0
 	Network Realtime Inspection signature version: 1.289.687.0
 	RTP state: Enabled
 	OA state: Enabled
 	IOAV state: Enabled
 	BM state: Enabled
 	Antivirus signature age: 0
 	Antispyware signature age: 0
 	Last quick scan age: 5
 	Last full scan age: 4294967295
 	Antivirus signature creation time: 2019/3/8 4:40:46
 	Antispyware signature creation time: 2019/3/8 4:40:46
 	Last quick scan start time: 2019/3/3 4:25:44
 	Last quick scan end time: 2019/3/3 4:40:45
 	Last quick scan source: 2
 	Last full scan start time: 1601/1/1 0:00:00
 	Last full scan end time: 1601/1/1 0:00:00
 	Last full scan source: 0
 	Product status: 0x00080000
"
Information	3/9/2019 3:48:39 AM	Microsoft-Windows-Windows Defender	1150	None	"Endpoint Protection client is up and running in a healthy state.
 	Platform version: 4.18.1902.2
 	Engine version: 1.1.15700.9
 	Signature version: 1.289.687.0
"
