Information	3/3/2019 1:37:40 PM	Microsoft-Windows-Windows Defender	2010	None	"Windows Defender Antivirus used Dynamic Signature Service to retrieve additional signatures to help protect your machine.
 	Current Signature Version: 1.289.310.0
 	Signature Type: AntiSpyware
 	User: \
 	Current Engine Version: 1.1.15700.9
 	Dynamic Signature Type: Signature update
 	Persistence Path: C:\ProgramData\Microsoft\Windows Defender\Scans\RtSigs\data\4367cb1efe32dab33a2737ebe56bb91cebf8ed91
 	Dynamic Signature Version: 0.0.0.0
 	Dynamic Signature Compilation Timestamp: 2019/3/3 5:37:39
 	Persistence Limit Type: Duration
 	Persistence Limit: 150196224"
Information	3/3/2019 1:37:40 PM	Microsoft-Windows-Windows Defender	2010	None	"Windows Defender Antivirus used Dynamic Signature Service to retrieve additional signatures to help protect your machine.
 	Current Signature Version: 1.289.310.0
 	Signature Type: AntiVirus
 	User: \
 	Current Engine Version: 1.1.15700.9
 	Dynamic Signature Type: Signature update
 	Persistence Path: C:\ProgramData\Microsoft\Windows Defender\Scans\RtSigs\data\4367cb1efe32dab33a2737ebe56bb91cebf8ed91
 	Dynamic Signature Version: 0.0.0.0
 	Dynamic Signature Compilation Timestamp: 2019/3/3 5:37:39
 	Persistence Limit Type: Duration
 	Persistence Limit: 150196224"
Information	3/3/2019 1:20:17 PM	Microsoft-Windows-Windows Defender	1151	None	"Endpoint Protection client health report (time in UTC):
 	Platform version: 4.18.1902.2
 	Engine version: 1.1.15700.9
 	Network Realtime Inspection engine version: 1.1.15700.9
 	Antivirus signature version: 1.289.310.0
 	Antispyware signature version: 1.289.310.0
 	Network Realtime Inspection signature version: 1.289.310.0
 	RTP state: Enabled
 	OA state: Enabled
 	IOAV state: Enabled
 	BM state: Enabled
 	Antivirus signature age: 0
 	Antispyware signature age: 0
 	Last quick scan age: 0
 	Last full scan age: 4294967295
 	Antivirus signature creation time: 2019/3/2 19:50:24
 	Antispyware signature creation time: 2019/3/2 19:50:25
 	Last quick scan start time: 2019/3/3 4:25:44
 	Last quick scan end time: 2019/3/3 4:40:45
 	Last quick scan source: 2
 	Last full scan start time: 1601/1/1 0:00:00
 	Last full scan end time: 1601/1/1 0:00:00
 	Last full scan source: 0
 	Product status: 0x00080000
"
Information	3/3/2019 1:20:17 PM	Microsoft-Windows-Windows Defender	1150	None	"Endpoint Protection client is up and running in a healthy state.
 	Platform version: 4.18.1902.2
 	Engine version: 1.1.15700.9
 	Signature version: 1.289.310.0
"
Information	3/3/2019 12:40:45 PM	Microsoft-Windows-Windows Defender	1001	None	"Windows Defender Antivirus scan has finished.
 	Scan ID: {7AAA08DA-43F2-4FC8-BEC3-9260394ED2E3}
 	Scan Type: Antimalware
 	Scan Parameters: Quick Scan
 	User: NT AUTHORITY\SYSTEM
 	Scan Time: 0:15:01"
Information	3/3/2019 12:25:44 PM	Microsoft-Windows-Windows Defender	1000	None	"Windows Defender Antivirus scan has started.
 	Scan ID: {7AAA08DA-43F2-4FC8-BEC3-9260394ED2E3}
 	Scan Type: Antimalware
 	Scan Parameters: Quick Scan
 	Scan Resources: 
 	User: NT AUTHORITY\SYSTEM"
Information	3/3/2019 12:25:43 PM	Microsoft-Windows-Windows Defender	1013	None	"Windows Defender Antivirus has removed history of malware and other potentially unwanted software.
 	Time: 2019/2/16 12:25:42
 	User: NT AUTHORITY\SYSTEM
"
Information	3/3/2019 12:20:17 PM	Microsoft-Windows-Windows Defender	1151	None	"Endpoint Protection client health report (time in UTC):
 	Platform version: 4.18.1902.2
 	Engine version: 1.1.15700.9
 	Network Realtime Inspection engine version: 1.1.15700.9
 	Antivirus signature version: 1.289.310.0
 	Antispyware signature version: 1.289.310.0
 	Network Realtime Inspection signature version: 1.289.310.0
 	RTP state: Enabled
 	OA state: Enabled
 	IOAV state: Enabled
 	BM state: Enabled
 	Antivirus signature age: 0
 	Antispyware signature age: 0
 	Last quick scan age: 1
 	Last full scan age: 4294967295
 	Antivirus signature creation time: 2019/3/2 19:50:24
 	Antispyware signature creation time: 2019/3/2 19:50:25
 	Last quick scan start time: 2019/3/1 14:18:44
 	Last quick scan end time: 2019/3/1 14:40:50
 	Last quick scan source: 2
 	Last full scan start time: 1601/1/1 0:00:00
 	Last full scan end time: 1601/1/1 0:00:00
 	Last full scan source: 0
 	Product status: 0x00080000
"
Information	3/3/2019 12:20:17 PM	Microsoft-Windows-Windows Defender	1150	None	"Endpoint Protection client is up and running in a healthy state.
 	Platform version: 4.18.1902.2
 	Engine version: 1.1.15700.9
 	Signature version: 1.289.310.0
"
Information	3/3/2019 11:20:17 AM	Microsoft-Windows-Windows Defender	1151	None	"Endpoint Protection client health report (time in UTC):
 	Platform version: 4.18.1902.2
 	Engine version: 1.1.15700.9
 	Network Realtime Inspection engine version: 1.1.15700.9
 	Antivirus signature version: 1.289.310.0
 	Antispyware signature version: 1.289.310.0
 	Network Realtime Inspection signature version: 1.289.310.0
 	RTP state: Enabled
 	OA state: Enabled
 	IOAV state: Enabled
 	BM state: Enabled
 	Antivirus signature age: 0
 	Antispyware signature age: 0
 	Last quick scan age: 1
 	Last full scan age: 4294967295
 	Antivirus signature creation time: 2019/3/2 19:50:24
 	Antispyware signature creation time: 2019/3/2 19:50:25
 	Last quick scan start time: 2019/3/1 14:18:44
 	Last quick scan end time: 2019/3/1 14:40:50
 	Last quick scan source: 2
 	Last full scan start time: 1601/1/1 0:00:00
 	Last full scan end time: 1601/1/1 0:00:00
 	Last full scan source: 0
 	Product status: 0x00080000
"
Information	3/3/2019 11:20:17 AM	Microsoft-Windows-Windows Defender	1150	None	"Endpoint Protection client is up and running in a healthy state.
 	Platform version: 4.18.1902.2
 	Engine version: 1.1.15700.9
 	Signature version: 1.289.310.0
"
Information	3/3/2019 9:52:11 AM	Microsoft-Windows-Windows Defender	1151	None	"Endpoint Protection client health report (time in UTC):
 	Platform version: 4.18.1902.2
 	Engine version: 1.1.15700.9
 	Network Realtime Inspection engine version: 1.1.15700.9
 	Antivirus signature version: 1.289.310.0
 	Antispyware signature version: 1.289.310.0
 	Network Realtime Inspection signature version: 1.289.310.0
 	RTP state: Enabled
 	OA state: Enabled
 	IOAV state: Enabled
 	BM state: Enabled
 	Antivirus signature age: 0
 	Antispyware signature age: 0
 	Last quick scan age: 1
 	Last full scan age: 4294967295
 	Antivirus signature creation time: 2019/3/2 19:50:24
 	Antispyware signature creation time: 2019/3/2 19:50:25
 	Last quick scan start time: 2019/3/1 14:18:44
 	Last quick scan end time: 2019/3/1 14:40:50
 	Last quick scan source: 2
 	Last full scan start time: 1601/1/1 0:00:00
 	Last full scan end time: 1601/1/1 0:00:00
 	Last full scan source: 0
 	Product status: 0x00080000
"
Information	3/3/2019 9:52:11 AM	Microsoft-Windows-Windows Defender	1150	None	"Endpoint Protection client is up and running in a healthy state.
 	Platform version: 4.18.1902.2
 	Engine version: 1.1.15700.9
 	Signature version: 1.289.310.0
"
Information	3/3/2019 9:02:35 AM	Microsoft-Windows-Windows Defender	2000	None	"Windows Defender Antivirus signature version has been updated.
 	Current Signature Version: 1.289.310.0
 	Previous Signature Version: 1.289.286.0
 	Signature Type: AntiSpyware
 	Update Type: Delta
 	User: NT AUTHORITY\SYSTEM
 	Current Engine Version: 1.1.15700.9
 	Previous Engine Version: 1.1.15700.9"
Information	3/3/2019 9:02:35 AM	Microsoft-Windows-Windows Defender	2000	None	"Windows Defender Antivirus signature version has been updated.
 	Current Signature Version: 1.289.310.0
 	Previous Signature Version: 1.289.286.0
 	Signature Type: AntiVirus
 	Update Type: Delta
 	User: NT AUTHORITY\SYSTEM
 	Current Engine Version: 1.1.15700.9
 	Previous Engine Version: 1.1.15700.9"
Information	3/3/2019 12:05:14 AM	Microsoft-Windows-Windows Defender	2000	None	"Windows Defender Antivirus signature version has been updated.
 	Current Signature Version: 1.289.286.0
 	Previous Signature Version: 1.289.265.0
 	Signature Type: AntiSpyware
 	Update Type: Delta
 	User: NT AUTHORITY\SYSTEM
 	Current Engine Version: 1.1.15700.9
 	Previous Engine Version: 1.1.15700.9"
Information	3/3/2019 12:05:14 AM	Microsoft-Windows-Windows Defender	2000	None	"Windows Defender Antivirus signature version has been updated.
 	Current Signature Version: 1.289.286.0
 	Previous Signature Version: 1.289.265.0
 	Signature Type: AntiVirus
 	Update Type: Delta
 	User: NT AUTHORITY\SYSTEM
 	Current Engine Version: 1.1.15700.9
 	Previous Engine Version: 1.1.15700.9"
Information	3/2/2019 11:13:21 PM	Microsoft-Windows-Windows Defender	1151	None	"Endpoint Protection client health report (time in UTC):
 	Platform version: 4.18.1902.2
 	Engine version: 1.1.15700.9
 	Network Realtime Inspection engine version: 1.1.15700.9
 	Antivirus signature version: 1.289.265.0
 	Antispyware signature version: 1.289.265.0
 	Network Realtime Inspection signature version: 1.289.265.0
 	RTP state: Enabled
 	OA state: Enabled
 	IOAV state: Enabled
 	BM state: Enabled
 	Antivirus signature age: 0
 	Antispyware signature age: 0
 	Last quick scan age: 1
 	Last full scan age: 4294967295
 	Antivirus signature creation time: 2019/3/2 5:06:23
 	Antispyware signature creation time: 2019/3/2 5:06:23
 	Last quick scan start time: 2019/3/1 14:18:44
 	Last quick scan end time: 2019/3/1 14:40:50
 	Last quick scan source: 2
 	Last full scan start time: 1601/1/1 0:00:00
 	Last full scan end time: 1601/1/1 0:00:00
 	Last full scan source: 0
 	Product status: 0x00080000
"
Information	3/2/2019 11:13:21 PM	Microsoft-Windows-Windows Defender	1150	None	"Endpoint Protection client is up and running in a healthy state.
 	Platform version: 4.18.1902.2
 	Engine version: 1.1.15700.9
 	Signature version: 1.289.265.0
"
Information	3/2/2019 10:13:21 PM	Microsoft-Windows-Windows Defender	1151	None	"Endpoint Protection client health report (time in UTC):
 	Platform version: 4.18.1902.2
 	Engine version: 1.1.15700.9
 	Network Realtime Inspection engine version: 1.1.15700.9
 	Antivirus signature version: 1.289.265.0
 	Antispyware signature version: 1.289.265.0
 	Network Realtime Inspection signature version: 1.289.265.0
 	RTP state: Enabled
 	OA state: Enabled
 	IOAV state: Enabled
 	BM state: Enabled
 	Antivirus signature age: 0
 	Antispyware signature age: 0
 	Last quick scan age: 0
 	Last full scan age: 4294967295
 	Antivirus signature creation time: 2019/3/2 5:06:23
 	Antispyware signature creation time: 2019/3/2 5:06:23
 	Last quick scan start time: 2019/3/1 14:18:44
 	Last quick scan end time: 2019/3/1 14:40:50
 	Last quick scan source: 2
 	Last full scan start time: 1601/1/1 0:00:00
 	Last full scan end time: 1601/1/1 0:00:00
 	Last full scan source: 0
 	Product status: 0x00080000
"
Information	3/2/2019 10:13:21 PM	Microsoft-Windows-Windows Defender	1150	None	"Endpoint Protection client is up and running in a healthy state.
 	Platform version: 4.18.1902.2
 	Engine version: 1.1.15700.9
 	Signature version: 1.289.265.0
"
Information	3/2/2019 9:13:21 PM	Microsoft-Windows-Windows Defender	1151	None	"Endpoint Protection client health report (time in UTC):
 	Platform version: 4.18.1902.2
 	Engine version: 1.1.15700.9
 	Network Realtime Inspection engine version: 1.1.15700.9
 	Antivirus signature version: 1.289.265.0
 	Antispyware signature version: 1.289.265.0
 	Network Realtime Inspection signature version: 1.289.265.0
 	RTP state: Enabled
 	OA state: Enabled
 	IOAV state: Enabled
 	BM state: Enabled
 	Antivirus signature age: 0
 	Antispyware signature age: 0
 	Last quick scan age: 0
 	Last full scan age: 4294967295
 	Antivirus signature creation time: 2019/3/2 5:06:23
 	Antispyware signature creation time: 2019/3/2 5:06:23
 	Last quick scan start time: 2019/3/1 14:18:44
 	Last quick scan end time: 2019/3/1 14:40:50
 	Last quick scan source: 2
 	Last full scan start time: 1601/1/1 0:00:00
 	Last full scan end time: 1601/1/1 0:00:00
 	Last full scan source: 0
 	Product status: 0x00080000
"
Information	3/2/2019 9:13:21 PM	Microsoft-Windows-Windows Defender	1150	None	"Endpoint Protection client is up and running in a healthy state.
 	Platform version: 4.18.1902.2
 	Engine version: 1.1.15700.9
 	Signature version: 1.289.265.0
"
Information	3/2/2019 8:13:21 PM	Microsoft-Windows-Windows Defender	1151	None	"Endpoint Protection client health report (time in UTC):
 	Platform version: 4.18.1902.2
 	Engine version: 1.1.15700.9
 	Network Realtime Inspection engine version: 1.1.15700.9
 	Antivirus signature version: 1.289.265.0
 	Antispyware signature version: 1.289.265.0
 	Network Realtime Inspection signature version: 1.289.265.0
 	RTP state: Enabled
 	OA state: Enabled
 	IOAV state: Enabled
 	BM state: Enabled
 	Antivirus signature age: 0
 	Antispyware signature age: 0
 	Last quick scan age: 0
 	Last full scan age: 4294967295
 	Antivirus signature creation time: 2019/3/2 5:06:23
 	Antispyware signature creation time: 2019/3/2 5:06:23
 	Last quick scan start time: 2019/3/1 14:18:44
 	Last quick scan end time: 2019/3/1 14:40:50
 	Last quick scan source: 2
 	Last full scan start time: 1601/1/1 0:00:00
 	Last full scan end time: 1601/1/1 0:00:00
 	Last full scan source: 0
 	Product status: 0x00080000
"
Information	3/2/2019 8:13:21 PM	Microsoft-Windows-Windows Defender	1150	None	"Endpoint Protection client is up and running in a healthy state.
 	Platform version: 4.18.1902.2
 	Engine version: 1.1.15700.9
 	Signature version: 1.289.265.0
"
Information	3/2/2019 7:10:29 PM	Microsoft-Windows-Windows Defender	1151	None	"Endpoint Protection client health report (time in UTC):
 	Platform version: 4.18.1902.2
 	Engine version: 1.1.15700.9
 	Network Realtime Inspection engine version: 1.1.15700.9
 	Antivirus signature version: 1.289.265.0
 	Antispyware signature version: 1.289.265.0
 	Network Realtime Inspection signature version: 1.289.265.0
 	RTP state: Enabled
 	OA state: Enabled
 	IOAV state: Enabled
 	BM state: Enabled
 	Antivirus signature age: 0
 	Antispyware signature age: 0
 	Last quick scan age: 0
 	Last full scan age: 4294967295
 	Antivirus signature creation time: 2019/3/2 5:06:23
 	Antispyware signature creation time: 2019/3/2 5:06:23
 	Last quick scan start time: 2019/3/1 14:18:44
 	Last quick scan end time: 2019/3/1 14:40:50
 	Last quick scan source: 2
 	Last full scan start time: 1601/1/1 0:00:00
 	Last full scan end time: 1601/1/1 0:00:00
 	Last full scan source: 0
 	Product status: 0x00080000
"
Information	3/2/2019 7:10:29 PM	Microsoft-Windows-Windows Defender	1150	None	"Endpoint Protection client is up and running in a healthy state.
 	Platform version: 4.18.1902.2
 	Engine version: 1.1.15700.9
 	Signature version: 1.289.265.0
"
Information	3/2/2019 5:36:49 PM	Microsoft-Windows-Windows Defender	2000	None	"Windows Defender Antivirus signature version has been updated.
 	Current Signature Version: 1.289.265.0
 	Previous Signature Version: 1.289.251.0
 	Signature Type: AntiSpyware
 	Update Type: Delta
 	User: NT AUTHORITY\SYSTEM
 	Current Engine Version: 1.1.15700.9
 	Previous Engine Version: 1.1.15700.9"
Information	3/2/2019 5:36:49 PM	Microsoft-Windows-Windows Defender	2000	None	"Windows Defender Antivirus signature version has been updated.
 	Current Signature Version: 1.289.265.0
 	Previous Signature Version: 1.289.251.0
 	Signature Type: AntiVirus
 	Update Type: Delta
 	User: NT AUTHORITY\SYSTEM
 	Current Engine Version: 1.1.15700.9
 	Previous Engine Version: 1.1.15700.9"
Information	3/2/2019 5:08:38 PM	Microsoft-Windows-Windows Defender	1151	None	"Endpoint Protection client health report (time in UTC):
 	Platform version: 4.18.1902.2
 	Engine version: 1.1.15700.9
 	Network Realtime Inspection engine version: 1.1.15700.9
 	Antivirus signature version: 1.289.251.0
 	Antispyware signature version: 1.289.251.0
 	Network Realtime Inspection signature version: 1.289.251.0
 	RTP state: Enabled
 	OA state: Enabled
 	IOAV state: Enabled
 	BM state: Enabled
 	Antivirus signature age: 0
 	Antispyware signature age: 0
 	Last quick scan age: 0
 	Last full scan age: 4294967295
 	Antivirus signature creation time: 2019/3/2 0:20:51
 	Antispyware signature creation time: 2019/3/2 0:20:51
 	Last quick scan start time: 2019/3/1 14:18:44
 	Last quick scan end time: 2019/3/1 14:40:50
 	Last quick scan source: 2
 	Last full scan start time: 1601/1/1 0:00:00
 	Last full scan end time: 1601/1/1 0:00:00
 	Last full scan source: 0
 	Product status: 0x00080000
"
Information	3/2/2019 5:08:38 PM	Microsoft-Windows-Windows Defender	1150	None	"Endpoint Protection client is up and running in a healthy state.
 	Platform version: 4.18.1902.2
 	Engine version: 1.1.15700.9
 	Signature version: 1.289.251.0
"
Information	3/2/2019 4:08:38 PM	Microsoft-Windows-Windows Defender	1151	None	"Endpoint Protection client health report (time in UTC):
 	Platform version: 4.18.1902.2
 	Engine version: 1.1.15700.9
 	Network Realtime Inspection engine version: 1.1.15700.9
 	Antivirus signature version: 1.289.251.0
 	Antispyware signature version: 1.289.251.0
 	Network Realtime Inspection signature version: 1.289.251.0
 	RTP state: Enabled
 	OA state: Enabled
 	IOAV state: Enabled
 	BM state: Enabled
 	Antivirus signature age: 0
 	Antispyware signature age: 0
 	Last quick scan age: 0
 	Last full scan age: 4294967295
 	Antivirus signature creation time: 2019/3/2 0:20:51
 	Antispyware signature creation time: 2019/3/2 0:20:51
 	Last quick scan start time: 2019/3/1 14:18:44
 	Last quick scan end time: 2019/3/1 14:40:50
 	Last quick scan source: 2
 	Last full scan start time: 1601/1/1 0:00:00
 	Last full scan end time: 1601/1/1 0:00:00
 	Last full scan source: 0
 	Product status: 0x00080000
"
Information	3/2/2019 4:08:38 PM	Microsoft-Windows-Windows Defender	1150	None	"Endpoint Protection client is up and running in a healthy state.
 	Platform version: 4.18.1902.2
 	Engine version: 1.1.15700.9
 	Signature version: 1.289.251.0
"
Information	3/2/2019 3:08:38 PM	Microsoft-Windows-Windows Defender	1151	None	"Endpoint Protection client health report (time in UTC):
 	Platform version: 4.18.1902.2
 	Engine version: 1.1.15700.9
 	Network Realtime Inspection engine version: 1.1.15700.9
 	Antivirus signature version: 1.289.251.0
 	Antispyware signature version: 1.289.251.0
 	Network Realtime Inspection signature version: 1.289.251.0
 	RTP state: Enabled
 	OA state: Enabled
 	IOAV state: Enabled
 	BM state: Enabled
 	Antivirus signature age: 0
 	Antispyware signature age: 0
 	Last quick scan age: 0
 	Last full scan age: 4294967295
 	Antivirus signature creation time: 2019/3/2 0:20:51
 	Antispyware signature creation time: 2019/3/2 0:20:51
 	Last quick scan start time: 2019/3/1 14:18:44
 	Last quick scan end time: 2019/3/1 14:40:50
 	Last quick scan source: 2
 	Last full scan start time: 1601/1/1 0:00:00
 	Last full scan end time: 1601/1/1 0:00:00
 	Last full scan source: 0
 	Product status: 0x00080000
"
Information	3/2/2019 3:08:38 PM	Microsoft-Windows-Windows Defender	1150	None	"Endpoint Protection client is up and running in a healthy state.
 	Platform version: 4.18.1902.2
 	Engine version: 1.1.15700.9
 	Signature version: 1.289.251.0
"
Information	3/2/2019 2:16:21 PM	Microsoft-Windows-Windows Defender	2010	None	"Windows Defender Antivirus used Dynamic Signature Service to retrieve additional signatures to help protect your machine.
 	Current Signature Version: 1.289.251.0
 	Signature Type: AntiSpyware
 	User: \
 	Current Engine Version: 1.1.15700.9
 	Dynamic Signature Type: Signature update
 	Persistence Path: C:\ProgramData\Microsoft\Windows Defender\Scans\RtSigs\data\0cd8e1fa9674a104477866e1709d02e8e3d9537a
 	Dynamic Signature Version: 0.0.0.0
 	Dynamic Signature Compilation Timestamp: 2019/3/2 6:16:15
 	Persistence Limit Type: Duration
 	Persistence Limit: 50065408"
Information	3/2/2019 2:16:21 PM	Microsoft-Windows-Windows Defender	2010	None	"Windows Defender Antivirus used Dynamic Signature Service to retrieve additional signatures to help protect your machine.
 	Current Signature Version: 1.289.251.0
 	Signature Type: AntiVirus
 	User: \
 	Current Engine Version: 1.1.15700.9
 	Dynamic Signature Type: Signature update
 	Persistence Path: C:\ProgramData\Microsoft\Windows Defender\Scans\RtSigs\data\0cd8e1fa9674a104477866e1709d02e8e3d9537a
 	Dynamic Signature Version: 0.0.0.0
 	Dynamic Signature Compilation Timestamp: 2019/3/2 6:16:15
 	Persistence Limit Type: Duration
 	Persistence Limit: 50065408"
Information	3/2/2019 2:16:21 PM	Microsoft-Windows-Windows Defender	2010	None	"Windows Defender Antivirus used Dynamic Signature Service to retrieve additional signatures to help protect your machine.
 	Current Signature Version: 1.289.251.0
 	Signature Type: AntiSpyware
 	User: \
 	Current Engine Version: 1.1.15700.9
 	Dynamic Signature Type: Signature update
 	Persistence Path: C:\ProgramData\Microsoft\Windows Defender\Scans\RtSigs\data\383c1868e0d88106b3cfc2f710af572785810a6a
 	Dynamic Signature Version: 0.0.0.0
 	Dynamic Signature Compilation Timestamp: 2019/3/2 6:15:55
 	Persistence Limit Type: Duration
 	Persistence Limit: 50065408"
Information	3/2/2019 2:16:21 PM	Microsoft-Windows-Windows Defender	2010	None	"Windows Defender Antivirus used Dynamic Signature Service to retrieve additional signatures to help protect your machine.
 	Current Signature Version: 1.289.251.0
 	Signature Type: AntiVirus
 	User: \
 	Current Engine Version: 1.1.15700.9
 	Dynamic Signature Type: Signature update
 	Persistence Path: C:\ProgramData\Microsoft\Windows Defender\Scans\RtSigs\data\383c1868e0d88106b3cfc2f710af572785810a6a
 	Dynamic Signature Version: 0.0.0.0
 	Dynamic Signature Compilation Timestamp: 2019/3/2 6:15:55
 	Persistence Limit Type: Duration
 	Persistence Limit: 50065408"
Information	3/2/2019 2:16:21 PM	Microsoft-Windows-Windows Defender	2010	None	"Windows Defender Antivirus used Dynamic Signature Service to retrieve additional signatures to help protect your machine.
 	Current Signature Version: 1.289.251.0
 	Signature Type: AntiSpyware
 	User: \
 	Current Engine Version: 1.1.15700.9
 	Dynamic Signature Type: Signature update
 	Persistence Path: C:\ProgramData\Microsoft\Windows Defender\Scans\RtSigs\data\a09b42580c0aa065900f5ccfe07d90bc0dfd6b92
 	Dynamic Signature Version: 0.0.0.0
 	Dynamic Signature Compilation Timestamp: 2019/3/2 6:16:15
 	Persistence Limit Type: Duration
 	Persistence Limit: 50065408"
Information	3/2/2019 2:16:21 PM	Microsoft-Windows-Windows Defender	2010	None	"Windows Defender Antivirus used Dynamic Signature Service to retrieve additional signatures to help protect your machine.
 	Current Signature Version: 1.289.251.0
 	Signature Type: AntiVirus
 	User: \
 	Current Engine Version: 1.1.15700.9
 	Dynamic Signature Type: Signature update
 	Persistence Path: C:\ProgramData\Microsoft\Windows Defender\Scans\RtSigs\data\a09b42580c0aa065900f5ccfe07d90bc0dfd6b92
 	Dynamic Signature Version: 0.0.0.0
 	Dynamic Signature Compilation Timestamp: 2019/3/2 6:16:15
 	Persistence Limit Type: Duration
 	Persistence Limit: 50065408"
Information	3/2/2019 2:16:21 PM	Microsoft-Windows-Windows Defender	2010	None	"Windows Defender Antivirus used Dynamic Signature Service to retrieve additional signatures to help protect your machine.
 	Current Signature Version: 1.289.251.0
 	Signature Type: AntiSpyware
 	User: \
 	Current Engine Version: 1.1.15700.9
 	Dynamic Signature Type: Signature update
 	Persistence Path: C:\ProgramData\Microsoft\Windows Defender\Scans\RtSigs\data\bc5d45cb9e5e5e2578ebe7f45d693d27419d106f
 	Dynamic Signature Version: 0.0.0.0
 	Dynamic Signature Compilation Timestamp: 2019/3/2 6:15:55
 	Persistence Limit Type: Duration
 	Persistence Limit: 50065408"
Information	3/2/2019 2:16:21 PM	Microsoft-Windows-Windows Defender	2010	None	"Windows Defender Antivirus used Dynamic Signature Service to retrieve additional signatures to help protect your machine.
 	Current Signature Version: 1.289.251.0
 	Signature Type: AntiVirus
 	User: \
 	Current Engine Version: 1.1.15700.9
 	Dynamic Signature Type: Signature update
 	Persistence Path: C:\ProgramData\Microsoft\Windows Defender\Scans\RtSigs\data\bc5d45cb9e5e5e2578ebe7f45d693d27419d106f
 	Dynamic Signature Version: 0.0.0.0
 	Dynamic Signature Compilation Timestamp: 2019/3/2 6:15:55
 	Persistence Limit Type: Duration
 	Persistence Limit: 50065408"
Information	3/2/2019 2:08:38 PM	Microsoft-Windows-Windows Defender	1151	None	"Endpoint Protection client health report (time in UTC):
 	Platform version: 4.18.1902.2
 	Engine version: 1.1.15700.9
 	Network Realtime Inspection engine version: 1.1.15700.9
 	Antivirus signature version: 1.289.251.0
 	Antispyware signature version: 1.289.251.0
 	Network Realtime Inspection signature version: 1.289.251.0
 	RTP state: Enabled
 	OA state: Enabled
 	IOAV state: Enabled
 	BM state: Enabled
 	Antivirus signature age: 0
 	Antispyware signature age: 0
 	Last quick scan age: 0
 	Last full scan age: 4294967295
 	Antivirus signature creation time: 2019/3/2 0:20:51
 	Antispyware signature creation time: 2019/3/2 0:20:51
 	Last quick scan start time: 2019/3/1 14:18:44
 	Last quick scan end time: 2019/3/1 14:40:50
 	Last quick scan source: 2
 	Last full scan start time: 1601/1/1 0:00:00
 	Last full scan end time: 1601/1/1 0:00:00
 	Last full scan source: 0
 	Product status: 0x00080000
"
Information	3/2/2019 2:08:38 PM	Microsoft-Windows-Windows Defender	1150	None	"Endpoint Protection client is up and running in a healthy state.
 	Platform version: 4.18.1902.2
 	Engine version: 1.1.15700.9
 	Signature version: 1.289.251.0
"
Information	3/2/2019 1:16:19 PM	Microsoft-Windows-Windows Defender	2000	None	"Windows Defender Antivirus signature version has been updated.
 	Current Signature Version: 1.289.251.0
 	Previous Signature Version: 1.289.159.0
 	Signature Type: AntiSpyware
 	Update Type: Delta
 	User: NT AUTHORITY\SYSTEM
 	Current Engine Version: 1.1.15700.9
 	Previous Engine Version: 1.1.15700.9"
Information	3/2/2019 1:16:19 PM	Microsoft-Windows-Windows Defender	2000	None	"Windows Defender Antivirus signature version has been updated.
 	Current Signature Version: 1.289.251.0
 	Previous Signature Version: 1.289.159.0
 	Signature Type: AntiVirus
 	Update Type: Delta
 	User: NT AUTHORITY\SYSTEM
 	Current Engine Version: 1.1.15700.9
 	Previous Engine Version: 1.1.15700.9"
Information	3/1/2019 10:40:50 PM	Microsoft-Windows-Windows Defender	1001	None	"Windows Defender Antivirus scan has finished.
 	Scan ID: {BFF8CA83-4983-455A-9D34-38FC3320FAF8}
 	Scan Type: Antimalware
 	Scan Parameters: Quick Scan
 	User: NT AUTHORITY\SYSTEM
 	Scan Time: 0:22:05"
Information	3/1/2019 10:27:30 PM	Microsoft-Windows-Windows Defender	1151	None	"Endpoint Protection client health report (time in UTC):
 	Platform version: 4.18.1902.2
 	Engine version: 1.1.15700.9
 	Network Realtime Inspection engine version: 1.1.15700.9
 	Antivirus signature version: 1.289.159.0
 	Antispyware signature version: 1.289.159.0
 	Network Realtime Inspection signature version: 1.289.159.0
 	RTP state: Enabled
 	OA state: Enabled
 	IOAV state: Enabled
 	BM state: Enabled
 	Antivirus signature age: 0
 	Antispyware signature age: 0
 	Last quick scan age: 14
 	Last full scan age: 4294967295
 	Antivirus signature creation time: 2019/2/28 22:04:05
 	Antispyware signature creation time: 2019/2/28 22:04:05
 	Last quick scan start time: 2019/2/15 13:18:51
 	Last quick scan end time: 2019/2/15 13:33:49
 	Last quick scan source: 2
 	Last full scan start time: 1601/1/1 0:00:00
 	Last full scan end time: 1601/1/1 0:00:00
 	Last full scan source: 0
 	Product status: 0x00080280
"
Information	3/1/2019 10:18:45 PM	Microsoft-Windows-Windows Defender	1013	None	"Windows Defender Antivirus has removed history of malware and other potentially unwanted software.
 	Time: 2019/2/14 22:18:45
 	User: NT AUTHORITY\SYSTEM
"
Information	3/1/2019 10:18:44 PM	Microsoft-Windows-Windows Defender	1000	None	"Windows Defender Antivirus scan has started.
 	Scan ID: {BFF8CA83-4983-455A-9D34-38FC3320FAF8}
 	Scan Type: Antimalware
 	Scan Parameters: Quick Scan
 	Scan Resources: 
 	User: NT AUTHORITY\SYSTEM"
Information	3/1/2019 2:37:07 PM	Microsoft-Windows-Windows Defender	2000	None	"Windows Defender Antivirus signature version has been updated.
 	Current Signature Version: 1.289.159.0
 	Previous Signature Version: 1.289.106.0
 	Signature Type: AntiSpyware
 	Update Type: Delta
 	User: NT AUTHORITY\SYSTEM
 	Current Engine Version: 1.1.15700.9
 	Previous Engine Version: 1.1.15700.9"
Information	3/1/2019 2:37:07 PM	Microsoft-Windows-Windows Defender	2000	None	"Windows Defender Antivirus signature version has been updated.
 	Current Signature Version: 1.289.159.0
 	Previous Signature Version: 1.289.106.0
 	Signature Type: AntiVirus
 	Update Type: Delta
 	User: NT AUTHORITY\SYSTEM
 	Current Engine Version: 1.1.15700.9
 	Previous Engine Version: 1.1.15700.9"
Information	3/1/2019 2:26:31 PM	Microsoft-Windows-Windows Defender	2011	None	"Windows Defender Antivirus used Dynamic Signature Service to discard obsolete signatures.
 	Current Signature Version: 1.289.106.0
 	Signature Type: AntiSpyware
 	Current Engine Version: 1.1.15700.9
 	Dynamic Signature Type: Signature update
 	Persistence Path: C:\ProgramData\Microsoft\Windows Defender\Scans\RtSigs\data\d237470a3a6f971856c4cda30f98a1b1aee47d6d
 	Dynamic Signature Version: 0.0.0.0
 	Dynamic Signature Compilation Timestamp: 2019/2/28 14:01:22
 	Removal Reason: Automatic
 	Persistence Limit Type: Duration
 	Persistence Limit: 288000000"
Information	3/1/2019 2:26:31 PM	Microsoft-Windows-Windows Defender	2011	None	"Windows Defender Antivirus used Dynamic Signature Service to discard obsolete signatures.
 	Current Signature Version: 1.289.106.0
 	Signature Type: AntiVirus
 	Current Engine Version: 1.1.15700.9
 	Dynamic Signature Type: Signature update
 	Persistence Path: C:\ProgramData\Microsoft\Windows Defender\Scans\RtSigs\data\d237470a3a6f971856c4cda30f98a1b1aee47d6d
 	Dynamic Signature Version: 0.0.0.0
 	Dynamic Signature Compilation Timestamp: 2019/2/28 14:01:22
 	Removal Reason: Automatic
 	Persistence Limit Type: Duration
 	Persistence Limit: 288000000"
Information	3/1/2019 2:26:31 PM	Microsoft-Windows-Windows Defender	2011	None	"Windows Defender Antivirus used Dynamic Signature Service to discard obsolete signatures.
 	Current Signature Version: 1.289.106.0
 	Signature Type: AntiSpyware
 	Current Engine Version: 1.1.15700.9
 	Dynamic Signature Type: Signature update
 	Persistence Path: C:\ProgramData\Microsoft\Windows Defender\Scans\RtSigs\data\d22247c97f0862ff0e08a7126b864cbf1a49429e
 	Dynamic Signature Version: 0.0.0.0
 	Dynamic Signature Compilation Timestamp: 2019/2/28 14:01:15
 	Removal Reason: Automatic
 	Persistence Limit Type: Duration
 	Persistence Limit: 288000000"
Information	3/1/2019 2:26:31 PM	Microsoft-Windows-Windows Defender	2011	None	"Windows Defender Antivirus used Dynamic Signature Service to discard obsolete signatures.
 	Current Signature Version: 1.289.106.0
 	Signature Type: AntiVirus
 	Current Engine Version: 1.1.15700.9
 	Dynamic Signature Type: Signature update
 	Persistence Path: C:\ProgramData\Microsoft\Windows Defender\Scans\RtSigs\data\d22247c97f0862ff0e08a7126b864cbf1a49429e
 	Dynamic Signature Version: 0.0.0.0
 	Dynamic Signature Compilation Timestamp: 2019/2/28 14:01:15
 	Removal Reason: Automatic
 	Persistence Limit Type: Duration
 	Persistence Limit: 288000000"
Information	3/1/2019 2:26:31 PM	Microsoft-Windows-Windows Defender	2011	None	"Windows Defender Antivirus used Dynamic Signature Service to discard obsolete signatures.
 	Current Signature Version: 1.289.106.0
 	Signature Type: AntiSpyware
 	Current Engine Version: 1.1.15700.9
 	Dynamic Signature Type: Signature update
 	Persistence Path: C:\ProgramData\Microsoft\Windows Defender\Scans\RtSigs\data\85f419ccc13829a39db5ad238763aacb1fff8866
 	Dynamic Signature Version: 0.0.0.0
 	Dynamic Signature Compilation Timestamp: 2019/2/28 14:00:28
 	Removal Reason: Automatic
 	Persistence Limit Type: Duration
 	Persistence Limit: 288000000"
Information	3/1/2019 2:26:31 PM	Microsoft-Windows-Windows Defender	2011	None	"Windows Defender Antivirus used Dynamic Signature Service to discard obsolete signatures.
 	Current Signature Version: 1.289.106.0
 	Signature Type: AntiVirus
 	Current Engine Version: 1.1.15700.9
 	Dynamic Signature Type: Signature update
 	Persistence Path: C:\ProgramData\Microsoft\Windows Defender\Scans\RtSigs\data\85f419ccc13829a39db5ad238763aacb1fff8866
 	Dynamic Signature Version: 0.0.0.0
 	Dynamic Signature Compilation Timestamp: 2019/2/28 14:00:28
 	Removal Reason: Automatic
 	Persistence Limit Type: Duration
 	Persistence Limit: 288000000"
Information	3/1/2019 2:26:31 PM	Microsoft-Windows-Windows Defender	2011	None	"Windows Defender Antivirus used Dynamic Signature Service to discard obsolete signatures.
 	Current Signature Version: 1.289.106.0
 	Signature Type: AntiSpyware
 	Current Engine Version: 1.1.15700.9
 	Dynamic Signature Type: Signature update
 	Persistence Path: C:\ProgramData\Microsoft\Windows Defender\Scans\RtSigs\data\5dd0b0ba1a8bda62c0c14d34ec51c1dfadd512e1
 	Dynamic Signature Version: 0.0.0.0
 	Dynamic Signature Compilation Timestamp: 2019/2/28 14:00:38
 	Removal Reason: Automatic
 	Persistence Limit Type: Duration
 	Persistence Limit: 288000000"
Information	3/1/2019 2:26:31 PM	Microsoft-Windows-Windows Defender	2011	None	"Windows Defender Antivirus used Dynamic Signature Service to discard obsolete signatures.
 	Current Signature Version: 1.289.106.0
 	Signature Type: AntiVirus
 	Current Engine Version: 1.1.15700.9
 	Dynamic Signature Type: Signature update
 	Persistence Path: C:\ProgramData\Microsoft\Windows Defender\Scans\RtSigs\data\5dd0b0ba1a8bda62c0c14d34ec51c1dfadd512e1
 	Dynamic Signature Version: 0.0.0.0
 	Dynamic Signature Compilation Timestamp: 2019/2/28 14:00:38
 	Removal Reason: Automatic
 	Persistence Limit Type: Duration
 	Persistence Limit: 288000000"
Information	2/28/2019 11:33:14 PM	Microsoft-Windows-Windows Defender	1151	None	"Endpoint Protection client health report (time in UTC):
 	Platform version: 4.18.1902.2
 	Engine version: 1.1.15700.9
 	Network Realtime Inspection engine version: 1.1.15700.9
 	Antivirus signature version: 1.289.106.0
 	Antispyware signature version: 1.289.106.0
 	Network Realtime Inspection signature version: 1.289.106.0
 	RTP state: Enabled
 	OA state: Enabled
 	IOAV state: Enabled
 	BM state: Enabled
 	Antivirus signature age: 0
 	Antispyware signature age: 0
 	Last quick scan age: 13
 	Last full scan age: 4294967295
 	Antivirus signature creation time: 2019/2/28 5:14:51
 	Antispyware signature creation time: 2019/2/28 5:14:51
 	Last quick scan start time: 2019/2/15 13:18:51
 	Last quick scan end time: 2019/2/15 13:33:49
 	Last quick scan source: 2
 	Last full scan start time: 1601/1/1 0:00:00
 	Last full scan end time: 1601/1/1 0:00:00
 	Last full scan source: 0
 	Product status: 0x00080000
"
Information	2/28/2019 11:33:14 PM	Microsoft-Windows-Windows Defender	1150	None	"Endpoint Protection client is up and running in a healthy state.
 	Platform version: 4.18.1902.2
 	Engine version: 1.1.15700.9
 	Signature version: 1.289.106.0
"
Information	2/28/2019 10:33:14 PM	Microsoft-Windows-Windows Defender	1151	None	"Endpoint Protection client health report (time in UTC):
 	Platform version: 4.18.1902.2
 	Engine version: 1.1.15700.9
 	Network Realtime Inspection engine version: 1.1.15700.9
 	Antivirus signature version: 1.289.106.0
 	Antispyware signature version: 1.289.106.0
 	Network Realtime Inspection signature version: 1.289.106.0
 	RTP state: Enabled
 	OA state: Enabled
 	IOAV state: Enabled
 	BM state: Enabled
 	Antivirus signature age: 0
 	Antispyware signature age: 0
 	Last quick scan age: 13
 	Last full scan age: 4294967295
 	Antivirus signature creation time: 2019/2/28 5:14:51
 	Antispyware signature creation time: 2019/2/28 5:14:51
 	Last quick scan start time: 2019/2/15 13:18:51
 	Last quick scan end time: 2019/2/15 13:33:49
 	Last quick scan source: 2
 	Last full scan start time: 1601/1/1 0:00:00
 	Last full scan end time: 1601/1/1 0:00:00
 	Last full scan source: 0
 	Product status: 0x00080000
"
Information	2/28/2019 10:33:14 PM	Microsoft-Windows-Windows Defender	1150	None	"Endpoint Protection client is up and running in a healthy state.
 	Platform version: 4.18.1902.2
 	Engine version: 1.1.15700.9
 	Signature version: 1.289.106.0
"
Information	2/28/2019 10:01:22 PM	Microsoft-Windows-Windows Defender	2010	None	"Windows Defender Antivirus used Dynamic Signature Service to retrieve additional signatures to help protect your machine.
 	Current Signature Version: 1.289.106.0
 	Signature Type: AntiSpyware
 	User: \
 	Current Engine Version: 1.1.15700.9
 	Dynamic Signature Type: Signature update
 	Persistence Path: C:\ProgramData\Microsoft\Windows Defender\Scans\RtSigs\data\d237470a3a6f971856c4cda30f98a1b1aee47d6d
 	Dynamic Signature Version: 0.0.0.0
 	Dynamic Signature Compilation Timestamp: 2019/2/28 14:01:22
 	Persistence Limit Type: Duration
 	Persistence Limit: 288000000"
Information	2/28/2019 10:01:22 PM	Microsoft-Windows-Windows Defender	2010	None	"Windows Defender Antivirus used Dynamic Signature Service to retrieve additional signatures to help protect your machine.
 	Current Signature Version: 1.289.106.0
 	Signature Type: AntiVirus
 	User: \
 	Current Engine Version: 1.1.15700.9
 	Dynamic Signature Type: Signature update
 	Persistence Path: C:\ProgramData\Microsoft\Windows Defender\Scans\RtSigs\data\d237470a3a6f971856c4cda30f98a1b1aee47d6d
 	Dynamic Signature Version: 0.0.0.0
 	Dynamic Signature Compilation Timestamp: 2019/2/28 14:01:22
 	Persistence Limit Type: Duration
 	Persistence Limit: 288000000"
Information	2/28/2019 10:01:15 PM	Microsoft-Windows-Windows Defender	2010	None	"Windows Defender Antivirus used Dynamic Signature Service to retrieve additional signatures to help protect your machine.
 	Current Signature Version: 1.289.106.0
 	Signature Type: AntiSpyware
 	User: \
 	Current Engine Version: 1.1.15700.9
 	Dynamic Signature Type: Signature update
 	Persistence Path: C:\ProgramData\Microsoft\Windows Defender\Scans\RtSigs\data\d22247c97f0862ff0e08a7126b864cbf1a49429e
 	Dynamic Signature Version: 0.0.0.0
 	Dynamic Signature Compilation Timestamp: 2019/2/28 14:01:15
 	Persistence Limit Type: Duration
 	Persistence Limit: 288000000"
Information	2/28/2019 10:01:15 PM	Microsoft-Windows-Windows Defender	2010	None	"Windows Defender Antivirus used Dynamic Signature Service to retrieve additional signatures to help protect your machine.
 	Current Signature Version: 1.289.106.0
 	Signature Type: AntiVirus
 	User: \
 	Current Engine Version: 1.1.15700.9
 	Dynamic Signature Type: Signature update
 	Persistence Path: C:\ProgramData\Microsoft\Windows Defender\Scans\RtSigs\data\d22247c97f0862ff0e08a7126b864cbf1a49429e
 	Dynamic Signature Version: 0.0.0.0
 	Dynamic Signature Compilation Timestamp: 2019/2/28 14:01:15
 	Persistence Limit Type: Duration
 	Persistence Limit: 288000000"
Information	2/28/2019 10:00:37 PM	Microsoft-Windows-Windows Defender	2010	None	"Windows Defender Antivirus used Dynamic Signature Service to retrieve additional signatures to help protect your machine.
 	Current Signature Version: 1.289.106.0
 	Signature Type: AntiSpyware
 	User: \
 	Current Engine Version: 1.1.15700.9
 	Dynamic Signature Type: Signature update
 	Persistence Path: C:\ProgramData\Microsoft\Windows Defender\Scans\RtSigs\data\5dd0b0ba1a8bda62c0c14d34ec51c1dfadd512e1
 	Dynamic Signature Version: 0.0.0.0
 	Dynamic Signature Compilation Timestamp: 2019/2/28 14:00:38
 	Persistence Limit Type: Duration
 	Persistence Limit: 288000000"
Information	2/28/2019 10:00:37 PM	Microsoft-Windows-Windows Defender	2010	None	"Windows Defender Antivirus used Dynamic Signature Service to retrieve additional signatures to help protect your machine.
 	Current Signature Version: 1.289.106.0
 	Signature Type: AntiVirus
 	User: \
 	Current Engine Version: 1.1.15700.9
 	Dynamic Signature Type: Signature update
 	Persistence Path: C:\ProgramData\Microsoft\Windows Defender\Scans\RtSigs\data\5dd0b0ba1a8bda62c0c14d34ec51c1dfadd512e1
 	Dynamic Signature Version: 0.0.0.0
 	Dynamic Signature Compilation Timestamp: 2019/2/28 14:00:38
 	Persistence Limit Type: Duration
 	Persistence Limit: 288000000"
Information	2/28/2019 10:00:28 PM	Microsoft-Windows-Windows Defender	2010	None	"Windows Defender Antivirus used Dynamic Signature Service to retrieve additional signatures to help protect your machine.
 	Current Signature Version: 1.289.106.0
 	Signature Type: AntiSpyware
 	User: \
 	Current Engine Version: 1.1.15700.9
 	Dynamic Signature Type: Signature update
 	Persistence Path: C:\ProgramData\Microsoft\Windows Defender\Scans\RtSigs\data\85f419ccc13829a39db5ad238763aacb1fff8866
 	Dynamic Signature Version: 0.0.0.0
 	Dynamic Signature Compilation Timestamp: 2019/2/28 14:00:28
 	Persistence Limit Type: Duration
 	Persistence Limit: 288000000"
Information	2/28/2019 10:00:28 PM	Microsoft-Windows-Windows Defender	2010	None	"Windows Defender Antivirus used Dynamic Signature Service to retrieve additional signatures to help protect your machine.
 	Current Signature Version: 1.289.106.0
 	Signature Type: AntiVirus
 	User: \
 	Current Engine Version: 1.1.15700.9
 	Dynamic Signature Type: Signature update
 	Persistence Path: C:\ProgramData\Microsoft\Windows Defender\Scans\RtSigs\data\85f419ccc13829a39db5ad238763aacb1fff8866
 	Dynamic Signature Version: 0.0.0.0
 	Dynamic Signature Compilation Timestamp: 2019/2/28 14:00:28
 	Persistence Limit Type: Duration
 	Persistence Limit: 288000000"
Information	2/28/2019 9:33:14 PM	Microsoft-Windows-Windows Defender	1151	None	"Endpoint Protection client health report (time in UTC):
 	Platform version: 4.18.1902.2
 	Engine version: 1.1.15700.9
 	Network Realtime Inspection engine version: 1.1.15700.9
 	Antivirus signature version: 1.289.106.0
 	Antispyware signature version: 1.289.106.0
 	Network Realtime Inspection signature version: 1.289.106.0
 	RTP state: Enabled
 	OA state: Enabled
 	IOAV state: Enabled
 	BM state: Enabled
 	Antivirus signature age: 0
 	Antispyware signature age: 0
 	Last quick scan age: 13
 	Last full scan age: 4294967295
 	Antivirus signature creation time: 2019/2/28 5:14:51
 	Antispyware signature creation time: 2019/2/28 5:14:51
 	Last quick scan start time: 2019/2/15 13:18:51
 	Last quick scan end time: 2019/2/15 13:33:49
 	Last quick scan source: 2
 	Last full scan start time: 1601/1/1 0:00:00
 	Last full scan end time: 1601/1/1 0:00:00
 	Last full scan source: 0
 	Product status: 0x00080000
"
Information	2/28/2019 9:33:14 PM	Microsoft-Windows-Windows Defender	1150	None	"Endpoint Protection client is up and running in a healthy state.
 	Platform version: 4.18.1902.2
 	Engine version: 1.1.15700.9
 	Signature version: 1.289.106.0
"
Information	2/28/2019 8:43:46 PM	Microsoft-Windows-Windows Defender	2000	None	"Windows Defender Antivirus signature version has been updated.
 	Current Signature Version: 1.289.106.0
 	Previous Signature Version: 1.289.21.0
 	Signature Type: AntiSpyware
 	Update Type: Delta
 	User: NT AUTHORITY\SYSTEM
 	Current Engine Version: 1.1.15700.9
 	Previous Engine Version: 1.1.15700.9"
Information	2/28/2019 8:43:46 PM	Microsoft-Windows-Windows Defender	2000	None	"Windows Defender Antivirus signature version has been updated.
 	Current Signature Version: 1.289.106.0
 	Previous Signature Version: 1.289.21.0
 	Signature Type: AntiVirus
 	Update Type: Delta
 	User: NT AUTHORITY\SYSTEM
 	Current Engine Version: 1.1.15700.9
 	Previous Engine Version: 1.1.15700.9"
Information	2/28/2019 11:44:58 AM	Microsoft-Windows-Windows Defender	2011	None	"Windows Defender Antivirus used Dynamic Signature Service to discard obsolete signatures.
 	Current Signature Version: 1.289.21.0
 	Signature Type: AntiSpyware
 	Current Engine Version: 1.1.15700.9
 	Dynamic Signature Type: Signature update
 	Persistence Path: C:\ProgramData\Microsoft\Windows Defender\Scans\RtSigs\data\e825d35062a8a364f46456ffcf83e108df25f8b4
 	Dynamic Signature Version: 0.0.0.0
 	Dynamic Signature Compilation Timestamp: 2019/2/27 11:23:56
 	Removal Reason: Automatic
 	Persistence Limit Type: Duration
 	Persistence Limit: 288000000"
Information	2/28/2019 11:44:58 AM	Microsoft-Windows-Windows Defender	2011	None	"Windows Defender Antivirus used Dynamic Signature Service to discard obsolete signatures.
 	Current Signature Version: 1.289.21.0
 	Signature Type: AntiVirus
 	Current Engine Version: 1.1.15700.9
 	Dynamic Signature Type: Signature update
 	Persistence Path: C:\ProgramData\Microsoft\Windows Defender\Scans\RtSigs\data\e825d35062a8a364f46456ffcf83e108df25f8b4
 	Dynamic Signature Version: 0.0.0.0
 	Dynamic Signature Compilation Timestamp: 2019/2/27 11:23:56
 	Removal Reason: Automatic
 	Persistence Limit Type: Duration
 	Persistence Limit: 288000000"
Information	2/28/2019 11:44:57 AM	Microsoft-Windows-Windows Defender	2011	None	"Windows Defender Antivirus used Dynamic Signature Service to discard obsolete signatures.
 	Current Signature Version: 1.289.21.0
 	Signature Type: AntiSpyware
 	Current Engine Version: 1.1.15700.9
 	Dynamic Signature Type: Signature update
 	Persistence Path: C:\ProgramData\Microsoft\Windows Defender\Scans\RtSigs\data\d11d7e6a5f4327cd330327f70a1fe985669b1504
 	Dynamic Signature Version: 0.0.0.0
 	Dynamic Signature Compilation Timestamp: 2019/2/27 11:25:07
 	Removal Reason: Automatic
 	Persistence Limit Type: Duration
 	Persistence Limit: 288000000"
Information	2/28/2019 11:44:57 AM	Microsoft-Windows-Windows Defender	2011	None	"Windows Defender Antivirus used Dynamic Signature Service to discard obsolete signatures.
 	Current Signature Version: 1.289.21.0
 	Signature Type: AntiVirus
 	Current Engine Version: 1.1.15700.9
 	Dynamic Signature Type: Signature update
 	Persistence Path: C:\ProgramData\Microsoft\Windows Defender\Scans\RtSigs\data\d11d7e6a5f4327cd330327f70a1fe985669b1504
 	Dynamic Signature Version: 0.0.0.0
 	Dynamic Signature Compilation Timestamp: 2019/2/27 11:25:07
 	Removal Reason: Automatic
 	Persistence Limit Type: Duration
 	Persistence Limit: 288000000"
Information	2/28/2019 11:44:57 AM	Microsoft-Windows-Windows Defender	2011	None	"Windows Defender Antivirus used Dynamic Signature Service to discard obsolete signatures.
 	Current Signature Version: 1.289.21.0
 	Signature Type: AntiSpyware
 	Current Engine Version: 1.1.15700.9
 	Dynamic Signature Type: Signature update
 	Persistence Path: C:\ProgramData\Microsoft\Windows Defender\Scans\RtSigs\data\a09e64059e9086ca2ed9adab4c7139d68df2a6c2
 	Dynamic Signature Version: 0.0.0.0
 	Dynamic Signature Compilation Timestamp: 2019/2/27 11:25:16
 	Removal Reason: Automatic
 	Persistence Limit Type: Duration
 	Persistence Limit: 288000000"
Information	2/28/2019 11:44:57 AM	Microsoft-Windows-Windows Defender	2011	None	"Windows Defender Antivirus used Dynamic Signature Service to discard obsolete signatures.
 	Current Signature Version: 1.289.21.0
 	Signature Type: AntiVirus
 	Current Engine Version: 1.1.15700.9
 	Dynamic Signature Type: Signature update
 	Persistence Path: C:\ProgramData\Microsoft\Windows Defender\Scans\RtSigs\data\a09e64059e9086ca2ed9adab4c7139d68df2a6c2
 	Dynamic Signature Version: 0.0.0.0
 	Dynamic Signature Compilation Timestamp: 2019/2/27 11:25:16
 	Removal Reason: Automatic
 	Persistence Limit Type: Duration
 	Persistence Limit: 288000000"
Information	2/28/2019 11:44:57 AM	Microsoft-Windows-Windows Defender	2011	None	"Windows Defender Antivirus used Dynamic Signature Service to discard obsolete signatures.
 	Current Signature Version: 1.289.21.0
 	Signature Type: AntiSpyware
 	Current Engine Version: 1.1.15700.9
 	Dynamic Signature Type: Signature update
 	Persistence Path: C:\ProgramData\Microsoft\Windows Defender\Scans\RtSigs\data\552e82a883acbbd58c6117da8407f4b7d73dd67b
 	Dynamic Signature Version: 0.0.0.0
 	Dynamic Signature Compilation Timestamp: 2019/2/27 11:24:12
 	Removal Reason: Automatic
 	Persistence Limit Type: Duration
 	Persistence Limit: 288000000"
Information	2/28/2019 11:44:57 AM	Microsoft-Windows-Windows Defender	2011	None	"Windows Defender Antivirus used Dynamic Signature Service to discard obsolete signatures.
 	Current Signature Version: 1.289.21.0
 	Signature Type: AntiVirus
 	Current Engine Version: 1.1.15700.9
 	Dynamic Signature Type: Signature update
 	Persistence Path: C:\ProgramData\Microsoft\Windows Defender\Scans\RtSigs\data\552e82a883acbbd58c6117da8407f4b7d73dd67b
 	Dynamic Signature Version: 0.0.0.0
 	Dynamic Signature Compilation Timestamp: 2019/2/27 11:24:12
 	Removal Reason: Automatic
 	Persistence Limit Type: Duration
 	Persistence Limit: 288000000"
Information	2/27/2019 10:08:39 PM	Microsoft-Windows-Windows Defender	1151	None	"Endpoint Protection client health report (time in UTC):
 	Platform version: 4.18.1902.2
 	Engine version: 1.1.15700.9
 	Network Realtime Inspection engine version: 1.1.15700.9
 	Antivirus signature version: 1.289.21.0
 	Antispyware signature version: 1.289.21.0
 	Network Realtime Inspection signature version: 1.289.21.0
 	RTP state: Enabled
 	OA state: Enabled
 	IOAV state: Enabled
 	BM state: Enabled
 	Antivirus signature age: 0
 	Antispyware signature age: 0
 	Last quick scan age: 12
 	Last full scan age: 4294967295
 	Antivirus signature creation time: 2019/2/26 23:12:29
 	Antispyware signature creation time: 2019/2/26 23:12:29
 	Last quick scan start time: 2019/2/15 13:18:51
 	Last quick scan end time: 2019/2/15 13:33:49
 	Last quick scan source: 2
 	Last full scan start time: 1601/1/1 0:00:00
 	Last full scan end time: 1601/1/1 0:00:00
 	Last full scan source: 0
 	Product status: 0x00080000
"
Information	2/27/2019 10:08:39 PM	Microsoft-Windows-Windows Defender	1150	None	"Endpoint Protection client is up and running in a healthy state.
 	Platform version: 4.18.1902.2
 	Engine version: 1.1.15700.9
 	Signature version: 1.289.21.0
"
