Information	3/9/2019 2:48:39 AM	Microsoft-Windows-Windows Defender	1151	None	"Endpoint Protection client health report (time in UTC):
 	Platform version: 4.18.1902.2
 	Engine version: 1.1.15700.9
 	Network Realtime Inspection engine version: 1.1.15700.9
 	Antivirus signature version: 1.289.687.0
 	Antispyware signature version: 1.289.687.0
 	Network Realtime Inspection signature version: 1.289.687.0
 	RTP state: Enabled
 	OA state: Enabled
 	IOAV state: Enabled
 	BM state: Enabled
 	Antivirus signature age: 0
 	Antispyware signature age: 0
 	Last quick scan age: 5
 	Last full scan age: 4294967295
 	Antivirus signature creation time: 2019/3/8 4:40:46
 	Antispyware signature creation time: 2019/3/8 4:40:46
 	Last quick scan start time: 2019/3/3 4:25:44
 	Last quick scan end time: 2019/3/3 4:40:45
 	Last quick scan source: 2
 	Last full scan start time: 1601/1/1 0:00:00
 	Last full scan end time: 1601/1/1 0:00:00
 	Last full scan source: 0
 	Product status: 0x00080000
"
Information	3/9/2019 2:48:39 AM	Microsoft-Windows-Windows Defender	1150	None	"Endpoint Protection client is up and running in a healthy state.
 	Platform version: 4.18.1902.2
 	Engine version: 1.1.15700.9
 	Signature version: 1.289.687.0
"
Information	3/9/2019 1:48:39 AM	Microsoft-Windows-Windows Defender	1151	None	"Endpoint Protection client health report (time in UTC):
 	Platform version: 4.18.1902.2
 	Engine version: 1.1.15700.9
 	Network Realtime Inspection engine version: 1.1.15700.9
 	Antivirus signature version: 1.289.687.0
 	Antispyware signature version: 1.289.687.0
 	Network Realtime Inspection signature version: 1.289.687.0
 	RTP state: Enabled
 	OA state: Enabled
 	IOAV state: Enabled
 	BM state: Enabled
 	Antivirus signature age: 0
 	Antispyware signature age: 0
 	Last quick scan age: 5
 	Last full scan age: 4294967295
 	Antivirus signature creation time: 2019/3/8 4:40:46
 	Antispyware signature creation time: 2019/3/8 4:40:46
 	Last quick scan start time: 2019/3/3 4:25:44
 	Last quick scan end time: 2019/3/3 4:40:45
 	Last quick scan source: 2
 	Last full scan start time: 1601/1/1 0:00:00
 	Last full scan end time: 1601/1/1 0:00:00
 	Last full scan source: 0
 	Product status: 0x00080000
"
Information	3/9/2019 1:48:39 AM	Microsoft-Windows-Windows Defender	1150	None	"Endpoint Protection client is up and running in a healthy state.
 	Platform version: 4.18.1902.2
 	Engine version: 1.1.15700.9
 	Signature version: 1.289.687.0
"
Information	3/9/2019 12:48:39 AM	Microsoft-Windows-Windows Defender	1151	None	"Endpoint Protection client health report (time in UTC):
 	Platform version: 4.18.1902.2
 	Engine version: 1.1.15700.9
 	Network Realtime Inspection engine version: 1.1.15700.9
 	Antivirus signature version: 1.289.687.0
 	Antispyware signature version: 1.289.687.0
 	Network Realtime Inspection signature version: 1.289.687.0
 	RTP state: Enabled
 	OA state: Enabled
 	IOAV state: Enabled
 	BM state: Enabled
 	Antivirus signature age: 0
 	Antispyware signature age: 0
 	Last quick scan age: 5
 	Last full scan age: 4294967295
 	Antivirus signature creation time: 2019/3/8 4:40:46
 	Antispyware signature creation time: 2019/3/8 4:40:46
 	Last quick scan start time: 2019/3/3 4:25:44
 	Last quick scan end time: 2019/3/3 4:40:45
 	Last quick scan source: 2
 	Last full scan start time: 1601/1/1 0:00:00
 	Last full scan end time: 1601/1/1 0:00:00
 	Last full scan source: 0
 	Product status: 0x00080000
"
Information	3/9/2019 12:48:39 AM	Microsoft-Windows-Windows Defender	1150	None	"Endpoint Protection client is up and running in a healthy state.
 	Platform version: 4.18.1902.2
 	Engine version: 1.1.15700.9
 	Signature version: 1.289.687.0
"
Information	3/8/2019 11:48:39 PM	Microsoft-Windows-Windows Defender	1151	None	"Endpoint Protection client health report (time in UTC):
 	Platform version: 4.18.1902.2
 	Engine version: 1.1.15700.9
 	Network Realtime Inspection engine version: 1.1.15700.9
 	Antivirus signature version: 1.289.687.0
 	Antispyware signature version: 1.289.687.0
 	Network Realtime Inspection signature version: 1.289.687.0
 	RTP state: Enabled
 	OA state: Enabled
 	IOAV state: Enabled
 	BM state: Enabled
 	Antivirus signature age: 0
 	Antispyware signature age: 0
 	Last quick scan age: 5
 	Last full scan age: 4294967295
 	Antivirus signature creation time: 2019/3/8 4:40:46
 	Antispyware signature creation time: 2019/3/8 4:40:46
 	Last quick scan start time: 2019/3/3 4:25:44
 	Last quick scan end time: 2019/3/3 4:40:45
 	Last quick scan source: 2
 	Last full scan start time: 1601/1/1 0:00:00
 	Last full scan end time: 1601/1/1 0:00:00
 	Last full scan source: 0
 	Product status: 0x00080000
"
Information	3/8/2019 11:48:39 PM	Microsoft-Windows-Windows Defender	1150	None	"Endpoint Protection client is up and running in a healthy state.
 	Platform version: 4.18.1902.2
 	Engine version: 1.1.15700.9
 	Signature version: 1.289.687.0
"
Information	3/8/2019 10:48:39 PM	Microsoft-Windows-Windows Defender	1151	None	"Endpoint Protection client health report (time in UTC):
 	Platform version: 4.18.1902.2
 	Engine version: 1.1.15700.9
 	Network Realtime Inspection engine version: 1.1.15700.9
 	Antivirus signature version: 1.289.687.0
 	Antispyware signature version: 1.289.687.0
 	Network Realtime Inspection signature version: 1.289.687.0
 	RTP state: Enabled
 	OA state: Enabled
 	IOAV state: Enabled
 	BM state: Enabled
 	Antivirus signature age: 0
 	Antispyware signature age: 0
 	Last quick scan age: 5
 	Last full scan age: 4294967295
 	Antivirus signature creation time: 2019/3/8 4:40:46
 	Antispyware signature creation time: 2019/3/8 4:40:46
 	Last quick scan start time: 2019/3/3 4:25:44
 	Last quick scan end time: 2019/3/3 4:40:45
 	Last quick scan source: 2
 	Last full scan start time: 1601/1/1 0:00:00
 	Last full scan end time: 1601/1/1 0:00:00
 	Last full scan source: 0
 	Product status: 0x00080000
"
Information	3/8/2019 10:48:39 PM	Microsoft-Windows-Windows Defender	1150	None	"Endpoint Protection client is up and running in a healthy state.
 	Platform version: 4.18.1902.2
 	Engine version: 1.1.15700.9
 	Signature version: 1.289.687.0
"
Information	3/8/2019 9:48:39 PM	Microsoft-Windows-Windows Defender	1151	None	"Endpoint Protection client health report (time in UTC):
 	Platform version: 4.18.1902.2
 	Engine version: 1.1.15700.9
 	Network Realtime Inspection engine version: 1.1.15700.9
 	Antivirus signature version: 1.289.687.0
 	Antispyware signature version: 1.289.687.0
 	Network Realtime Inspection signature version: 1.289.687.0
 	RTP state: Enabled
 	OA state: Enabled
 	IOAV state: Enabled
 	BM state: Enabled
 	Antivirus signature age: 0
 	Antispyware signature age: 0
 	Last quick scan age: 5
 	Last full scan age: 4294967295
 	Antivirus signature creation time: 2019/3/8 4:40:46
 	Antispyware signature creation time: 2019/3/8 4:40:46
 	Last quick scan start time: 2019/3/3 4:25:44
 	Last quick scan end time: 2019/3/3 4:40:45
 	Last quick scan source: 2
 	Last full scan start time: 1601/1/1 0:00:00
 	Last full scan end time: 1601/1/1 0:00:00
 	Last full scan source: 0
 	Product status: 0x00080000
"
Information	3/8/2019 9:48:39 PM	Microsoft-Windows-Windows Defender	1150	None	"Endpoint Protection client is up and running in a healthy state.
 	Platform version: 4.18.1902.2
 	Engine version: 1.1.15700.9
 	Signature version: 1.289.687.0
"
Information	3/8/2019 8:48:39 PM	Microsoft-Windows-Windows Defender	1151	None	"Endpoint Protection client health report (time in UTC):
 	Platform version: 4.18.1902.2
 	Engine version: 1.1.15700.9
 	Network Realtime Inspection engine version: 1.1.15700.9
 	Antivirus signature version: 1.289.687.0
 	Antispyware signature version: 1.289.687.0
 	Network Realtime Inspection signature version: 1.289.687.0
 	RTP state: Enabled
 	OA state: Enabled
 	IOAV state: Enabled
 	BM state: Enabled
 	Antivirus signature age: 0
 	Antispyware signature age: 0
 	Last quick scan age: 5
 	Last full scan age: 4294967295
 	Antivirus signature creation time: 2019/3/8 4:40:46
 	Antispyware signature creation time: 2019/3/8 4:40:46
 	Last quick scan start time: 2019/3/3 4:25:44
 	Last quick scan end time: 2019/3/3 4:40:45
 	Last quick scan source: 2
 	Last full scan start time: 1601/1/1 0:00:00
 	Last full scan end time: 1601/1/1 0:00:00
 	Last full scan source: 0
 	Product status: 0x00080000
"
Information	3/8/2019 8:48:39 PM	Microsoft-Windows-Windows Defender	1150	None	"Endpoint Protection client is up and running in a healthy state.
 	Platform version: 4.18.1902.2
 	Engine version: 1.1.15700.9
 	Signature version: 1.289.687.0
"
Information	3/8/2019 7:48:39 PM	Microsoft-Windows-Windows Defender	1151	None	"Endpoint Protection client health report (time in UTC):
 	Platform version: 4.18.1902.2
 	Engine version: 1.1.15700.9
 	Network Realtime Inspection engine version: 1.1.15700.9
 	Antivirus signature version: 1.289.687.0
 	Antispyware signature version: 1.289.687.0
 	Network Realtime Inspection signature version: 1.289.687.0
 	RTP state: Enabled
 	OA state: Enabled
 	IOAV state: Enabled
 	BM state: Enabled
 	Antivirus signature age: 0
 	Antispyware signature age: 0
 	Last quick scan age: 5
 	Last full scan age: 4294967295
 	Antivirus signature creation time: 2019/3/8 4:40:46
 	Antispyware signature creation time: 2019/3/8 4:40:46
 	Last quick scan start time: 2019/3/3 4:25:44
 	Last quick scan end time: 2019/3/3 4:40:45
 	Last quick scan source: 2
 	Last full scan start time: 1601/1/1 0:00:00
 	Last full scan end time: 1601/1/1 0:00:00
 	Last full scan source: 0
 	Product status: 0x00080000
"
Information	3/8/2019 7:48:39 PM	Microsoft-Windows-Windows Defender	1150	None	"Endpoint Protection client is up and running in a healthy state.
 	Platform version: 4.18.1902.2
 	Engine version: 1.1.15700.9
 	Signature version: 1.289.687.0
"
Information	3/8/2019 6:48:39 PM	Microsoft-Windows-Windows Defender	1151	None	"Endpoint Protection client health report (time in UTC):
 	Platform version: 4.18.1902.2
 	Engine version: 1.1.15700.9
 	Network Realtime Inspection engine version: 1.1.15700.9
 	Antivirus signature version: 1.289.687.0
 	Antispyware signature version: 1.289.687.0
 	Network Realtime Inspection signature version: 1.289.687.0
 	RTP state: Enabled
 	OA state: Enabled
 	IOAV state: Enabled
 	BM state: Enabled
 	Antivirus signature age: 0
 	Antispyware signature age: 0
 	Last quick scan age: 5
 	Last full scan age: 4294967295
 	Antivirus signature creation time: 2019/3/8 4:40:46
 	Antispyware signature creation time: 2019/3/8 4:40:46
 	Last quick scan start time: 2019/3/3 4:25:44
 	Last quick scan end time: 2019/3/3 4:40:45
 	Last quick scan source: 2
 	Last full scan start time: 1601/1/1 0:00:00
 	Last full scan end time: 1601/1/1 0:00:00
 	Last full scan source: 0
 	Product status: 0x00080000
"
Information	3/8/2019 6:48:39 PM	Microsoft-Windows-Windows Defender	1150	None	"Endpoint Protection client is up and running in a healthy state.
 	Platform version: 4.18.1902.2
 	Engine version: 1.1.15700.9
 	Signature version: 1.289.687.0
"
Information	3/8/2019 5:48:39 PM	Microsoft-Windows-Windows Defender	1151	None	"Endpoint Protection client health report (time in UTC):
 	Platform version: 4.18.1902.2
 	Engine version: 1.1.15700.9
 	Network Realtime Inspection engine version: 1.1.15700.9
 	Antivirus signature version: 1.289.687.0
 	Antispyware signature version: 1.289.687.0
 	Network Realtime Inspection signature version: 1.289.687.0
 	RTP state: Enabled
 	OA state: Enabled
 	IOAV state: Enabled
 	BM state: Enabled
 	Antivirus signature age: 0
 	Antispyware signature age: 0
 	Last quick scan age: 5
 	Last full scan age: 4294967295
 	Antivirus signature creation time: 2019/3/8 4:40:46
 	Antispyware signature creation time: 2019/3/8 4:40:46
 	Last quick scan start time: 2019/3/3 4:25:44
 	Last quick scan end time: 2019/3/3 4:40:45
 	Last quick scan source: 2
 	Last full scan start time: 1601/1/1 0:00:00
 	Last full scan end time: 1601/1/1 0:00:00
 	Last full scan source: 0
 	Product status: 0x00080000
"
Information	3/8/2019 5:48:39 PM	Microsoft-Windows-Windows Defender	1150	None	"Endpoint Protection client is up and running in a healthy state.
 	Platform version: 4.18.1902.2
 	Engine version: 1.1.15700.9
 	Signature version: 1.289.687.0
"
Information	3/8/2019 4:48:39 PM	Microsoft-Windows-Windows Defender	1151	None	"Endpoint Protection client health report (time in UTC):
 	Platform version: 4.18.1902.2
 	Engine version: 1.1.15700.9
 	Network Realtime Inspection engine version: 1.1.15700.9
 	Antivirus signature version: 1.289.687.0
 	Antispyware signature version: 1.289.687.0
 	Network Realtime Inspection signature version: 1.289.687.0
 	RTP state: Enabled
 	OA state: Enabled
 	IOAV state: Enabled
 	BM state: Enabled
 	Antivirus signature age: 0
 	Antispyware signature age: 0
 	Last quick scan age: 5
 	Last full scan age: 4294967295
 	Antivirus signature creation time: 2019/3/8 4:40:46
 	Antispyware signature creation time: 2019/3/8 4:40:46
 	Last quick scan start time: 2019/3/3 4:25:44
 	Last quick scan end time: 2019/3/3 4:40:45
 	Last quick scan source: 2
 	Last full scan start time: 1601/1/1 0:00:00
 	Last full scan end time: 1601/1/1 0:00:00
 	Last full scan source: 0
 	Product status: 0x00080000
"
Information	3/8/2019 4:48:39 PM	Microsoft-Windows-Windows Defender	1150	None	"Endpoint Protection client is up and running in a healthy state.
 	Platform version: 4.18.1902.2
 	Engine version: 1.1.15700.9
 	Signature version: 1.289.687.0
"
Warning	3/8/2019 4:16:15 PM	Microsoft-Windows-Windows Defender	1015	None	"Windows Defender Antivirus has detected a suspicious behavior.
 	Name: Behavior:Win32/ModifiedBootRecord
 	ID: 1470335580
 	Severity: 低
 	Category: 可疑行为
 	Path Found: file:_H:\software\DG500589_x64\DiskGenius\DiskGenius.exe; process:_14672
 	Detection Origin: Local machine
 	Detection Type: Suspicious
 	Detection Source: Real-Time Protection
 	Status: Executing
 	User: MINGWIN\Doraeming
 	Process Name: H:\software\DG500589_x64\DiskGenius\DiskGenius.exe
 	Signature ID: 23858570787236
 	Signature Version: AV: 1.289.687.0, AS: 1.289.687.0
 	Engine Version: 1.1.15700.9
 	Fidelity Label:  Medium
 	Target File Name:  
"
Information	3/8/2019 4:05:54 PM	Microsoft-Windows-Windows Defender	2000	None	"Windows Defender Antivirus signature version has been updated.
 	Current Signature Version: 1.289.687.0
 	Previous Signature Version: 1.289.651.0
 	Signature Type: AntiSpyware
 	Update Type: Delta
 	User: NT AUTHORITY\SYSTEM
 	Current Engine Version: 1.1.15700.9
 	Previous Engine Version: 1.1.15700.9"
Information	3/8/2019 4:05:54 PM	Microsoft-Windows-Windows Defender	2000	None	"Windows Defender Antivirus signature version has been updated.
 	Current Signature Version: 1.289.687.0
 	Previous Signature Version: 1.289.651.0
 	Signature Type: AntiVirus
 	Update Type: Delta
 	User: NT AUTHORITY\SYSTEM
 	Current Engine Version: 1.1.15700.9
 	Previous Engine Version: 1.1.15700.9"
Information	3/8/2019 3:23:59 PM	Microsoft-Windows-Windows Defender	1151	None	"Endpoint Protection client health report (time in UTC):
 	Platform version: 4.18.1902.2
 	Engine version: 1.1.15700.9
 	Network Realtime Inspection engine version: 1.1.15700.9
 	Antivirus signature version: 1.289.651.0
 	Antispyware signature version: 1.289.651.0
 	Network Realtime Inspection signature version: 1.289.651.0
 	RTP state: Enabled
 	OA state: Enabled
 	IOAV state: Enabled
 	BM state: Enabled
 	Antivirus signature age: 0
 	Antispyware signature age: 0
 	Last quick scan age: 5
 	Last full scan age: 4294967295
 	Antivirus signature creation time: 2019/3/7 14:08:07
 	Antispyware signature creation time: 2019/3/7 14:08:07
 	Last quick scan start time: 2019/3/3 4:25:44
 	Last quick scan end time: 2019/3/3 4:40:45
 	Last quick scan source: 2
 	Last full scan start time: 1601/1/1 0:00:00
 	Last full scan end time: 1601/1/1 0:00:00
 	Last full scan source: 0
 	Product status: 0x00080000
"
Information	3/8/2019 3:23:59 PM	Microsoft-Windows-Windows Defender	1150	None	"Endpoint Protection client is up and running in a healthy state.
 	Platform version: 4.18.1902.2
 	Engine version: 1.1.15700.9
 	Signature version: 1.289.651.0
"
Information	3/8/2019 1:26:26 PM	Microsoft-Windows-Windows Defender	1151	None	"Endpoint Protection client health report (time in UTC):
 	Platform version: 4.18.1902.2
 	Engine version: 1.1.15700.9
 	Network Realtime Inspection engine version: 1.1.15700.9
 	Antivirus signature version: 1.289.651.0
 	Antispyware signature version: 1.289.651.0
 	Network Realtime Inspection signature version: 1.289.651.0
 	RTP state: Enabled
 	OA state: Enabled
 	IOAV state: Enabled
 	BM state: Enabled
 	Antivirus signature age: 0
 	Antispyware signature age: 0
 	Last quick scan age: 5
 	Last full scan age: 4294967295
 	Antivirus signature creation time: 2019/3/7 14:08:07
 	Antispyware signature creation time: 2019/3/7 14:08:07
 	Last quick scan start time: 2019/3/3 4:25:44
 	Last quick scan end time: 2019/3/3 4:40:45
 	Last quick scan source: 2
 	Last full scan start time: 1601/1/1 0:00:00
 	Last full scan end time: 1601/1/1 0:00:00
 	Last full scan source: 0
 	Product status: 0x00080000
"
Information	3/8/2019 1:26:26 PM	Microsoft-Windows-Windows Defender	1150	None	"Endpoint Protection client is up and running in a healthy state.
 	Platform version: 4.18.1902.2
 	Engine version: 1.1.15700.9
 	Signature version: 1.289.651.0
"
Information	3/8/2019 11:37:47 AM	Microsoft-Windows-Windows Defender	1151	None	"Endpoint Protection client health report (time in UTC):
 	Platform version: 4.18.1902.2
 	Engine version: 1.1.15700.9
 	Network Realtime Inspection engine version: 1.1.15700.9
 	Antivirus signature version: 1.289.651.0
 	Antispyware signature version: 1.289.651.0
 	Network Realtime Inspection signature version: 1.289.651.0
 	RTP state: Enabled
 	OA state: Enabled
 	IOAV state: Enabled
 	BM state: Enabled
 	Antivirus signature age: 0
 	Antispyware signature age: 0
 	Last quick scan age: 4
 	Last full scan age: 4294967295
 	Antivirus signature creation time: 2019/3/7 14:08:07
 	Antispyware signature creation time: 2019/3/7 14:08:07
 	Last quick scan start time: 2019/3/3 4:25:44
 	Last quick scan end time: 2019/3/3 4:40:45
 	Last quick scan source: 2
 	Last full scan start time: 1601/1/1 0:00:00
 	Last full scan end time: 1601/1/1 0:00:00
 	Last full scan source: 0
 	Product status: 0x00080000
"
Information	3/8/2019 11:37:47 AM	Microsoft-Windows-Windows Defender	1150	None	"Endpoint Protection client is up and running in a healthy state.
 	Platform version: 4.18.1902.2
 	Engine version: 1.1.15700.9
 	Signature version: 1.289.651.0
"
Error	3/8/2019 9:57:45 AM	Microsoft-Windows-Windows Defender	2001	None	"Windows Defender Antivirus has encountered an error trying to update signatures.
 	New Signature Version: 
 	Previous Signature Version: 1.289.651.0
 	Update Source: Microsoft Update Server
 	Signature Type: AntiVirus
 	Update Type: Full
 	User: NT AUTHORITY\SYSTEM
 	Current Engine Version: 
 	Previous Engine Version: 1.1.15700.9
 	Error code: 0x80240438
 	Error description: 在检查更新时出现意外问题。有关更新的安装和疑难解答的信息，请参阅“帮助和支持”。 "
Information	3/8/2019 3:15:41 AM	Microsoft-Windows-Windows Defender	1151	None	"Endpoint Protection client health report (time in UTC):
 	Platform version: 4.18.1902.2
 	Engine version: 1.1.15700.9
 	Network Realtime Inspection engine version: 1.1.15700.9
 	Antivirus signature version: 1.289.651.0
 	Antispyware signature version: 1.289.651.0
 	Network Realtime Inspection signature version: 1.289.651.0
 	RTP state: Enabled
 	OA state: Enabled
 	IOAV state: Enabled
 	BM state: Enabled
 	Antivirus signature age: 0
 	Antispyware signature age: 0
 	Last quick scan age: 4
 	Last full scan age: 4294967295
 	Antivirus signature creation time: 2019/3/7 14:08:07
 	Antispyware signature creation time: 2019/3/7 14:08:07
 	Last quick scan start time: 2019/3/3 4:25:44
 	Last quick scan end time: 2019/3/3 4:40:45
 	Last quick scan source: 2
 	Last full scan start time: 1601/1/1 0:00:00
 	Last full scan end time: 1601/1/1 0:00:00
 	Last full scan source: 0
 	Product status: 0x00080000
"
Information	3/8/2019 3:15:41 AM	Microsoft-Windows-Windows Defender	1150	None	"Endpoint Protection client is up and running in a healthy state.
 	Platform version: 4.18.1902.2
 	Engine version: 1.1.15700.9
 	Signature version: 1.289.651.0
"
Information	3/8/2019 2:13:49 AM	Microsoft-Windows-Windows Defender	1117	None	"Windows Defender Antivirus has taken action to protect this machine from malware or other potentially unwanted software.
 For more information please see the following:
https://go.microsoft.com/fwlink/?linkid=37020&name=HackTool:Win32/Patcher&threatid=2147659947&enterprise=0
 	Name: HackTool:Win32/Patcher
 	ID: 2147659947
 	Severity: 高
 	Category: 工具
 	Path: file:_C:\Users\Doraeming\AppData\Local\Temp\360zip$Temp\360$0\Adobe 全系列产品注册机\2017 老版注册机：patcher 3.01\2017注册破解机注册机.exe; file:_C:\Users\DORAEM~1\AppData\Local\Temp\360zip$Temp\360$0\Adobe 全系列产品注册机\2017 老版注册机：patcher 3.01\2017注册破解机注册机.exe
 	Detection Origin: Local machine
 	Detection Type: Concrete
 	Detection Source: Real-Time Protection
 	User: NT AUTHORITY\SYSTEM
 	Process Name: C:\Program Files (x86)\360\360zip\360zip.exe
 	Action: Quarantine
 	Action Status:  No additional actions required
 	Error Code: 0x00000000
 	Error description: 操作成功完成。 
 	Signature Version: AV: 1.289.651.0, AS: 1.289.651.0, NIS: 1.289.651.0
 	Engine Version: AM: 1.1.15700.9, NIS: 1.1.15700.9"
Warning	3/8/2019 2:12:19 AM	Microsoft-Windows-Windows Defender	1116	None	"Windows Defender Antivirus has detected malware or other potentially unwanted software.
 For more information please see the following:
https://go.microsoft.com/fwlink/?linkid=37020&name=HackTool:Win32/Patcher&threatid=2147659947&enterprise=0
 	Name: HackTool:Win32/Patcher
 	ID: 2147659947
 	Severity: 高
 	Category: 工具
 	Path: file:_C:\Users\Doraeming\AppData\Local\Temp\360zip$Temp\360$0\Adobe 全系列产品注册机\2017 老版注册机：patcher 3.01\2017注册破解机注册机.exe; file:_C:\Users\DORAEM~1\AppData\Local\Temp\360zip$Temp\360$0\Adobe 全系列产品注册机\2017 老版注册机：patcher 3.01\2017注册破解机注册机.exe
 	Detection Origin: Local machine
 	Detection Type: Concrete
 	Detection Source: Real-Time Protection
 	User: MINGWIN\Doraeming
 	Process Name: C:\Program Files (x86)\360\360zip\360zip.exe
 	Signature Version: AV: 1.289.651.0, AS: 1.289.651.0, NIS: 1.289.651.0
 	Engine Version: AM: 1.1.15700.9, NIS: 1.1.15700.9"
Warning	3/8/2019 2:11:57 AM	Microsoft-Windows-Windows Defender	1116	None	"Windows Defender Antivirus has detected malware or other potentially unwanted software.
 For more information please see the following:
https://go.microsoft.com/fwlink/?linkid=37020&name=HackTool:Win32/Patcher&threatid=2147659947&enterprise=0
 	Name: HackTool:Win32/Patcher
 	ID: 2147659947
 	Severity: 高
 	Category: 工具
 	Path: file:_C:\Users\DORAEM~1\AppData\Local\Temp\360zip$Temp\360$0\Adobe 全系列产品注册机\2017 老版注册机：patcher 3.01\2017注册破解机注册机.exe
 	Detection Origin: Local machine
 	Detection Type: Concrete
 	Detection Source: Real-Time Protection
 	User: MINGWIN\Doraeming
 	Process Name: C:\Program Files (x86)\360\360zip\360zip.exe
 	Signature Version: AV: 1.289.651.0, AS: 1.289.651.0, NIS: 1.289.651.0
 	Engine Version: AM: 1.1.15700.9, NIS: 1.1.15700.9"
Information	3/8/2019 1:19:06 AM	Microsoft-Windows-Windows Defender	5000	None	Windows Defender Antivirus Real-time Protection scanning for malware and other potentially unwanted software was enabled.
Information	3/8/2019 12:47:27 AM	Microsoft-Windows-Windows Defender	5010	None	Windows Defender Antivirus scanning for spyware and other potentially unwanted software is disabled.
Information	3/8/2019 12:47:27 AM	Microsoft-Windows-Windows Defender	5012	None	Windows Defender Antivirus scanning for viruses is disabled.
Information	3/8/2019 12:40:29 AM	Microsoft-Windows-Windows Defender	5007	None	"Windows Defender Antivirus Configuration has changed. If this is an unexpected event you should review the settings as this may be the result of malware.
 	Old value: HKLM\SOFTWARE\Microsoft\Windows Defender\SpyNet\SubmitSamplesConsent = 0x1
 	New value: HKLM\SOFTWARE\Microsoft\Windows Defender\SpyNet\SubmitSamplesConsent = 0x0"
Information	3/8/2019 12:40:26 AM	Microsoft-Windows-Windows Defender	5007	None	"Windows Defender Antivirus Configuration has changed. If this is an unexpected event you should review the settings as this may be the result of malware.
 	Old value: HKLM\SOFTWARE\Microsoft\Windows Defender\SpyNet\SpyNetReporting = 0x2
 	New value: HKLM\SOFTWARE\Microsoft\Windows Defender\SpyNet\SpyNetReporting = 0x0"
Information	3/8/2019 12:40:07 AM	Microsoft-Windows-Windows Defender	5001	None	Windows Defender Antivirus Real-time Protection scanning for malware and other potentially unwanted software was disabled.
Information	3/8/2019 12:35:23 AM	Microsoft-Windows-Windows Defender	2000	None	"Windows Defender Antivirus signature version has been updated.
 	Current Signature Version: 1.289.651.0
 	Previous Signature Version: 1.289.646.0
 	Signature Type: AntiSpyware
 	Update Type: Delta
 	User: NT AUTHORITY\SYSTEM
 	Current Engine Version: 1.1.15700.9
 	Previous Engine Version: 1.1.15700.9"
Information	3/8/2019 12:35:23 AM	Microsoft-Windows-Windows Defender	2000	None	"Windows Defender Antivirus signature version has been updated.
 	Current Signature Version: 1.289.651.0
 	Previous Signature Version: 1.289.646.0
 	Signature Type: AntiVirus
 	Update Type: Delta
 	User: NT AUTHORITY\SYSTEM
 	Current Engine Version: 1.1.15700.9
 	Previous Engine Version: 1.1.15700.9"
Information	3/8/2019 12:04:14 AM	Microsoft-Windows-Windows Defender	1151	None	"Endpoint Protection client health report (time in UTC):
 	Platform version: 4.18.1902.2
 	Engine version: 1.1.15700.9
 	Network Realtime Inspection engine version: 1.1.15700.9
 	Antivirus signature version: 1.289.646.0
 	Antispyware signature version: 1.289.646.0
 	Network Realtime Inspection signature version: 1.289.646.0
 	RTP state: Enabled
 	OA state: Enabled
 	IOAV state: Enabled
 	BM state: Enabled
 	Antivirus signature age: 0
 	Antispyware signature age: 0
 	Last quick scan age: 4
 	Last full scan age: 4294967295
 	Antivirus signature creation time: 2019/3/7 12:16:30
 	Antispyware signature creation time: 2019/3/7 12:16:30
 	Last quick scan start time: 2019/3/3 4:25:44
 	Last quick scan end time: 2019/3/3 4:40:45
 	Last quick scan source: 2
 	Last full scan start time: 1601/1/1 0:00:00
 	Last full scan end time: 1601/1/1 0:00:00
 	Last full scan source: 0
 	Product status: 0x00080000
"
Information	3/8/2019 12:04:14 AM	Microsoft-Windows-Windows Defender	1150	None	"Endpoint Protection client is up and running in a healthy state.
 	Platform version: 4.18.1902.2
 	Engine version: 1.1.15700.9
 	Signature version: 1.289.646.0
"
Information	3/7/2019 11:29:57 PM	Microsoft-Windows-Windows Defender	2000	None	"Windows Defender Antivirus signature version has been updated.
 	Current Signature Version: 1.289.646.0
 	Previous Signature Version: 1.289.561.0
 	Signature Type: AntiSpyware
 	Update Type: Delta
 	User: NT AUTHORITY\SYSTEM
 	Current Engine Version: 1.1.15700.9
 	Previous Engine Version: 1.1.15700.9"
Information	3/7/2019 11:29:57 PM	Microsoft-Windows-Windows Defender	2000	None	"Windows Defender Antivirus signature version has been updated.
 	Current Signature Version: 1.289.646.0
 	Previous Signature Version: 1.289.561.0
 	Signature Type: AntiVirus
 	Update Type: Delta
 	User: NT AUTHORITY\SYSTEM
 	Current Engine Version: 1.1.15700.9
 	Previous Engine Version: 1.1.15700.9"
Information	3/7/2019 11:04:14 PM	Microsoft-Windows-Windows Defender	1151	None	"Endpoint Protection client health report (time in UTC):
 	Platform version: 4.18.1902.2
 	Engine version: 1.1.15700.9
 	Network Realtime Inspection engine version: 1.1.15700.9
 	Antivirus signature version: 1.289.561.0
 	Antispyware signature version: 1.289.561.0
 	Network Realtime Inspection signature version: 1.289.561.0
 	RTP state: Enabled
 	OA state: Enabled
 	IOAV state: Enabled
 	BM state: Enabled
 	Antivirus signature age: 1
 	Antispyware signature age: 1
 	Last quick scan age: 4
 	Last full scan age: 4294967295
 	Antivirus signature creation time: 2019/3/6 7:56:27
 	Antispyware signature creation time: 2019/3/6 7:56:27
 	Last quick scan start time: 2019/3/3 4:25:44
 	Last quick scan end time: 2019/3/3 4:40:45
 	Last quick scan source: 2
 	Last full scan start time: 1601/1/1 0:00:00
 	Last full scan end time: 1601/1/1 0:00:00
 	Last full scan source: 0
 	Product status: 0x00080000
"
Information	3/7/2019 11:04:14 PM	Microsoft-Windows-Windows Defender	1150	None	"Endpoint Protection client is up and running in a healthy state.
 	Platform version: 4.18.1902.2
 	Engine version: 1.1.15700.9
 	Signature version: 1.289.561.0
"
Information	3/7/2019 10:59:33 PM	Microsoft-Windows-Windows Defender	2010	None	"Windows Defender Antivirus used Dynamic Signature Service to retrieve additional signatures to help protect your machine.
 	Current Signature Version: 1.289.561.0
 	Signature Type: AntiSpyware
 	User: \
 	Current Engine Version: 1.1.15700.9
 	Dynamic Signature Type: Signature update
 	Persistence Path: C:\ProgramData\Microsoft\Windows Defender\Scans\RtSigs\data\468a639905dbe6f782ee7ae7e317a103f09ce310
 	Dynamic Signature Version: 0.0.0.0
 	Dynamic Signature Compilation Timestamp: 2019/3/7 14:59:34
 	Persistence Limit Type: Duration
 	Persistence Limit: 864000000"
Information	3/7/2019 10:59:33 PM	Microsoft-Windows-Windows Defender	2010	None	"Windows Defender Antivirus used Dynamic Signature Service to retrieve additional signatures to help protect your machine.
 	Current Signature Version: 1.289.561.0
 	Signature Type: AntiVirus
 	User: \
 	Current Engine Version: 1.1.15700.9
 	Dynamic Signature Type: Signature update
 	Persistence Path: C:\ProgramData\Microsoft\Windows Defender\Scans\RtSigs\data\468a639905dbe6f782ee7ae7e317a103f09ce310
 	Dynamic Signature Version: 0.0.0.0
 	Dynamic Signature Compilation Timestamp: 2019/3/7 14:59:34
 	Persistence Limit Type: Duration
 	Persistence Limit: 864000000"
Information	3/7/2019 10:59:32 PM	Microsoft-Windows-Windows Defender	2010	None	"Windows Defender Antivirus used Dynamic Signature Service to retrieve additional signatures to help protect your machine.
 	Current Signature Version: 1.289.561.0
 	Signature Type: AntiSpyware
 	User: \
 	Current Engine Version: 1.1.15700.9
 	Dynamic Signature Type: Signature update
 	Persistence Path: C:\ProgramData\Microsoft\Windows Defender\Scans\RtSigs\data\728966549e9f1e880fa5e81dfa6ce800efe62e3b
 	Dynamic Signature Version: 0.0.0.0
 	Dynamic Signature Compilation Timestamp: 2019/3/7 14:59:31
 	Persistence Limit Type: Duration
 	Persistence Limit: 864000000"
Information	3/7/2019 10:59:32 PM	Microsoft-Windows-Windows Defender	2010	None	"Windows Defender Antivirus used Dynamic Signature Service to retrieve additional signatures to help protect your machine.
 	Current Signature Version: 1.289.561.0
 	Signature Type: AntiVirus
 	User: \
 	Current Engine Version: 1.1.15700.9
 	Dynamic Signature Type: Signature update
 	Persistence Path: C:\ProgramData\Microsoft\Windows Defender\Scans\RtSigs\data\728966549e9f1e880fa5e81dfa6ce800efe62e3b
 	Dynamic Signature Version: 0.0.0.0
 	Dynamic Signature Compilation Timestamp: 2019/3/7 14:59:31
 	Persistence Limit Type: Duration
 	Persistence Limit: 864000000"
Error	3/7/2019 6:32:28 PM	Microsoft-Windows-Windows Defender	2001	None	"Windows Defender Antivirus has encountered an error trying to update signatures.
 	New Signature Version: 
 	Previous Signature Version: 1.289.561.0
 	Update Source: Microsoft Update Server
 	Signature Type: AntiVirus
 	Update Type: Full
 	User: NT AUTHORITY\SYSTEM
 	Current Engine Version: 
 	Previous Engine Version: 1.1.15700.9
 	Error code: 0x80240438
 	Error description: 在检查更新时出现意外问题。有关更新的安装和疑难解答的信息，请参阅“帮助和支持”。 "
Information	3/7/2019 6:21:49 PM	Microsoft-Windows-Windows Defender	2011	None	"Windows Defender Antivirus used Dynamic Signature Service to discard obsolete signatures.
 	Current Signature Version: 1.289.561.0
 	Signature Type: AntiSpyware
 	Current Engine Version: 1.1.15700.9
 	Dynamic Signature Type: Signature update
 	Persistence Path: C:\ProgramData\Microsoft\Windows Defender\Scans\RtSigs\data\be79cf3b0bbf409c84ee993e00f52f7a63581303
 	Dynamic Signature Version: 0.0.0.0
 	Dynamic Signature Compilation Timestamp: 2019/2/25 9:58:04
 	Removal Reason: Automatic
 	Persistence Limit Type: Duration
 	Persistence Limit: 50065408"
Information	3/7/2019 6:21:49 PM	Microsoft-Windows-Windows Defender	2011	None	"Windows Defender Antivirus used Dynamic Signature Service to discard obsolete signatures.
 	Current Signature Version: 1.289.561.0
 	Signature Type: AntiVirus
 	Current Engine Version: 1.1.15700.9
 	Dynamic Signature Type: Signature update
 	Persistence Path: C:\ProgramData\Microsoft\Windows Defender\Scans\RtSigs\data\be79cf3b0bbf409c84ee993e00f52f7a63581303
 	Dynamic Signature Version: 0.0.0.0
 	Dynamic Signature Compilation Timestamp: 2019/2/25 9:58:04
 	Removal Reason: Automatic
 	Persistence Limit Type: Duration
 	Persistence Limit: 50065408"
Information	3/7/2019 1:39:14 PM	Microsoft-Windows-Windows Defender	2011	None	"Windows Defender Antivirus used Dynamic Signature Service to discard obsolete signatures.
 	Current Signature Version: 1.289.561.0
 	Signature Type: AntiSpyware
 	Current Engine Version: 1.1.15700.9
 	Dynamic Signature Type: Signature update
 	Persistence Path: C:\ProgramData\Microsoft\Windows Defender\Scans\RtSigs\data\e0d6f1568c8b9b1b15d2e3229d07dd52eb38cbfe
 	Dynamic Signature Version: 0.0.0.0
 	Dynamic Signature Compilation Timestamp: 2019/2/5 3:07:42
 	Removal Reason: Automatic
 	Persistence Limit Type: Duration
 	Persistence Limit: 150196224"
Information	3/7/2019 1:39:14 PM	Microsoft-Windows-Windows Defender	2011	None	"Windows Defender Antivirus used Dynamic Signature Service to discard obsolete signatures.
 	Current Signature Version: 1.289.561.0
 	Signature Type: AntiVirus
 	Current Engine Version: 1.1.15700.9
 	Dynamic Signature Type: Signature update
 	Persistence Path: C:\ProgramData\Microsoft\Windows Defender\Scans\RtSigs\data\e0d6f1568c8b9b1b15d2e3229d07dd52eb38cbfe
 	Dynamic Signature Version: 0.0.0.0
 	Dynamic Signature Compilation Timestamp: 2019/2/5 3:07:42
 	Removal Reason: Automatic
 	Persistence Limit Type: Duration
 	Persistence Limit: 150196224"
Information	3/7/2019 1:39:14 PM	Microsoft-Windows-Windows Defender	2011	None	"Windows Defender Antivirus used Dynamic Signature Service to discard obsolete signatures.
 	Current Signature Version: 1.289.561.0
 	Signature Type: AntiSpyware
 	Current Engine Version: 1.1.15700.9
 	Dynamic Signature Type: Signature update
 	Persistence Path: C:\ProgramData\Microsoft\Windows Defender\Scans\RtSigs\data\cce13a1c7348f9ef0270043db4fb0e4bfb0b4af1
 	Dynamic Signature Version: 0.0.0.0
 	Dynamic Signature Compilation Timestamp: 2019/3/6 12:04:02
 	Removal Reason: Automatic
 	Persistence Limit Type: Duration
 	Persistence Limit: 288000000"
Information	3/7/2019 1:39:14 PM	Microsoft-Windows-Windows Defender	2011	None	"Windows Defender Antivirus used Dynamic Signature Service to discard obsolete signatures.
 	Current Signature Version: 1.289.561.0
 	Signature Type: AntiVirus
 	Current Engine Version: 1.1.15700.9
 	Dynamic Signature Type: Signature update
 	Persistence Path: C:\ProgramData\Microsoft\Windows Defender\Scans\RtSigs\data\cce13a1c7348f9ef0270043db4fb0e4bfb0b4af1
 	Dynamic Signature Version: 0.0.0.0
 	Dynamic Signature Compilation Timestamp: 2019/3/6 12:04:02
 	Removal Reason: Automatic
 	Persistence Limit Type: Duration
 	Persistence Limit: 288000000"
Information	3/7/2019 1:39:14 PM	Microsoft-Windows-Windows Defender	2011	None	"Windows Defender Antivirus used Dynamic Signature Service to discard obsolete signatures.
 	Current Signature Version: 1.289.561.0
 	Signature Type: AntiSpyware
 	Current Engine Version: 1.1.15700.9
 	Dynamic Signature Type: Signature update
 	Persistence Path: C:\ProgramData\Microsoft\Windows Defender\Scans\RtSigs\data\72a7775a52b92e23467ba1163da70e4cbd8cb344
 	Dynamic Signature Version: 0.0.0.0
 	Dynamic Signature Compilation Timestamp: 2019/3/6 12:03:31
 	Removal Reason: Automatic
 	Persistence Limit Type: Duration
 	Persistence Limit: 288000000"
Information	3/7/2019 1:39:14 PM	Microsoft-Windows-Windows Defender	2011	None	"Windows Defender Antivirus used Dynamic Signature Service to discard obsolete signatures.
 	Current Signature Version: 1.289.561.0
 	Signature Type: AntiVirus
 	Current Engine Version: 1.1.15700.9
 	Dynamic Signature Type: Signature update
 	Persistence Path: C:\ProgramData\Microsoft\Windows Defender\Scans\RtSigs\data\72a7775a52b92e23467ba1163da70e4cbd8cb344
 	Dynamic Signature Version: 0.0.0.0
 	Dynamic Signature Compilation Timestamp: 2019/3/6 12:03:31
 	Removal Reason: Automatic
 	Persistence Limit Type: Duration
 	Persistence Limit: 288000000"
Information	3/6/2019 9:44:12 PM	Microsoft-Windows-Windows Defender	1151	None	"Endpoint Protection client health report (time in UTC):
 	Platform version: 4.18.1902.2
 	Engine version: 1.1.15700.9
 	Network Realtime Inspection engine version: 1.1.15700.9
 	Antivirus signature version: 1.289.561.0
 	Antispyware signature version: 1.289.561.0
 	Network Realtime Inspection signature version: 1.289.561.0
 	RTP state: Enabled
 	OA state: Enabled
 	IOAV state: Enabled
 	BM state: Enabled
 	Antivirus signature age: 0
 	Antispyware signature age: 0
 	Last quick scan age: 3
 	Last full scan age: 4294967295
 	Antivirus signature creation time: 2019/3/6 7:56:27
 	Antispyware signature creation time: 2019/3/6 7:56:27
 	Last quick scan start time: 2019/3/3 4:25:44
 	Last quick scan end time: 2019/3/3 4:40:45
 	Last quick scan source: 2
 	Last full scan start time: 1601/1/1 0:00:00
 	Last full scan end time: 1601/1/1 0:00:00
 	Last full scan source: 0
 	Product status: 0x00080000
"
Information	3/6/2019 9:44:12 PM	Microsoft-Windows-Windows Defender	1150	None	"Endpoint Protection client is up and running in a healthy state.
 	Platform version: 4.18.1902.2
 	Engine version: 1.1.15700.9
 	Signature version: 1.289.561.0
"
Information	3/6/2019 8:44:12 PM	Microsoft-Windows-Windows Defender	1151	None	"Endpoint Protection client health report (time in UTC):
 	Platform version: 4.18.1902.2
 	Engine version: 1.1.15700.9
 	Network Realtime Inspection engine version: 1.1.15700.9
 	Antivirus signature version: 1.289.561.0
 	Antispyware signature version: 1.289.561.0
 	Network Realtime Inspection signature version: 1.289.561.0
 	RTP state: Enabled
 	OA state: Enabled
 	IOAV state: Enabled
 	BM state: Enabled
 	Antivirus signature age: 0
 	Antispyware signature age: 0
 	Last quick scan age: 3
 	Last full scan age: 4294967295
 	Antivirus signature creation time: 2019/3/6 7:56:27
 	Antispyware signature creation time: 2019/3/6 7:56:27
 	Last quick scan start time: 2019/3/3 4:25:44
 	Last quick scan end time: 2019/3/3 4:40:45
 	Last quick scan source: 2
 	Last full scan start time: 1601/1/1 0:00:00
 	Last full scan end time: 1601/1/1 0:00:00
 	Last full scan source: 0
 	Product status: 0x00080000
"
Information	3/6/2019 8:44:12 PM	Microsoft-Windows-Windows Defender	1150	None	"Endpoint Protection client is up and running in a healthy state.
 	Platform version: 4.18.1902.2
 	Engine version: 1.1.15700.9
 	Signature version: 1.289.561.0
"
Information	3/6/2019 8:19:26 PM	Microsoft-Windows-Windows Defender	2010	None	"Windows Defender Antivirus used Dynamic Signature Service to retrieve additional signatures to help protect your machine.
 	Current Signature Version: 1.289.561.0
 	Signature Type: AntiSpyware
 	User: \
 	Current Engine Version: 1.1.15700.9
 	Dynamic Signature Type: Signature update
 	Persistence Path: C:\ProgramData\Microsoft\Windows Defender\Scans\RtSigs\data\524e86035c97c86a14fc30c393ecfc5481afaf6d
 	Dynamic Signature Version: 0.0.0.0
 	Dynamic Signature Compilation Timestamp: 2019/3/6 12:19:28
 	Persistence Limit Type: Duration
 	Persistence Limit: 150196224"
Information	3/6/2019 8:19:26 PM	Microsoft-Windows-Windows Defender	2010	None	"Windows Defender Antivirus used Dynamic Signature Service to retrieve additional signatures to help protect your machine.
 	Current Signature Version: 1.289.561.0
 	Signature Type: AntiVirus
 	User: \
 	Current Engine Version: 1.1.15700.9
 	Dynamic Signature Type: Signature update
 	Persistence Path: C:\ProgramData\Microsoft\Windows Defender\Scans\RtSigs\data\524e86035c97c86a14fc30c393ecfc5481afaf6d
 	Dynamic Signature Version: 0.0.0.0
 	Dynamic Signature Compilation Timestamp: 2019/3/6 12:19:28
 	Persistence Limit Type: Duration
 	Persistence Limit: 150196224"
Information	3/6/2019 8:15:39 PM	Microsoft-Windows-Windows Defender	2010	None	"Windows Defender Antivirus used Dynamic Signature Service to retrieve additional signatures to help protect your machine.
 	Current Signature Version: 1.289.561.0
 	Signature Type: AntiSpyware
 	User: \
 	Current Engine Version: 1.1.15700.9
 	Dynamic Signature Type: Signature update
 	Persistence Path: C:\ProgramData\Microsoft\Windows Defender\Scans\RtSigs\data\918fea404a198fa26b1888dc5147ccdc82da83f4
 	Dynamic Signature Version: 0.0.0.0
 	Dynamic Signature Compilation Timestamp: 2019/3/6 12:15:41
 	Persistence Limit Type: Duration
 	Persistence Limit: 150196224"
Information	3/6/2019 8:15:39 PM	Microsoft-Windows-Windows Defender	2010	None	"Windows Defender Antivirus used Dynamic Signature Service to retrieve additional signatures to help protect your machine.
 	Current Signature Version: 1.289.561.0
 	Signature Type: AntiVirus
 	User: \
 	Current Engine Version: 1.1.15700.9
 	Dynamic Signature Type: Signature update
 	Persistence Path: C:\ProgramData\Microsoft\Windows Defender\Scans\RtSigs\data\918fea404a198fa26b1888dc5147ccdc82da83f4
 	Dynamic Signature Version: 0.0.0.0
 	Dynamic Signature Compilation Timestamp: 2019/3/6 12:15:41
 	Persistence Limit Type: Duration
 	Persistence Limit: 150196224"
Information	3/6/2019 8:15:38 PM	Microsoft-Windows-Windows Defender	2010	None	"Windows Defender Antivirus used Dynamic Signature Service to retrieve additional signatures to help protect your machine.
 	Current Signature Version: 1.289.561.0
 	Signature Type: AntiSpyware
 	User: \
 	Current Engine Version: 1.1.15700.9
 	Dynamic Signature Type: Signature update
 	Persistence Path: C:\ProgramData\Microsoft\Windows Defender\Scans\RtSigs\data\6a91586155f548ff73dd92244561f1c9ec701f31
 	Dynamic Signature Version: 0.0.0.0
 	Dynamic Signature Compilation Timestamp: 2019/3/6 12:15:40
 	Persistence Limit Type: Duration
 	Persistence Limit: 150196224"
Information	3/6/2019 8:15:38 PM	Microsoft-Windows-Windows Defender	2010	None	"Windows Defender Antivirus used Dynamic Signature Service to retrieve additional signatures to help protect your machine.
 	Current Signature Version: 1.289.561.0
 	Signature Type: AntiVirus
 	User: \
 	Current Engine Version: 1.1.15700.9
 	Dynamic Signature Type: Signature update
 	Persistence Path: C:\ProgramData\Microsoft\Windows Defender\Scans\RtSigs\data\6a91586155f548ff73dd92244561f1c9ec701f31
 	Dynamic Signature Version: 0.0.0.0
 	Dynamic Signature Compilation Timestamp: 2019/3/6 12:15:40
 	Persistence Limit Type: Duration
 	Persistence Limit: 150196224"
Information	3/6/2019 8:15:09 PM	Microsoft-Windows-Windows Defender	2010	None	"Windows Defender Antivirus used Dynamic Signature Service to retrieve additional signatures to help protect your machine.
 	Current Signature Version: 1.289.561.0
 	Signature Type: AntiSpyware
 	User: \
 	Current Engine Version: 1.1.15700.9
 	Dynamic Signature Type: Signature update
 	Persistence Path: C:\ProgramData\Microsoft\Windows Defender\Scans\RtSigs\data\93dad0fff89dc358a616e1d0455cb3e33eaa405b
 	Dynamic Signature Version: 0.0.0.0
 	Dynamic Signature Compilation Timestamp: 2019/3/6 12:15:11
 	Persistence Limit Type: Duration
 	Persistence Limit: 150196224"
Information	3/6/2019 8:15:09 PM	Microsoft-Windows-Windows Defender	2010	None	"Windows Defender Antivirus used Dynamic Signature Service to retrieve additional signatures to help protect your machine.
 	Current Signature Version: 1.289.561.0
 	Signature Type: AntiVirus
 	User: \
 	Current Engine Version: 1.1.15700.9
 	Dynamic Signature Type: Signature update
 	Persistence Path: C:\ProgramData\Microsoft\Windows Defender\Scans\RtSigs\data\93dad0fff89dc358a616e1d0455cb3e33eaa405b
 	Dynamic Signature Version: 0.0.0.0
 	Dynamic Signature Compilation Timestamp: 2019/3/6 12:15:11
 	Persistence Limit Type: Duration
 	Persistence Limit: 150196224"
Information	3/6/2019 8:03:59 PM	Microsoft-Windows-Windows Defender	2010	None	"Windows Defender Antivirus used Dynamic Signature Service to retrieve additional signatures to help protect your machine.
 	Current Signature Version: 1.289.561.0
 	Signature Type: AntiSpyware
 	User: \
 	Current Engine Version: 1.1.15700.9
 	Dynamic Signature Type: Signature update
 	Persistence Path: C:\ProgramData\Microsoft\Windows Defender\Scans\RtSigs\data\cce13a1c7348f9ef0270043db4fb0e4bfb0b4af1
 	Dynamic Signature Version: 0.0.0.0
 	Dynamic Signature Compilation Timestamp: 2019/3/6 12:04:02
 	Persistence Limit Type: Duration
 	Persistence Limit: 288000000"
Information	3/6/2019 8:03:59 PM	Microsoft-Windows-Windows Defender	2010	None	"Windows Defender Antivirus used Dynamic Signature Service to retrieve additional signatures to help protect your machine.
 	Current Signature Version: 1.289.561.0
 	Signature Type: AntiVirus
 	User: \
 	Current Engine Version: 1.1.15700.9
 	Dynamic Signature Type: Signature update
 	Persistence Path: C:\ProgramData\Microsoft\Windows Defender\Scans\RtSigs\data\cce13a1c7348f9ef0270043db4fb0e4bfb0b4af1
 	Dynamic Signature Version: 0.0.0.0
 	Dynamic Signature Compilation Timestamp: 2019/3/6 12:04:02
 	Persistence Limit Type: Duration
 	Persistence Limit: 288000000"
Information	3/6/2019 8:03:28 PM	Microsoft-Windows-Windows Defender	2010	None	"Windows Defender Antivirus used Dynamic Signature Service to retrieve additional signatures to help protect your machine.
 	Current Signature Version: 1.289.561.0
 	Signature Type: AntiSpyware
 	User: \
 	Current Engine Version: 1.1.15700.9
 	Dynamic Signature Type: Signature update
 	Persistence Path: C:\ProgramData\Microsoft\Windows Defender\Scans\RtSigs\data\72a7775a52b92e23467ba1163da70e4cbd8cb344
 	Dynamic Signature Version: 0.0.0.0
 	Dynamic Signature Compilation Timestamp: 2019/3/6 12:03:31
 	Persistence Limit Type: Duration
 	Persistence Limit: 288000000"
Information	3/6/2019 8:03:28 PM	Microsoft-Windows-Windows Defender	2010	None	"Windows Defender Antivirus used Dynamic Signature Service to retrieve additional signatures to help protect your machine.
 	Current Signature Version: 1.289.561.0
 	Signature Type: AntiVirus
 	User: \
 	Current Engine Version: 1.1.15700.9
 	Dynamic Signature Type: Signature update
 	Persistence Path: C:\ProgramData\Microsoft\Windows Defender\Scans\RtSigs\data\72a7775a52b92e23467ba1163da70e4cbd8cb344
 	Dynamic Signature Version: 0.0.0.0
 	Dynamic Signature Compilation Timestamp: 2019/3/6 12:03:31
 	Persistence Limit Type: Duration
 	Persistence Limit: 288000000"
Information	3/6/2019 7:52:12 PM	Microsoft-Windows-Windows Defender	2010	None	"Windows Defender Antivirus used Dynamic Signature Service to retrieve additional signatures to help protect your machine.
 	Current Signature Version: 1.289.561.0
 	Signature Type: AntiSpyware
 	User: \
 	Current Engine Version: 1.1.15700.9
 	Dynamic Signature Type: Signature update
 	Persistence Path: C:\ProgramData\Microsoft\Windows Defender\Scans\RtSigs\data\6b91b7c17db4c0f0394c42e5200afa2840f4630d
 	Dynamic Signature Version: 0.0.0.0
 	Dynamic Signature Compilation Timestamp: 2019/3/6 11:52:14
 	Persistence Limit Type: Duration
 	Persistence Limit: 150196224"
Information	3/6/2019 7:52:12 PM	Microsoft-Windows-Windows Defender	2010	None	"Windows Defender Antivirus used Dynamic Signature Service to retrieve additional signatures to help protect your machine.
 	Current Signature Version: 1.289.561.0
 	Signature Type: AntiVirus
 	User: \
 	Current Engine Version: 1.1.15700.9
 	Dynamic Signature Type: Signature update
 	Persistence Path: C:\ProgramData\Microsoft\Windows Defender\Scans\RtSigs\data\6b91b7c17db4c0f0394c42e5200afa2840f4630d
 	Dynamic Signature Version: 0.0.0.0
 	Dynamic Signature Compilation Timestamp: 2019/3/6 11:52:14
 	Persistence Limit Type: Duration
 	Persistence Limit: 150196224"
Information	3/6/2019 7:52:08 PM	Microsoft-Windows-Windows Defender	2010	None	"Windows Defender Antivirus used Dynamic Signature Service to retrieve additional signatures to help protect your machine.
 	Current Signature Version: 1.289.561.0
 	Signature Type: AntiSpyware
 	User: \
 	Current Engine Version: 1.1.15700.9
 	Dynamic Signature Type: Signature update
 	Persistence Path: C:\ProgramData\Microsoft\Windows Defender\Scans\RtSigs\data\01c0714b6e95612035767fedf5dc9eb987cae499
 	Dynamic Signature Version: 0.0.0.0
 	Dynamic Signature Compilation Timestamp: 2019/3/6 11:52:10
 	Persistence Limit Type: Duration
 	Persistence Limit: 150196224"
Information	3/6/2019 7:52:08 PM	Microsoft-Windows-Windows Defender	2010	None	"Windows Defender Antivirus used Dynamic Signature Service to retrieve additional signatures to help protect your machine.
 	Current Signature Version: 1.289.561.0
 	Signature Type: AntiVirus
 	User: \
 	Current Engine Version: 1.1.15700.9
 	Dynamic Signature Type: Signature update
 	Persistence Path: C:\ProgramData\Microsoft\Windows Defender\Scans\RtSigs\data\01c0714b6e95612035767fedf5dc9eb987cae499
 	Dynamic Signature Version: 0.0.0.0
 	Dynamic Signature Compilation Timestamp: 2019/3/6 11:52:10
 	Persistence Limit Type: Duration
 	Persistence Limit: 150196224"
