Information	3/6/2019 7:44:12 PM	Microsoft-Windows-Windows Defender	1151	None	"Endpoint Protection client health report (time in UTC):
 	Platform version: 4.18.1902.2
 	Engine version: 1.1.15700.9
 	Network Realtime Inspection engine version: 1.1.15700.9
 	Antivirus signature version: 1.289.561.0
 	Antispyware signature version: 1.289.561.0
 	Network Realtime Inspection signature version: 1.289.561.0
 	RTP state: Enabled
 	OA state: Enabled
 	IOAV state: Enabled
 	BM state: Enabled
 	Antivirus signature age: 0
 	Antispyware signature age: 0
 	Last quick scan age: 3
 	Last full scan age: 4294967295
 	Antivirus signature creation time: 2019/3/6 7:56:27
 	Antispyware signature creation time: 2019/3/6 7:56:27
 	Last quick scan start time: 2019/3/3 4:25:44
 	Last quick scan end time: 2019/3/3 4:40:45
 	Last quick scan source: 2
 	Last full scan start time: 1601/1/1 0:00:00
 	Last full scan end time: 1601/1/1 0:00:00
 	Last full scan source: 0
 	Product status: 0x00080000
"
Information	3/6/2019 7:44:12 PM	Microsoft-Windows-Windows Defender	1150	None	"Endpoint Protection client is up and running in a healthy state.
 	Platform version: 4.18.1902.2
 	Engine version: 1.1.15700.9
 	Signature version: 1.289.561.0
"
Warning	3/6/2019 7:04:17 PM	Microsoft-Windows-Windows Defender	1002	None	"Windows Defender Antivirus scan has been stopped before completion.
 	Scan ID: {97D1322A-C38C-462D-B31D-7B34DD7EB799}
 	Scan Type: Antimalware
 	Scan Parameters: Quick Scan
  	User: NT AUTHORITY\SYSTEM"
Information	3/6/2019 7:00:59 PM	Microsoft-Windows-Windows Defender	1000	None	"Windows Defender Antivirus scan has started.
 	Scan ID: {97D1322A-C38C-462D-B31D-7B34DD7EB799}
 	Scan Type: Antimalware
 	Scan Parameters: Quick Scan
 	Scan Resources: 
 	User: NT AUTHORITY\SYSTEM"
Information	3/6/2019 6:44:12 PM	Microsoft-Windows-Windows Defender	1151	None	"Endpoint Protection client health report (time in UTC):
 	Platform version: 4.18.1902.2
 	Engine version: 1.1.15700.9
 	Network Realtime Inspection engine version: 1.1.15700.9
 	Antivirus signature version: 1.289.561.0
 	Antispyware signature version: 1.289.561.0
 	Network Realtime Inspection signature version: 1.289.561.0
 	RTP state: Enabled
 	OA state: Enabled
 	IOAV state: Enabled
 	BM state: Enabled
 	Antivirus signature age: 0
 	Antispyware signature age: 0
 	Last quick scan age: 3
 	Last full scan age: 4294967295
 	Antivirus signature creation time: 2019/3/6 7:56:27
 	Antispyware signature creation time: 2019/3/6 7:56:27
 	Last quick scan start time: 2019/3/3 4:25:44
 	Last quick scan end time: 2019/3/3 4:40:45
 	Last quick scan source: 2
 	Last full scan start time: 1601/1/1 0:00:00
 	Last full scan end time: 1601/1/1 0:00:00
 	Last full scan source: 0
 	Product status: 0x00080000
"
Information	3/6/2019 6:44:12 PM	Microsoft-Windows-Windows Defender	1150	None	"Endpoint Protection client is up and running in a healthy state.
 	Platform version: 4.18.1902.2
 	Engine version: 1.1.15700.9
 	Signature version: 1.289.561.0
"
Information	3/6/2019 6:11:20 PM	Microsoft-Windows-Windows Defender	2000	None	"Windows Defender Antivirus signature version has been updated.
 	Current Signature Version: 1.289.561.0
 	Previous Signature Version: 1.289.489.0
 	Signature Type: AntiSpyware
 	Update Type: Delta
 	User: NT AUTHORITY\SYSTEM
 	Current Engine Version: 1.1.15700.9
 	Previous Engine Version: 1.1.15700.9"
Information	3/6/2019 6:11:20 PM	Microsoft-Windows-Windows Defender	2000	None	"Windows Defender Antivirus signature version has been updated.
 	Current Signature Version: 1.289.561.0
 	Previous Signature Version: 1.289.489.0
 	Signature Type: AntiVirus
 	Update Type: Delta
 	User: NT AUTHORITY\SYSTEM
 	Current Engine Version: 1.1.15700.9
 	Previous Engine Version: 1.1.15700.9"
Information	3/6/2019 6:11:20 PM	Microsoft-Windows-Windows Defender	2011	None	"Windows Defender Antivirus used Dynamic Signature Service to discard obsolete signatures.
 	Current Signature Version: 1.289.561.0
 	Signature Type: AntiSpyware
 	Current Engine Version: 1.1.15700.9
 	Dynamic Signature Type: Signature update
 	Persistence Path: C:\ProgramData\Microsoft\Windows Defender\Scans\RtSigs\data\b74df67d0dac27f01fc7fac81b3acc909711ffd6
 	Dynamic Signature Version: 0.0.0.0
 	Dynamic Signature Compilation Timestamp: 2019/3/4 17:57:55
 	Removal Reason: Automatic
 	Persistence Limit Type: Duration
 	Persistence Limit: 864000000"
Information	3/6/2019 6:11:20 PM	Microsoft-Windows-Windows Defender	2011	None	"Windows Defender Antivirus used Dynamic Signature Service to discard obsolete signatures.
 	Current Signature Version: 1.289.561.0
 	Signature Type: AntiVirus
 	Current Engine Version: 1.1.15700.9
 	Dynamic Signature Type: Signature update
 	Persistence Path: C:\ProgramData\Microsoft\Windows Defender\Scans\RtSigs\data\b74df67d0dac27f01fc7fac81b3acc909711ffd6
 	Dynamic Signature Version: 0.0.0.0
 	Dynamic Signature Compilation Timestamp: 2019/3/4 17:57:55
 	Removal Reason: Automatic
 	Persistence Limit Type: Duration
 	Persistence Limit: 864000000"
Information	3/6/2019 6:11:20 PM	Microsoft-Windows-Windows Defender	2011	None	"Windows Defender Antivirus used Dynamic Signature Service to discard obsolete signatures.
 	Current Signature Version: 1.289.561.0
 	Signature Type: AntiSpyware
 	Current Engine Version: 1.1.15700.9
 	Dynamic Signature Type: Signature update
 	Persistence Path: C:\ProgramData\Microsoft\Windows Defender\Scans\RtSigs\data\9e3d5b411fd431a745c132e9be96bd1aaa5c9f9c
 	Dynamic Signature Version: 0.0.0.0
 	Dynamic Signature Compilation Timestamp: 2019/3/4 17:57:55
 	Removal Reason: Automatic
 	Persistence Limit Type: Duration
 	Persistence Limit: 864000000"
Information	3/6/2019 6:11:20 PM	Microsoft-Windows-Windows Defender	2011	None	"Windows Defender Antivirus used Dynamic Signature Service to discard obsolete signatures.
 	Current Signature Version: 1.289.561.0
 	Signature Type: AntiVirus
 	Current Engine Version: 1.1.15700.9
 	Dynamic Signature Type: Signature update
 	Persistence Path: C:\ProgramData\Microsoft\Windows Defender\Scans\RtSigs\data\9e3d5b411fd431a745c132e9be96bd1aaa5c9f9c
 	Dynamic Signature Version: 0.0.0.0
 	Dynamic Signature Compilation Timestamp: 2019/3/4 17:57:55
 	Removal Reason: Automatic
 	Persistence Limit Type: Duration
 	Persistence Limit: 864000000"
Warning	3/6/2019 6:09:35 PM	Microsoft-Windows-Windows Defender	1002	None	"Windows Defender Antivirus scan has been stopped before completion.
 	Scan ID: {A0AD4105-7750-4882-A52C-46CF76C4DFFE}
 	Scan Type: Antimalware
 	Scan Parameters: Quick Scan
  	User: NT AUTHORITY\SYSTEM"
Information	3/6/2019 5:59:56 PM	Microsoft-Windows-Windows Defender	1000	None	"Windows Defender Antivirus scan has started.
 	Scan ID: {A0AD4105-7750-4882-A52C-46CF76C4DFFE}
 	Scan Type: Antimalware
 	Scan Parameters: Quick Scan
 	Scan Resources: 
 	User: NT AUTHORITY\SYSTEM"
Information	3/6/2019 5:44:12 PM	Microsoft-Windows-Windows Defender	1151	None	"Endpoint Protection client health report (time in UTC):
 	Platform version: 4.18.1902.2
 	Engine version: 1.1.15700.9
 	Network Realtime Inspection engine version: 1.1.15700.9
 	Antivirus signature version: 1.289.489.0
 	Antispyware signature version: 1.289.489.0
 	Network Realtime Inspection signature version: 1.289.489.0
 	RTP state: Enabled
 	OA state: Enabled
 	IOAV state: Enabled
 	BM state: Enabled
 	Antivirus signature age: 1
 	Antispyware signature age: 1
 	Last quick scan age: 3
 	Last full scan age: 4294967295
 	Antivirus signature creation time: 2019/3/5 8:01:53
 	Antispyware signature creation time: 2019/3/5 8:01:53
 	Last quick scan start time: 2019/3/3 4:25:44
 	Last quick scan end time: 2019/3/3 4:40:45
 	Last quick scan source: 2
 	Last full scan start time: 1601/1/1 0:00:00
 	Last full scan end time: 1601/1/1 0:00:00
 	Last full scan source: 0
 	Product status: 0x00080000
"
Information	3/6/2019 5:44:12 PM	Microsoft-Windows-Windows Defender	1150	None	"Endpoint Protection client is up and running in a healthy state.
 	Platform version: 4.18.1902.2
 	Engine version: 1.1.15700.9
 	Signature version: 1.289.489.0
"
Information	3/6/2019 4:44:12 PM	Microsoft-Windows-Windows Defender	1151	None	"Endpoint Protection client health report (time in UTC):
 	Platform version: 4.18.1902.2
 	Engine version: 1.1.15700.9
 	Network Realtime Inspection engine version: 1.1.15700.9
 	Antivirus signature version: 1.289.489.0
 	Antispyware signature version: 1.289.489.0
 	Network Realtime Inspection signature version: 1.289.489.0
 	RTP state: Enabled
 	OA state: Enabled
 	IOAV state: Enabled
 	BM state: Enabled
 	Antivirus signature age: 1
 	Antispyware signature age: 1
 	Last quick scan age: 3
 	Last full scan age: 4294967295
 	Antivirus signature creation time: 2019/3/5 8:01:53
 	Antispyware signature creation time: 2019/3/5 8:01:53
 	Last quick scan start time: 2019/3/3 4:25:44
 	Last quick scan end time: 2019/3/3 4:40:45
 	Last quick scan source: 2
 	Last full scan start time: 1601/1/1 0:00:00
 	Last full scan end time: 1601/1/1 0:00:00
 	Last full scan source: 0
 	Product status: 0x00080000
"
Information	3/6/2019 4:44:12 PM	Microsoft-Windows-Windows Defender	1150	None	"Endpoint Protection client is up and running in a healthy state.
 	Platform version: 4.18.1902.2
 	Engine version: 1.1.15700.9
 	Signature version: 1.289.489.0
"
Information	3/6/2019 3:41:04 PM	Microsoft-Windows-Windows Defender	1151	None	"Endpoint Protection client health report (time in UTC):
 	Platform version: 4.18.1902.2
 	Engine version: 1.1.15700.9
 	Network Realtime Inspection engine version: 1.1.15700.9
 	Antivirus signature version: 1.289.489.0
 	Antispyware signature version: 1.289.489.0
 	Network Realtime Inspection signature version: 1.289.489.0
 	RTP state: Enabled
 	OA state: Enabled
 	IOAV state: Enabled
 	BM state: Enabled
 	Antivirus signature age: 0
 	Antispyware signature age: 0
 	Last quick scan age: 3
 	Last full scan age: 4294967295
 	Antivirus signature creation time: 2019/3/5 8:01:53
 	Antispyware signature creation time: 2019/3/5 8:01:53
 	Last quick scan start time: 2019/3/3 4:25:44
 	Last quick scan end time: 2019/3/3 4:40:45
 	Last quick scan source: 2
 	Last full scan start time: 1601/1/1 0:00:00
 	Last full scan end time: 1601/1/1 0:00:00
 	Last full scan source: 0
 	Product status: 0x00080000
"
Information	3/6/2019 3:41:04 PM	Microsoft-Windows-Windows Defender	1150	None	"Endpoint Protection client is up and running in a healthy state.
 	Platform version: 4.18.1902.2
 	Engine version: 1.1.15700.9
 	Signature version: 1.289.489.0
"
Information	3/6/2019 2:28:59 PM	Microsoft-Windows-Windows Defender	1151	None	"Endpoint Protection client health report (time in UTC):
 	Platform version: 4.18.1902.2
 	Engine version: 1.1.15700.9
 	Network Realtime Inspection engine version: 1.1.15700.9
 	Antivirus signature version: 1.289.489.0
 	Antispyware signature version: 1.289.489.0
 	Network Realtime Inspection signature version: 1.289.489.0
 	RTP state: Enabled
 	OA state: Enabled
 	IOAV state: Enabled
 	BM state: Enabled
 	Antivirus signature age: 0
 	Antispyware signature age: 0
 	Last quick scan age: 3
 	Last full scan age: 4294967295
 	Antivirus signature creation time: 2019/3/5 8:01:53
 	Antispyware signature creation time: 2019/3/5 8:01:53
 	Last quick scan start time: 2019/3/3 4:25:44
 	Last quick scan end time: 2019/3/3 4:40:45
 	Last quick scan source: 2
 	Last full scan start time: 1601/1/1 0:00:00
 	Last full scan end time: 1601/1/1 0:00:00
 	Last full scan source: 0
 	Product status: 0x00080000
"
Information	3/6/2019 2:28:59 PM	Microsoft-Windows-Windows Defender	1150	None	"Endpoint Protection client is up and running in a healthy state.
 	Platform version: 4.18.1902.2
 	Engine version: 1.1.15700.9
 	Signature version: 1.289.489.0
"
Information	3/6/2019 7:18:26 AM	Microsoft-Windows-Windows Defender	1151	None	"Endpoint Protection client health report (time in UTC):
 	Platform version: 4.18.1902.2
 	Engine version: 1.1.15700.9
 	Network Realtime Inspection engine version: 1.1.15700.9
 	Antivirus signature version: 1.289.489.0
 	Antispyware signature version: 1.289.489.0
 	Network Realtime Inspection signature version: 1.289.489.0
 	RTP state: Enabled
 	OA state: Enabled
 	IOAV state: Enabled
 	BM state: Enabled
 	Antivirus signature age: 0
 	Antispyware signature age: 0
 	Last quick scan age: 2
 	Last full scan age: 4294967295
 	Antivirus signature creation time: 2019/3/5 8:01:53
 	Antispyware signature creation time: 2019/3/5 8:01:53
 	Last quick scan start time: 2019/3/3 4:25:44
 	Last quick scan end time: 2019/3/3 4:40:45
 	Last quick scan source: 2
 	Last full scan start time: 1601/1/1 0:00:00
 	Last full scan end time: 1601/1/1 0:00:00
 	Last full scan source: 0
 	Product status: 0x00080000
"
Information	3/6/2019 7:18:26 AM	Microsoft-Windows-Windows Defender	1150	None	"Endpoint Protection client is up and running in a healthy state.
 	Platform version: 4.18.1902.2
 	Engine version: 1.1.15700.9
 	Signature version: 1.289.489.0
"
Information	3/6/2019 6:18:26 AM	Microsoft-Windows-Windows Defender	1151	None	"Endpoint Protection client health report (time in UTC):
 	Platform version: 4.18.1902.2
 	Engine version: 1.1.15700.9
 	Network Realtime Inspection engine version: 1.1.15700.9
 	Antivirus signature version: 1.289.489.0
 	Antispyware signature version: 1.289.489.0
 	Network Realtime Inspection signature version: 1.289.489.0
 	RTP state: Enabled
 	OA state: Enabled
 	IOAV state: Enabled
 	BM state: Enabled
 	Antivirus signature age: 0
 	Antispyware signature age: 0
 	Last quick scan age: 2
 	Last full scan age: 4294967295
 	Antivirus signature creation time: 2019/3/5 8:01:53
 	Antispyware signature creation time: 2019/3/5 8:01:53
 	Last quick scan start time: 2019/3/3 4:25:44
 	Last quick scan end time: 2019/3/3 4:40:45
 	Last quick scan source: 2
 	Last full scan start time: 1601/1/1 0:00:00
 	Last full scan end time: 1601/1/1 0:00:00
 	Last full scan source: 0
 	Product status: 0x00080000
"
Information	3/6/2019 6:18:26 AM	Microsoft-Windows-Windows Defender	1150	None	"Endpoint Protection client is up and running in a healthy state.
 	Platform version: 4.18.1902.2
 	Engine version: 1.1.15700.9
 	Signature version: 1.289.489.0
"
Information	3/6/2019 5:18:26 AM	Microsoft-Windows-Windows Defender	1151	None	"Endpoint Protection client health report (time in UTC):
 	Platform version: 4.18.1902.2
 	Engine version: 1.1.15700.9
 	Network Realtime Inspection engine version: 1.1.15700.9
 	Antivirus signature version: 1.289.489.0
 	Antispyware signature version: 1.289.489.0
 	Network Realtime Inspection signature version: 1.289.489.0
 	RTP state: Enabled
 	OA state: Enabled
 	IOAV state: Enabled
 	BM state: Enabled
 	Antivirus signature age: 0
 	Antispyware signature age: 0
 	Last quick scan age: 2
 	Last full scan age: 4294967295
 	Antivirus signature creation time: 2019/3/5 8:01:53
 	Antispyware signature creation time: 2019/3/5 8:01:53
 	Last quick scan start time: 2019/3/3 4:25:44
 	Last quick scan end time: 2019/3/3 4:40:45
 	Last quick scan source: 2
 	Last full scan start time: 1601/1/1 0:00:00
 	Last full scan end time: 1601/1/1 0:00:00
 	Last full scan source: 0
 	Product status: 0x00080000
"
Information	3/6/2019 5:18:26 AM	Microsoft-Windows-Windows Defender	1150	None	"Endpoint Protection client is up and running in a healthy state.
 	Platform version: 4.18.1902.2
 	Engine version: 1.1.15700.9
 	Signature version: 1.289.489.0
"
Information	3/6/2019 4:18:26 AM	Microsoft-Windows-Windows Defender	1151	None	"Endpoint Protection client health report (time in UTC):
 	Platform version: 4.18.1902.2
 	Engine version: 1.1.15700.9
 	Network Realtime Inspection engine version: 1.1.15700.9
 	Antivirus signature version: 1.289.489.0
 	Antispyware signature version: 1.289.489.0
 	Network Realtime Inspection signature version: 1.289.489.0
 	RTP state: Enabled
 	OA state: Enabled
 	IOAV state: Enabled
 	BM state: Enabled
 	Antivirus signature age: 0
 	Antispyware signature age: 0
 	Last quick scan age: 2
 	Last full scan age: 4294967295
 	Antivirus signature creation time: 2019/3/5 8:01:53
 	Antispyware signature creation time: 2019/3/5 8:01:53
 	Last quick scan start time: 2019/3/3 4:25:44
 	Last quick scan end time: 2019/3/3 4:40:45
 	Last quick scan source: 2
 	Last full scan start time: 1601/1/1 0:00:00
 	Last full scan end time: 1601/1/1 0:00:00
 	Last full scan source: 0
 	Product status: 0x00080000
"
Information	3/6/2019 4:18:26 AM	Microsoft-Windows-Windows Defender	1150	None	"Endpoint Protection client is up and running in a healthy state.
 	Platform version: 4.18.1902.2
 	Engine version: 1.1.15700.9
 	Signature version: 1.289.489.0
"
Information	3/6/2019 3:18:26 AM	Microsoft-Windows-Windows Defender	1151	None	"Endpoint Protection client health report (time in UTC):
 	Platform version: 4.18.1902.2
 	Engine version: 1.1.15700.9
 	Network Realtime Inspection engine version: 1.1.15700.9
 	Antivirus signature version: 1.289.489.0
 	Antispyware signature version: 1.289.489.0
 	Network Realtime Inspection signature version: 1.289.489.0
 	RTP state: Enabled
 	OA state: Enabled
 	IOAV state: Enabled
 	BM state: Enabled
 	Antivirus signature age: 0
 	Antispyware signature age: 0
 	Last quick scan age: 2
 	Last full scan age: 4294967295
 	Antivirus signature creation time: 2019/3/5 8:01:53
 	Antispyware signature creation time: 2019/3/5 8:01:53
 	Last quick scan start time: 2019/3/3 4:25:44
 	Last quick scan end time: 2019/3/3 4:40:45
 	Last quick scan source: 2
 	Last full scan start time: 1601/1/1 0:00:00
 	Last full scan end time: 1601/1/1 0:00:00
 	Last full scan source: 0
 	Product status: 0x00080000
"
Information	3/6/2019 3:18:26 AM	Microsoft-Windows-Windows Defender	1150	None	"Endpoint Protection client is up and running in a healthy state.
 	Platform version: 4.18.1902.2
 	Engine version: 1.1.15700.9
 	Signature version: 1.289.489.0
"
Warning	3/6/2019 3:10:18 AM	Microsoft-Windows-Windows Defender	1002	None	"Windows Defender Antivirus scan has been stopped before completion.
 	Scan ID: {F074436E-0728-48C6-AB0F-536D45C6BECE}
 	Scan Type: Antimalware
 	Scan Parameters: Quick Scan
  	User: NT AUTHORITY\SYSTEM"
Information	3/6/2019 3:07:42 AM	Microsoft-Windows-Windows Defender	1000	None	"Windows Defender Antivirus scan has started.
 	Scan ID: {F074436E-0728-48C6-AB0F-536D45C6BECE}
 	Scan Type: Antimalware
 	Scan Parameters: Quick Scan
 	Scan Resources: 
 	User: NT AUTHORITY\SYSTEM"
Warning	3/6/2019 3:01:04 AM	Microsoft-Windows-Windows Defender	1002	None	"Windows Defender Antivirus scan has been stopped before completion.
 	Scan ID: {A5D59BA3-651E-4F60-9557-06989CE48FA0}
 	Scan Type: Antimalware
 	Scan Parameters: Quick Scan
  	User: NT AUTHORITY\SYSTEM"
Information	3/6/2019 2:58:13 AM	Microsoft-Windows-Windows Defender	1000	None	"Windows Defender Antivirus scan has started.
 	Scan ID: {A5D59BA3-651E-4F60-9557-06989CE48FA0}
 	Scan Type: Antimalware
 	Scan Parameters: Quick Scan
 	Scan Resources: 
 	User: NT AUTHORITY\SYSTEM"
Warning	3/6/2019 2:48:59 AM	Microsoft-Windows-Windows Defender	1002	None	"Windows Defender Antivirus scan has been stopped before completion.
 	Scan ID: {5A81AC85-50DE-4724-AF04-BBA407A01FE3}
 	Scan Type: Antimalware
 	Scan Parameters: Quick Scan
  	User: NT AUTHORITY\SYSTEM"
Information	3/6/2019 2:47:52 AM	Microsoft-Windows-Windows Defender	1000	None	"Windows Defender Antivirus scan has started.
 	Scan ID: {5A81AC85-50DE-4724-AF04-BBA407A01FE3}
 	Scan Type: Antimalware
 	Scan Parameters: Quick Scan
 	Scan Resources: 
 	User: NT AUTHORITY\SYSTEM"
Warning	3/6/2019 2:33:22 AM	Microsoft-Windows-Windows Defender	1002	None	"Windows Defender Antivirus scan has been stopped before completion.
 	Scan ID: {C62AB0A8-CD7E-4C83-810F-82433B24A3BC}
 	Scan Type: Antimalware
 	Scan Parameters: Quick Scan
  	User: NT AUTHORITY\SYSTEM"
Information	3/6/2019 2:31:29 AM	Microsoft-Windows-Windows Defender	1000	None	"Windows Defender Antivirus scan has started.
 	Scan ID: {C62AB0A8-CD7E-4C83-810F-82433B24A3BC}
 	Scan Type: Antimalware
 	Scan Parameters: Quick Scan
 	Scan Resources: 
 	User: NT AUTHORITY\SYSTEM"
Warning	3/6/2019 2:25:46 AM	Microsoft-Windows-Windows Defender	1002	None	"Windows Defender Antivirus scan has been stopped before completion.
 	Scan ID: {3DB04991-41FB-48F9-A17E-5871498945D9}
 	Scan Type: Antimalware
 	Scan Parameters: Quick Scan
  	User: NT AUTHORITY\SYSTEM"
Information	3/6/2019 2:19:40 AM	Microsoft-Windows-Windows Defender	1013	None	"Windows Defender Antivirus has removed history of malware and other potentially unwanted software.
 	Time: 2019/2/19 2:19:40
 	User: NT AUTHORITY\SYSTEM
"
Information	3/6/2019 2:19:40 AM	Microsoft-Windows-Windows Defender	1000	None	"Windows Defender Antivirus scan has started.
 	Scan ID: {3DB04991-41FB-48F9-A17E-5871498945D9}
 	Scan Type: Antimalware
 	Scan Parameters: Quick Scan
 	Scan Resources: 
 	User: NT AUTHORITY\SYSTEM"
Information	3/6/2019 2:18:26 AM	Microsoft-Windows-Windows Defender	1151	None	"Endpoint Protection client health report (time in UTC):
 	Platform version: 4.18.1902.2
 	Engine version: 1.1.15700.9
 	Network Realtime Inspection engine version: 1.1.15700.9
 	Antivirus signature version: 1.289.489.0
 	Antispyware signature version: 1.289.489.0
 	Network Realtime Inspection signature version: 1.289.489.0
 	RTP state: Enabled
 	OA state: Enabled
 	IOAV state: Enabled
 	BM state: Enabled
 	Antivirus signature age: 0
 	Antispyware signature age: 0
 	Last quick scan age: 2
 	Last full scan age: 4294967295
 	Antivirus signature creation time: 2019/3/5 8:01:53
 	Antispyware signature creation time: 2019/3/5 8:01:53
 	Last quick scan start time: 2019/3/3 4:25:44
 	Last quick scan end time: 2019/3/3 4:40:45
 	Last quick scan source: 2
 	Last full scan start time: 1601/1/1 0:00:00
 	Last full scan end time: 1601/1/1 0:00:00
 	Last full scan source: 0
 	Product status: 0x00080000
"
Information	3/6/2019 2:18:26 AM	Microsoft-Windows-Windows Defender	1150	None	"Endpoint Protection client is up and running in a healthy state.
 	Platform version: 4.18.1902.2
 	Engine version: 1.1.15700.9
 	Signature version: 1.289.489.0
"
Information	3/6/2019 1:18:26 AM	Microsoft-Windows-Windows Defender	1151	None	"Endpoint Protection client health report (time in UTC):
 	Platform version: 4.18.1902.2
 	Engine version: 1.1.15700.9
 	Network Realtime Inspection engine version: 1.1.15700.9
 	Antivirus signature version: 1.289.489.0
 	Antispyware signature version: 1.289.489.0
 	Network Realtime Inspection signature version: 1.289.489.0
 	RTP state: Enabled
 	OA state: Enabled
 	IOAV state: Enabled
 	BM state: Enabled
 	Antivirus signature age: 0
 	Antispyware signature age: 0
 	Last quick scan age: 2
 	Last full scan age: 4294967295
 	Antivirus signature creation time: 2019/3/5 8:01:53
 	Antispyware signature creation time: 2019/3/5 8:01:53
 	Last quick scan start time: 2019/3/3 4:25:44
 	Last quick scan end time: 2019/3/3 4:40:45
 	Last quick scan source: 2
 	Last full scan start time: 1601/1/1 0:00:00
 	Last full scan end time: 1601/1/1 0:00:00
 	Last full scan source: 0
 	Product status: 0x00080000
"
Information	3/6/2019 1:18:26 AM	Microsoft-Windows-Windows Defender	1150	None	"Endpoint Protection client is up and running in a healthy state.
 	Platform version: 4.18.1902.2
 	Engine version: 1.1.15700.9
 	Signature version: 1.289.489.0
"
Information	3/6/2019 12:18:26 AM	Microsoft-Windows-Windows Defender	1151	None	"Endpoint Protection client health report (time in UTC):
 	Platform version: 4.18.1902.2
 	Engine version: 1.1.15700.9
 	Network Realtime Inspection engine version: 1.1.15700.9
 	Antivirus signature version: 1.289.489.0
 	Antispyware signature version: 1.289.489.0
 	Network Realtime Inspection signature version: 1.289.489.0
 	RTP state: Enabled
 	OA state: Enabled
 	IOAV state: Enabled
 	BM state: Enabled
 	Antivirus signature age: 0
 	Antispyware signature age: 0
 	Last quick scan age: 2
 	Last full scan age: 4294967295
 	Antivirus signature creation time: 2019/3/5 8:01:53
 	Antispyware signature creation time: 2019/3/5 8:01:53
 	Last quick scan start time: 2019/3/3 4:25:44
 	Last quick scan end time: 2019/3/3 4:40:45
 	Last quick scan source: 2
 	Last full scan start time: 1601/1/1 0:00:00
 	Last full scan end time: 1601/1/1 0:00:00
 	Last full scan source: 0
 	Product status: 0x00080000
"
Information	3/6/2019 12:18:26 AM	Microsoft-Windows-Windows Defender	1150	None	"Endpoint Protection client is up and running in a healthy state.
 	Platform version: 4.18.1902.2
 	Engine version: 1.1.15700.9
 	Signature version: 1.289.489.0
"
Information	3/5/2019 11:18:26 PM	Microsoft-Windows-Windows Defender	1151	None	"Endpoint Protection client health report (time in UTC):
 	Platform version: 4.18.1902.2
 	Engine version: 1.1.15700.9
 	Network Realtime Inspection engine version: 1.1.15700.9
 	Antivirus signature version: 1.289.489.0
 	Antispyware signature version: 1.289.489.0
 	Network Realtime Inspection signature version: 1.289.489.0
 	RTP state: Enabled
 	OA state: Enabled
 	IOAV state: Enabled
 	BM state: Enabled
 	Antivirus signature age: 0
 	Antispyware signature age: 0
 	Last quick scan age: 2
 	Last full scan age: 4294967295
 	Antivirus signature creation time: 2019/3/5 8:01:53
 	Antispyware signature creation time: 2019/3/5 8:01:53
 	Last quick scan start time: 2019/3/3 4:25:44
 	Last quick scan end time: 2019/3/3 4:40:45
 	Last quick scan source: 2
 	Last full scan start time: 1601/1/1 0:00:00
 	Last full scan end time: 1601/1/1 0:00:00
 	Last full scan source: 0
 	Product status: 0x00080000
"
Information	3/5/2019 11:18:26 PM	Microsoft-Windows-Windows Defender	1150	None	"Endpoint Protection client is up and running in a healthy state.
 	Platform version: 4.18.1902.2
 	Engine version: 1.1.15700.9
 	Signature version: 1.289.489.0
"
Information	3/5/2019 10:18:26 PM	Microsoft-Windows-Windows Defender	1151	None	"Endpoint Protection client health report (time in UTC):
 	Platform version: 4.18.1902.2
 	Engine version: 1.1.15700.9
 	Network Realtime Inspection engine version: 1.1.15700.9
 	Antivirus signature version: 1.289.489.0
 	Antispyware signature version: 1.289.489.0
 	Network Realtime Inspection signature version: 1.289.489.0
 	RTP state: Enabled
 	OA state: Enabled
 	IOAV state: Enabled
 	BM state: Enabled
 	Antivirus signature age: 0
 	Antispyware signature age: 0
 	Last quick scan age: 2
 	Last full scan age: 4294967295
 	Antivirus signature creation time: 2019/3/5 8:01:53
 	Antispyware signature creation time: 2019/3/5 8:01:53
 	Last quick scan start time: 2019/3/3 4:25:44
 	Last quick scan end time: 2019/3/3 4:40:45
 	Last quick scan source: 2
 	Last full scan start time: 1601/1/1 0:00:00
 	Last full scan end time: 1601/1/1 0:00:00
 	Last full scan source: 0
 	Product status: 0x00080000
"
Information	3/5/2019 10:18:26 PM	Microsoft-Windows-Windows Defender	1150	None	"Endpoint Protection client is up and running in a healthy state.
 	Platform version: 4.18.1902.2
 	Engine version: 1.1.15700.9
 	Signature version: 1.289.489.0
"
Information	3/5/2019 9:18:26 PM	Microsoft-Windows-Windows Defender	1151	None	"Endpoint Protection client health report (time in UTC):
 	Platform version: 4.18.1902.2
 	Engine version: 1.1.15700.9
 	Network Realtime Inspection engine version: 1.1.15700.9
 	Antivirus signature version: 1.289.489.0
 	Antispyware signature version: 1.289.489.0
 	Network Realtime Inspection signature version: 1.289.489.0
 	RTP state: Enabled
 	OA state: Enabled
 	IOAV state: Enabled
 	BM state: Enabled
 	Antivirus signature age: 0
 	Antispyware signature age: 0
 	Last quick scan age: 2
 	Last full scan age: 4294967295
 	Antivirus signature creation time: 2019/3/5 8:01:53
 	Antispyware signature creation time: 2019/3/5 8:01:53
 	Last quick scan start time: 2019/3/3 4:25:44
 	Last quick scan end time: 2019/3/3 4:40:45
 	Last quick scan source: 2
 	Last full scan start time: 1601/1/1 0:00:00
 	Last full scan end time: 1601/1/1 0:00:00
 	Last full scan source: 0
 	Product status: 0x00080000
"
Information	3/5/2019 9:18:26 PM	Microsoft-Windows-Windows Defender	1150	None	"Endpoint Protection client is up and running in a healthy state.
 	Platform version: 4.18.1902.2
 	Engine version: 1.1.15700.9
 	Signature version: 1.289.489.0
"
Information	3/5/2019 7:58:24 PM	Microsoft-Windows-Windows Defender	1151	None	"Endpoint Protection client health report (time in UTC):
 	Platform version: 4.18.1902.2
 	Engine version: 1.1.15700.9
 	Network Realtime Inspection engine version: 1.1.15700.9
 	Antivirus signature version: 1.289.489.0
 	Antispyware signature version: 1.289.489.0
 	Network Realtime Inspection signature version: 1.289.489.0
 	RTP state: Enabled
 	OA state: Enabled
 	IOAV state: Enabled
 	BM state: Enabled
 	Antivirus signature age: 0
 	Antispyware signature age: 0
 	Last quick scan age: 2
 	Last full scan age: 4294967295
 	Antivirus signature creation time: 2019/3/5 8:01:53
 	Antispyware signature creation time: 2019/3/5 8:01:53
 	Last quick scan start time: 2019/3/3 4:25:44
 	Last quick scan end time: 2019/3/3 4:40:45
 	Last quick scan source: 2
 	Last full scan start time: 1601/1/1 0:00:00
 	Last full scan end time: 1601/1/1 0:00:00
 	Last full scan source: 0
 	Product status: 0x00080000
"
Information	3/5/2019 7:58:24 PM	Microsoft-Windows-Windows Defender	1150	None	"Endpoint Protection client is up and running in a healthy state.
 	Platform version: 4.18.1902.2
 	Engine version: 1.1.15700.9
 	Signature version: 1.289.489.0
"
Information	3/5/2019 7:08:41 PM	Microsoft-Windows-Windows Defender	2000	None	"Windows Defender Antivirus signature version has been updated.
 	Current Signature Version: 1.289.489.0
 	Previous Signature Version: 1.289.435.0
 	Signature Type: AntiSpyware
 	Update Type: Delta
 	User: NT AUTHORITY\SYSTEM
 	Current Engine Version: 1.1.15700.9
 	Previous Engine Version: 1.1.15700.9"
Information	3/5/2019 7:08:41 PM	Microsoft-Windows-Windows Defender	2000	None	"Windows Defender Antivirus signature version has been updated.
 	Current Signature Version: 1.289.489.0
 	Previous Signature Version: 1.289.435.0
 	Signature Type: AntiVirus
 	Update Type: Delta
 	User: NT AUTHORITY\SYSTEM
 	Current Engine Version: 1.1.15700.9
 	Previous Engine Version: 1.1.15700.9"
Information	3/5/2019 6:36:38 PM	Microsoft-Windows-Windows Defender	1151	None	"Endpoint Protection client health report (time in UTC):
 	Platform version: 4.18.1902.2
 	Engine version: 1.1.15700.9
 	Network Realtime Inspection engine version: 1.1.15700.9
 	Antivirus signature version: 1.289.435.0
 	Antispyware signature version: 1.289.435.0
 	Network Realtime Inspection signature version: 1.289.435.0
 	RTP state: Enabled
 	OA state: Enabled
 	IOAV state: Enabled
 	BM state: Enabled
 	Antivirus signature age: 0
 	Antispyware signature age: 0
 	Last quick scan age: 2
 	Last full scan age: 4294967295
 	Antivirus signature creation time: 2019/3/4 14:25:44
 	Antispyware signature creation time: 2019/3/4 14:25:44
 	Last quick scan start time: 2019/3/3 4:25:44
 	Last quick scan end time: 2019/3/3 4:40:45
 	Last quick scan source: 2
 	Last full scan start time: 1601/1/1 0:00:00
 	Last full scan end time: 1601/1/1 0:00:00
 	Last full scan source: 0
 	Product status: 0x00080000
"
Information	3/5/2019 6:36:38 PM	Microsoft-Windows-Windows Defender	1150	None	"Endpoint Protection client is up and running in a healthy state.
 	Platform version: 4.18.1902.2
 	Engine version: 1.1.15700.9
 	Signature version: 1.289.435.0
"
Information	3/5/2019 5:36:38 PM	Microsoft-Windows-Windows Defender	1151	None	"Endpoint Protection client health report (time in UTC):
 	Platform version: 4.18.1902.2
 	Engine version: 1.1.15700.9
 	Network Realtime Inspection engine version: 1.1.15700.9
 	Antivirus signature version: 1.289.435.0
 	Antispyware signature version: 1.289.435.0
 	Network Realtime Inspection signature version: 1.289.435.0
 	RTP state: Enabled
 	OA state: Enabled
 	IOAV state: Enabled
 	BM state: Enabled
 	Antivirus signature age: 0
 	Antispyware signature age: 0
 	Last quick scan age: 2
 	Last full scan age: 4294967295
 	Antivirus signature creation time: 2019/3/4 14:25:44
 	Antispyware signature creation time: 2019/3/4 14:25:44
 	Last quick scan start time: 2019/3/3 4:25:44
 	Last quick scan end time: 2019/3/3 4:40:45
 	Last quick scan source: 2
 	Last full scan start time: 1601/1/1 0:00:00
 	Last full scan end time: 1601/1/1 0:00:00
 	Last full scan source: 0
 	Product status: 0x00080000
"
Information	3/5/2019 5:36:38 PM	Microsoft-Windows-Windows Defender	1150	None	"Endpoint Protection client is up and running in a healthy state.
 	Platform version: 4.18.1902.2
 	Engine version: 1.1.15700.9
 	Signature version: 1.289.435.0
"
Information	3/5/2019 4:36:38 PM	Microsoft-Windows-Windows Defender	1151	None	"Endpoint Protection client health report (time in UTC):
 	Platform version: 4.18.1902.2
 	Engine version: 1.1.15700.9
 	Network Realtime Inspection engine version: 1.1.15700.9
 	Antivirus signature version: 1.289.435.0
 	Antispyware signature version: 1.289.435.0
 	Network Realtime Inspection signature version: 1.289.435.0
 	RTP state: Enabled
 	OA state: Enabled
 	IOAV state: Enabled
 	BM state: Enabled
 	Antivirus signature age: 0
 	Antispyware signature age: 0
 	Last quick scan age: 2
 	Last full scan age: 4294967295
 	Antivirus signature creation time: 2019/3/4 14:25:44
 	Antispyware signature creation time: 2019/3/4 14:25:44
 	Last quick scan start time: 2019/3/3 4:25:44
 	Last quick scan end time: 2019/3/3 4:40:45
 	Last quick scan source: 2
 	Last full scan start time: 1601/1/1 0:00:00
 	Last full scan end time: 1601/1/1 0:00:00
 	Last full scan source: 0
 	Product status: 0x00080000
"
Information	3/5/2019 4:36:38 PM	Microsoft-Windows-Windows Defender	1150	None	"Endpoint Protection client is up and running in a healthy state.
 	Platform version: 4.18.1902.2
 	Engine version: 1.1.15700.9
 	Signature version: 1.289.435.0
"
Information	3/5/2019 3:36:38 PM	Microsoft-Windows-Windows Defender	1151	None	"Endpoint Protection client health report (time in UTC):
 	Platform version: 4.18.1902.2
 	Engine version: 1.1.15700.9
 	Network Realtime Inspection engine version: 1.1.15700.9
 	Antivirus signature version: 1.289.435.0
 	Antispyware signature version: 1.289.435.0
 	Network Realtime Inspection signature version: 1.289.435.0
 	RTP state: Enabled
 	OA state: Enabled
 	IOAV state: Enabled
 	BM state: Enabled
 	Antivirus signature age: 0
 	Antispyware signature age: 0
 	Last quick scan age: 2
 	Last full scan age: 4294967295
 	Antivirus signature creation time: 2019/3/4 14:25:44
 	Antispyware signature creation time: 2019/3/4 14:25:44
 	Last quick scan start time: 2019/3/3 4:25:44
 	Last quick scan end time: 2019/3/3 4:40:45
 	Last quick scan source: 2
 	Last full scan start time: 1601/1/1 0:00:00
 	Last full scan end time: 1601/1/1 0:00:00
 	Last full scan source: 0
 	Product status: 0x00080000
"
Information	3/5/2019 3:36:38 PM	Microsoft-Windows-Windows Defender	1150	None	"Endpoint Protection client is up and running in a healthy state.
 	Platform version: 4.18.1902.2
 	Engine version: 1.1.15700.9
 	Signature version: 1.289.435.0
"
Information	3/5/2019 2:36:38 PM	Microsoft-Windows-Windows Defender	1151	None	"Endpoint Protection client health report (time in UTC):
 	Platform version: 4.18.1902.2
 	Engine version: 1.1.15700.9
 	Network Realtime Inspection engine version: 1.1.15700.9
 	Antivirus signature version: 1.289.435.0
 	Antispyware signature version: 1.289.435.0
 	Network Realtime Inspection signature version: 1.289.435.0
 	RTP state: Enabled
 	OA state: Enabled
 	IOAV state: Enabled
 	BM state: Enabled
 	Antivirus signature age: 0
 	Antispyware signature age: 0
 	Last quick scan age: 2
 	Last full scan age: 4294967295
 	Antivirus signature creation time: 2019/3/4 14:25:44
 	Antispyware signature creation time: 2019/3/4 14:25:44
 	Last quick scan start time: 2019/3/3 4:25:44
 	Last quick scan end time: 2019/3/3 4:40:45
 	Last quick scan source: 2
 	Last full scan start time: 1601/1/1 0:00:00
 	Last full scan end time: 1601/1/1 0:00:00
 	Last full scan source: 0
 	Product status: 0x00080000
"
Information	3/5/2019 2:36:38 PM	Microsoft-Windows-Windows Defender	1150	None	"Endpoint Protection client is up and running in a healthy state.
 	Platform version: 4.18.1902.2
 	Engine version: 1.1.15700.9
 	Signature version: 1.289.435.0
"
Information	3/5/2019 1:36:38 PM	Microsoft-Windows-Windows Defender	1151	None	"Endpoint Protection client health report (time in UTC):
 	Platform version: 4.18.1902.2
 	Engine version: 1.1.15700.9
 	Network Realtime Inspection engine version: 1.1.15700.9
 	Antivirus signature version: 1.289.435.0
 	Antispyware signature version: 1.289.435.0
 	Network Realtime Inspection signature version: 1.289.435.0
 	RTP state: Enabled
 	OA state: Enabled
 	IOAV state: Enabled
 	BM state: Enabled
 	Antivirus signature age: 0
 	Antispyware signature age: 0
 	Last quick scan age: 2
 	Last full scan age: 4294967295
 	Antivirus signature creation time: 2019/3/4 14:25:44
 	Antispyware signature creation time: 2019/3/4 14:25:44
 	Last quick scan start time: 2019/3/3 4:25:44
 	Last quick scan end time: 2019/3/3 4:40:45
 	Last quick scan source: 2
 	Last full scan start time: 1601/1/1 0:00:00
 	Last full scan end time: 1601/1/1 0:00:00
 	Last full scan source: 0
 	Product status: 0x00080000
"
Information	3/5/2019 1:36:38 PM	Microsoft-Windows-Windows Defender	1150	None	"Endpoint Protection client is up and running in a healthy state.
 	Platform version: 4.18.1902.2
 	Engine version: 1.1.15700.9
 	Signature version: 1.289.435.0
"
Information	3/5/2019 12:36:38 PM	Microsoft-Windows-Windows Defender	1151	None	"Endpoint Protection client health report (time in UTC):
 	Platform version: 4.18.1902.2
 	Engine version: 1.1.15700.9
 	Network Realtime Inspection engine version: 1.1.15700.9
 	Antivirus signature version: 1.289.435.0
 	Antispyware signature version: 1.289.435.0
 	Network Realtime Inspection signature version: 1.289.435.0
 	RTP state: Enabled
 	OA state: Enabled
 	IOAV state: Enabled
 	BM state: Enabled
 	Antivirus signature age: 0
 	Antispyware signature age: 0
 	Last quick scan age: 2
 	Last full scan age: 4294967295
 	Antivirus signature creation time: 2019/3/4 14:25:44
 	Antispyware signature creation time: 2019/3/4 14:25:44
 	Last quick scan start time: 2019/3/3 4:25:44
 	Last quick scan end time: 2019/3/3 4:40:45
 	Last quick scan source: 2
 	Last full scan start time: 1601/1/1 0:00:00
 	Last full scan end time: 1601/1/1 0:00:00
 	Last full scan source: 0
 	Product status: 0x00080000
"
Information	3/5/2019 12:36:38 PM	Microsoft-Windows-Windows Defender	1150	None	"Endpoint Protection client is up and running in a healthy state.
 	Platform version: 4.18.1902.2
 	Engine version: 1.1.15700.9
 	Signature version: 1.289.435.0
"
Information	3/5/2019 9:15:09 AM	Microsoft-Windows-Windows Defender	1151	None	"Endpoint Protection client health report (time in UTC):
 	Platform version: 4.18.1902.2
 	Engine version: 1.1.15700.9
 	Network Realtime Inspection engine version: 1.1.15700.9
 	Antivirus signature version: 1.289.435.0
 	Antispyware signature version: 1.289.435.0
 	Network Realtime Inspection signature version: 1.289.435.0
 	RTP state: Enabled
 	OA state: Enabled
 	IOAV state: Enabled
 	BM state: Enabled
 	Antivirus signature age: 0
 	Antispyware signature age: 0
 	Last quick scan age: 1
 	Last full scan age: 4294967295
 	Antivirus signature creation time: 2019/3/4 14:25:44
 	Antispyware signature creation time: 2019/3/4 14:25:44
 	Last quick scan start time: 2019/3/3 4:25:44
 	Last quick scan end time: 2019/3/3 4:40:45
 	Last quick scan source: 2
 	Last full scan start time: 1601/1/1 0:00:00
 	Last full scan end time: 1601/1/1 0:00:00
 	Last full scan source: 0
 	Product status: 0x00080000
"
Information	3/5/2019 9:15:09 AM	Microsoft-Windows-Windows Defender	1150	None	"Endpoint Protection client is up and running in a healthy state.
 	Platform version: 4.18.1902.2
 	Engine version: 1.1.15700.9
 	Signature version: 1.289.435.0
"
Information	3/5/2019 1:58:03 AM	Microsoft-Windows-Windows Defender	2000	None	"Windows Defender Antivirus signature version has been updated.
 	Current Signature Version: 1.289.435.0
 	Previous Signature Version: 1.289.385.0
 	Signature Type: AntiSpyware
 	Update Type: Delta
 	User: NT AUTHORITY\SYSTEM
 	Current Engine Version: 1.1.15700.9
 	Previous Engine Version: 1.1.15700.9"
Information	3/5/2019 1:58:03 AM	Microsoft-Windows-Windows Defender	2000	None	"Windows Defender Antivirus signature version has been updated.
 	Current Signature Version: 1.289.435.0
 	Previous Signature Version: 1.289.385.0
 	Signature Type: AntiVirus
 	Update Type: Delta
 	User: NT AUTHORITY\SYSTEM
 	Current Engine Version: 1.1.15700.9
 	Previous Engine Version: 1.1.15700.9"
Information	3/5/2019 1:57:54 AM	Microsoft-Windows-Windows Defender	2010	None	"Windows Defender Antivirus used Dynamic Signature Service to retrieve additional signatures to help protect your machine.
 	Current Signature Version: 1.289.385.0
 	Signature Type: AntiSpyware
 	User: \
 	Current Engine Version: 1.1.15700.9
 	Dynamic Signature Type: Signature update
 	Persistence Path: C:\ProgramData\Microsoft\Windows Defender\Scans\RtSigs\data\9e3d5b411fd431a745c132e9be96bd1aaa5c9f9c
 	Dynamic Signature Version: 0.0.0.0
 	Dynamic Signature Compilation Timestamp: 2019/3/4 17:57:55
 	Persistence Limit Type: Duration
 	Persistence Limit: 864000000"
Information	3/5/2019 1:57:54 AM	Microsoft-Windows-Windows Defender	2010	None	"Windows Defender Antivirus used Dynamic Signature Service to retrieve additional signatures to help protect your machine.
 	Current Signature Version: 1.289.385.0
 	Signature Type: AntiVirus
 	User: \
 	Current Engine Version: 1.1.15700.9
 	Dynamic Signature Type: Signature update
 	Persistence Path: C:\ProgramData\Microsoft\Windows Defender\Scans\RtSigs\data\9e3d5b411fd431a745c132e9be96bd1aaa5c9f9c
 	Dynamic Signature Version: 0.0.0.0
 	Dynamic Signature Compilation Timestamp: 2019/3/4 17:57:55
 	Persistence Limit Type: Duration
 	Persistence Limit: 864000000"
Information	3/5/2019 1:57:54 AM	Microsoft-Windows-Windows Defender	2010	None	"Windows Defender Antivirus used Dynamic Signature Service to retrieve additional signatures to help protect your machine.
 	Current Signature Version: 1.289.385.0
 	Signature Type: AntiSpyware
 	User: \
 	Current Engine Version: 1.1.15700.9
 	Dynamic Signature Type: Signature update
 	Persistence Path: C:\ProgramData\Microsoft\Windows Defender\Scans\RtSigs\data\b74df67d0dac27f01fc7fac81b3acc909711ffd6
 	Dynamic Signature Version: 0.0.0.0
 	Dynamic Signature Compilation Timestamp: 2019/3/4 17:57:55
 	Persistence Limit Type: Duration
 	Persistence Limit: 864000000"
Information	3/5/2019 1:57:54 AM	Microsoft-Windows-Windows Defender	2010	None	"Windows Defender Antivirus used Dynamic Signature Service to retrieve additional signatures to help protect your machine.
 	Current Signature Version: 1.289.385.0
 	Signature Type: AntiVirus
 	User: \
 	Current Engine Version: 1.1.15700.9
 	Dynamic Signature Type: Signature update
 	Persistence Path: C:\ProgramData\Microsoft\Windows Defender\Scans\RtSigs\data\b74df67d0dac27f01fc7fac81b3acc909711ffd6
 	Dynamic Signature Version: 0.0.0.0
 	Dynamic Signature Compilation Timestamp: 2019/3/4 17:57:55
 	Persistence Limit Type: Duration
 	Persistence Limit: 864000000"
Information	3/5/2019 1:33:42 AM	Microsoft-Windows-Windows Defender	2011	None	"Windows Defender Antivirus used Dynamic Signature Service to discard obsolete signatures.
 	Current Signature Version: 1.289.385.0
 	Signature Type: AntiSpyware
 	Current Engine Version: 1.1.15700.9
 	Dynamic Signature Type: Signature update
 	Persistence Path: C:\ProgramData\Microsoft\Windows Defender\Scans\RtSigs\data\82a3ae1afbe59cfec3f12e5fa17beef7e4ab97d9
 	Dynamic Signature Version: 0.0.0.0
 	Dynamic Signature Compilation Timestamp: 2019/3/3 16:04:51
 	Removal Reason: Automatic
 	Persistence Limit Type: Duration
 	Persistence Limit: 864000000"
Information	3/5/2019 1:33:42 AM	Microsoft-Windows-Windows Defender	2011	None	"Windows Defender Antivirus used Dynamic Signature Service to discard obsolete signatures.
 	Current Signature Version: 1.289.385.0
 	Signature Type: AntiVirus
 	Current Engine Version: 1.1.15700.9
 	Dynamic Signature Type: Signature update
 	Persistence Path: C:\ProgramData\Microsoft\Windows Defender\Scans\RtSigs\data\82a3ae1afbe59cfec3f12e5fa17beef7e4ab97d9
 	Dynamic Signature Version: 0.0.0.0
 	Dynamic Signature Compilation Timestamp: 2019/3/3 16:04:51
 	Removal Reason: Automatic
 	Persistence Limit Type: Duration
 	Persistence Limit: 864000000"
Information	3/5/2019 1:33:42 AM	Microsoft-Windows-Windows Defender	2011	None	"Windows Defender Antivirus used Dynamic Signature Service to discard obsolete signatures.
 	Current Signature Version: 1.289.385.0
 	Signature Type: AntiSpyware
 	Current Engine Version: 1.1.15700.9
 	Dynamic Signature Type: Signature update
 	Persistence Path: C:\ProgramData\Microsoft\Windows Defender\Scans\RtSigs\data\31df8cbecfcdff11a5d065fd2a0c26ce68620cd1
 	Dynamic Signature Version: 0.0.0.0
 	Dynamic Signature Compilation Timestamp: 2019/3/3 16:04:51
 	Removal Reason: Automatic
 	Persistence Limit Type: Duration
 	Persistence Limit: 864000000"
Information	3/5/2019 1:33:42 AM	Microsoft-Windows-Windows Defender	2011	None	"Windows Defender Antivirus used Dynamic Signature Service to discard obsolete signatures.
 	Current Signature Version: 1.289.385.0
 	Signature Type: AntiVirus
 	Current Engine Version: 1.1.15700.9
 	Dynamic Signature Type: Signature update
 	Persistence Path: C:\ProgramData\Microsoft\Windows Defender\Scans\RtSigs\data\31df8cbecfcdff11a5d065fd2a0c26ce68620cd1
 	Dynamic Signature Version: 0.0.0.0
 	Dynamic Signature Compilation Timestamp: 2019/3/3 16:04:51
 	Removal Reason: Automatic
 	Persistence Limit Type: Duration
 	Persistence Limit: 864000000"
Information	3/5/2019 12:36:25 AM	Microsoft-Windows-Windows Defender	1151	None	"Endpoint Protection client health report (time in UTC):
 	Platform version: 4.18.1902.2
 	Engine version: 1.1.15700.9
 	Network Realtime Inspection engine version: 1.1.15700.9
 	Antivirus signature version: 1.289.385.0
 	Antispyware signature version: 1.289.385.0
 	Network Realtime Inspection signature version: 1.289.385.0
 	RTP state: Enabled
 	OA state: Enabled
 	IOAV state: Enabled
 	BM state: Enabled
 	Antivirus signature age: 0
 	Antispyware signature age: 0
 	Last quick scan age: 1
 	Last full scan age: 4294967295
 	Antivirus signature creation time: 2019/3/3 21:28:32
 	Antispyware signature creation time: 2019/3/3 21:28:32
 	Last quick scan start time: 2019/3/3 4:25:44
 	Last quick scan end time: 2019/3/3 4:40:45
 	Last quick scan source: 2
 	Last full scan start time: 1601/1/1 0:00:00
 	Last full scan end time: 1601/1/1 0:00:00
 	Last full scan source: 0
 	Product status: 0x00080000
"
Information	3/5/2019 12:36:25 AM	Microsoft-Windows-Windows Defender	1150	None	"Endpoint Protection client is up and running in a healthy state.
 	Platform version: 4.18.1902.2
 	Engine version: 1.1.15700.9
 	Signature version: 1.289.385.0
"
Information	3/4/2019 11:36:25 PM	Microsoft-Windows-Windows Defender	1151	None	"Endpoint Protection client health report (time in UTC):
 	Platform version: 4.18.1902.2
 	Engine version: 1.1.15700.9
 	Network Realtime Inspection engine version: 1.1.15700.9
 	Antivirus signature version: 1.289.385.0
 	Antispyware signature version: 1.289.385.0
 	Network Realtime Inspection signature version: 1.289.385.0
 	RTP state: Enabled
 	OA state: Enabled
 	IOAV state: Enabled
 	BM state: Enabled
 	Antivirus signature age: 0
 	Antispyware signature age: 0
 	Last quick scan age: 1
 	Last full scan age: 4294967295
 	Antivirus signature creation time: 2019/3/3 21:28:32
 	Antispyware signature creation time: 2019/3/3 21:28:32
 	Last quick scan start time: 2019/3/3 4:25:44
 	Last quick scan end time: 2019/3/3 4:40:45
 	Last quick scan source: 2
 	Last full scan start time: 1601/1/1 0:00:00
 	Last full scan end time: 1601/1/1 0:00:00
 	Last full scan source: 0
 	Product status: 0x00080000
"
Information	3/4/2019 11:36:25 PM	Microsoft-Windows-Windows Defender	1150	None	"Endpoint Protection client is up and running in a healthy state.
 	Platform version: 4.18.1902.2
 	Engine version: 1.1.15700.9
 	Signature version: 1.289.385.0
"
Information	3/4/2019 10:36:25 PM	Microsoft-Windows-Windows Defender	1151	None	"Endpoint Protection client health report (time in UTC):
 	Platform version: 4.18.1902.2
 	Engine version: 1.1.15700.9
 	Network Realtime Inspection engine version: 1.1.15700.9
 	Antivirus signature version: 1.289.385.0
 	Antispyware signature version: 1.289.385.0
 	Network Realtime Inspection signature version: 1.289.385.0
 	RTP state: Enabled
 	OA state: Enabled
 	IOAV state: Enabled
 	BM state: Enabled
 	Antivirus signature age: 0
 	Antispyware signature age: 0
 	Last quick scan age: 1
 	Last full scan age: 4294967295
 	Antivirus signature creation time: 2019/3/3 21:28:32
 	Antispyware signature creation time: 2019/3/3 21:28:32
 	Last quick scan start time: 2019/3/3 4:25:44
 	Last quick scan end time: 2019/3/3 4:40:45
 	Last quick scan source: 2
 	Last full scan start time: 1601/1/1 0:00:00
 	Last full scan end time: 1601/1/1 0:00:00
 	Last full scan source: 0
 	Product status: 0x00080000
"
Information	3/4/2019 10:36:25 PM	Microsoft-Windows-Windows Defender	1150	None	"Endpoint Protection client is up and running in a healthy state.
 	Platform version: 4.18.1902.2
 	Engine version: 1.1.15700.9
 	Signature version: 1.289.385.0
"
