Information	2/18/2019 1:39:57 PM	Microsoft-Windows-Windows Defender	2011	None	"Windows Defender Antivirus used Dynamic Signature Service to discard obsolete signatures.
 	Current Signature Version: 1.287.93.0
 	Signature Type: AntiSpyware
 	Current Engine Version: 1.1.15700.8
 	Dynamic Signature Type: Signature update
 	Persistence Path: C:\ProgramData\Microsoft\Windows Defender\Scans\RtSigs\data\e9725afbc9c6d2cc4ad01e27ef084d5d8b4134cb
 	Dynamic Signature Version: 0.0.0.0
 	Dynamic Signature Compilation Timestamp: 2019/1/18 3:56:21
 	Removal Reason: Automatic
 	Persistence Limit Type: Duration
 	Persistence Limit: 150196224"
Information	2/18/2019 1:39:57 PM	Microsoft-Windows-Windows Defender	2011	None	"Windows Defender Antivirus used Dynamic Signature Service to discard obsolete signatures.
 	Current Signature Version: 1.287.93.0
 	Signature Type: AntiVirus
 	Current Engine Version: 1.1.15700.8
 	Dynamic Signature Type: Signature update
 	Persistence Path: C:\ProgramData\Microsoft\Windows Defender\Scans\RtSigs\data\e9725afbc9c6d2cc4ad01e27ef084d5d8b4134cb
 	Dynamic Signature Version: 0.0.0.0
 	Dynamic Signature Compilation Timestamp: 2019/1/18 3:56:21
 	Removal Reason: Automatic
 	Persistence Limit Type: Duration
 	Persistence Limit: 150196224"
Information	2/18/2019 1:39:57 PM	Microsoft-Windows-Windows Defender	2011	None	"Windows Defender Antivirus used Dynamic Signature Service to discard obsolete signatures.
 	Current Signature Version: 1.287.93.0
 	Signature Type: AntiSpyware
 	Current Engine Version: 1.1.15700.8
 	Dynamic Signature Type: Signature update
 	Persistence Path: C:\ProgramData\Microsoft\Windows Defender\Scans\RtSigs\data\e642443e4183a9a3e247e0f620bd56f4f03b2a72
 	Dynamic Signature Version: 0.0.0.0
 	Dynamic Signature Compilation Timestamp: 2019/1/19 5:34:26
 	Removal Reason: Automatic
 	Persistence Limit Type: Duration
 	Persistence Limit: 150196224"
Information	2/18/2019 1:39:57 PM	Microsoft-Windows-Windows Defender	2011	None	"Windows Defender Antivirus used Dynamic Signature Service to discard obsolete signatures.
 	Current Signature Version: 1.287.93.0
 	Signature Type: AntiVirus
 	Current Engine Version: 1.1.15700.8
 	Dynamic Signature Type: Signature update
 	Persistence Path: C:\ProgramData\Microsoft\Windows Defender\Scans\RtSigs\data\e642443e4183a9a3e247e0f620bd56f4f03b2a72
 	Dynamic Signature Version: 0.0.0.0
 	Dynamic Signature Compilation Timestamp: 2019/1/19 5:34:26
 	Removal Reason: Automatic
 	Persistence Limit Type: Duration
 	Persistence Limit: 150196224"
Information	2/18/2019 1:39:57 PM	Microsoft-Windows-Windows Defender	2011	None	"Windows Defender Antivirus used Dynamic Signature Service to discard obsolete signatures.
 	Current Signature Version: 1.287.93.0
 	Signature Type: AntiSpyware
 	Current Engine Version: 1.1.15700.8
 	Dynamic Signature Type: Signature update
 	Persistence Path: C:\ProgramData\Microsoft\Windows Defender\Scans\RtSigs\data\c52a408d15ef0feb030fdb86149ebbb88d0a9d8b
 	Dynamic Signature Version: 0.0.0.0
 	Dynamic Signature Compilation Timestamp: 2019/1/19 5:34:26
 	Removal Reason: Automatic
 	Persistence Limit Type: Duration
 	Persistence Limit: 150196224"
Information	2/18/2019 1:39:57 PM	Microsoft-Windows-Windows Defender	2011	None	"Windows Defender Antivirus used Dynamic Signature Service to discard obsolete signatures.
 	Current Signature Version: 1.287.93.0
 	Signature Type: AntiVirus
 	Current Engine Version: 1.1.15700.8
 	Dynamic Signature Type: Signature update
 	Persistence Path: C:\ProgramData\Microsoft\Windows Defender\Scans\RtSigs\data\c52a408d15ef0feb030fdb86149ebbb88d0a9d8b
 	Dynamic Signature Version: 0.0.0.0
 	Dynamic Signature Compilation Timestamp: 2019/1/19 5:34:26
 	Removal Reason: Automatic
 	Persistence Limit Type: Duration
 	Persistence Limit: 150196224"
Information	2/18/2019 1:39:57 PM	Microsoft-Windows-Windows Defender	2011	None	"Windows Defender Antivirus used Dynamic Signature Service to discard obsolete signatures.
 	Current Signature Version: 1.287.93.0
 	Signature Type: AntiSpyware
 	Current Engine Version: 1.1.15700.8
 	Dynamic Signature Type: Signature update
 	Persistence Path: C:\ProgramData\Microsoft\Windows Defender\Scans\RtSigs\data\20d0ff6aa947812bc817b72fe4e6c75bcbcd618e
 	Dynamic Signature Version: 0.0.0.0
 	Dynamic Signature Compilation Timestamp: 2019/1/19 5:34:26
 	Removal Reason: Automatic
 	Persistence Limit Type: Duration
 	Persistence Limit: 150196224"
Information	2/18/2019 1:39:57 PM	Microsoft-Windows-Windows Defender	2011	None	"Windows Defender Antivirus used Dynamic Signature Service to discard obsolete signatures.
 	Current Signature Version: 1.287.93.0
 	Signature Type: AntiVirus
 	Current Engine Version: 1.1.15700.8
 	Dynamic Signature Type: Signature update
 	Persistence Path: C:\ProgramData\Microsoft\Windows Defender\Scans\RtSigs\data\20d0ff6aa947812bc817b72fe4e6c75bcbcd618e
 	Dynamic Signature Version: 0.0.0.0
 	Dynamic Signature Compilation Timestamp: 2019/1/19 5:34:26
 	Removal Reason: Automatic
 	Persistence Limit Type: Duration
 	Persistence Limit: 150196224"
Information	2/17/2019 3:29:41 AM	Microsoft-Windows-Windows Defender	2011	None	"Windows Defender Antivirus used Dynamic Signature Service to discard obsolete signatures.
 	Current Signature Version: 1.287.93.0
 	Signature Type: AntiSpyware
 	Current Engine Version: 1.1.15700.8
 	Dynamic Signature Type: Signature update
 	Persistence Path: C:\ProgramData\Microsoft\Windows Defender\Scans\RtSigs\data\880b655b4ad2b8e0eb08b8b3beb6d6f8e3f24474
 	Dynamic Signature Version: 0.0.0.0
 	Dynamic Signature Compilation Timestamp: 2019/1/17 15:13:41
 	Removal Reason: Automatic
 	Persistence Limit Type: Duration
 	Persistence Limit: 150196224"
Information	2/17/2019 3:29:41 AM	Microsoft-Windows-Windows Defender	2011	None	"Windows Defender Antivirus used Dynamic Signature Service to discard obsolete signatures.
 	Current Signature Version: 1.287.93.0
 	Signature Type: AntiVirus
 	Current Engine Version: 1.1.15700.8
 	Dynamic Signature Type: Signature update
 	Persistence Path: C:\ProgramData\Microsoft\Windows Defender\Scans\RtSigs\data\880b655b4ad2b8e0eb08b8b3beb6d6f8e3f24474
 	Dynamic Signature Version: 0.0.0.0
 	Dynamic Signature Compilation Timestamp: 2019/1/17 15:13:41
 	Removal Reason: Automatic
 	Persistence Limit Type: Duration
 	Persistence Limit: 150196224"
Information	2/16/2019 5:34:08 PM	Microsoft-Windows-Windows Defender	1151	None	"Endpoint Protection client health report (time in UTC):
 	Platform version: 4.18.1901.7
 	Engine version: 1.1.15700.8
 	Network Realtime Inspection engine version: 1.1.15700.8
 	Antivirus signature version: 1.287.93.0
 	Antispyware signature version: 1.287.93.0
 	Network Realtime Inspection signature version: 1.287.93.0
 	RTP state: Enabled
 	OA state: Enabled
 	IOAV state: Enabled
 	BM state: Enabled
 	Antivirus signature age: 0
 	Antispyware signature age: 0
 	Last quick scan age: 0
 	Last full scan age: 4294967295
 	Antivirus signature creation time: 2019/2/16 2:47:43
 	Antispyware signature creation time: 2019/2/16 2:47:44
 	Last quick scan start time: 2019/2/15 13:18:51
 	Last quick scan end time: 2019/2/15 13:33:49
 	Last quick scan source: 2
 	Last full scan start time: 1601/1/1 0:00:00
 	Last full scan end time: 1601/1/1 0:00:00
 	Last full scan source: 0
 	Product status: 0x00080000
"
Information	2/16/2019 5:34:08 PM	Microsoft-Windows-Windows Defender	1150	None	"Endpoint Protection client is up and running in a healthy state.
 	Platform version: 4.18.1901.7
 	Engine version: 1.1.15700.8
 	Signature version: 1.287.93.0
"
Information	2/16/2019 4:44:54 PM	Microsoft-Windows-Windows Defender	2000	None	"Windows Defender Antivirus signature version has been updated.
 	Current Signature Version: 1.287.93.0
 	Previous Signature Version: 1.287.42.0
 	Signature Type: AntiSpyware
 	Update Type: Delta
 	User: NT AUTHORITY\SYSTEM
 	Current Engine Version: 1.1.15700.8
 	Previous Engine Version: 1.1.15700.8"
Information	2/16/2019 4:44:54 PM	Microsoft-Windows-Windows Defender	2000	None	"Windows Defender Antivirus signature version has been updated.
 	Current Signature Version: 1.287.93.0
 	Previous Signature Version: 1.287.42.0
 	Signature Type: AntiVirus
 	Update Type: Delta
 	User: NT AUTHORITY\SYSTEM
 	Current Engine Version: 1.1.15700.8
 	Previous Engine Version: 1.1.15700.8"
Information	2/15/2019 10:05:06 PM	Microsoft-Windows-Windows Defender	2011	None	"Windows Defender Antivirus used Dynamic Signature Service to discard obsolete signatures.
 	Current Signature Version: 1.287.42.0
 	Signature Type: AntiSpyware
 	Current Engine Version: 1.1.15700.8
 	Dynamic Signature Type: Signature update
 	Persistence Path: C:\ProgramData\Microsoft\Windows Defender\Scans\RtSigs\data\15414a23e89b4666cfd9026bbf193124fa1859f6
 	Dynamic Signature Version: 0.0.0.0
 	Dynamic Signature Compilation Timestamp: 2019/2/14 13:53:20
 	Removal Reason: Automatic
 	Persistence Limit Type: Duration
 	Persistence Limit: 864000000"
Information	2/15/2019 10:05:06 PM	Microsoft-Windows-Windows Defender	2011	None	"Windows Defender Antivirus used Dynamic Signature Service to discard obsolete signatures.
 	Current Signature Version: 1.287.42.0
 	Signature Type: AntiVirus
 	Current Engine Version: 1.1.15700.8
 	Dynamic Signature Type: Signature update
 	Persistence Path: C:\ProgramData\Microsoft\Windows Defender\Scans\RtSigs\data\15414a23e89b4666cfd9026bbf193124fa1859f6
 	Dynamic Signature Version: 0.0.0.0
 	Dynamic Signature Compilation Timestamp: 2019/2/14 13:53:20
 	Removal Reason: Automatic
 	Persistence Limit Type: Duration
 	Persistence Limit: 864000000"
Information	2/15/2019 9:34:38 PM	Microsoft-Windows-Windows Defender	1117	None	"Windows Defender Antivirus has taken action to protect this machine from malware or other potentially unwanted software.
 For more information please see the following:
https://go.microsoft.com/fwlink/?linkid=37020&name=HackTool:Win32/AutoKMS&threatid=2147685180&enterprise=0
 	Name: HackTool:Win32/AutoKMS
 	ID: 2147685180
 	Severity: 高
 	Category: 工具
 	Path: file:_C:\WINDOWS\KMSAuto.exe; file:_C:\WINDOWS\System32\Tasks\KMSAuto; regkey:_HKLM\SOFTWARE\Microsoft\Windows NT\CurrentVersion\Schedule\TaskCache\Tasks\{9621FF96-5574-422C-8E69-60D50F3F2E1E}; regkey:_HKLM\SOFTWARE\Microsoft\Windows NT\CurrentVersion\Schedule\TaskCache\Tree\KMSAuto; taskscheduler:_C:\WINDOWS\System32\Tasks\KMSAuto
 	Detection Origin: Local machine
 	Detection Type: Concrete
 	Detection Source: System
 	User: NT AUTHORITY\SYSTEM
 	Process Name: Unknown
 	Action: Quarantine
 	Action Status:  No additional actions required
 	Error Code: 0x00000000
 	Error description: 操作成功完成。 
 	Signature Version: AV: 1.287.42.0, AS: 1.287.42.0, NIS: 1.287.42.0
 	Engine Version: AM: 1.1.15700.8, NIS: 1.1.15700.8"
Information	2/15/2019 9:33:49 PM	Microsoft-Windows-Windows Defender	1001	None	"Windows Defender Antivirus scan has finished.
 	Scan ID: {70AA1EA8-A414-47AD-B6EB-F8A80623C56A}
 	Scan Type: Antimalware
 	Scan Parameters: Quick Scan
 	User: NT AUTHORITY\SYSTEM
 	Scan Time: 0:14:58"
Warning	2/15/2019 9:33:49 PM	Microsoft-Windows-Windows Defender	1116	None	"Windows Defender Antivirus has detected malware or other potentially unwanted software.
 For more information please see the following:
https://go.microsoft.com/fwlink/?linkid=37020&name=HackTool:Win32/AutoKMS&threatid=2147685180&enterprise=0
 	Name: HackTool:Win32/AutoKMS
 	ID: 2147685180
 	Severity: 高
 	Category: 工具
 	Path: file:_C:\WINDOWS\KMSAuto.exe; file:_C:\WINDOWS\System32\Tasks\KMSAuto; regkey:_HKLM\SOFTWARE\Microsoft\Windows NT\CurrentVersion\Schedule\TaskCache\Tasks\{9621FF96-5574-422C-8E69-60D50F3F2E1E}; regkey:_HKLM\SOFTWARE\Microsoft\Windows NT\CurrentVersion\Schedule\TaskCache\Tree\KMSAuto; taskscheduler:_C:\WINDOWS\System32\Tasks\KMSAuto
 	Detection Origin: Local machine
 	Detection Type: Concrete
 	Detection Source: System
 	User: NT AUTHORITY\SYSTEM
 	Process Name: Unknown
 	Signature Version: AV: 1.287.42.0, AS: 1.287.42.0, NIS: 1.287.42.0
 	Engine Version: AM: 1.1.15700.8, NIS: 1.1.15700.8"
Information	2/15/2019 9:18:51 PM	Microsoft-Windows-Windows Defender	1000	None	"Windows Defender Antivirus scan has started.
 	Scan ID: {70AA1EA8-A414-47AD-B6EB-F8A80623C56A}
 	Scan Type: Antimalware
 	Scan Parameters: Quick Scan
 	Scan Resources: 
 	User: NT AUTHORITY\SYSTEM"
Warning	2/15/2019 9:14:40 PM	Microsoft-Windows-Windows Defender	1002	None	"Windows Defender Antivirus scan has been stopped before completion.
 	Scan ID: {586B4210-D639-46F2-B6B8-62C0B43FD06E}
 	Scan Type: Antimalware
 	Scan Parameters: Quick Scan
  	User: NT AUTHORITY\SYSTEM"
Information	2/15/2019 9:12:51 PM	Microsoft-Windows-Windows Defender	1000	None	"Windows Defender Antivirus scan has started.
 	Scan ID: {586B4210-D639-46F2-B6B8-62C0B43FD06E}
 	Scan Type: Antimalware
 	Scan Parameters: Quick Scan
 	Scan Resources: 
 	User: NT AUTHORITY\SYSTEM"
Information	2/15/2019 9:07:14 PM	Microsoft-Windows-Windows Defender	2000	None	"Windows Defender Antivirus signature version has been updated.
 	Current Signature Version: 1.287.42.0
 	Previous Signature Version: 1.287.36.0
 	Signature Type: AntiSpyware
 	Update Type: Delta
 	User: NT AUTHORITY\SYSTEM
 	Current Engine Version: 1.1.15700.8
 	Previous Engine Version: 1.1.15700.8"
Information	2/15/2019 9:07:14 PM	Microsoft-Windows-Windows Defender	2000	None	"Windows Defender Antivirus signature version has been updated.
 	Current Signature Version: 1.287.42.0
 	Previous Signature Version: 1.287.36.0
 	Signature Type: AntiVirus
 	Update Type: Delta
 	User: NT AUTHORITY\SYSTEM
 	Current Engine Version: 1.1.15700.8
 	Previous Engine Version: 1.1.15700.8"
Information	2/15/2019 7:09:12 PM	Microsoft-Windows-Windows Defender	5007	None	"Windows Defender Antivirus Configuration has changed. If this is an unexpected event you should review the settings as this may be the result of malware.
 	Old value: HKLM\SOFTWARE\Microsoft\Windows Defender\Exclusions\TemporaryPaths\\\?\C:\Windows\KMSAuto.exe = 0x75
 	New value: "
Information	2/15/2019 7:09:12 PM	Microsoft-Windows-Windows Defender	5007	None	"Windows Defender Antivirus Configuration has changed. If this is an unexpected event you should review the settings as this may be the result of malware.
 	Old value: HKLM\SOFTWARE\Microsoft\Windows Defender\Exclusions\TemporaryPaths\\\?\H:\Hackintosh\temp\Universal BIOS Backup ToolKit 2.0\Universal BIOS Backup ToolKit 2.0.exe = 0x75
 	New value: "
Information	2/15/2019 7:09:12 PM	Microsoft-Windows-Windows Defender	2000	None	"Windows Defender Antivirus signature version has been updated.
 	Current Signature Version: 1.287.36.0
 	Previous Signature Version: 1.285.1563.0
 	Signature Type: AntiSpyware
 	Update Type: Full
 	User: NT AUTHORITY\SYSTEM
 	Current Engine Version: 1.1.15700.8
 	Previous Engine Version: 1.1.15700.8"
Information	2/15/2019 7:09:12 PM	Microsoft-Windows-Windows Defender	2000	None	"Windows Defender Antivirus signature version has been updated.
 	Current Signature Version: 1.287.36.0
 	Previous Signature Version: 1.285.1563.0
 	Signature Type: AntiVirus
 	Update Type: Full
 	User: NT AUTHORITY\SYSTEM
 	Current Engine Version: 1.1.15700.8
 	Previous Engine Version: 1.1.15700.8"
Information	2/15/2019 7:08:45 PM	Microsoft-Windows-Windows Defender	2002	None	"Windows Defender Antivirus engine version has been updated.
 	Current Engine Version: 1.1.15700.8
 	Previous Engine Version: 1.1.15600.4
 	User: NT AUTHORITY\SYSTEM"
Warning	2/15/2019 5:18:54 PM	Microsoft-Windows-Windows Defender	1002	None	"Windows Defender Antivirus scan has been stopped before completion.
 	Scan ID: {762B83BF-E035-4B4B-89F6-EED475214467}
 	Scan Type: Antimalware
 	Scan Parameters: Quick Scan
  	User: NT AUTHORITY\SYSTEM"
Information	2/15/2019 3:57:08 AM	Microsoft-Windows-Windows Defender	1000	None	"Windows Defender Antivirus scan has started.
 	Scan ID: {762B83BF-E035-4B4B-89F6-EED475214467}
 	Scan Type: Antimalware
 	Scan Parameters: Quick Scan
 	Scan Resources: 
 	User: NT AUTHORITY\SYSTEM"
Warning	2/15/2019 3:52:17 AM	Microsoft-Windows-Windows Defender	1002	None	"Windows Defender Antivirus scan has been stopped before completion.
 	Scan ID: {020417A0-50B2-4309-B954-8FD8B9C12E06}
 	Scan Type: Antimalware
 	Scan Parameters: Quick Scan
  	User: NT AUTHORITY\SYSTEM"
Information	2/15/2019 3:49:10 AM	Microsoft-Windows-Windows Defender	1000	None	"Windows Defender Antivirus scan has started.
 	Scan ID: {020417A0-50B2-4309-B954-8FD8B9C12E06}
 	Scan Type: Antimalware
 	Scan Parameters: Quick Scan
 	Scan Resources: 
 	User: NT AUTHORITY\SYSTEM"
Information	2/15/2019 3:19:33 AM	Microsoft-Windows-Windows Defender	1151	None	"Endpoint Protection client health report (time in UTC):
 	Platform version: 4.18.1901.7
 	Engine version: 1.1.15600.4
 	Network Realtime Inspection engine version: 1.1.15600.4
 	Antivirus signature version: 1.285.1563.0
 	Antispyware signature version: 1.285.1563.0
 	Network Realtime Inspection signature version: 1.285.1563.0
 	RTP state: Enabled
 	OA state: Enabled
 	IOAV state: Enabled
 	BM state: Enabled
 	Antivirus signature age: 0
 	Antispyware signature age: 0
 	Last quick scan age: 1
 	Last full scan age: 4294967295
 	Antivirus signature creation time: 2019/2/14 5:32:07
 	Antispyware signature creation time: 2019/2/14 5:32:07
 	Last quick scan start time: 2019/2/13 8:51:50
 	Last quick scan end time: 2019/2/13 8:58:20
 	Last quick scan source: 2
 	Last full scan start time: 1601/1/1 0:00:00
 	Last full scan end time: 1601/1/1 0:00:00
 	Last full scan source: 0
 	Product status: 0x00080000
"
Information	2/15/2019 3:19:33 AM	Microsoft-Windows-Windows Defender	1150	None	"Endpoint Protection client is up and running in a healthy state.
 	Platform version: 4.18.1901.7
 	Engine version: 1.1.15600.4
 	Signature version: 1.285.1563.0
"
Information	2/15/2019 12:48:46 AM	Microsoft-Windows-Windows Defender	2011	None	"Windows Defender Antivirus used Dynamic Signature Service to discard obsolete signatures.
 	Current Signature Version: 1.285.1563.0
 	Signature Type: AntiSpyware
 	Current Engine Version: 1.1.15600.4
 	Dynamic Signature Type: Signature update
 	Persistence Path: C:\ProgramData\Microsoft\Windows Defender\Scans\RtSigs\data\46ecc305811408bc94385218171815373359e6cd
 	Dynamic Signature Version: 0.0.0.0
 	Dynamic Signature Compilation Timestamp: 2019/1/15 16:21:45
 	Removal Reason: Automatic
 	Persistence Limit Type: Duration
 	Persistence Limit: 150196224"
Information	2/15/2019 12:48:46 AM	Microsoft-Windows-Windows Defender	2011	None	"Windows Defender Antivirus used Dynamic Signature Service to discard obsolete signatures.
 	Current Signature Version: 1.285.1563.0
 	Signature Type: AntiVirus
 	Current Engine Version: 1.1.15600.4
 	Dynamic Signature Type: Signature update
 	Persistence Path: C:\ProgramData\Microsoft\Windows Defender\Scans\RtSigs\data\46ecc305811408bc94385218171815373359e6cd
 	Dynamic Signature Version: 0.0.0.0
 	Dynamic Signature Compilation Timestamp: 2019/1/15 16:21:45
 	Removal Reason: Automatic
 	Persistence Limit Type: Duration
 	Persistence Limit: 150196224"
Error	2/15/2019 12:29:06 AM	Microsoft-Windows-Windows Defender	2001	None	"Windows Defender Antivirus has encountered an error trying to update signatures.
 	New Signature Version: 
 	Previous Signature Version: 1.285.1563.0
 	Update Source: Microsoft Update Server
 	Signature Type: AntiVirus
 	Update Type: Full
 	User: NT AUTHORITY\SYSTEM
 	Current Engine Version: 
 	Previous Engine Version: 1.1.15600.4
 	Error code: 0x8024402c
 	Error description: 在检查更新时出现意外问题。有关更新的安装和疑难解答的信息，请参阅“帮助和支持”。 "
Warning	2/14/2019 11:50:53 PM	Microsoft-Windows-Windows Defender	1002	None	"Windows Defender Antivirus scan has been stopped before completion.
 	Scan ID: {7799290F-1A8C-4A20-90F3-B46699C617F3}
 	Scan Type: Antimalware
 	Scan Parameters: Quick Scan
  	User: NT AUTHORITY\SYSTEM"
Information	2/14/2019 11:48:57 PM	Microsoft-Windows-Windows Defender	1000	None	"Windows Defender Antivirus scan has started.
 	Scan ID: {7799290F-1A8C-4A20-90F3-B46699C617F3}
 	Scan Type: Antimalware
 	Scan Parameters: Quick Scan
 	Scan Resources: 
 	User: NT AUTHORITY\SYSTEM"
Information	2/14/2019 11:28:40 PM	Microsoft-Windows-Windows Defender	1151	None	"Endpoint Protection client health report (time in UTC):
 	Platform version: 4.18.1901.7
 	Engine version: 1.1.15600.4
 	Network Realtime Inspection engine version: 1.1.15600.4
 	Antivirus signature version: 1.285.1563.0
 	Antispyware signature version: 1.285.1563.0
 	Network Realtime Inspection signature version: 1.285.1563.0
 	RTP state: Enabled
 	OA state: Enabled
 	IOAV state: Enabled
 	BM state: Enabled
 	Antivirus signature age: 0
 	Antispyware signature age: 0
 	Last quick scan age: 1
 	Last full scan age: 4294967295
 	Antivirus signature creation time: 2019/2/14 5:32:07
 	Antispyware signature creation time: 2019/2/14 5:32:07
 	Last quick scan start time: 2019/2/13 8:51:50
 	Last quick scan end time: 2019/2/13 8:58:20
 	Last quick scan source: 2
 	Last full scan start time: 1601/1/1 0:00:00
 	Last full scan end time: 1601/1/1 0:00:00
 	Last full scan source: 0
 	Product status: 0x00080000
"
Information	2/14/2019 11:28:40 PM	Microsoft-Windows-Windows Defender	1150	None	"Endpoint Protection client is up and running in a healthy state.
 	Platform version: 4.18.1901.7
 	Engine version: 1.1.15600.4
 	Signature version: 1.285.1563.0
"
Warning	2/14/2019 11:24:47 PM	Microsoft-Windows-Windows Defender	1002	None	"Windows Defender Antivirus scan has been stopped before completion.
 	Scan ID: {FECD0E97-49F6-45FF-951D-93AA9EEC6BE2}
 	Scan Type: Antimalware
 	Scan Parameters: Quick Scan
  	User: NT AUTHORITY\SYSTEM"
Information	2/14/2019 11:23:52 PM	Microsoft-Windows-Windows Defender	1000	None	"Windows Defender Antivirus scan has started.
 	Scan ID: {FECD0E97-49F6-45FF-951D-93AA9EEC6BE2}
 	Scan Type: Antimalware
 	Scan Parameters: Quick Scan
 	Scan Resources: 
 	User: NT AUTHORITY\SYSTEM"
Warning	2/14/2019 11:08:06 PM	Microsoft-Windows-Windows Defender	1002	None	"Windows Defender Antivirus scan has been stopped before completion.
 	Scan ID: {F032A73D-5B36-4B59-869C-8DCC4C350185}
 	Scan Type: Antimalware
 	Scan Parameters: Quick Scan
  	User: NT AUTHORITY\SYSTEM"
Information	2/14/2019 11:03:33 PM	Microsoft-Windows-Windows Defender	1000	None	"Windows Defender Antivirus scan has started.
 	Scan ID: {F032A73D-5B36-4B59-869C-8DCC4C350185}
 	Scan Type: Antimalware
 	Scan Parameters: Quick Scan
 	Scan Resources: 
 	User: NT AUTHORITY\SYSTEM"
Information	2/14/2019 10:31:57 PM	Microsoft-Windows-Windows Defender	5007	None	"Windows Defender Antivirus Configuration has changed. If this is an unexpected event you should review the settings as this may be the result of malware.
 	Old value: 
 	New value: HKLM\SOFTWARE\Microsoft\Windows Defender\Threats\ThreatIDDefaultAction\2147723625 = 0x6"
Information	2/14/2019 10:31:39 PM	Microsoft-Windows-Windows Defender	1117	None	"Windows Defender Antivirus has taken action to protect this machine from malware or other potentially unwanted software.
 For more information please see the following:
https://go.microsoft.com/fwlink/?linkid=37020&name=HackTool:Win32/AutoKMS&threatid=2147685180&enterprise=0
 	Name: HackTool:Win32/AutoKMS
 	ID: 2147685180
 	Severity: 高
 	Category: 工具
 	Path: file:_C:\Windows\KMSAutoS\bin.dat
 	Detection Origin: Local machine
 	Detection Type: Concrete
 	Detection Source: Real-Time Protection
 	User: NT AUTHORITY\SYSTEM
 	Process Name: C:\Windows\KMSAuto.exe
 	Action: Quarantine
 	Action Status:  No additional actions required
 	Error Code: 0x80508023
 	Error description: 程序在此设备上找不到恶意软件和其他可能不需要的软件。 
 	Signature Version: AV: 1.285.1563.0, AS: 1.285.1563.0, NIS: 1.285.1563.0
 	Engine Version: AM: 1.1.15600.4, NIS: 1.1.15600.4"
Warning	2/14/2019 10:31:32 PM	Microsoft-Windows-Windows Defender	1116	None	"Windows Defender Antivirus has detected malware or other potentially unwanted software.
 For more information please see the following:
https://go.microsoft.com/fwlink/?linkid=37020&name=HackTool:Win32/AutoKMS&threatid=2147685180&enterprise=0
 	Name: HackTool:Win32/AutoKMS
 	ID: 2147685180
 	Severity: 高
 	Category: 工具
 	Path: file:_C:\Windows\KMSAutoS\bin.dat
 	Detection Origin: Local machine
 	Detection Type: Concrete
 	Detection Source: Real-Time Protection
 	User: MINGWIN\Doraeming
 	Process Name: C:\Windows\KMSAuto.exe
 	Signature Version: AV: 1.285.1563.0, AS: 1.285.1563.0, NIS: 1.285.1563.0
 	Engine Version: AM: 1.1.15600.4, NIS: 1.1.15600.4"
Information	2/14/2019 10:01:57 PM	Microsoft-Windows-Windows Defender	2000	None	"Windows Defender Antivirus signature version has been updated.
 	Current Signature Version: 1.285.1563.0
 	Previous Signature Version: 1.285.1555.0
 	Signature Type: AntiSpyware
 	Update Type: Delta
 	User: NT AUTHORITY\SYSTEM
 	Current Engine Version: 1.1.15600.4
 	Previous Engine Version: 1.1.15600.4"
Information	2/14/2019 10:01:57 PM	Microsoft-Windows-Windows Defender	2000	None	"Windows Defender Antivirus signature version has been updated.
 	Current Signature Version: 1.285.1563.0
 	Previous Signature Version: 1.285.1555.0
 	Signature Type: AntiVirus
 	Update Type: Delta
 	User: NT AUTHORITY\SYSTEM
 	Current Engine Version: 1.1.15600.4
 	Previous Engine Version: 1.1.15600.4"
Information	2/14/2019 9:54:36 PM	Microsoft-Windows-Windows Defender	5007	None	"Windows Defender Antivirus Configuration has changed. If this is an unexpected event you should review the settings as this may be the result of malware.
 	Old value: 
 	New value: HKLM\SOFTWARE\Microsoft\Windows Defender\Exclusions\TemporaryPaths\\\?\H:\Hackintosh\temp\Universal BIOS Backup ToolKit 2.0\Universal BIOS Backup ToolKit 2.0.exe = 0x75"
Information	2/14/2019 9:54:35 PM	Microsoft-Windows-Windows Defender	1009	None	"Windows Defender Antivirus has restored an item from quarantine.
 For more information please see the following:
https://go.microsoft.com/fwlink/?linkid=37020&name=Trojan:Win32/Tiggre!rfn&threatid=2147723625&enterprise=0
 	Name: Trojan:Win32/Tiggre!rfn
 	ID: 2147723625
 	Severity: 严重
 	Category: 特洛伊木马
 	User: MINGWIN\Doraeming
 	Signature Version: AV: 1.285.1555.0, AS: 1.285.1555.0
 	Engine Version: 1.1.15600.4"
Information	2/14/2019 9:54:31 PM	Microsoft-Windows-Windows Defender	1009	None	"Windows Defender Antivirus has restored an item from quarantine.
 For more information please see the following:
https://go.microsoft.com/fwlink/?linkid=37020&name=HackTool:Win32/AutoKMS&threatid=2147685180&enterprise=0
 	Name: HackTool:Win32/AutoKMS
 	ID: 2147685180
 	Severity: 高
 	Category: 工具
 	User: MINGWIN\Doraeming
 	Signature Version: AV: 1.285.1555.0, AS: 1.285.1555.0
 	Engine Version: 1.1.15600.4"
Information	2/14/2019 9:54:31 PM	Microsoft-Windows-Windows Defender	5007	None	"Windows Defender Antivirus Configuration has changed. If this is an unexpected event you should review the settings as this may be the result of malware.
 	Old value: 
 	New value: HKLM\SOFTWARE\Microsoft\Windows Defender\Exclusions\TemporaryPaths\\\?\C:\Windows\KMSAuto.exe = 0x75"
Information	2/14/2019 9:54:23 PM	Microsoft-Windows-Windows Defender	1117	None	"Windows Defender Antivirus has taken action to protect this machine from malware or other potentially unwanted software.
 For more information please see the following:
https://go.microsoft.com/fwlink/?linkid=37020&name=Trojan:Win32/Tiggre!rfn&threatid=2147723625&enterprise=0
 	Name: Trojan:Win32/Tiggre!rfn
 	ID: 2147723625
 	Severity: 严重
 	Category: 特洛伊木马
 	Path: file:_H:\Hackintosh\temp\Universal BIOS Backup ToolKit 2.0\Universal BIOS Backup ToolKit 2.0.exe
 	Detection Origin: Local machine
 	Detection Type: FastPath
 	Detection Source: Real-Time Protection
 	User: NT AUTHORITY\SYSTEM
 	Process Name: C:\Windows\System32\svchost.exe
 	Action: Quarantine
 	Action Status:  No additional actions required
 	Error Code: 0x80508023
 	Error description: 程序在此设备上找不到恶意软件和其他可能不需要的软件。 
 	Signature Version: AV: 1.285.1555.0, AS: 1.285.1555.0, NIS: 1.285.1555.0
 	Engine Version: AM: 1.1.15600.4, NIS: 1.1.15600.4"
Warning	2/14/2019 9:54:21 PM	Microsoft-Windows-Windows Defender	1116	None	"Windows Defender Antivirus has detected malware or other potentially unwanted software.
 For more information please see the following:
https://go.microsoft.com/fwlink/?linkid=37020&name=Trojan:Win32/Tiggre!rfn&threatid=2147723625&enterprise=0
 	Name: Trojan:Win32/Tiggre!rfn
 	ID: 2147723625
 	Severity: 严重
 	Category: 特洛伊木马
 	Path: file:_H:\Hackintosh\temp\Universal BIOS Backup ToolKit 2.0\Universal BIOS Backup ToolKit 2.0.exe
 	Detection Origin: Local machine
 	Detection Type: FastPath
 	Detection Source: Real-Time Protection
 	User: MINGWIN\Doraeming
 	Process Name: C:\Windows\System32\svchost.exe
 	Signature Version: AV: 1.285.1555.0, AS: 1.285.1555.0, NIS: 1.285.1555.0
 	Engine Version: AM: 1.1.15600.4, NIS: 1.1.15600.4"
Information	2/14/2019 9:54:21 PM	Microsoft-Windows-Windows Defender	1117	None	"Windows Defender Antivirus has taken action to protect this machine from malware or other potentially unwanted software.
 For more information please see the following:
https://go.microsoft.com/fwlink/?linkid=37020&name=Trojan:Win32/Tiggre!rfn&threatid=2147723625&enterprise=0
 	Name: Trojan:Win32/Tiggre!rfn
 	ID: 2147723625
 	Severity: 严重
 	Category: 特洛伊木马
 	Path: file:_H:\Hackintosh\temp\Universal BIOS Backup ToolKit 2.0\Universal BIOS Backup ToolKit 2.0.exe; process:_pid:3744,ProcessStart:131946259969998775
 	Detection Origin: Local machine
 	Detection Type: FastPath
 	Detection Source: System
 	User: NT AUTHORITY\SYSTEM
 	Process Name: H:\Hackintosh\temp\Universal BIOS Backup ToolKit 2.0\Universal BIOS Backup ToolKit 2.0.exe
 	Action: Quarantine
 	Action Status:  No additional actions required
 	Error Code: 0x00000000
 	Error description: 操作成功完成。 
 	Signature Version: AV: 1.285.1555.0, AS: 1.285.1555.0, NIS: 1.285.1555.0
 	Engine Version: AM: 1.1.15600.4, NIS: 1.1.15600.4"
Warning	2/14/2019 9:54:18 PM	Microsoft-Windows-Windows Defender	1116	None	"Windows Defender Antivirus has detected malware or other potentially unwanted software.
 For more information please see the following:
https://go.microsoft.com/fwlink/?linkid=37020&name=Trojan:Win32/Tiggre!rfn&threatid=2147723625&enterprise=0
 	Name: Trojan:Win32/Tiggre!rfn
 	ID: 2147723625
 	Severity: 严重
 	Category: 特洛伊木马
 	Path: file:_H:\Hackintosh\temp\Universal BIOS Backup ToolKit 2.0\Universal BIOS Backup ToolKit 2.0.exe; process:_pid:3744,ProcessStart:131946259969998775
 	Detection Origin: Local machine
 	Detection Type: FastPath
 	Detection Source: System
 	User: NT AUTHORITY\SYSTEM
 	Process Name: H:\Hackintosh\temp\Universal BIOS Backup ToolKit 2.0\Universal BIOS Backup ToolKit 2.0.exe
 	Signature Version: AV: 1.285.1555.0, AS: 1.285.1555.0, NIS: 1.285.1555.0
 	Engine Version: AM: 1.1.15600.4, NIS: 1.1.15600.4"
Warning	2/14/2019 9:54:00 PM	Microsoft-Windows-Windows Defender	1116	None	"Windows Defender Antivirus has detected malware or other potentially unwanted software.
 For more information please see the following:
https://go.microsoft.com/fwlink/?linkid=37020&name=Trojan:Win32/Tiggre!rfn&threatid=2147723625&enterprise=0
 	Name: Trojan:Win32/Tiggre!rfn
 	ID: 2147723625
 	Severity: 严重
 	Category: 特洛伊木马
 	Path: file:_H:\Hackintosh\temp\Universal BIOS Backup ToolKit 2.0\Universal BIOS Backup ToolKit 2.0.exe
 	Detection Origin: Local machine
 	Detection Type: FastPath
 	Detection Source: Real-Time Protection
 	User: MINGWIN\Doraeming
 	Process Name: C:\Windows\System32\svchost.exe
 	Signature Version: AV: 1.285.1555.0, AS: 1.285.1555.0, NIS: 1.285.1555.0
 	Engine Version: AM: 1.1.15600.4, NIS: 1.1.15600.4"
Warning	2/14/2019 9:53:33 PM	Microsoft-Windows-Windows Defender	1116	None	"Windows Defender Antivirus has detected malware or other potentially unwanted software.
 For more information please see the following:
https://go.microsoft.com/fwlink/?linkid=37020&name=Trojan:Win32/Tiggre!rfn&threatid=2147723625&enterprise=0
 	Name: Trojan:Win32/Tiggre!rfn
 	ID: 2147723625
 	Severity: 严重
 	Category: 特洛伊木马
 	Path: file:_H:\Hackintosh\temp\Universal BIOS Backup ToolKit 2.0\Universal BIOS Backup ToolKit 2.0.exe
 	Detection Origin: Local machine
 	Detection Type: FastPath
 	Detection Source: Real-Time Protection
 	User: MINGWIN\Doraeming
 	Process Name: C:\Windows\explorer.exe
 	Signature Version: AV: 1.285.1555.0, AS: 1.285.1555.0, NIS: 1.285.1555.0
 	Engine Version: AM: 1.1.15600.4, NIS: 1.1.15600.4"
Information	2/14/2019 9:53:20 PM	Microsoft-Windows-Windows Defender	2010	None	"Windows Defender Antivirus used Dynamic Signature Service to retrieve additional signatures to help protect your machine.
 	Current Signature Version: 1.285.1555.0
 	Signature Type: AntiSpyware
 	User: \
 	Current Engine Version: 1.1.15600.4
 	Dynamic Signature Type: Signature update
 	Persistence Path: C:\ProgramData\Microsoft\Windows Defender\Scans\RtSigs\data\15414a23e89b4666cfd9026bbf193124fa1859f6
 	Dynamic Signature Version: 0.0.0.0
 	Dynamic Signature Compilation Timestamp: 2019/2/14 13:53:20
 	Persistence Limit Type: Duration
 	Persistence Limit: 864000000"
Information	2/14/2019 9:53:20 PM	Microsoft-Windows-Windows Defender	2010	None	"Windows Defender Antivirus used Dynamic Signature Service to retrieve additional signatures to help protect your machine.
 	Current Signature Version: 1.285.1555.0
 	Signature Type: AntiVirus
 	User: \
 	Current Engine Version: 1.1.15600.4
 	Dynamic Signature Type: Signature update
 	Persistence Path: C:\ProgramData\Microsoft\Windows Defender\Scans\RtSigs\data\15414a23e89b4666cfd9026bbf193124fa1859f6
 	Dynamic Signature Version: 0.0.0.0
 	Dynamic Signature Compilation Timestamp: 2019/2/14 13:53:20
 	Persistence Limit Type: Duration
 	Persistence Limit: 864000000"
Warning	2/14/2019 9:53:20 PM	Microsoft-Windows-Windows Defender	1116	None	"Windows Defender Antivirus has detected malware or other potentially unwanted software.
 For more information please see the following:
https://go.microsoft.com/fwlink/?linkid=37020&name=Trojan:Win32/Tiggre!rfn&threatid=2147723625&enterprise=0
 	Name: Trojan:Win32/Tiggre!rfn
 	ID: 2147723625
 	Severity: 严重
 	Category: 特洛伊木马
 	Path: file:_H:\Hackintosh\temp\Universal BIOS Backup ToolKit 2.0\Universal BIOS Backup ToolKit 2.0.exe
 	Detection Origin: Local machine
 	Detection Type: FastPath
 	Detection Source: System
 	User: NT AUTHORITY\SYSTEM
 	Process Name: Unknown
 	Signature Version: AV: 1.285.1555.0, AS: 1.285.1555.0, NIS: 1.285.1555.0
 	Engine Version: AM: 1.1.15600.4, NIS: 1.1.15600.4"
Information	2/14/2019 4:59:41 PM	Microsoft-Windows-Windows Defender	1151	None	"Endpoint Protection client health report (time in UTC):
 	Platform version: 4.18.1901.7
 	Engine version: 1.1.15600.4
 	Network Realtime Inspection engine version: 1.1.15600.4
 	Antivirus signature version: 1.285.1555.0
 	Antispyware signature version: 1.285.1555.0
 	Network Realtime Inspection signature version: 1.285.1555.0
 	RTP state: Enabled
 	OA state: Enabled
 	IOAV state: Enabled
 	BM state: Enabled
 	Antivirus signature age: 0
 	Antispyware signature age: 0
 	Last quick scan age: 1
 	Last full scan age: 4294967295
 	Antivirus signature creation time: 2019/2/14 2:38:13
 	Antispyware signature creation time: 2019/2/14 2:38:14
 	Last quick scan start time: 2019/2/13 8:51:50
 	Last quick scan end time: 2019/2/13 8:58:20
 	Last quick scan source: 2
 	Last full scan start time: 1601/1/1 0:00:00
 	Last full scan end time: 1601/1/1 0:00:00
 	Last full scan source: 0
 	Product status: 0x00080000
"
Information	2/14/2019 4:59:41 PM	Microsoft-Windows-Windows Defender	1150	None	"Endpoint Protection client is up and running in a healthy state.
 	Platform version: 4.18.1901.7
 	Engine version: 1.1.15600.4
 	Signature version: 1.285.1555.0
"
Information	2/14/2019 3:40:58 PM	Microsoft-Windows-Windows Defender	1013	None	"Windows Defender Antivirus has removed history of malware and other potentially unwanted software.
 	Time: 2019/1/30 15:40:58
 	User: NT AUTHORITY\SYSTEM
"
Information	2/14/2019 3:39:57 PM	Microsoft-Windows-Windows Defender	2000	None	"Windows Defender Antivirus signature version has been updated.
 	Current Signature Version: 1.285.1555.0
 	Previous Signature Version: 1.285.1506.0
 	Signature Type: AntiSpyware
 	Update Type: Delta
 	User: NT AUTHORITY\SYSTEM
 	Current Engine Version: 1.1.15600.4
 	Previous Engine Version: 1.1.15600.4"
Information	2/14/2019 3:39:57 PM	Microsoft-Windows-Windows Defender	2000	None	"Windows Defender Antivirus signature version has been updated.
 	Current Signature Version: 1.285.1555.0
 	Previous Signature Version: 1.285.1506.0
 	Signature Type: AntiVirus
 	Update Type: Delta
 	User: NT AUTHORITY\SYSTEM
 	Current Engine Version: 1.1.15600.4
 	Previous Engine Version: 1.1.15600.4"
Information	2/14/2019 12:04:11 AM	Microsoft-Windows-Windows Defender	2010	None	"Windows Defender Antivirus used Dynamic Signature Service to retrieve additional signatures to help protect your machine.
 	Current Signature Version: 1.285.1506.0
 	Signature Type: AntiSpyware
 	User: \
 	Current Engine Version: 1.1.15600.4
 	Dynamic Signature Type: Signature update
 	Persistence Path: C:\ProgramData\Microsoft\Windows Defender\Scans\RtSigs\data\a061a3b92b53c05bbccfb140408255b16a29e0a5
 	Dynamic Signature Version: 0.0.0.0
 	Dynamic Signature Compilation Timestamp: 2019/2/13 16:04:12
 	Persistence Limit Type: Duration
 	Persistence Limit: 150196224"
Information	2/14/2019 12:04:11 AM	Microsoft-Windows-Windows Defender	2010	None	"Windows Defender Antivirus used Dynamic Signature Service to retrieve additional signatures to help protect your machine.
 	Current Signature Version: 1.285.1506.0
 	Signature Type: AntiVirus
 	User: \
 	Current Engine Version: 1.1.15600.4
 	Dynamic Signature Type: Signature update
 	Persistence Path: C:\ProgramData\Microsoft\Windows Defender\Scans\RtSigs\data\a061a3b92b53c05bbccfb140408255b16a29e0a5
 	Dynamic Signature Version: 0.0.0.0
 	Dynamic Signature Compilation Timestamp: 2019/2/13 16:04:12
 	Persistence Limit Type: Duration
 	Persistence Limit: 150196224"
Error	2/14/2019 12:03:25 AM	Microsoft-Windows-Windows Defender	2001	None	"Windows Defender Antivirus has encountered an error trying to update signatures.
 	New Signature Version: 
 	Previous Signature Version: 1.285.1506.0
 	Update Source: Microsoft Update Server
 	Signature Type: AntiVirus
 	Update Type: Full
 	User: NT AUTHORITY\SYSTEM
 	Current Engine Version: 
 	Previous Engine Version: 1.1.15600.4
 	Error code: 0x80240016
 	Error description: 在检查更新时出现意外问题。有关更新的安装和疑难解答的信息，请参阅“帮助和支持”。 "
Information	2/13/2019 10:16:51 PM	Microsoft-Windows-Windows Defender	2000	None	"Windows Defender Antivirus signature version has been updated.
 	Current Signature Version: 1.285.1506.0
 	Previous Signature Version: 1.285.1501.0
 	Signature Type: AntiSpyware
 	Update Type: Delta
 	User: NT AUTHORITY\SYSTEM
 	Current Engine Version: 1.1.15600.4
 	Previous Engine Version: 1.1.15600.4"
Information	2/13/2019 10:16:51 PM	Microsoft-Windows-Windows Defender	2000	None	"Windows Defender Antivirus signature version has been updated.
 	Current Signature Version: 1.285.1506.0
 	Previous Signature Version: 1.285.1501.0
 	Signature Type: AntiVirus
 	Update Type: Delta
 	User: NT AUTHORITY\SYSTEM
 	Current Engine Version: 1.1.15600.4
 	Previous Engine Version: 1.1.15600.4"
Information	2/13/2019 8:20:05 PM	Microsoft-Windows-Windows Defender	2000	None	"Windows Defender Antivirus signature version has been updated.
 	Current Signature Version: 1.285.1501.0
 	Previous Signature Version: 1.285.1488.0
 	Signature Type: AntiSpyware
 	Update Type: Delta
 	User: NT AUTHORITY\SYSTEM
 	Current Engine Version: 1.1.15600.4
 	Previous Engine Version: 1.1.15600.4"
Information	2/13/2019 8:20:05 PM	Microsoft-Windows-Windows Defender	2000	None	"Windows Defender Antivirus signature version has been updated.
 	Current Signature Version: 1.285.1501.0
 	Previous Signature Version: 1.285.1488.0
 	Signature Type: AntiVirus
 	Update Type: Delta
 	User: NT AUTHORITY\SYSTEM
 	Current Engine Version: 1.1.15600.4
 	Previous Engine Version: 1.1.15600.4"
Information	2/13/2019 4:58:20 PM	Microsoft-Windows-Windows Defender	1001	None	"Windows Defender Antivirus scan has finished.
 	Scan ID: {93B58B87-0D9E-45F3-9063-9B1C6FCD1CBB}
 	Scan Type: Antimalware
 	Scan Parameters: Quick Scan
 	User: NT AUTHORITY\SYSTEM
 	Scan Time: 0:06:29"
Information	2/13/2019 4:51:50 PM	Microsoft-Windows-Windows Defender	1000	None	"Windows Defender Antivirus scan has started.
 	Scan ID: {93B58B87-0D9E-45F3-9063-9B1C6FCD1CBB}
 	Scan Type: Antimalware
 	Scan Parameters: Quick Scan
 	Scan Resources: 
 	User: NT AUTHORITY\SYSTEM"
Information	2/13/2019 4:49:07 PM	Microsoft-Windows-Windows Defender	2000	None	"Windows Defender Antivirus signature version has been updated.
 	Current Signature Version: 1.285.1488.0
 	Previous Signature Version: 1.285.1418.0
 	Signature Type: AntiSpyware
 	Update Type: Delta
 	User: NT AUTHORITY\SYSTEM
 	Current Engine Version: 1.1.15600.4
 	Previous Engine Version: 1.1.15600.4"
Information	2/13/2019 4:49:07 PM	Microsoft-Windows-Windows Defender	2000	None	"Windows Defender Antivirus signature version has been updated.
 	Current Signature Version: 1.285.1488.0
 	Previous Signature Version: 1.285.1418.0
 	Signature Type: AntiVirus
 	Update Type: Delta
 	User: NT AUTHORITY\SYSTEM
 	Current Engine Version: 1.1.15600.4
 	Previous Engine Version: 1.1.15600.4"
Warning	2/13/2019 12:14:01 AM	Microsoft-Windows-Windows Defender	1002	None	"Windows Defender Antivirus scan has been stopped before completion.
 	Scan ID: {2D61CF25-DB06-4C88-9B40-3E1663FCEF03}
 	Scan Type: Antimalware
 	Scan Parameters: Quick Scan
  	User: NT AUTHORITY\SYSTEM"
Information	2/13/2019 12:09:43 AM	Microsoft-Windows-Windows Defender	2000	None	"Windows Defender Antivirus signature version has been updated.
 	Current Signature Version: 1.285.1418.0
 	Previous Signature Version: 1.285.1295.0
 	Signature Type: AntiSpyware
 	Update Type: Delta
 	User: NT AUTHORITY\SYSTEM
 	Current Engine Version: 1.1.15600.4
 	Previous Engine Version: 1.1.15600.4"
Information	2/13/2019 12:09:43 AM	Microsoft-Windows-Windows Defender	2000	None	"Windows Defender Antivirus signature version has been updated.
 	Current Signature Version: 1.285.1418.0
 	Previous Signature Version: 1.285.1295.0
 	Signature Type: AntiVirus
 	Update Type: Delta
 	User: NT AUTHORITY\SYSTEM
 	Current Engine Version: 1.1.15600.4
 	Previous Engine Version: 1.1.15600.4"
Information	2/13/2019 12:08:25 AM	Microsoft-Windows-Windows Defender	1013	None	"Windows Defender Antivirus has removed history of malware and other potentially unwanted software.
 	Time: 2019/1/29 0:08:24
 	User: NT AUTHORITY\SYSTEM
"
Information	2/13/2019 12:08:24 AM	Microsoft-Windows-Windows Defender	1000	None	"Windows Defender Antivirus scan has started.
 	Scan ID: {2D61CF25-DB06-4C88-9B40-3E1663FCEF03}
 	Scan Type: Antimalware
 	Scan Parameters: Quick Scan
 	Scan Resources: 
 	User: NT AUTHORITY\SYSTEM"
Information	2/11/2019 3:28:22 AM	Microsoft-Windows-Windows Defender	2010	None	"Windows Defender Antivirus used Dynamic Signature Service to retrieve additional signatures to help protect your machine.
 	Current Signature Version: 1.285.1295.0
 	Signature Type: AntiSpyware
 	User: \
 	Current Engine Version: 1.1.15600.4
 	Dynamic Signature Type: Signature update
 	Persistence Path: C:\ProgramData\Microsoft\Windows Defender\Scans\RtSigs\data\466f2fe9d0264cc6bb7f23ace5da94380d717637
 	Dynamic Signature Version: 0.0.0.0
 	Dynamic Signature Compilation Timestamp: 2019/2/10 19:28:23
 	Persistence Limit Type: Duration
 	Persistence Limit: 150196224"
Information	2/11/2019 3:28:22 AM	Microsoft-Windows-Windows Defender	2010	None	"Windows Defender Antivirus used Dynamic Signature Service to retrieve additional signatures to help protect your machine.
 	Current Signature Version: 1.285.1295.0
 	Signature Type: AntiVirus
 	User: \
 	Current Engine Version: 1.1.15600.4
 	Dynamic Signature Type: Signature update
 	Persistence Path: C:\ProgramData\Microsoft\Windows Defender\Scans\RtSigs\data\466f2fe9d0264cc6bb7f23ace5da94380d717637
 	Dynamic Signature Version: 0.0.0.0
 	Dynamic Signature Compilation Timestamp: 2019/2/10 19:28:23
 	Persistence Limit Type: Duration
 	Persistence Limit: 150196224"
Information	2/11/2019 3:17:48 AM	Microsoft-Windows-Windows Defender	2000	None	"Windows Defender Antivirus signature version has been updated.
 	Current Signature Version: 1.285.1295.0
 	Previous Signature Version: 1.285.1284.0
 	Signature Type: AntiSpyware
 	Update Type: Delta
 	User: NT AUTHORITY\SYSTEM
 	Current Engine Version: 1.1.15600.4
 	Previous Engine Version: 1.1.15600.4"
Information	2/11/2019 3:17:48 AM	Microsoft-Windows-Windows Defender	2000	None	"Windows Defender Antivirus signature version has been updated.
 	Current Signature Version: 1.285.1295.0
 	Previous Signature Version: 1.285.1284.0
 	Signature Type: AntiVirus
 	Update Type: Delta
 	User: NT AUTHORITY\SYSTEM
 	Current Engine Version: 1.1.15600.4
 	Previous Engine Version: 1.1.15600.4"
Warning	2/10/2019 11:53:52 PM	Microsoft-Windows-Windows Defender	1002	None	"Windows Defender Antivirus scan has been stopped before completion.
 	Scan ID: {CD6A4CBA-5F44-4636-ACC9-E96E62FD5B4F}
 	Scan Type: Antimalware
 	Scan Parameters: Quick Scan
  	User: NT AUTHORITY\SYSTEM"
Information	2/10/2019 11:53:50 PM	Microsoft-Windows-Windows Defender	1000	None	"Windows Defender Antivirus scan has started.
 	Scan ID: {CD6A4CBA-5F44-4636-ACC9-E96E62FD5B4F}
 	Scan Type: Antimalware
 	Scan Parameters: Quick Scan
 	Scan Resources: 
 	User: NT AUTHORITY\SYSTEM"
Warning	2/10/2019 10:51:40 PM	Microsoft-Windows-Windows Defender	1002	None	"Windows Defender Antivirus scan has been stopped before completion.
 	Scan ID: {91A4D238-93C5-4551-B009-D78CC33529F2}
 	Scan Type: Antimalware
 	Scan Parameters: Quick Scan
  	User: NT AUTHORITY\SYSTEM"
Information	2/10/2019 10:50:49 PM	Microsoft-Windows-Windows Defender	1013	None	"Windows Defender Antivirus has removed history of malware and other potentially unwanted software.
 	Time: 2019/1/26 22:50:48
 	User: NT AUTHORITY\SYSTEM
"
Information	2/10/2019 10:50:48 PM	Microsoft-Windows-Windows Defender	1000	None	"Windows Defender Antivirus scan has started.
 	Scan ID: {91A4D238-93C5-4551-B009-D78CC33529F2}
 	Scan Type: Antimalware
 	Scan Parameters: Quick Scan
 	Scan Resources: 
 	User: NT AUTHORITY\SYSTEM"
Information	2/10/2019 10:41:57 PM	Microsoft-Windows-Windows Defender	2000	None	"Windows Defender Antivirus signature version has been updated.
 	Current Signature Version: 1.285.1284.0
 	Previous Signature Version: 1.285.1277.0
 	Signature Type: AntiSpyware
 	Update Type: Delta
 	User: NT AUTHORITY\SYSTEM
 	Current Engine Version: 1.1.15600.4
 	Previous Engine Version: 1.1.15600.4"
Information	2/10/2019 10:41:57 PM	Microsoft-Windows-Windows Defender	2000	None	"Windows Defender Antivirus signature version has been updated.
 	Current Signature Version: 1.285.1284.0
 	Previous Signature Version: 1.285.1277.0
 	Signature Type: AntiVirus
 	Update Type: Delta
 	User: NT AUTHORITY\SYSTEM
 	Current Engine Version: 1.1.15600.4
 	Previous Engine Version: 1.1.15600.4"
Information	2/10/2019 8:06:18 PM	Microsoft-Windows-Windows Defender	2000	None	"Windows Defender Antivirus signature version has been updated.
 	Current Signature Version: 1.285.1277.0
 	Previous Signature Version: 1.285.1201.0
 	Signature Type: AntiSpyware
 	Update Type: Delta
 	User: NT AUTHORITY\SYSTEM
 	Current Engine Version: 1.1.15600.4
 	Previous Engine Version: 1.1.15600.4"
Information	2/10/2019 8:06:18 PM	Microsoft-Windows-Windows Defender	2000	None	"Windows Defender Antivirus signature version has been updated.
 	Current Signature Version: 1.285.1277.0
 	Previous Signature Version: 1.285.1201.0
 	Signature Type: AntiVirus
 	Update Type: Delta
 	User: NT AUTHORITY\SYSTEM
 	Current Engine Version: 1.1.15600.4
 	Previous Engine Version: 1.1.15600.4"
Error	2/10/2019 4:02:16 PM	Microsoft-Windows-Windows Defender	2001	None	"Windows Defender Antivirus has encountered an error trying to update signatures.
 	New Signature Version: 
 	Previous Signature Version: 1.285.1201.0
 	Update Source: Microsoft Update Server
 	Signature Type: AntiVirus
 	Update Type: Full
 	User: NT AUTHORITY\SYSTEM
 	Current Engine Version: 
 	Previous Engine Version: 1.1.15600.4
 	Error code: 0x80240438
 	Error description: 在检查更新时出现意外问题。有关更新的安装和疑难解答的信息，请参阅“帮助和支持”。 "
Information	2/10/2019 3:16:48 PM	Microsoft-Windows-Windows Defender	2011	None	"Windows Defender Antivirus used Dynamic Signature Service to discard obsolete signatures.
 	Current Signature Version: 1.285.1201.0
 	Signature Type: AntiSpyware
 	Current Engine Version: 1.1.15600.4
 	Dynamic Signature Type: Signature update
 	Persistence Path: C:\ProgramData\Microsoft\Windows Defender\Scans\RtSigs\data\f0ac6df0e043082cf87cb0c89a97f6907e28b142
 	Dynamic Signature Version: 0.0.0.0
 	Dynamic Signature Compilation Timestamp: 2019/2/9 12:10:09
 	Removal Reason: Automatic
 	Persistence Limit Type: Duration
 	Persistence Limit: 288000000"
Information	2/10/2019 3:16:48 PM	Microsoft-Windows-Windows Defender	2011	None	"Windows Defender Antivirus used Dynamic Signature Service to discard obsolete signatures.
 	Current Signature Version: 1.285.1201.0
 	Signature Type: AntiVirus
 	Current Engine Version: 1.1.15600.4
 	Dynamic Signature Type: Signature update
 	Persistence Path: C:\ProgramData\Microsoft\Windows Defender\Scans\RtSigs\data\f0ac6df0e043082cf87cb0c89a97f6907e28b142
 	Dynamic Signature Version: 0.0.0.0
 	Dynamic Signature Compilation Timestamp: 2019/2/9 12:10:09
 	Removal Reason: Automatic
 	Persistence Limit Type: Duration
 	Persistence Limit: 288000000"
