Information	2/10/2019 3:16:48 PM	Microsoft-Windows-Windows Defender	2011	None	"Windows Defender Antivirus used Dynamic Signature Service to discard obsolete signatures.
 	Current Signature Version: 1.285.1201.0
 	Signature Type: AntiSpyware
 	Current Engine Version: 1.1.15600.4
 	Dynamic Signature Type: Signature update
 	Persistence Path: C:\ProgramData\Microsoft\Windows Defender\Scans\RtSigs\data\0479de426355c349f2809c908866a274841ee3d0
 	Dynamic Signature Version: 0.0.0.0
 	Dynamic Signature Compilation Timestamp: 2019/2/9 12:10:11
 	Removal Reason: Automatic
 	Persistence Limit Type: Duration
 	Persistence Limit: 288000000"
Information	2/10/2019 3:16:48 PM	Microsoft-Windows-Windows Defender	2011	None	"Windows Defender Antivirus used Dynamic Signature Service to discard obsolete signatures.
 	Current Signature Version: 1.285.1201.0
 	Signature Type: AntiVirus
 	Current Engine Version: 1.1.15600.4
 	Dynamic Signature Type: Signature update
 	Persistence Path: C:\ProgramData\Microsoft\Windows Defender\Scans\RtSigs\data\0479de426355c349f2809c908866a274841ee3d0
 	Dynamic Signature Version: 0.0.0.0
 	Dynamic Signature Compilation Timestamp: 2019/2/9 12:10:11
 	Removal Reason: Automatic
 	Persistence Limit Type: Duration
 	Persistence Limit: 288000000"
Information	2/9/2019 9:11:22 PM	Microsoft-Windows-Windows Defender	2000	None	"Windows Defender Antivirus signature version has been updated.
 	Current Signature Version: 1.285.1201.0
 	Previous Signature Version: 1.285.1198.0
 	Signature Type: AntiSpyware
 	Update Type: Delta
 	User: NT AUTHORITY\SYSTEM
 	Current Engine Version: 1.1.15600.4
 	Previous Engine Version: 1.1.15600.4"
Information	2/9/2019 9:11:22 PM	Microsoft-Windows-Windows Defender	2000	None	"Windows Defender Antivirus signature version has been updated.
 	Current Signature Version: 1.285.1201.0
 	Previous Signature Version: 1.285.1198.0
 	Signature Type: AntiVirus
 	Update Type: Delta
 	User: NT AUTHORITY\SYSTEM
 	Current Engine Version: 1.1.15600.4
 	Previous Engine Version: 1.1.15600.4"
Information	2/9/2019 8:10:11 PM	Microsoft-Windows-Windows Defender	2010	None	"Windows Defender Antivirus used Dynamic Signature Service to retrieve additional signatures to help protect your machine.
 	Current Signature Version: 1.285.1198.0
 	Signature Type: AntiSpyware
 	User: \
 	Current Engine Version: 1.1.15600.4
 	Dynamic Signature Type: Signature update
 	Persistence Path: C:\ProgramData\Microsoft\Windows Defender\Scans\RtSigs\data\0479de426355c349f2809c908866a274841ee3d0
 	Dynamic Signature Version: 0.0.0.0
 	Dynamic Signature Compilation Timestamp: 2019/2/9 12:10:11
 	Persistence Limit Type: Duration
 	Persistence Limit: 288000000"
Information	2/9/2019 8:10:11 PM	Microsoft-Windows-Windows Defender	2010	None	"Windows Defender Antivirus used Dynamic Signature Service to retrieve additional signatures to help protect your machine.
 	Current Signature Version: 1.285.1198.0
 	Signature Type: AntiVirus
 	User: \
 	Current Engine Version: 1.1.15600.4
 	Dynamic Signature Type: Signature update
 	Persistence Path: C:\ProgramData\Microsoft\Windows Defender\Scans\RtSigs\data\0479de426355c349f2809c908866a274841ee3d0
 	Dynamic Signature Version: 0.0.0.0
 	Dynamic Signature Compilation Timestamp: 2019/2/9 12:10:11
 	Persistence Limit Type: Duration
 	Persistence Limit: 288000000"
Information	2/9/2019 8:10:11 PM	Microsoft-Windows-Windows Defender	2010	None	"Windows Defender Antivirus used Dynamic Signature Service to retrieve additional signatures to help protect your machine.
 	Current Signature Version: 1.285.1198.0
 	Signature Type: AntiSpyware
 	User: \
 	Current Engine Version: 1.1.15600.4
 	Dynamic Signature Type: Signature update
 	Persistence Path: C:\ProgramData\Microsoft\Windows Defender\Scans\RtSigs\data\f0ac6df0e043082cf87cb0c89a97f6907e28b142
 	Dynamic Signature Version: 0.0.0.0
 	Dynamic Signature Compilation Timestamp: 2019/2/9 12:10:09
 	Persistence Limit Type: Duration
 	Persistence Limit: 288000000"
Information	2/9/2019 8:10:11 PM	Microsoft-Windows-Windows Defender	2010	None	"Windows Defender Antivirus used Dynamic Signature Service to retrieve additional signatures to help protect your machine.
 	Current Signature Version: 1.285.1198.0
 	Signature Type: AntiVirus
 	User: \
 	Current Engine Version: 1.1.15600.4
 	Dynamic Signature Type: Signature update
 	Persistence Path: C:\ProgramData\Microsoft\Windows Defender\Scans\RtSigs\data\f0ac6df0e043082cf87cb0c89a97f6907e28b142
 	Dynamic Signature Version: 0.0.0.0
 	Dynamic Signature Compilation Timestamp: 2019/2/9 12:10:09
 	Persistence Limit Type: Duration
 	Persistence Limit: 288000000"
Information	2/9/2019 7:45:48 PM	Microsoft-Windows-Windows Defender	2000	None	"Windows Defender Antivirus signature version has been updated.
 	Current Signature Version: 1.285.1198.0
 	Previous Signature Version: 1.285.1130.0
 	Signature Type: AntiSpyware
 	Update Type: Delta
 	User: NT AUTHORITY\SYSTEM
 	Current Engine Version: 1.1.15600.4
 	Previous Engine Version: 1.1.15600.4"
Information	2/9/2019 7:45:48 PM	Microsoft-Windows-Windows Defender	2000	None	"Windows Defender Antivirus signature version has been updated.
 	Current Signature Version: 1.285.1198.0
 	Previous Signature Version: 1.285.1130.0
 	Signature Type: AntiVirus
 	Update Type: Delta
 	User: NT AUTHORITY\SYSTEM
 	Current Engine Version: 1.1.15600.4
 	Previous Engine Version: 1.1.15600.4"
Information	2/8/2019 9:23:36 PM	Microsoft-Windows-Windows Defender	2000	None	"Windows Defender Antivirus signature version has been updated.
 	Current Signature Version: 1.285.1130.0
 	Previous Signature Version: 1.285.1091.0
 	Signature Type: AntiSpyware
 	Update Type: Delta
 	User: NT AUTHORITY\SYSTEM
 	Current Engine Version: 1.1.15600.4
 	Previous Engine Version: 1.1.15600.4"
Information	2/8/2019 9:23:36 PM	Microsoft-Windows-Windows Defender	2000	None	"Windows Defender Antivirus signature version has been updated.
 	Current Signature Version: 1.285.1130.0
 	Previous Signature Version: 1.285.1091.0
 	Signature Type: AntiVirus
 	Update Type: Delta
 	User: NT AUTHORITY\SYSTEM
 	Current Engine Version: 1.1.15600.4
 	Previous Engine Version: 1.1.15600.4"
Information	2/8/2019 3:05:06 PM	Microsoft-Windows-Windows Defender	1151	None	"Endpoint Protection client health report (time in UTC):
 	Platform version: 4.18.1901.7
 	Engine version: 1.1.15600.4
 	Network Realtime Inspection engine version: 1.1.15600.4
 	Antivirus signature version: 1.285.1091.0
 	Antispyware signature version: 1.285.1091.0
 	Network Realtime Inspection signature version: 1.285.1091.0
 	RTP state: Enabled
 	OA state: Enabled
 	IOAV state: Enabled
 	BM state: Enabled
 	Antivirus signature age: 0
 	Antispyware signature age: 0
 	Last quick scan age: 0
 	Last full scan age: 4294967295
 	Antivirus signature creation time: 2019/2/7 21:16:32
 	Antispyware signature creation time: 2019/2/7 21:16:33
 	Last quick scan start time: 2019/2/8 2:51:13
 	Last quick scan end time: 2019/2/8 2:58:08
 	Last quick scan source: 2
 	Last full scan start time: 1601/1/1 0:00:00
 	Last full scan end time: 1601/1/1 0:00:00
 	Last full scan source: 0
 	Product status: 0x00080000
"
Information	2/8/2019 3:05:06 PM	Microsoft-Windows-Windows Defender	1150	None	"Endpoint Protection client is up and running in a healthy state.
 	Platform version: 4.18.1901.7
 	Engine version: 1.1.15600.4
 	Signature version: 1.285.1091.0
"
Information	2/8/2019 12:15:08 PM	Microsoft-Windows-Windows Defender	1151	None	"Endpoint Protection client health report (time in UTC):
 	Platform version: 4.18.1901.7
 	Engine version: 1.1.15600.4
 	Network Realtime Inspection engine version: 1.1.15600.4
 	Antivirus signature version: 1.285.1091.0
 	Antispyware signature version: 1.285.1091.0
 	Network Realtime Inspection signature version: 1.285.1091.0
 	RTP state: Enabled
 	OA state: Enabled
 	IOAV state: Enabled
 	BM state: Enabled
 	Antivirus signature age: 0
 	Antispyware signature age: 0
 	Last quick scan age: 0
 	Last full scan age: 4294967295
 	Antivirus signature creation time: 2019/2/7 21:16:32
 	Antispyware signature creation time: 2019/2/7 21:16:33
 	Last quick scan start time: 2019/2/8 2:51:13
 	Last quick scan end time: 2019/2/8 2:58:08
 	Last quick scan source: 2
 	Last full scan start time: 1601/1/1 0:00:00
 	Last full scan end time: 1601/1/1 0:00:00
 	Last full scan source: 0
 	Product status: 0x00080000
"
Information	2/8/2019 12:15:08 PM	Microsoft-Windows-Windows Defender	1150	None	"Endpoint Protection client is up and running in a healthy state.
 	Platform version: 4.18.1901.7
 	Engine version: 1.1.15600.4
 	Signature version: 1.285.1091.0
"
Information	2/8/2019 11:15:08 AM	Microsoft-Windows-Windows Defender	1151	None	"Endpoint Protection client health report (time in UTC):
 	Platform version: 4.18.1901.7
 	Engine version: 1.1.15600.4
 	Network Realtime Inspection engine version: 1.1.15600.4
 	Antivirus signature version: 1.285.1091.0
 	Antispyware signature version: 1.285.1091.0
 	Network Realtime Inspection signature version: 1.285.1091.0
 	RTP state: Enabled
 	OA state: Enabled
 	IOAV state: Enabled
 	BM state: Enabled
 	Antivirus signature age: 0
 	Antispyware signature age: 0
 	Last quick scan age: 0
 	Last full scan age: 4294967295
 	Antivirus signature creation time: 2019/2/7 21:16:32
 	Antispyware signature creation time: 2019/2/7 21:16:33
 	Last quick scan start time: 2019/2/8 2:51:13
 	Last quick scan end time: 2019/2/8 2:58:08
 	Last quick scan source: 2
 	Last full scan start time: 1601/1/1 0:00:00
 	Last full scan end time: 1601/1/1 0:00:00
 	Last full scan source: 0
 	Product status: 0x00080000
"
Information	2/8/2019 11:15:08 AM	Microsoft-Windows-Windows Defender	1150	None	"Endpoint Protection client is up and running in a healthy state.
 	Platform version: 4.18.1901.7
 	Engine version: 1.1.15600.4
 	Signature version: 1.285.1091.0
"
Information	2/8/2019 10:58:08 AM	Microsoft-Windows-Windows Defender	1001	None	"Windows Defender Antivirus scan has finished.
 	Scan ID: {5393766D-C470-41FF-92AA-F74943647BED}
 	Scan Type: Antimalware
 	Scan Parameters: Quick Scan
 	User: NT AUTHORITY\SYSTEM
 	Scan Time: 0:06:55"
Information	2/8/2019 10:51:13 AM	Microsoft-Windows-Windows Defender	1013	None	"Windows Defender Antivirus has removed history of malware and other potentially unwanted software.
 	Time: 2019/1/24 10:51:13
 	User: NT AUTHORITY\SYSTEM
"
Information	2/8/2019 10:51:13 AM	Microsoft-Windows-Windows Defender	1000	None	"Windows Defender Antivirus scan has started.
 	Scan ID: {5393766D-C470-41FF-92AA-F74943647BED}
 	Scan Type: Antimalware
 	Scan Parameters: Quick Scan
 	Scan Resources: 
 	User: NT AUTHORITY\SYSTEM"
Information	2/8/2019 10:29:15 AM	Microsoft-Windows-Windows Defender	2000	None	"Windows Defender Antivirus signature version has been updated.
 	Current Signature Version: 1.285.1091.0
 	Previous Signature Version: 1.285.1062.0
 	Signature Type: AntiSpyware
 	Update Type: Delta
 	User: NT AUTHORITY\SYSTEM
 	Current Engine Version: 1.1.15600.4
 	Previous Engine Version: 1.1.15600.4"
Information	2/8/2019 10:29:15 AM	Microsoft-Windows-Windows Defender	2000	None	"Windows Defender Antivirus signature version has been updated.
 	Current Signature Version: 1.285.1091.0
 	Previous Signature Version: 1.285.1062.0
 	Signature Type: AntiVirus
 	Update Type: Delta
 	User: NT AUTHORITY\SYSTEM
 	Current Engine Version: 1.1.15600.4
 	Previous Engine Version: 1.1.15600.4"
Information	2/7/2019 11:17:42 PM	Microsoft-Windows-Windows Defender	2000	None	"Windows Defender Antivirus signature version has been updated.
 	Current Signature Version: 1.285.1062.0
 	Previous Signature Version: 1.285.994.0
 	Signature Type: AntiSpyware
 	Update Type: Delta
 	User: NT AUTHORITY\SYSTEM
 	Current Engine Version: 1.1.15600.4
 	Previous Engine Version: 1.1.15600.4"
Information	2/7/2019 11:17:42 PM	Microsoft-Windows-Windows Defender	2000	None	"Windows Defender Antivirus signature version has been updated.
 	Current Signature Version: 1.285.1062.0
 	Previous Signature Version: 1.285.994.0
 	Signature Type: AntiVirus
 	Update Type: Delta
 	User: NT AUTHORITY\SYSTEM
 	Current Engine Version: 1.1.15600.4
 	Previous Engine Version: 1.1.15600.4"
Information	2/7/2019 6:35:56 PM	Microsoft-Windows-Windows Defender	2011	None	"Windows Defender Antivirus used Dynamic Signature Service to discard obsolete signatures.
 	Current Signature Version: 1.285.994.0
 	Signature Type: AntiSpyware
 	Current Engine Version: 1.1.15600.4
 	Dynamic Signature Type: Signature update
 	Persistence Path: C:\ProgramData\Microsoft\Windows Defender\Scans\RtSigs\data\73abc24fc9d2f35b915263d6d6b4f46b80061f06
 	Dynamic Signature Version: 0.0.0.0
 	Dynamic Signature Compilation Timestamp: 2019/1/28 6:51:42
 	Removal Reason: Automatic
 	Persistence Limit Type: Duration
 	Persistence Limit: 50065408"
Information	2/7/2019 6:35:56 PM	Microsoft-Windows-Windows Defender	2011	None	"Windows Defender Antivirus used Dynamic Signature Service to discard obsolete signatures.
 	Current Signature Version: 1.285.994.0
 	Signature Type: AntiVirus
 	Current Engine Version: 1.1.15600.4
 	Dynamic Signature Type: Signature update
 	Persistence Path: C:\ProgramData\Microsoft\Windows Defender\Scans\RtSigs\data\73abc24fc9d2f35b915263d6d6b4f46b80061f06
 	Dynamic Signature Version: 0.0.0.0
 	Dynamic Signature Compilation Timestamp: 2019/1/28 6:51:42
 	Removal Reason: Automatic
 	Persistence Limit Type: Duration
 	Persistence Limit: 50065408"
Information	2/7/2019 8:24:59 AM	Microsoft-Windows-Windows Defender	1151	None	"Endpoint Protection client health report (time in UTC):
 	Platform version: 4.18.1901.7
 	Engine version: 1.1.15600.4
 	Network Realtime Inspection engine version: 1.1.15600.4
 	Antivirus signature version: 1.285.994.0
 	Antispyware signature version: 1.285.994.0
 	Network Realtime Inspection signature version: 1.285.994.0
 	RTP state: Enabled
 	OA state: Enabled
 	IOAV state: Enabled
 	BM state: Enabled
 	Antivirus signature age: 0
 	Antispyware signature age: 0
 	Last quick scan age: 1
 	Last full scan age: 4294967295
 	Antivirus signature creation time: 2019/2/6 11:23:22
 	Antispyware signature creation time: 2019/2/6 11:23:23
 	Last quick scan start time: 2019/2/5 12:07:09
 	Last quick scan end time: 2019/2/5 12:16:19
 	Last quick scan source: 2
 	Last full scan start time: 1601/1/1 0:00:00
 	Last full scan end time: 1601/1/1 0:00:00
 	Last full scan source: 0
 	Product status: 0x00080000
"
Information	2/7/2019 8:24:59 AM	Microsoft-Windows-Windows Defender	1150	None	"Endpoint Protection client is up and running in a healthy state.
 	Platform version: 4.18.1901.7
 	Engine version: 1.1.15600.4
 	Signature version: 1.285.994.0
"
Information	2/7/2019 12:14:16 AM	Microsoft-Windows-Windows Defender	2000	None	"Windows Defender Antivirus signature version has been updated.
 	Current Signature Version: 1.285.994.0
 	Previous Signature Version: 1.285.956.0
 	Signature Type: AntiSpyware
 	Update Type: Delta
 	User: NT AUTHORITY\SYSTEM
 	Current Engine Version: 1.1.15600.4
 	Previous Engine Version: 1.1.15600.4"
Information	2/7/2019 12:14:16 AM	Microsoft-Windows-Windows Defender	2000	None	"Windows Defender Antivirus signature version has been updated.
 	Current Signature Version: 1.285.994.0
 	Previous Signature Version: 1.285.956.0
 	Signature Type: AntiVirus
 	Update Type: Delta
 	User: NT AUTHORITY\SYSTEM
 	Current Engine Version: 1.1.15600.4
 	Previous Engine Version: 1.1.15600.4"
Information	2/6/2019 7:41:52 PM	Microsoft-Windows-Windows Defender	1151	None	"Endpoint Protection client health report (time in UTC):
 	Platform version: 4.18.1901.7
 	Engine version: 1.1.15600.4
 	Network Realtime Inspection engine version: 1.1.15600.4
 	Antivirus signature version: 1.285.956.0
 	Antispyware signature version: 1.285.956.0
 	Network Realtime Inspection signature version: 1.285.956.0
 	RTP state: Enabled
 	OA state: Enabled
 	IOAV state: Enabled
 	BM state: Enabled
 	Antivirus signature age: 0
 	Antispyware signature age: 0
 	Last quick scan age: 0
 	Last full scan age: 4294967295
 	Antivirus signature creation time: 2019/2/5 23:38:18
 	Antispyware signature creation time: 2019/2/5 23:38:18
 	Last quick scan start time: 2019/2/5 12:07:09
 	Last quick scan end time: 2019/2/5 12:16:19
 	Last quick scan source: 2
 	Last full scan start time: 1601/1/1 0:00:00
 	Last full scan end time: 1601/1/1 0:00:00
 	Last full scan source: 0
 	Product status: 0x00080000
"
Information	2/6/2019 7:41:52 PM	Microsoft-Windows-Windows Defender	1150	None	"Endpoint Protection client is up and running in a healthy state.
 	Platform version: 4.18.1901.7
 	Engine version: 1.1.15600.4
 	Signature version: 1.285.956.0
"
Information	2/6/2019 5:31:43 PM	Microsoft-Windows-Windows Defender	1151	None	"Endpoint Protection client health report (time in UTC):
 	Platform version: 4.18.1901.7
 	Engine version: 1.1.15600.4
 	Network Realtime Inspection engine version: 1.1.15600.4
 	Antivirus signature version: 1.285.956.0
 	Antispyware signature version: 1.285.956.0
 	Network Realtime Inspection signature version: 1.285.956.0
 	RTP state: Enabled
 	OA state: Enabled
 	IOAV state: Enabled
 	BM state: Enabled
 	Antivirus signature age: 0
 	Antispyware signature age: 0
 	Last quick scan age: 0
 	Last full scan age: 4294967295
 	Antivirus signature creation time: 2019/2/5 23:38:18
 	Antispyware signature creation time: 2019/2/5 23:38:18
 	Last quick scan start time: 2019/2/5 12:07:09
 	Last quick scan end time: 2019/2/5 12:16:19
 	Last quick scan source: 2
 	Last full scan start time: 1601/1/1 0:00:00
 	Last full scan end time: 1601/1/1 0:00:00
 	Last full scan source: 0
 	Product status: 0x00080000
"
Information	2/6/2019 5:31:43 PM	Microsoft-Windows-Windows Defender	1150	None	"Endpoint Protection client is up and running in a healthy state.
 	Platform version: 4.18.1901.7
 	Engine version: 1.1.15600.4
 	Signature version: 1.285.956.0
"
Information	2/6/2019 1:16:31 PM	Microsoft-Windows-Windows Defender	1151	None	"Endpoint Protection client health report (time in UTC):
 	Platform version: 4.18.1901.7
 	Engine version: 1.1.15600.4
 	Network Realtime Inspection engine version: 1.1.15600.4
 	Antivirus signature version: 1.285.956.0
 	Antispyware signature version: 1.285.956.0
 	Network Realtime Inspection signature version: 1.285.956.0
 	RTP state: Enabled
 	OA state: Enabled
 	IOAV state: Enabled
 	BM state: Enabled
 	Antivirus signature age: 0
 	Antispyware signature age: 0
 	Last quick scan age: 0
 	Last full scan age: 4294967295
 	Antivirus signature creation time: 2019/2/5 23:38:18
 	Antispyware signature creation time: 2019/2/5 23:38:18
 	Last quick scan start time: 2019/2/5 12:07:09
 	Last quick scan end time: 2019/2/5 12:16:19
 	Last quick scan source: 2
 	Last full scan start time: 1601/1/1 0:00:00
 	Last full scan end time: 1601/1/1 0:00:00
 	Last full scan source: 0
 	Product status: 0x00080000
"
Information	2/6/2019 1:16:31 PM	Microsoft-Windows-Windows Defender	1150	None	"Endpoint Protection client is up and running in a healthy state.
 	Platform version: 4.18.1901.7
 	Engine version: 1.1.15600.4
 	Signature version: 1.285.956.0
"
Information	2/6/2019 11:46:49 AM	Microsoft-Windows-Windows Defender	2000	None	"Windows Defender Antivirus signature version has been updated.
 	Current Signature Version: 1.285.956.0
 	Previous Signature Version: 1.285.918.0
 	Signature Type: AntiSpyware
 	Update Type: Delta
 	User: NT AUTHORITY\SYSTEM
 	Current Engine Version: 1.1.15600.4
 	Previous Engine Version: 1.1.15600.4"
Information	2/6/2019 11:46:49 AM	Microsoft-Windows-Windows Defender	2000	None	"Windows Defender Antivirus signature version has been updated.
 	Current Signature Version: 1.285.956.0
 	Previous Signature Version: 1.285.918.0
 	Signature Type: AntiVirus
 	Update Type: Delta
 	User: NT AUTHORITY\SYSTEM
 	Current Engine Version: 1.1.15600.4
 	Previous Engine Version: 1.1.15600.4"
Information	2/5/2019 11:04:24 PM	Microsoft-Windows-Windows Defender	2000	None	"Windows Defender Antivirus signature version has been updated.
 	Current Signature Version: 1.285.918.0
 	Previous Signature Version: 1.285.912.0
 	Signature Type: AntiSpyware
 	Update Type: Delta
 	User: NT AUTHORITY\SYSTEM
 	Current Engine Version: 1.1.15600.4
 	Previous Engine Version: 1.1.15600.4"
Information	2/5/2019 11:04:24 PM	Microsoft-Windows-Windows Defender	2000	None	"Windows Defender Antivirus signature version has been updated.
 	Current Signature Version: 1.285.918.0
 	Previous Signature Version: 1.285.912.0
 	Signature Type: AntiVirus
 	Update Type: Delta
 	User: NT AUTHORITY\SYSTEM
 	Current Engine Version: 1.1.15600.4
 	Previous Engine Version: 1.1.15600.4"
Information	2/5/2019 10:18:13 PM	Microsoft-Windows-Windows Defender	2000	None	"Windows Defender Antivirus signature version has been updated.
 	Current Signature Version: 1.285.912.0
 	Previous Signature Version: 1.285.906.0
 	Signature Type: AntiSpyware
 	Update Type: Delta
 	User: NT AUTHORITY\SYSTEM
 	Current Engine Version: 1.1.15600.4
 	Previous Engine Version: 1.1.15600.4"
Information	2/5/2019 10:18:13 PM	Microsoft-Windows-Windows Defender	2000	None	"Windows Defender Antivirus signature version has been updated.
 	Current Signature Version: 1.285.912.0
 	Previous Signature Version: 1.285.906.0
 	Signature Type: AntiVirus
 	Update Type: Delta
 	User: NT AUTHORITY\SYSTEM
 	Current Engine Version: 1.1.15600.4
 	Previous Engine Version: 1.1.15600.4"
Information	2/5/2019 9:46:46 PM	Microsoft-Windows-Windows Defender	1151	None	"Endpoint Protection client health report (time in UTC):
 	Platform version: 4.18.1901.7
 	Engine version: 1.1.15600.4
 	Network Realtime Inspection engine version: 1.1.15600.4
 	Antivirus signature version: 1.285.906.0
 	Antispyware signature version: 1.285.906.0
 	Network Realtime Inspection signature version: 1.285.906.0
 	RTP state: Enabled
 	OA state: Enabled
 	IOAV state: Enabled
 	BM state: Enabled
 	Antivirus signature age: 0
 	Antispyware signature age: 0
 	Last quick scan age: 0
 	Last full scan age: 4294967295
 	Antivirus signature creation time: 2019/2/5 7:07:34
 	Antispyware signature creation time: 2019/2/5 7:07:34
 	Last quick scan start time: 2019/2/5 12:07:09
 	Last quick scan end time: 2019/2/5 12:16:19
 	Last quick scan source: 2
 	Last full scan start time: 1601/1/1 0:00:00
 	Last full scan end time: 1601/1/1 0:00:00
 	Last full scan source: 0
 	Product status: 0x00080000
"
Information	2/5/2019 9:46:46 PM	Microsoft-Windows-Windows Defender	1150	None	"Endpoint Protection client is up and running in a healthy state.
 	Platform version: 4.18.1901.7
 	Engine version: 1.1.15600.4
 	Signature version: 1.285.906.0
"
Information	2/5/2019 8:46:45 PM	Microsoft-Windows-Windows Defender	1151	None	"Endpoint Protection client health report (time in UTC):
 	Platform version: 4.18.1901.7
 	Engine version: 1.1.15600.4
 	Network Realtime Inspection engine version: 1.1.15600.4
 	Antivirus signature version: 1.285.906.0
 	Antispyware signature version: 1.285.906.0
 	Network Realtime Inspection signature version: 1.285.906.0
 	RTP state: Enabled
 	OA state: Enabled
 	IOAV state: Enabled
 	BM state: Enabled
 	Antivirus signature age: 0
 	Antispyware signature age: 0
 	Last quick scan age: 0
 	Last full scan age: 4294967295
 	Antivirus signature creation time: 2019/2/5 7:07:34
 	Antispyware signature creation time: 2019/2/5 7:07:34
 	Last quick scan start time: 2019/2/5 12:07:09
 	Last quick scan end time: 2019/2/5 12:16:19
 	Last quick scan source: 2
 	Last full scan start time: 1601/1/1 0:00:00
 	Last full scan end time: 1601/1/1 0:00:00
 	Last full scan source: 0
 	Product status: 0x00080000
"
Information	2/5/2019 8:46:45 PM	Microsoft-Windows-Windows Defender	1150	None	"Endpoint Protection client is up and running in a healthy state.
 	Platform version: 4.18.1901.7
 	Engine version: 1.1.15600.4
 	Signature version: 1.285.906.0
"
Information	2/5/2019 8:16:19 PM	Microsoft-Windows-Windows Defender	1001	None	"Windows Defender Antivirus scan has finished.
 	Scan ID: {9EFCADEE-C20F-4EAA-9E7E-93736E5CFF1C}
 	Scan Type: Antimalware
 	Scan Parameters: Quick Scan
 	User: NT AUTHORITY\SYSTEM
 	Scan Time: 0:09:10"
Information	2/5/2019 8:07:09 PM	Microsoft-Windows-Windows Defender	1013	None	"Windows Defender Antivirus has removed history of malware and other potentially unwanted software.
 	Time: 2019/1/21 20:07:08
 	User: NT AUTHORITY\SYSTEM
"
Information	2/5/2019 8:07:09 PM	Microsoft-Windows-Windows Defender	1000	None	"Windows Defender Antivirus scan has started.
 	Scan ID: {9EFCADEE-C20F-4EAA-9E7E-93736E5CFF1C}
 	Scan Type: Antimalware
 	Scan Parameters: Quick Scan
 	Scan Resources: 
 	User: NT AUTHORITY\SYSTEM"
Information	2/5/2019 7:49:24 PM	Microsoft-Windows-Windows Defender	2000	None	"Windows Defender Antivirus signature version has been updated.
 	Current Signature Version: 1.285.906.0
 	Previous Signature Version: 1.285.890.0
 	Signature Type: AntiSpyware
 	Update Type: Delta
 	User: NT AUTHORITY\SYSTEM
 	Current Engine Version: 1.1.15600.4
 	Previous Engine Version: 1.1.15600.4"
