Information	3/15/2019 11:39:15 PM	Microsoft-Windows-Windows Defender	1151	None	"Endpoint Protection client health report (time in UTC):
 	Platform version: 4.18.1902.2
 	Engine version: 1.1.15700.9
 	Network Realtime Inspection engine version: 1.1.15700.9
 	Antivirus signature version: 1.289.1150.0
 	Antispyware signature version: 1.289.1150.0
 	Network Realtime Inspection signature version: 1.289.1150.0
 	RTP state: Enabled
 	OA state: Enabled
 	IOAV state: Enabled
 	BM state: Enabled
 	Antivirus signature age: 1
 	Antispyware signature age: 1
 	Last quick scan age: 1
 	Last full scan age: 4294967295
 	Antivirus signature creation time: 2019/3/14 9:18:07
 	Antispyware signature creation time: 2019/3/14 9:18:06
 	Last quick scan start time: 2019/3/14 8:29:57
 	Last quick scan end time: 2019/3/14 8:44:10
 	Last quick scan source: 2
 	Last full scan start time: 1601/1/1 0:00:00
 	Last full scan end time: 1601/1/1 0:00:00
 	Last full scan source: 0
 	Product status: 0x00080000
"
Information	3/15/2019 11:39:15 PM	Microsoft-Windows-Windows Defender	1150	None	"Endpoint Protection client is up and running in a healthy state.
 	Platform version: 4.18.1902.2
 	Engine version: 1.1.15700.9
 	Signature version: 1.289.1150.0
"
Information	3/15/2019 10:39:15 PM	Microsoft-Windows-Windows Defender	1151	None	"Endpoint Protection client health report (time in UTC):
 	Platform version: 4.18.1902.2
 	Engine version: 1.1.15700.9
 	Network Realtime Inspection engine version: 1.1.15700.9
 	Antivirus signature version: 1.289.1150.0
 	Antispyware signature version: 1.289.1150.0
 	Network Realtime Inspection signature version: 1.289.1150.0
 	RTP state: Enabled
 	OA state: Enabled
 	IOAV state: Enabled
 	BM state: Enabled
 	Antivirus signature age: 1
 	Antispyware signature age: 1
 	Last quick scan age: 1
 	Last full scan age: 4294967295
 	Antivirus signature creation time: 2019/3/14 9:18:07
 	Antispyware signature creation time: 2019/3/14 9:18:06
 	Last quick scan start time: 2019/3/14 8:29:57
 	Last quick scan end time: 2019/3/14 8:44:10
 	Last quick scan source: 2
 	Last full scan start time: 1601/1/1 0:00:00
 	Last full scan end time: 1601/1/1 0:00:00
 	Last full scan source: 0
 	Product status: 0x00080000
"
Information	3/15/2019 10:39:15 PM	Microsoft-Windows-Windows Defender	1150	None	"Endpoint Protection client is up and running in a healthy state.
 	Platform version: 4.18.1902.2
 	Engine version: 1.1.15700.9
 	Signature version: 1.289.1150.0
"
Information	3/15/2019 9:42:35 PM	Microsoft-Windows-Windows Defender	1117	None	"Windows Defender Antivirus has taken action to protect this machine from malware or other potentially unwanted software.
 For more information please see the following:
https://go.microsoft.com/fwlink/?linkid=37020&name=Trojan:Win32/Occamy.C&threatid=2147726780&enterprise=0
 	Name: Trojan:Win32/Occamy.C
 	ID: 2147726780
 	Severity: 严重
 	Category: 特洛伊木马
 	Path: file:_D:\software\Adobe CC 2019 破解补丁注册机 Zer0Cod3 Patcher 1.5\Adobe CC 2019 Zer0Cod3 Patcher 1.5\Adobe CC 2019 Zer0Cod3 Patcher 1.5.exe
 	Detection Origin: Local machine
 	Detection Type: Concrete
 	Detection Source: Real-Time Protection
 	User: NT AUTHORITY\SYSTEM
 	Process Name: C:\Program Files (x86)\360\360zip\360zip.exe
 	Action: Quarantine
 	Action Status:  No additional actions required
 	Error Code: 0x80508023
 	Error description: 程序在此设备上找不到恶意软件和其他可能不需要的软件。 
 	Signature Version: AV: 1.289.1150.0, AS: 1.289.1150.0, NIS: 1.289.1150.0
 	Engine Version: AM: 1.1.15700.9, NIS: 1.1.15700.9"
Information	3/15/2019 9:42:10 PM	Microsoft-Windows-Windows Defender	5007	None	"Windows Defender Antivirus Configuration has changed. If this is an unexpected event you should review the settings as this may be the result of malware.
 	Old value: 
 	New value: HKLM\SOFTWARE\Microsoft\Windows Defender\Threats\ThreatIDDefaultAction\2147726780 = 0x6"
Warning	3/15/2019 9:41:50 PM	Microsoft-Windows-Windows Defender	1116	None	"Windows Defender Antivirus has detected malware or other potentially unwanted software.
 For more information please see the following:
https://go.microsoft.com/fwlink/?linkid=37020&name=Trojan:Win32/Occamy.C&threatid=2147726780&enterprise=0
 	Name: Trojan:Win32/Occamy.C
 	ID: 2147726780
 	Severity: 严重
 	Category: 特洛伊木马
 	Path: file:_D:\software\Adobe CC 2019 破解补丁注册机 Zer0Cod3 Patcher 1.5\Adobe CC 2019 Zer0Cod3 Patcher 1.5\Adobe CC 2019 Zer0Cod3 Patcher 1.5.exe
 	Detection Origin: Local machine
 	Detection Type: Concrete
 	Detection Source: Real-Time Protection
 	User: MINGWIN\Doraeming
 	Process Name: C:\Program Files (x86)\360\360zip\360zip.exe
 	Signature Version: AV: 1.289.1150.0, AS: 1.289.1150.0, NIS: 1.289.1150.0
 	Engine Version: AM: 1.1.15700.9, NIS: 1.1.15700.9"
Information	3/15/2019 9:39:15 PM	Microsoft-Windows-Windows Defender	1151	None	"Endpoint Protection client health report (time in UTC):
 	Platform version: 4.18.1902.2
 	Engine version: 1.1.15700.9
 	Network Realtime Inspection engine version: 1.1.15700.9
 	Antivirus signature version: 1.289.1150.0
 	Antispyware signature version: 1.289.1150.0
 	Network Realtime Inspection signature version: 1.289.1150.0
 	RTP state: Enabled
 	OA state: Enabled
 	IOAV state: Enabled
 	BM state: Enabled
 	Antivirus signature age: 1
 	Antispyware signature age: 1
 	Last quick scan age: 1
 	Last full scan age: 4294967295
 	Antivirus signature creation time: 2019/3/14 9:18:07
 	Antispyware signature creation time: 2019/3/14 9:18:06
 	Last quick scan start time: 2019/3/14 8:29:57
 	Last quick scan end time: 2019/3/14 8:44:10
 	Last quick scan source: 2
 	Last full scan start time: 1601/1/1 0:00:00
 	Last full scan end time: 1601/1/1 0:00:00
 	Last full scan source: 0
 	Product status: 0x00080000
"
Information	3/15/2019 9:39:15 PM	Microsoft-Windows-Windows Defender	1150	None	"Endpoint Protection client is up and running in a healthy state.
 	Platform version: 4.18.1902.2
 	Engine version: 1.1.15700.9
 	Signature version: 1.289.1150.0
"
Information	3/15/2019 8:39:15 PM	Microsoft-Windows-Windows Defender	1151	None	"Endpoint Protection client health report (time in UTC):
 	Platform version: 4.18.1902.2
 	Engine version: 1.1.15700.9
 	Network Realtime Inspection engine version: 1.1.15700.9
 	Antivirus signature version: 1.289.1150.0
 	Antispyware signature version: 1.289.1150.0
 	Network Realtime Inspection signature version: 1.289.1150.0
 	RTP state: Enabled
 	OA state: Enabled
 	IOAV state: Enabled
 	BM state: Enabled
 	Antivirus signature age: 1
 	Antispyware signature age: 1
 	Last quick scan age: 1
 	Last full scan age: 4294967295
 	Antivirus signature creation time: 2019/3/14 9:18:07
 	Antispyware signature creation time: 2019/3/14 9:18:06
 	Last quick scan start time: 2019/3/14 8:29:57
 	Last quick scan end time: 2019/3/14 8:44:10
 	Last quick scan source: 2
 	Last full scan start time: 1601/1/1 0:00:00
 	Last full scan end time: 1601/1/1 0:00:00
 	Last full scan source: 0
 	Product status: 0x00080000
"
Information	3/15/2019 8:39:15 PM	Microsoft-Windows-Windows Defender	1150	None	"Endpoint Protection client is up and running in a healthy state.
 	Platform version: 4.18.1902.2
 	Engine version: 1.1.15700.9
 	Signature version: 1.289.1150.0
"
Information	3/15/2019 7:39:15 PM	Microsoft-Windows-Windows Defender	1151	None	"Endpoint Protection client health report (time in UTC):
 	Platform version: 4.18.1902.2
 	Engine version: 1.1.15700.9
 	Network Realtime Inspection engine version: 1.1.15700.9
 	Antivirus signature version: 1.289.1150.0
 	Antispyware signature version: 1.289.1150.0
 	Network Realtime Inspection signature version: 1.289.1150.0
 	RTP state: Enabled
 	OA state: Enabled
 	IOAV state: Enabled
 	BM state: Enabled
 	Antivirus signature age: 1
 	Antispyware signature age: 1
 	Last quick scan age: 1
 	Last full scan age: 4294967295
 	Antivirus signature creation time: 2019/3/14 9:18:07
 	Antispyware signature creation time: 2019/3/14 9:18:06
 	Last quick scan start time: 2019/3/14 8:29:57
 	Last quick scan end time: 2019/3/14 8:44:10
 	Last quick scan source: 2
 	Last full scan start time: 1601/1/1 0:00:00
 	Last full scan end time: 1601/1/1 0:00:00
 	Last full scan source: 0
 	Product status: 0x00080000
"
Information	3/15/2019 7:39:15 PM	Microsoft-Windows-Windows Defender	1150	None	"Endpoint Protection client is up and running in a healthy state.
 	Platform version: 4.18.1902.2
 	Engine version: 1.1.15700.9
 	Signature version: 1.289.1150.0
"
Information	3/15/2019 7:17:12 PM	Microsoft-Windows-Windows Defender	1013	None	"Windows Defender Antivirus has removed history of malware and other potentially unwanted software.
 	Time: 2019/2/28 19:17:11
 	User: NT AUTHORITY\SYSTEM
"
Information	3/15/2019 7:17:11 PM	Microsoft-Windows-Windows Defender	1000	None	"Windows Defender Antivirus scan has started.
 	Scan ID: {B9DD932A-07D0-4A56-9335-FD80DAD7E43E}
 	Scan Type: Antimalware
 	Scan Parameters: Quick Scan
 	Scan Resources: 
 	User: NT AUTHORITY\SYSTEM"
Information	3/15/2019 6:13:57 PM	Microsoft-Windows-Windows Defender	1151	None	"Endpoint Protection client health report (time in UTC):
 	Platform version: 4.18.1902.2
 	Engine version: 1.1.15700.9
 	Network Realtime Inspection engine version: 1.1.15700.9
 	Antivirus signature version: 1.289.1150.0
 	Antispyware signature version: 1.289.1150.0
 	Network Realtime Inspection signature version: 1.289.1150.0
 	RTP state: Enabled
 	OA state: Enabled
 	IOAV state: Enabled
 	BM state: Enabled
 	Antivirus signature age: 1
 	Antispyware signature age: 1
 	Last quick scan age: 1
 	Last full scan age: 4294967295
 	Antivirus signature creation time: 2019/3/14 9:18:07
 	Antispyware signature creation time: 2019/3/14 9:18:06
 	Last quick scan start time: 2019/3/14 8:29:57
 	Last quick scan end time: 2019/3/14 8:44:10
 	Last quick scan source: 2
 	Last full scan start time: 1601/1/1 0:00:00
 	Last full scan end time: 1601/1/1 0:00:00
 	Last full scan source: 0
 	Product status: 0x00080000
"
Information	3/15/2019 6:13:57 PM	Microsoft-Windows-Windows Defender	1150	None	"Endpoint Protection client is up and running in a healthy state.
 	Platform version: 4.18.1902.2
 	Engine version: 1.1.15700.9
 	Signature version: 1.289.1150.0
"
Information	3/15/2019 3:43:06 PM	Microsoft-Windows-Windows Defender	1151	None	"Endpoint Protection client health report (time in UTC):
 	Platform version: 4.18.1902.2
 	Engine version: 1.1.15700.9
 	Network Realtime Inspection engine version: 1.1.15700.9
 	Antivirus signature version: 1.289.1150.0
 	Antispyware signature version: 1.289.1150.0
 	Network Realtime Inspection signature version: 1.289.1150.0
 	RTP state: Enabled
 	OA state: Enabled
 	IOAV state: Enabled
 	BM state: Enabled
 	Antivirus signature age: 0
 	Antispyware signature age: 0
 	Last quick scan age: 0
 	Last full scan age: 4294967295
 	Antivirus signature creation time: 2019/3/14 9:18:07
 	Antispyware signature creation time: 2019/3/14 9:18:06
 	Last quick scan start time: 2019/3/14 8:29:57
 	Last quick scan end time: 2019/3/14 8:44:10
 	Last quick scan source: 2
 	Last full scan start time: 1601/1/1 0:00:00
 	Last full scan end time: 1601/1/1 0:00:00
 	Last full scan source: 0
 	Product status: 0x00080000
"
Information	3/15/2019 3:43:06 PM	Microsoft-Windows-Windows Defender	1150	None	"Endpoint Protection client is up and running in a healthy state.
 	Platform version: 4.18.1902.2
 	Engine version: 1.1.15700.9
 	Signature version: 1.289.1150.0
"
Information	3/15/2019 9:18:55 AM	Microsoft-Windows-Windows Defender	1151	None	"Endpoint Protection client health report (time in UTC):
 	Platform version: 4.18.1902.2
 	Engine version: 1.1.15700.9
 	Network Realtime Inspection engine version: 1.1.15700.9
 	Antivirus signature version: 1.289.1150.0
 	Antispyware signature version: 1.289.1150.0
 	Network Realtime Inspection signature version: 1.289.1150.0
 	RTP state: Enabled
 	OA state: Enabled
 	IOAV state: Enabled
 	BM state: Enabled
 	Antivirus signature age: 0
 	Antispyware signature age: 0
 	Last quick scan age: 0
 	Last full scan age: 4294967295
 	Antivirus signature creation time: 2019/3/14 9:18:07
 	Antispyware signature creation time: 2019/3/14 9:18:06
 	Last quick scan start time: 2019/3/14 8:29:57
 	Last quick scan end time: 2019/3/14 8:44:10
 	Last quick scan source: 2
 	Last full scan start time: 1601/1/1 0:00:00
 	Last full scan end time: 1601/1/1 0:00:00
 	Last full scan source: 0
 	Product status: 0x00080000
"
Information	3/15/2019 9:18:55 AM	Microsoft-Windows-Windows Defender	1150	None	"Endpoint Protection client is up and running in a healthy state.
 	Platform version: 4.18.1902.2
 	Engine version: 1.1.15700.9
 	Signature version: 1.289.1150.0
"
Information	3/15/2019 12:21:00 AM	Microsoft-Windows-Windows Defender	1151	None	"Endpoint Protection client health report (time in UTC):
 	Platform version: 4.18.1902.2
 	Engine version: 1.1.15700.9
 	Network Realtime Inspection engine version: 1.1.15700.9
 	Antivirus signature version: 1.289.1150.0
 	Antispyware signature version: 1.289.1150.0
 	Network Realtime Inspection signature version: 1.289.1150.0
 	RTP state: Enabled
 	OA state: Enabled
 	IOAV state: Enabled
 	BM state: Enabled
 	Antivirus signature age: 0
 	Antispyware signature age: 0
 	Last quick scan age: 0
 	Last full scan age: 4294967295
 	Antivirus signature creation time: 2019/3/14 9:18:07
 	Antispyware signature creation time: 2019/3/14 9:18:06
 	Last quick scan start time: 2019/3/14 8:29:57
 	Last quick scan end time: 2019/3/14 8:44:10
 	Last quick scan source: 2
 	Last full scan start time: 1601/1/1 0:00:00
 	Last full scan end time: 1601/1/1 0:00:00
 	Last full scan source: 0
 	Product status: 0x00080000
"
Information	3/15/2019 12:21:00 AM	Microsoft-Windows-Windows Defender	1150	None	"Endpoint Protection client is up and running in a healthy state.
 	Platform version: 4.18.1902.2
 	Engine version: 1.1.15700.9
 	Signature version: 1.289.1150.0
"
Information	3/14/2019 11:21:00 PM	Microsoft-Windows-Windows Defender	1151	None	"Endpoint Protection client health report (time in UTC):
 	Platform version: 4.18.1902.2
 	Engine version: 1.1.15700.9
 	Network Realtime Inspection engine version: 1.1.15700.9
 	Antivirus signature version: 1.289.1150.0
 	Antispyware signature version: 1.289.1150.0
 	Network Realtime Inspection signature version: 1.289.1150.0
 	RTP state: Enabled
 	OA state: Enabled
 	IOAV state: Enabled
 	BM state: Enabled
 	Antivirus signature age: 0
 	Antispyware signature age: 0
 	Last quick scan age: 0
 	Last full scan age: 4294967295
 	Antivirus signature creation time: 2019/3/14 9:18:07
 	Antispyware signature creation time: 2019/3/14 9:18:06
 	Last quick scan start time: 2019/3/14 8:29:57
 	Last quick scan end time: 2019/3/14 8:44:10
 	Last quick scan source: 2
 	Last full scan start time: 1601/1/1 0:00:00
 	Last full scan end time: 1601/1/1 0:00:00
 	Last full scan source: 0
 	Product status: 0x00080000
"
Information	3/14/2019 11:21:00 PM	Microsoft-Windows-Windows Defender	1150	None	"Endpoint Protection client is up and running in a healthy state.
 	Platform version: 4.18.1902.2
 	Engine version: 1.1.15700.9
 	Signature version: 1.289.1150.0
"
Information	3/14/2019 10:21:00 PM	Microsoft-Windows-Windows Defender	1151	None	"Endpoint Protection client health report (time in UTC):
 	Platform version: 4.18.1902.2
 	Engine version: 1.1.15700.9
 	Network Realtime Inspection engine version: 1.1.15700.9
 	Antivirus signature version: 1.289.1150.0
 	Antispyware signature version: 1.289.1150.0
 	Network Realtime Inspection signature version: 1.289.1150.0
 	RTP state: Enabled
 	OA state: Enabled
 	IOAV state: Enabled
 	BM state: Enabled
 	Antivirus signature age: 0
 	Antispyware signature age: 0
 	Last quick scan age: 0
 	Last full scan age: 4294967295
 	Antivirus signature creation time: 2019/3/14 9:18:07
 	Antispyware signature creation time: 2019/3/14 9:18:06
 	Last quick scan start time: 2019/3/14 8:29:57
 	Last quick scan end time: 2019/3/14 8:44:10
 	Last quick scan source: 2
 	Last full scan start time: 1601/1/1 0:00:00
 	Last full scan end time: 1601/1/1 0:00:00
 	Last full scan source: 0
 	Product status: 0x00080000
"
Information	3/14/2019 10:21:00 PM	Microsoft-Windows-Windows Defender	1150	None	"Endpoint Protection client is up and running in a healthy state.
 	Platform version: 4.18.1902.2
 	Engine version: 1.1.15700.9
 	Signature version: 1.289.1150.0
"
Information	3/14/2019 7:42:10 PM	Microsoft-Windows-Windows Defender	2000	None	"Windows Defender Antivirus signature version has been updated.
 	Current Signature Version: 1.289.1150.0
 	Previous Signature Version: 1.289.1051.0
 	Signature Type: AntiSpyware
 	Update Type: Delta
 	User: NT AUTHORITY\SYSTEM
 	Current Engine Version: 1.1.15700.9
 	Previous Engine Version: 1.1.15700.9"
Information	3/14/2019 7:42:10 PM	Microsoft-Windows-Windows Defender	2000	None	"Windows Defender Antivirus signature version has been updated.
 	Current Signature Version: 1.289.1150.0
 	Previous Signature Version: 1.289.1051.0
 	Signature Type: AntiVirus
 	Update Type: Delta
 	User: NT AUTHORITY\SYSTEM
 	Current Engine Version: 1.1.15700.9
 	Previous Engine Version: 1.1.15700.9"
Information	3/14/2019 7:41:59 PM	Microsoft-Windows-Windows Defender	1151	None	"Endpoint Protection client health report (time in UTC):
 	Platform version: 4.18.1902.2
 	Engine version: 1.1.15700.9
 	Network Realtime Inspection engine version: 1.1.15700.9
 	Antivirus signature version: 1.289.1051.0
 	Antispyware signature version: 1.289.1051.0
 	Network Realtime Inspection signature version: 1.289.1051.0
 	RTP state: Enabled
 	OA state: Enabled
 	IOAV state: Enabled
 	BM state: Enabled
 	Antivirus signature age: 1
 	Antispyware signature age: 1
 	Last quick scan age: 0
 	Last full scan age: 4294967295
 	Antivirus signature creation time: 2019/3/13 6:33:36
 	Antispyware signature creation time: 2019/3/13 6:33:35
 	Last quick scan start time: 2019/3/14 8:29:57
 	Last quick scan end time: 2019/3/14 8:44:10
 	Last quick scan source: 2
 	Last full scan start time: 1601/1/1 0:00:00
 	Last full scan end time: 1601/1/1 0:00:00
 	Last full scan source: 0
 	Product status: 0x00080000
"
Information	3/14/2019 7:41:59 PM	Microsoft-Windows-Windows Defender	1150	None	"Endpoint Protection client is up and running in a healthy state.
 	Platform version: 4.18.1902.2
 	Engine version: 1.1.15700.9
 	Signature version: 1.289.1051.0
"
Information	3/14/2019 5:18:02 PM	Microsoft-Windows-Windows Defender	1151	None	"Endpoint Protection client health report (time in UTC):
 	Platform version: 4.18.1902.2
 	Engine version: 1.1.15700.9
 	Network Realtime Inspection engine version: 1.1.15700.9
 	Antivirus signature version: 1.289.1051.0
 	Antispyware signature version: 1.289.1051.0
 	Network Realtime Inspection signature version: 1.289.1051.0
 	RTP state: Enabled
 	OA state: Enabled
 	IOAV state: Enabled
 	BM state: Enabled
 	Antivirus signature age: 1
 	Antispyware signature age: 1
 	Last quick scan age: 0
 	Last full scan age: 4294967295
 	Antivirus signature creation time: 2019/3/13 6:33:36
 	Antispyware signature creation time: 2019/3/13 6:33:35
 	Last quick scan start time: 2019/3/14 8:29:57
 	Last quick scan end time: 2019/3/14 8:44:10
 	Last quick scan source: 2
 	Last full scan start time: 1601/1/1 0:00:00
 	Last full scan end time: 1601/1/1 0:00:00
 	Last full scan source: 0
 	Product status: 0x00080000
"
Information	3/14/2019 5:18:02 PM	Microsoft-Windows-Windows Defender	1150	None	"Endpoint Protection client is up and running in a healthy state.
 	Platform version: 4.18.1902.2
 	Engine version: 1.1.15700.9
 	Signature version: 1.289.1051.0
"
Information	3/14/2019 4:44:10 PM	Microsoft-Windows-Windows Defender	1001	None	"Windows Defender Antivirus scan has finished.
 	Scan ID: {55C9A158-19C9-4148-A9D5-C6A2D9B8EF70}
 	Scan Type: Antimalware
 	Scan Parameters: Quick Scan
 	User: NT AUTHORITY\SYSTEM
 	Scan Time: 0:14:13"
Information	3/14/2019 4:29:57 PM	Microsoft-Windows-Windows Defender	1000	None	"Windows Defender Antivirus scan has started.
 	Scan ID: {55C9A158-19C9-4148-A9D5-C6A2D9B8EF70}
 	Scan Type: Antimalware
 	Scan Parameters: Quick Scan
 	Scan Resources: 
 	User: NT AUTHORITY\SYSTEM"
Information	3/14/2019 4:18:02 PM	Microsoft-Windows-Windows Defender	1151	None	"Endpoint Protection client health report (time in UTC):
 	Platform version: 4.18.1902.2
 	Engine version: 1.1.15700.9
 	Network Realtime Inspection engine version: 1.1.15700.9
 	Antivirus signature version: 1.289.1051.0
 	Antispyware signature version: 1.289.1051.0
 	Network Realtime Inspection signature version: 1.289.1051.0
 	RTP state: Enabled
 	OA state: Enabled
 	IOAV state: Enabled
 	BM state: Enabled
 	Antivirus signature age: 1
 	Antispyware signature age: 1
 	Last quick scan age: 2
 	Last full scan age: 4294967295
 	Antivirus signature creation time: 2019/3/13 6:33:36
 	Antispyware signature creation time: 2019/3/13 6:33:35
 	Last quick scan start time: 2019/3/11 16:43:16
 	Last quick scan end time: 2019/3/11 16:51:33
 	Last quick scan source: 2
 	Last full scan start time: 1601/1/1 0:00:00
 	Last full scan end time: 1601/1/1 0:00:00
 	Last full scan source: 0
 	Product status: 0x00080000
"
Information	3/14/2019 4:18:02 PM	Microsoft-Windows-Windows Defender	1150	None	"Endpoint Protection client is up and running in a healthy state.
 	Platform version: 4.18.1902.2
 	Engine version: 1.1.15700.9
 	Signature version: 1.289.1051.0
"
Warning	3/14/2019 3:59:58 PM	Microsoft-Windows-Windows Defender	1002	None	"Windows Defender Antivirus scan has been stopped before completion.
 	Scan ID: {71E6462B-D045-4A6E-BF5F-0F7C43479D18}
 	Scan Type: Antimalware
 	Scan Parameters: Quick Scan
  	User: NT AUTHORITY\SYSTEM"
Information	3/14/2019 3:58:57 PM	Microsoft-Windows-Windows Defender	1000	None	"Windows Defender Antivirus scan has started.
 	Scan ID: {71E6462B-D045-4A6E-BF5F-0F7C43479D18}
 	Scan Type: Antimalware
 	Scan Parameters: Quick Scan
 	Scan Resources: 
 	User: NT AUTHORITY\SYSTEM"
Information	3/14/2019 3:18:02 PM	Microsoft-Windows-Windows Defender	1151	None	"Endpoint Protection client health report (time in UTC):
 	Platform version: 4.18.1902.2
 	Engine version: 1.1.15700.9
 	Network Realtime Inspection engine version: 1.1.15700.9
 	Antivirus signature version: 1.289.1051.0
 	Antispyware signature version: 1.289.1051.0
 	Network Realtime Inspection signature version: 1.289.1051.0
 	RTP state: Enabled
 	OA state: Enabled
 	IOAV state: Enabled
 	BM state: Enabled
 	Antivirus signature age: 1
 	Antispyware signature age: 1
 	Last quick scan age: 2
 	Last full scan age: 4294967295
 	Antivirus signature creation time: 2019/3/13 6:33:36
 	Antispyware signature creation time: 2019/3/13 6:33:35
 	Last quick scan start time: 2019/3/11 16:43:16
 	Last quick scan end time: 2019/3/11 16:51:33
 	Last quick scan source: 2
 	Last full scan start time: 1601/1/1 0:00:00
 	Last full scan end time: 1601/1/1 0:00:00
 	Last full scan source: 0
 	Product status: 0x00080000
"
Information	3/14/2019 3:18:02 PM	Microsoft-Windows-Windows Defender	1150	None	"Endpoint Protection client is up and running in a healthy state.
 	Platform version: 4.18.1902.2
 	Engine version: 1.1.15700.9
 	Signature version: 1.289.1051.0
"
Information	3/14/2019 2:18:02 PM	Microsoft-Windows-Windows Defender	1151	None	"Endpoint Protection client health report (time in UTC):
 	Platform version: 4.18.1902.2
 	Engine version: 1.1.15700.9
 	Network Realtime Inspection engine version: 1.1.15700.9
 	Antivirus signature version: 1.289.1051.0
 	Antispyware signature version: 1.289.1051.0
 	Network Realtime Inspection signature version: 1.289.1051.0
 	RTP state: Enabled
 	OA state: Enabled
 	IOAV state: Enabled
 	BM state: Enabled
 	Antivirus signature age: 0
 	Antispyware signature age: 0
 	Last quick scan age: 2
 	Last full scan age: 4294967295
 	Antivirus signature creation time: 2019/3/13 6:33:36
 	Antispyware signature creation time: 2019/3/13 6:33:35
 	Last quick scan start time: 2019/3/11 16:43:16
 	Last quick scan end time: 2019/3/11 16:51:33
 	Last quick scan source: 2
 	Last full scan start time: 1601/1/1 0:00:00
 	Last full scan end time: 1601/1/1 0:00:00
 	Last full scan source: 0
 	Product status: 0x00080000
"
Information	3/14/2019 2:18:02 PM	Microsoft-Windows-Windows Defender	1150	None	"Endpoint Protection client is up and running in a healthy state.
 	Platform version: 4.18.1902.2
 	Engine version: 1.1.15700.9
 	Signature version: 1.289.1051.0
"
Error	3/14/2019 10:04:00 AM	Microsoft-Windows-Windows Defender	2001	None	"Windows Defender Antivirus has encountered an error trying to update signatures.
 	New Signature Version: 
 	Previous Signature Version: 1.289.1051.0
 	Update Source: Microsoft Update Server
 	Signature Type: AntiVirus
 	Update Type: Full
 	User: NT AUTHORITY\SYSTEM
 	Current Engine Version: 
 	Previous Engine Version: 1.1.15700.9
 	Error code: 0x8024402c
 	Error description: 在检查更新时出现意外问题。有关更新的安装和疑难解答的信息，请参阅“帮助和支持”。 "
Information	3/14/2019 8:55:01 AM	Microsoft-Windows-Windows Defender	1151	None	"Endpoint Protection client health report (time in UTC):
 	Platform version: 4.18.1902.2
 	Engine version: 1.1.15700.9
 	Network Realtime Inspection engine version: 1.1.15700.9
 	Antivirus signature version: 1.289.1051.0
 	Antispyware signature version: 1.289.1051.0
 	Network Realtime Inspection signature version: 1.289.1051.0
 	RTP state: Enabled
 	OA state: Enabled
 	IOAV state: Enabled
 	BM state: Enabled
 	Antivirus signature age: 0
 	Antispyware signature age: 0
 	Last quick scan age: 2
 	Last full scan age: 4294967295
 	Antivirus signature creation time: 2019/3/13 6:33:36
 	Antispyware signature creation time: 2019/3/13 6:33:35
 	Last quick scan start time: 2019/3/11 16:43:16
 	Last quick scan end time: 2019/3/11 16:51:33
 	Last quick scan source: 2
 	Last full scan start time: 1601/1/1 0:00:00
 	Last full scan end time: 1601/1/1 0:00:00
 	Last full scan source: 0
 	Product status: 0x00080000
"
Information	3/14/2019 8:55:01 AM	Microsoft-Windows-Windows Defender	1150	None	"Endpoint Protection client is up and running in a healthy state.
 	Platform version: 4.18.1902.2
 	Engine version: 1.1.15700.9
 	Signature version: 1.289.1051.0
"
Information	3/14/2019 1:19:03 AM	Microsoft-Windows-Windows Defender	1151	None	"Endpoint Protection client health report (time in UTC):
 	Platform version: 4.18.1902.2
 	Engine version: 1.1.15700.9
 	Network Realtime Inspection engine version: 1.1.15700.9
 	Antivirus signature version: 1.289.1051.0
 	Antispyware signature version: 1.289.1051.0
 	Network Realtime Inspection signature version: 1.289.1051.0
 	RTP state: Enabled
 	OA state: Enabled
 	IOAV state: Enabled
 	BM state: Enabled
 	Antivirus signature age: 0
 	Antispyware signature age: 0
 	Last quick scan age: 2
 	Last full scan age: 4294967295
 	Antivirus signature creation time: 2019/3/13 6:33:36
 	Antispyware signature creation time: 2019/3/13 6:33:35
 	Last quick scan start time: 2019/3/11 16:43:16
 	Last quick scan end time: 2019/3/11 16:51:33
 	Last quick scan source: 2
 	Last full scan start time: 1601/1/1 0:00:00
 	Last full scan end time: 1601/1/1 0:00:00
 	Last full scan source: 0
 	Product status: 0x00080000
"
Information	3/14/2019 1:19:03 AM	Microsoft-Windows-Windows Defender	1150	None	"Endpoint Protection client is up and running in a healthy state.
 	Platform version: 4.18.1902.2
 	Engine version: 1.1.15700.9
 	Signature version: 1.289.1051.0
"
Information	3/13/2019 11:30:47 PM	Microsoft-Windows-Windows Defender	1151	None	"Endpoint Protection client health report (time in UTC):
 	Platform version: 4.18.1902.2
 	Engine version: 1.1.15700.9
 	Network Realtime Inspection engine version: 1.1.15700.9
 	Antivirus signature version: 1.289.1051.0
 	Antispyware signature version: 1.289.1051.0
 	Network Realtime Inspection signature version: 1.289.1051.0
 	RTP state: Enabled
 	OA state: Enabled
 	IOAV state: Enabled
 	BM state: Enabled
 	Antivirus signature age: 0
 	Antispyware signature age: 0
 	Last quick scan age: 1
 	Last full scan age: 4294967295
 	Antivirus signature creation time: 2019/3/13 6:33:36
 	Antispyware signature creation time: 2019/3/13 6:33:35
 	Last quick scan start time: 2019/3/11 16:43:16
 	Last quick scan end time: 2019/3/11 16:51:33
 	Last quick scan source: 2
 	Last full scan start time: 1601/1/1 0:00:00
 	Last full scan end time: 1601/1/1 0:00:00
 	Last full scan source: 0
 	Product status: 0x00080000
"
Information	3/13/2019 11:30:47 PM	Microsoft-Windows-Windows Defender	1150	None	"Endpoint Protection client is up and running in a healthy state.
 	Platform version: 4.18.1902.2
 	Engine version: 1.1.15700.9
 	Signature version: 1.289.1051.0
"
Information	3/13/2019 10:30:47 PM	Microsoft-Windows-Windows Defender	1151	None	"Endpoint Protection client health report (time in UTC):
 	Platform version: 4.18.1902.2
 	Engine version: 1.1.15700.9
 	Network Realtime Inspection engine version: 1.1.15700.9
 	Antivirus signature version: 1.289.1051.0
 	Antispyware signature version: 1.289.1051.0
 	Network Realtime Inspection signature version: 1.289.1051.0
 	RTP state: Enabled
 	OA state: Enabled
 	IOAV state: Enabled
 	BM state: Enabled
 	Antivirus signature age: 0
 	Antispyware signature age: 0
 	Last quick scan age: 1
 	Last full scan age: 4294967295
 	Antivirus signature creation time: 2019/3/13 6:33:36
 	Antispyware signature creation time: 2019/3/13 6:33:35
 	Last quick scan start time: 2019/3/11 16:43:16
 	Last quick scan end time: 2019/3/11 16:51:33
 	Last quick scan source: 2
 	Last full scan start time: 1601/1/1 0:00:00
 	Last full scan end time: 1601/1/1 0:00:00
 	Last full scan source: 0
 	Product status: 0x00080000
"
Information	3/13/2019 10:30:47 PM	Microsoft-Windows-Windows Defender	1150	None	"Endpoint Protection client is up and running in a healthy state.
 	Platform version: 4.18.1902.2
 	Engine version: 1.1.15700.9
 	Signature version: 1.289.1051.0
"
Information	3/13/2019 9:30:47 PM	Microsoft-Windows-Windows Defender	1151	None	"Endpoint Protection client health report (time in UTC):
 	Platform version: 4.18.1902.2
 	Engine version: 1.1.15700.9
 	Network Realtime Inspection engine version: 1.1.15700.9
 	Antivirus signature version: 1.289.1051.0
 	Antispyware signature version: 1.289.1051.0
 	Network Realtime Inspection signature version: 1.289.1051.0
 	RTP state: Enabled
 	OA state: Enabled
 	IOAV state: Enabled
 	BM state: Enabled
 	Antivirus signature age: 0
 	Antispyware signature age: 0
 	Last quick scan age: 1
 	Last full scan age: 4294967295
 	Antivirus signature creation time: 2019/3/13 6:33:36
 	Antispyware signature creation time: 2019/3/13 6:33:35
 	Last quick scan start time: 2019/3/11 16:43:16
 	Last quick scan end time: 2019/3/11 16:51:33
 	Last quick scan source: 2
 	Last full scan start time: 1601/1/1 0:00:00
 	Last full scan end time: 1601/1/1 0:00:00
 	Last full scan source: 0
 	Product status: 0x00080000
"
Information	3/13/2019 9:30:47 PM	Microsoft-Windows-Windows Defender	1150	None	"Endpoint Protection client is up and running in a healthy state.
 	Platform version: 4.18.1902.2
 	Engine version: 1.1.15700.9
 	Signature version: 1.289.1051.0
"
Information	3/13/2019 8:30:47 PM	Microsoft-Windows-Windows Defender	1151	None	"Endpoint Protection client health report (time in UTC):
 	Platform version: 4.18.1902.2
 	Engine version: 1.1.15700.9
 	Network Realtime Inspection engine version: 1.1.15700.9
 	Antivirus signature version: 1.289.1051.0
 	Antispyware signature version: 1.289.1051.0
 	Network Realtime Inspection signature version: 1.289.1051.0
 	RTP state: Enabled
 	OA state: Enabled
 	IOAV state: Enabled
 	BM state: Enabled
 	Antivirus signature age: 0
 	Antispyware signature age: 0
 	Last quick scan age: 1
 	Last full scan age: 4294967295
 	Antivirus signature creation time: 2019/3/13 6:33:36
 	Antispyware signature creation time: 2019/3/13 6:33:35
 	Last quick scan start time: 2019/3/11 16:43:16
 	Last quick scan end time: 2019/3/11 16:51:33
 	Last quick scan source: 2
 	Last full scan start time: 1601/1/1 0:00:00
 	Last full scan end time: 1601/1/1 0:00:00
 	Last full scan source: 0
 	Product status: 0x00080000
"
Information	3/13/2019 8:30:47 PM	Microsoft-Windows-Windows Defender	1150	None	"Endpoint Protection client is up and running in a healthy state.
 	Platform version: 4.18.1902.2
 	Engine version: 1.1.15700.9
 	Signature version: 1.289.1051.0
"
Information	3/13/2019 7:30:47 PM	Microsoft-Windows-Windows Defender	1151	None	"Endpoint Protection client health report (time in UTC):
 	Platform version: 4.18.1902.2
 	Engine version: 1.1.15700.9
 	Network Realtime Inspection engine version: 1.1.15700.9
 	Antivirus signature version: 1.289.1051.0
 	Antispyware signature version: 1.289.1051.0
 	Network Realtime Inspection signature version: 1.289.1051.0
 	RTP state: Enabled
 	OA state: Enabled
 	IOAV state: Enabled
 	BM state: Enabled
 	Antivirus signature age: 0
 	Antispyware signature age: 0
 	Last quick scan age: 1
 	Last full scan age: 4294967295
 	Antivirus signature creation time: 2019/3/13 6:33:36
 	Antispyware signature creation time: 2019/3/13 6:33:35
 	Last quick scan start time: 2019/3/11 16:43:16
 	Last quick scan end time: 2019/3/11 16:51:33
 	Last quick scan source: 2
 	Last full scan start time: 1601/1/1 0:00:00
 	Last full scan end time: 1601/1/1 0:00:00
 	Last full scan source: 0
 	Product status: 0x00080000
"
Information	3/13/2019 7:30:47 PM	Microsoft-Windows-Windows Defender	1150	None	"Endpoint Protection client is up and running in a healthy state.
 	Platform version: 4.18.1902.2
 	Engine version: 1.1.15700.9
 	Signature version: 1.289.1051.0
"
Information	3/13/2019 6:34:40 PM	Microsoft-Windows-Windows Defender	2000	None	"Windows Defender Antivirus signature version has been updated.
 	Current Signature Version: 1.289.1051.0
 	Previous Signature Version: 1.289.911.0
 	Signature Type: AntiSpyware
 	Update Type: Delta
 	User: NT AUTHORITY\SYSTEM
 	Current Engine Version: 1.1.15700.9
 	Previous Engine Version: 1.1.15700.9"
Information	3/13/2019 6:34:40 PM	Microsoft-Windows-Windows Defender	2000	None	"Windows Defender Antivirus signature version has been updated.
 	Current Signature Version: 1.289.1051.0
 	Previous Signature Version: 1.289.911.0
 	Signature Type: AntiVirus
 	Update Type: Delta
 	User: NT AUTHORITY\SYSTEM
 	Current Engine Version: 1.1.15700.9
 	Previous Engine Version: 1.1.15700.9"
Information	3/13/2019 5:54:24 PM	Microsoft-Windows-Windows Defender	2011	None	"Windows Defender Antivirus used Dynamic Signature Service to discard obsolete signatures.
 	Current Signature Version: 1.289.911.0
 	Signature Type: AntiSpyware
 	Current Engine Version: 1.1.15700.9
 	Dynamic Signature Type: Signature update
 	Persistence Path: C:\ProgramData\Microsoft\Windows Defender\Scans\RtSigs\data\466f2fe9d0264cc6bb7f23ace5da94380d717637
 	Dynamic Signature Version: 0.0.0.0
 	Dynamic Signature Compilation Timestamp: 2019/2/10 19:28:23
 	Removal Reason: Automatic
 	Persistence Limit Type: Duration
 	Persistence Limit: 150196224"
Information	3/13/2019 5:54:24 PM	Microsoft-Windows-Windows Defender	2011	None	"Windows Defender Antivirus used Dynamic Signature Service to discard obsolete signatures.
 	Current Signature Version: 1.289.911.0
 	Signature Type: AntiVirus
 	Current Engine Version: 1.1.15700.9
 	Dynamic Signature Type: Signature update
 	Persistence Path: C:\ProgramData\Microsoft\Windows Defender\Scans\RtSigs\data\466f2fe9d0264cc6bb7f23ace5da94380d717637
 	Dynamic Signature Version: 0.0.0.0
 	Dynamic Signature Compilation Timestamp: 2019/2/10 19:28:23
 	Removal Reason: Automatic
 	Persistence Limit Type: Duration
 	Persistence Limit: 150196224"
Information	3/13/2019 4:58:46 PM	Microsoft-Windows-Windows Defender	1151	None	"Endpoint Protection client health report (time in UTC):
 	Platform version: 4.18.1902.2
 	Engine version: 1.1.15700.9
 	Network Realtime Inspection engine version: 1.1.15700.9
 	Antivirus signature version: 1.289.911.0
 	Antispyware signature version: 1.289.911.0
 	Network Realtime Inspection signature version: 1.289.911.0
 	RTP state: Enabled
 	OA state: Enabled
 	IOAV state: Enabled
 	BM state: Enabled
 	Antivirus signature age: 1
 	Antispyware signature age: 1
 	Last quick scan age: 1
 	Last full scan age: 4294967295
 	Antivirus signature creation time: 2019/3/11 16:10:11
 	Antispyware signature creation time: 2019/3/11 16:10:12
 	Last quick scan start time: 2019/3/11 16:43:16
 	Last quick scan end time: 2019/3/11 16:51:33
 	Last quick scan source: 2
 	Last full scan start time: 1601/1/1 0:00:00
 	Last full scan end time: 1601/1/1 0:00:00
 	Last full scan source: 0
 	Product status: 0x00080000
"
Information	3/13/2019 4:58:46 PM	Microsoft-Windows-Windows Defender	1150	None	"Endpoint Protection client is up and running in a healthy state.
 	Platform version: 4.18.1902.2
 	Engine version: 1.1.15700.9
 	Signature version: 1.289.911.0
"
Information	3/13/2019 12:21:43 PM	Microsoft-Windows-Windows Defender	1151	None	"Endpoint Protection client health report (time in UTC):
 	Platform version: 4.18.1902.2
 	Engine version: 1.1.15700.9
 	Network Realtime Inspection engine version: 1.1.15700.9
 	Antivirus signature version: 1.289.911.0
 	Antispyware signature version: 1.289.911.0
 	Network Realtime Inspection signature version: 1.289.911.0
 	RTP state: Enabled
 	OA state: Enabled
 	IOAV state: Enabled
 	BM state: Enabled
 	Antivirus signature age: 1
 	Antispyware signature age: 1
 	Last quick scan age: 1
 	Last full scan age: 4294967295
 	Antivirus signature creation time: 2019/3/11 16:10:11
 	Antispyware signature creation time: 2019/3/11 16:10:12
 	Last quick scan start time: 2019/3/11 16:43:16
 	Last quick scan end time: 2019/3/11 16:51:33
 	Last quick scan source: 2
 	Last full scan start time: 1601/1/1 0:00:00
 	Last full scan end time: 1601/1/1 0:00:00
 	Last full scan source: 0
 	Product status: 0x00080000
"
Information	3/13/2019 12:21:43 PM	Microsoft-Windows-Windows Defender	1150	None	"Endpoint Protection client is up and running in a healthy state.
 	Platform version: 4.18.1902.2
 	Engine version: 1.1.15700.9
 	Signature version: 1.289.911.0
"
Information	3/13/2019 12:05:03 PM	Microsoft-Windows-Windows Defender	1000	None	"Windows Defender Antivirus scan has started.
 	Scan ID: {E61B7E0E-60F9-48EF-AFC1-539C196598E3}
 	Scan Type: Antimalware
 	Scan Parameters: Quick Scan
 	Scan Resources: 
 	User: NT AUTHORITY\SYSTEM"
Information	3/13/2019 3:40:54 AM	Microsoft-Windows-Windows Defender	1151	None	"Endpoint Protection client health report (time in UTC):
 	Platform version: 4.18.1902.2
 	Engine version: 1.1.15700.9
 	Network Realtime Inspection engine version: 1.1.15700.9
 	Antivirus signature version: 1.289.911.0
 	Antispyware signature version: 1.289.911.0
 	Network Realtime Inspection signature version: 1.289.911.0
 	RTP state: Enabled
 	OA state: Enabled
 	IOAV state: Enabled
 	BM state: Enabled
 	Antivirus signature age: 1
 	Antispyware signature age: 1
 	Last quick scan age: 1
 	Last full scan age: 4294967295
 	Antivirus signature creation time: 2019/3/11 16:10:11
 	Antispyware signature creation time: 2019/3/11 16:10:12
 	Last quick scan start time: 2019/3/11 16:43:16
 	Last quick scan end time: 2019/3/11 16:51:33
 	Last quick scan source: 2
 	Last full scan start time: 1601/1/1 0:00:00
 	Last full scan end time: 1601/1/1 0:00:00
 	Last full scan source: 0
 	Product status: 0x00080000
"
Information	3/13/2019 3:40:54 AM	Microsoft-Windows-Windows Defender	1150	None	"Endpoint Protection client is up and running in a healthy state.
 	Platform version: 4.18.1902.2
 	Engine version: 1.1.15700.9
 	Signature version: 1.289.911.0
"
Information	3/13/2019 2:30:09 AM	Microsoft-Windows-Windows Defender	1151	None	"Endpoint Protection client health report (time in UTC):
 	Platform version: 4.18.1902.2
 	Engine version: 1.1.15700.9
 	Network Realtime Inspection engine version: 1.1.15700.9
 	Antivirus signature version: 1.289.911.0
 	Antispyware signature version: 1.289.911.0
 	Network Realtime Inspection signature version: 1.289.911.0
 	RTP state: Enabled
 	OA state: Enabled
 	IOAV state: Enabled
 	BM state: Enabled
 	Antivirus signature age: 1
 	Antispyware signature age: 1
 	Last quick scan age: 1
 	Last full scan age: 4294967295
 	Antivirus signature creation time: 2019/3/11 16:10:11
 	Antispyware signature creation time: 2019/3/11 16:10:12
 	Last quick scan start time: 2019/3/11 16:43:16
 	Last quick scan end time: 2019/3/11 16:51:33
 	Last quick scan source: 2
 	Last full scan start time: 1601/1/1 0:00:00
 	Last full scan end time: 1601/1/1 0:00:00
 	Last full scan source: 0
 	Product status: 0x00080000
"
Information	3/13/2019 2:30:09 AM	Microsoft-Windows-Windows Defender	1150	None	"Endpoint Protection client is up and running in a healthy state.
 	Platform version: 4.18.1902.2
 	Engine version: 1.1.15700.9
 	Signature version: 1.289.911.0
"
Information	3/13/2019 1:07:10 AM	Microsoft-Windows-Windows Defender	1151	None	"Endpoint Protection client health report (time in UTC):
 	Platform version: 4.18.1902.2
 	Engine version: 1.1.15700.9
 	Network Realtime Inspection engine version: 1.1.15700.9
 	Antivirus signature version: 1.289.911.0
 	Antispyware signature version: 1.289.911.0
 	Network Realtime Inspection signature version: 1.289.911.0
 	RTP state: Enabled
 	OA state: Enabled
 	IOAV state: Enabled
 	BM state: Enabled
 	Antivirus signature age: 1
 	Antispyware signature age: 1
 	Last quick scan age: 1
 	Last full scan age: 4294967295
 	Antivirus signature creation time: 2019/3/11 16:10:11
 	Antispyware signature creation time: 2019/3/11 16:10:12
 	Last quick scan start time: 2019/3/11 16:43:16
 	Last quick scan end time: 2019/3/11 16:51:33
 	Last quick scan source: 2
 	Last full scan start time: 1601/1/1 0:00:00
 	Last full scan end time: 1601/1/1 0:00:00
 	Last full scan source: 0
 	Product status: 0x00080000
"
Information	3/13/2019 1:07:10 AM	Microsoft-Windows-Windows Defender	1150	None	"Endpoint Protection client is up and running in a healthy state.
 	Platform version: 4.18.1902.2
 	Engine version: 1.1.15700.9
 	Signature version: 1.289.911.0
"
Information	3/12/2019 11:55:35 PM	Microsoft-Windows-Windows Defender	1151	None	"Endpoint Protection client health report (time in UTC):
 	Platform version: 4.18.1902.2
 	Engine version: 1.1.15700.9
 	Network Realtime Inspection engine version: 1.1.15700.9
 	Antivirus signature version: 1.289.911.0
 	Antispyware signature version: 1.289.911.0
 	Network Realtime Inspection signature version: 1.289.911.0
 	RTP state: Enabled
 	OA state: Enabled
 	IOAV state: Enabled
 	BM state: Enabled
 	Antivirus signature age: 0
 	Antispyware signature age: 0
 	Last quick scan age: 0
 	Last full scan age: 4294967295
 	Antivirus signature creation time: 2019/3/11 16:10:11
 	Antispyware signature creation time: 2019/3/11 16:10:12
 	Last quick scan start time: 2019/3/11 16:43:16
 	Last quick scan end time: 2019/3/11 16:51:33
 	Last quick scan source: 2
 	Last full scan start time: 1601/1/1 0:00:00
 	Last full scan end time: 1601/1/1 0:00:00
 	Last full scan source: 0
 	Product status: 0x00080000
"
Information	3/12/2019 11:55:35 PM	Microsoft-Windows-Windows Defender	1150	None	"Endpoint Protection client is up and running in a healthy state.
 	Platform version: 4.18.1902.2
 	Engine version: 1.1.15700.9
 	Signature version: 1.289.911.0
"
Information	3/12/2019 10:55:35 PM	Microsoft-Windows-Windows Defender	1151	None	"Endpoint Protection client health report (time in UTC):
 	Platform version: 4.18.1902.2
 	Engine version: 1.1.15700.9
 	Network Realtime Inspection engine version: 1.1.15700.9
 	Antivirus signature version: 1.289.911.0
 	Antispyware signature version: 1.289.911.0
 	Network Realtime Inspection signature version: 1.289.911.0
 	RTP state: Enabled
 	OA state: Enabled
 	IOAV state: Enabled
 	BM state: Enabled
 	Antivirus signature age: 0
 	Antispyware signature age: 0
 	Last quick scan age: 0
 	Last full scan age: 4294967295
 	Antivirus signature creation time: 2019/3/11 16:10:11
 	Antispyware signature creation time: 2019/3/11 16:10:12
 	Last quick scan start time: 2019/3/11 16:43:16
 	Last quick scan end time: 2019/3/11 16:51:33
 	Last quick scan source: 2
 	Last full scan start time: 1601/1/1 0:00:00
 	Last full scan end time: 1601/1/1 0:00:00
 	Last full scan source: 0
 	Product status: 0x00080000
"
Information	3/12/2019 10:55:35 PM	Microsoft-Windows-Windows Defender	1150	None	"Endpoint Protection client is up and running in a healthy state.
 	Platform version: 4.18.1902.2
 	Engine version: 1.1.15700.9
 	Signature version: 1.289.911.0
"
Information	3/12/2019 9:55:35 PM	Microsoft-Windows-Windows Defender	1151	None	"Endpoint Protection client health report (time in UTC):
 	Platform version: 4.18.1902.2
 	Engine version: 1.1.15700.9
 	Network Realtime Inspection engine version: 1.1.15700.9
 	Antivirus signature version: 1.289.911.0
 	Antispyware signature version: 1.289.911.0
 	Network Realtime Inspection signature version: 1.289.911.0
 	RTP state: Enabled
 	OA state: Enabled
 	IOAV state: Enabled
 	BM state: Enabled
 	Antivirus signature age: 0
 	Antispyware signature age: 0
 	Last quick scan age: 0
 	Last full scan age: 4294967295
 	Antivirus signature creation time: 2019/3/11 16:10:11
 	Antispyware signature creation time: 2019/3/11 16:10:12
 	Last quick scan start time: 2019/3/11 16:43:16
 	Last quick scan end time: 2019/3/11 16:51:33
 	Last quick scan source: 2
 	Last full scan start time: 1601/1/1 0:00:00
 	Last full scan end time: 1601/1/1 0:00:00
 	Last full scan source: 0
 	Product status: 0x00080000
"
Information	3/12/2019 9:55:35 PM	Microsoft-Windows-Windows Defender	1150	None	"Endpoint Protection client is up and running in a healthy state.
 	Platform version: 4.18.1902.2
 	Engine version: 1.1.15700.9
 	Signature version: 1.289.911.0
"
Information	3/12/2019 6:32:08 PM	Microsoft-Windows-Windows Defender	2000	None	"Windows Defender Antivirus signature version has been updated.
 	Current Signature Version: 1.289.911.0
 	Previous Signature Version: 1.289.877.0
 	Signature Type: AntiSpyware
 	Update Type: Delta
 	User: NT AUTHORITY\SYSTEM
 	Current Engine Version: 1.1.15700.9
 	Previous Engine Version: 1.1.15700.9"
Information	3/12/2019 6:32:08 PM	Microsoft-Windows-Windows Defender	2000	None	"Windows Defender Antivirus signature version has been updated.
 	Current Signature Version: 1.289.911.0
 	Previous Signature Version: 1.289.877.0
 	Signature Type: AntiVirus
 	Update Type: Delta
 	User: NT AUTHORITY\SYSTEM
 	Current Engine Version: 1.1.15700.9
 	Previous Engine Version: 1.1.15700.9"
Information	3/12/2019 6:32:08 PM	Microsoft-Windows-Windows Defender	2011	None	"Windows Defender Antivirus used Dynamic Signature Service to discard obsolete signatures.
 	Current Signature Version: 1.289.911.0
 	Signature Type: AntiSpyware
 	Current Engine Version: 1.1.15700.9
 	Dynamic Signature Type: Signature update
 	Persistence Path: C:\ProgramData\Microsoft\Windows Defender\Scans\RtSigs\data\bc5d45cb9e5e5e2578ebe7f45d693d27419d106f
 	Dynamic Signature Version: 0.0.0.0
 	Dynamic Signature Compilation Timestamp: 2019/3/2 6:15:55
 	Removal Reason: Automatic
 	Persistence Limit Type: Duration
 	Persistence Limit: 50065408"
Information	3/12/2019 6:32:08 PM	Microsoft-Windows-Windows Defender	2011	None	"Windows Defender Antivirus used Dynamic Signature Service to discard obsolete signatures.
 	Current Signature Version: 1.289.911.0
 	Signature Type: AntiVirus
 	Current Engine Version: 1.1.15700.9
 	Dynamic Signature Type: Signature update
 	Persistence Path: C:\ProgramData\Microsoft\Windows Defender\Scans\RtSigs\data\bc5d45cb9e5e5e2578ebe7f45d693d27419d106f
 	Dynamic Signature Version: 0.0.0.0
 	Dynamic Signature Compilation Timestamp: 2019/3/2 6:15:55
 	Removal Reason: Automatic
 	Persistence Limit Type: Duration
 	Persistence Limit: 50065408"
Information	3/12/2019 6:32:08 PM	Microsoft-Windows-Windows Defender	2011	None	"Windows Defender Antivirus used Dynamic Signature Service to discard obsolete signatures.
 	Current Signature Version: 1.289.911.0
 	Signature Type: AntiSpyware
 	Current Engine Version: 1.1.15700.9
 	Dynamic Signature Type: Signature update
 	Persistence Path: C:\ProgramData\Microsoft\Windows Defender\Scans\RtSigs\data\a09b42580c0aa065900f5ccfe07d90bc0dfd6b92
 	Dynamic Signature Version: 0.0.0.0
 	Dynamic Signature Compilation Timestamp: 2019/3/2 6:16:15
 	Removal Reason: Automatic
 	Persistence Limit Type: Duration
 	Persistence Limit: 50065408"
Information	3/12/2019 6:32:08 PM	Microsoft-Windows-Windows Defender	2011	None	"Windows Defender Antivirus used Dynamic Signature Service to discard obsolete signatures.
 	Current Signature Version: 1.289.911.0
 	Signature Type: AntiVirus
 	Current Engine Version: 1.1.15700.9
 	Dynamic Signature Type: Signature update
 	Persistence Path: C:\ProgramData\Microsoft\Windows Defender\Scans\RtSigs\data\a09b42580c0aa065900f5ccfe07d90bc0dfd6b92
 	Dynamic Signature Version: 0.0.0.0
 	Dynamic Signature Compilation Timestamp: 2019/3/2 6:16:15
 	Removal Reason: Automatic
 	Persistence Limit Type: Duration
 	Persistence Limit: 50065408"
Information	3/12/2019 6:32:08 PM	Microsoft-Windows-Windows Defender	2011	None	"Windows Defender Antivirus used Dynamic Signature Service to discard obsolete signatures.
 	Current Signature Version: 1.289.911.0
 	Signature Type: AntiSpyware
 	Current Engine Version: 1.1.15700.9
 	Dynamic Signature Type: Signature update
 	Persistence Path: C:\ProgramData\Microsoft\Windows Defender\Scans\RtSigs\data\383c1868e0d88106b3cfc2f710af572785810a6a
 	Dynamic Signature Version: 0.0.0.0
 	Dynamic Signature Compilation Timestamp: 2019/3/2 6:15:55
 	Removal Reason: Automatic
 	Persistence Limit Type: Duration
 	Persistence Limit: 50065408"
