Information	4/22/2019 7:21:01 PM	Microsoft-Windows-Windows Defender	2011	None	"Windows Defender Antivirus used Dynamic Signature Service to discard obsolete signatures.
 	Current Signature Version: 1.289.1712.0
 	Signature Type: AntiSpyware
 	Current Engine Version: 1.1.15700.9
 	Dynamic Signature Type: Signature update
 	Persistence Path: C:\ProgramData\Microsoft\Windows Defender\Scans\RtSigs\data\4367cb1efe32dab33a2737ebe56bb91cebf8ed91
 	Dynamic Signature Version: 0.0.0.0
 	Dynamic Signature Compilation Timestamp: 2019/3/3 5:37:39
 	Removal Reason: Automatic
 	Persistence Limit Type: Duration
 	Persistence Limit: 150196224"
Information	4/22/2019 7:21:01 PM	Microsoft-Windows-Windows Defender	2011	None	"Windows Defender Antivirus used Dynamic Signature Service to discard obsolete signatures.
 	Current Signature Version: 1.289.1712.0
 	Signature Type: AntiVirus
 	Current Engine Version: 1.1.15700.9
 	Dynamic Signature Type: Signature update
 	Persistence Path: C:\ProgramData\Microsoft\Windows Defender\Scans\RtSigs\data\4367cb1efe32dab33a2737ebe56bb91cebf8ed91
 	Dynamic Signature Version: 0.0.0.0
 	Dynamic Signature Compilation Timestamp: 2019/3/3 5:37:39
 	Removal Reason: Automatic
 	Persistence Limit Type: Duration
 	Persistence Limit: 150196224"
Information	4/22/2019 7:21:01 PM	Microsoft-Windows-Windows Defender	2011	None	"Windows Defender Antivirus used Dynamic Signature Service to discard obsolete signatures.
 	Current Signature Version: 1.289.1712.0
 	Signature Type: AntiSpyware
 	Current Engine Version: 1.1.15700.9
 	Dynamic Signature Type: Signature update
 	Persistence Path: C:\ProgramData\Microsoft\Windows Defender\Scans\RtSigs\data\3944b8ba76b1c63afaca11b614e0a0623c1a294e
 	Dynamic Signature Version: 0.0.0.0
 	Dynamic Signature Compilation Timestamp: 2019/2/22 14:01:31
 	Removal Reason: Automatic
 	Persistence Limit Type: Duration
 	Persistence Limit: 150196224"
Information	4/22/2019 7:21:01 PM	Microsoft-Windows-Windows Defender	2011	None	"Windows Defender Antivirus used Dynamic Signature Service to discard obsolete signatures.
 	Current Signature Version: 1.289.1712.0
 	Signature Type: AntiVirus
 	Current Engine Version: 1.1.15700.9
 	Dynamic Signature Type: Signature update
 	Persistence Path: C:\ProgramData\Microsoft\Windows Defender\Scans\RtSigs\data\3944b8ba76b1c63afaca11b614e0a0623c1a294e
 	Dynamic Signature Version: 0.0.0.0
 	Dynamic Signature Compilation Timestamp: 2019/2/22 14:01:31
 	Removal Reason: Automatic
 	Persistence Limit Type: Duration
 	Persistence Limit: 150196224"
Information	4/22/2019 7:21:01 PM	Microsoft-Windows-Windows Defender	2011	None	"Windows Defender Antivirus used Dynamic Signature Service to discard obsolete signatures.
 	Current Signature Version: 1.289.1712.0
 	Signature Type: AntiSpyware
 	Current Engine Version: 1.1.15700.9
 	Dynamic Signature Type: Signature update
 	Persistence Path: C:\ProgramData\Microsoft\Windows Defender\Scans\RtSigs\data\30b0f017a2f0f6004400b0f7834961acf1aa4c43
 	Dynamic Signature Version: 0.0.0.0
 	Dynamic Signature Compilation Timestamp: 2019/3/3 5:38:00
 	Removal Reason: Automatic
 	Persistence Limit Type: Duration
 	Persistence Limit: 150196224"
Information	4/22/2019 7:21:01 PM	Microsoft-Windows-Windows Defender	2011	None	"Windows Defender Antivirus used Dynamic Signature Service to discard obsolete signatures.
 	Current Signature Version: 1.289.1712.0
 	Signature Type: AntiVirus
 	Current Engine Version: 1.1.15700.9
 	Dynamic Signature Type: Signature update
 	Persistence Path: C:\ProgramData\Microsoft\Windows Defender\Scans\RtSigs\data\30b0f017a2f0f6004400b0f7834961acf1aa4c43
 	Dynamic Signature Version: 0.0.0.0
 	Dynamic Signature Compilation Timestamp: 2019/3/3 5:38:00
 	Removal Reason: Automatic
 	Persistence Limit Type: Duration
 	Persistence Limit: 150196224"
Information	4/22/2019 7:21:01 PM	Microsoft-Windows-Windows Defender	2011	None	"Windows Defender Antivirus used Dynamic Signature Service to discard obsolete signatures.
 	Current Signature Version: 1.289.1712.0
 	Signature Type: AntiSpyware
 	Current Engine Version: 1.1.15700.9
 	Dynamic Signature Type: Signature update
 	Persistence Path: C:\ProgramData\Microsoft\Windows Defender\Scans\RtSigs\data\17186767bd1d4d49dad5ce8469efffa0abf813a7
 	Dynamic Signature Version: 0.0.0.0
 	Dynamic Signature Compilation Timestamp: 2019/3/3 15:02:38
 	Removal Reason: Automatic
 	Persistence Limit Type: Duration
 	Persistence Limit: 150196224"
Information	4/22/2019 7:21:01 PM	Microsoft-Windows-Windows Defender	2011	None	"Windows Defender Antivirus used Dynamic Signature Service to discard obsolete signatures.
 	Current Signature Version: 1.289.1712.0
 	Signature Type: AntiVirus
 	Current Engine Version: 1.1.15700.9
 	Dynamic Signature Type: Signature update
 	Persistence Path: C:\ProgramData\Microsoft\Windows Defender\Scans\RtSigs\data\17186767bd1d4d49dad5ce8469efffa0abf813a7
 	Dynamic Signature Version: 0.0.0.0
 	Dynamic Signature Compilation Timestamp: 2019/3/3 15:02:38
 	Removal Reason: Automatic
 	Persistence Limit Type: Duration
 	Persistence Limit: 150196224"
Information	4/22/2019 7:21:01 PM	Microsoft-Windows-Windows Defender	2011	None	"Windows Defender Antivirus used Dynamic Signature Service to discard obsolete signatures.
 	Current Signature Version: 1.289.1712.0
 	Signature Type: AntiSpyware
 	Current Engine Version: 1.1.15700.9
 	Dynamic Signature Type: Signature update
 	Persistence Path: C:\ProgramData\Microsoft\Windows Defender\Scans\RtSigs\data\0920fd03207962cec02f8d7f127625b0e28fc2a2
 	Dynamic Signature Version: 0.0.0.0
 	Dynamic Signature Compilation Timestamp: 2019/3/3 5:38:12
 	Removal Reason: Automatic
 	Persistence Limit Type: Duration
 	Persistence Limit: 150196224"
Information	4/22/2019 7:21:01 PM	Microsoft-Windows-Windows Defender	2011	None	"Windows Defender Antivirus used Dynamic Signature Service to discard obsolete signatures.
 	Current Signature Version: 1.289.1712.0
 	Signature Type: AntiVirus
 	Current Engine Version: 1.1.15700.9
 	Dynamic Signature Type: Signature update
 	Persistence Path: C:\ProgramData\Microsoft\Windows Defender\Scans\RtSigs\data\0920fd03207962cec02f8d7f127625b0e28fc2a2
 	Dynamic Signature Version: 0.0.0.0
 	Dynamic Signature Compilation Timestamp: 2019/3/3 5:38:12
 	Removal Reason: Automatic
 	Persistence Limit Type: Duration
 	Persistence Limit: 150196224"
Information	4/22/2019 7:21:01 PM	Microsoft-Windows-Windows Defender	2011	None	"Windows Defender Antivirus used Dynamic Signature Service to discard obsolete signatures.
 	Current Signature Version: 1.289.1712.0
 	Signature Type: AntiSpyware
 	Current Engine Version: 1.1.15700.9
 	Dynamic Signature Type: Signature update
 	Persistence Path: C:\ProgramData\Microsoft\Windows Defender\Scans\RtSigs\data\01c0714b6e95612035767fedf5dc9eb987cae499
 	Dynamic Signature Version: 0.0.0.0
 	Dynamic Signature Compilation Timestamp: 2019/3/6 11:52:10
 	Removal Reason: Automatic
 	Persistence Limit Type: Duration
 	Persistence Limit: 150196224"
Information	4/22/2019 7:21:01 PM	Microsoft-Windows-Windows Defender	2011	None	"Windows Defender Antivirus used Dynamic Signature Service to discard obsolete signatures.
 	Current Signature Version: 1.289.1712.0
 	Signature Type: AntiVirus
 	Current Engine Version: 1.1.15700.9
 	Dynamic Signature Type: Signature update
 	Persistence Path: C:\ProgramData\Microsoft\Windows Defender\Scans\RtSigs\data\01c0714b6e95612035767fedf5dc9eb987cae499
 	Dynamic Signature Version: 0.0.0.0
 	Dynamic Signature Compilation Timestamp: 2019/3/6 11:52:10
 	Removal Reason: Automatic
 	Persistence Limit Type: Duration
 	Persistence Limit: 150196224"
Information	4/22/2019 7:21:01 PM	Microsoft-Windows-Windows Defender	2011	None	"Windows Defender Antivirus used Dynamic Signature Service to discard obsolete signatures.
 	Current Signature Version: 1.289.1712.0
 	Signature Type: AntiSpyware
 	Current Engine Version: 1.1.15700.9
 	Dynamic Signature Type: Signature update
 	Persistence Path: C:\ProgramData\Microsoft\Windows Defender\Scans\RtSigs\data\007c3650dce57df3dcad7b2f975a22c8539135ec
 	Dynamic Signature Version: 0.0.0.0
 	Dynamic Signature Compilation Timestamp: 2019/3/3 5:37:53
 	Removal Reason: Automatic
 	Persistence Limit Type: Duration
 	Persistence Limit: 150196224"
Information	4/22/2019 7:21:01 PM	Microsoft-Windows-Windows Defender	2011	None	"Windows Defender Antivirus used Dynamic Signature Service to discard obsolete signatures.
 	Current Signature Version: 1.289.1712.0
 	Signature Type: AntiVirus
 	Current Engine Version: 1.1.15700.9
 	Dynamic Signature Type: Signature update
 	Persistence Path: C:\ProgramData\Microsoft\Windows Defender\Scans\RtSigs\data\007c3650dce57df3dcad7b2f975a22c8539135ec
 	Dynamic Signature Version: 0.0.0.0
 	Dynamic Signature Compilation Timestamp: 2019/3/3 5:37:53
 	Removal Reason: Automatic
 	Persistence Limit Type: Duration
 	Persistence Limit: 150196224"
Information	4/22/2019 7:21:01 PM	Microsoft-Windows-Windows Defender	2011	None	"Windows Defender Antivirus used Dynamic Signature Service to discard obsolete signatures.
 	Current Signature Version: 1.289.1712.0
 	Signature Type: AntiSpyware
 	Current Engine Version: 1.1.15700.9
 	Dynamic Signature Type: Signature update
 	Persistence Path: C:\ProgramData\Microsoft\Windows Defender\Scans\RtSigs\data\005cdf103952c71cf5a9ebbb43000cfe1e8e2ee7
 	Dynamic Signature Version: 0.0.0.0
 	Dynamic Signature Compilation Timestamp: 2019/3/3 5:37:55
 	Removal Reason: Automatic
 	Persistence Limit Type: Duration
 	Persistence Limit: 150196224"
Information	4/22/2019 7:21:01 PM	Microsoft-Windows-Windows Defender	2011	None	"Windows Defender Antivirus used Dynamic Signature Service to discard obsolete signatures.
 	Current Signature Version: 1.289.1712.0
 	Signature Type: AntiVirus
 	Current Engine Version: 1.1.15700.9
 	Dynamic Signature Type: Signature update
 	Persistence Path: C:\ProgramData\Microsoft\Windows Defender\Scans\RtSigs\data\005cdf103952c71cf5a9ebbb43000cfe1e8e2ee7
 	Dynamic Signature Version: 0.0.0.0
 	Dynamic Signature Compilation Timestamp: 2019/3/3 5:37:55
 	Removal Reason: Automatic
 	Persistence Limit Type: Duration
 	Persistence Limit: 150196224"
Information	3/22/2019 3:08:02 AM	Microsoft-Windows-Windows Defender	5010	None	Windows Defender Antivirus scanning for spyware and other potentially unwanted software is disabled.
Information	3/22/2019 2:44:06 AM	Microsoft-Windows-Windows Defender	1151	None	"Endpoint Protection client health report (time in UTC):
 	Platform version: 4.18.1902.2
 	Engine version: 1.1.15700.9
 	Network Realtime Inspection engine version: 1.1.15700.9
 	Antivirus signature version: 1.289.1712.0
 	Antispyware signature version: 1.289.1712.0
 	Network Realtime Inspection signature version: 1.289.1712.0
 	RTP state: Enabled
 	OA state: Enabled
 	IOAV state: Enabled
 	BM state: Enabled
 	Antivirus signature age: 0
 	Antispyware signature age: 0
 	Last quick scan age: 1
 	Last full scan age: 4294967295
 	Antivirus signature creation time: 2019/3/21 3:53:53
 	Antispyware signature creation time: 2019/3/21 3:53:52
 	Last quick scan start time: 2019/3/20 9:30:57
 	Last quick scan end time: 2019/3/20 9:46:41
 	Last quick scan source: 2
 	Last full scan start time: 1601/1/1 0:00:00
 	Last full scan end time: 1601/1/1 0:00:00
 	Last full scan source: 0
 	Product status: 0x00080000
"
Information	3/22/2019 2:44:06 AM	Microsoft-Windows-Windows Defender	1150	None	"Endpoint Protection client is up and running in a healthy state.
 	Platform version: 4.18.1902.2
 	Engine version: 1.1.15700.9
 	Signature version: 1.289.1712.0
"
Information	3/22/2019 1:44:07 AM	Microsoft-Windows-Windows Defender	1151	None	"Endpoint Protection client health report (time in UTC):
 	Platform version: 4.18.1902.2
 	Engine version: 1.1.15700.9
 	Network Realtime Inspection engine version: 1.1.15700.9
 	Antivirus signature version: 1.289.1712.0
 	Antispyware signature version: 1.289.1712.0
 	Network Realtime Inspection signature version: 1.289.1712.0
 	RTP state: Enabled
 	OA state: Enabled
 	IOAV state: Enabled
 	BM state: Enabled
 	Antivirus signature age: 0
 	Antispyware signature age: 0
 	Last quick scan age: 1
 	Last full scan age: 4294967295
 	Antivirus signature creation time: 2019/3/21 3:53:53
 	Antispyware signature creation time: 2019/3/21 3:53:52
 	Last quick scan start time: 2019/3/20 9:30:57
 	Last quick scan end time: 2019/3/20 9:46:41
 	Last quick scan source: 2
 	Last full scan start time: 1601/1/1 0:00:00
 	Last full scan end time: 1601/1/1 0:00:00
 	Last full scan source: 0
 	Product status: 0x00080000
"
Information	3/22/2019 1:44:06 AM	Microsoft-Windows-Windows Defender	1150	None	"Endpoint Protection client is up and running in a healthy state.
 	Platform version: 4.18.1902.2
 	Engine version: 1.1.15700.9
 	Signature version: 1.289.1712.0
"
Information	3/22/2019 12:44:06 AM	Microsoft-Windows-Windows Defender	1151	None	"Endpoint Protection client health report (time in UTC):
 	Platform version: 4.18.1902.2
 	Engine version: 1.1.15700.9
 	Network Realtime Inspection engine version: 1.1.15700.9
 	Antivirus signature version: 1.289.1712.0
 	Antispyware signature version: 1.289.1712.0
 	Network Realtime Inspection signature version: 1.289.1712.0
 	RTP state: Enabled
 	OA state: Enabled
 	IOAV state: Enabled
 	BM state: Enabled
 	Antivirus signature age: 0
 	Antispyware signature age: 0
 	Last quick scan age: 1
 	Last full scan age: 4294967295
 	Antivirus signature creation time: 2019/3/21 3:53:53
 	Antispyware signature creation time: 2019/3/21 3:53:52
 	Last quick scan start time: 2019/3/20 9:30:57
 	Last quick scan end time: 2019/3/20 9:46:41
 	Last quick scan source: 2
 	Last full scan start time: 1601/1/1 0:00:00
 	Last full scan end time: 1601/1/1 0:00:00
 	Last full scan source: 0
 	Product status: 0x00080000
"
Information	3/22/2019 12:44:06 AM	Microsoft-Windows-Windows Defender	1150	None	"Endpoint Protection client is up and running in a healthy state.
 	Platform version: 4.18.1902.2
 	Engine version: 1.1.15700.9
 	Signature version: 1.289.1712.0
"
Warning	3/22/2019 12:40:41 AM	Microsoft-Windows-Windows Defender	1002	None	"Windows Defender Antivirus scan has been stopped before completion.
 	Scan ID: {45926929-C722-4046-B162-723B91860F5D}
 	Scan Type: Antimalware
 	Scan Parameters: Quick Scan
  	User: NT AUTHORITY\SYSTEM"
Information	3/22/2019 12:39:20 AM	Microsoft-Windows-Windows Defender	1000	None	"Windows Defender Antivirus scan has started.
 	Scan ID: {45926929-C722-4046-B162-723B91860F5D}
 	Scan Type: Antimalware
 	Scan Parameters: Quick Scan
 	Scan Resources: 
 	User: NT AUTHORITY\SYSTEM"
Warning	3/22/2019 12:30:35 AM	Microsoft-Windows-Windows Defender	1002	None	"Windows Defender Antivirus scan has been stopped before completion.
 	Scan ID: {24FE6230-0593-447B-8C07-B7D6D9AE9D5E}
 	Scan Type: Antimalware
 	Scan Parameters: Quick Scan
  	User: NT AUTHORITY\SYSTEM"
Information	3/22/2019 12:30:01 AM	Microsoft-Windows-Windows Defender	1000	None	"Windows Defender Antivirus scan has started.
 	Scan ID: {24FE6230-0593-447B-8C07-B7D6D9AE9D5E}
 	Scan Type: Antimalware
 	Scan Parameters: Quick Scan
 	Scan Resources: 
 	User: NT AUTHORITY\SYSTEM"
Warning	3/22/2019 12:19:22 AM	Microsoft-Windows-Windows Defender	1002	None	"Windows Defender Antivirus scan has been stopped before completion.
 	Scan ID: {D9047963-AFF7-4D9F-B461-E71365C587C7}
 	Scan Type: Antimalware
 	Scan Parameters: Quick Scan
  	User: NT AUTHORITY\SYSTEM"
Information	3/22/2019 12:18:30 AM	Microsoft-Windows-Windows Defender	1013	None	"Windows Defender Antivirus has removed history of malware and other potentially unwanted software.
 	Time: 2019/3/7 0:18:29
 	User: NT AUTHORITY\SYSTEM
"
Information	3/22/2019 12:18:30 AM	Microsoft-Windows-Windows Defender	1000	None	"Windows Defender Antivirus scan has started.
 	Scan ID: {D9047963-AFF7-4D9F-B461-E71365C587C7}
 	Scan Type: Antimalware
 	Scan Parameters: Quick Scan
 	Scan Resources: 
 	User: NT AUTHORITY\SYSTEM"
Information	3/21/2019 11:44:04 PM	Microsoft-Windows-Windows Defender	1151	None	"Endpoint Protection client health report (time in UTC):
 	Platform version: 4.18.1902.2
 	Engine version: 1.1.15700.9
 	Network Realtime Inspection engine version: 1.1.15700.9
 	Antivirus signature version: 1.289.1712.0
 	Antispyware signature version: 1.289.1712.0
 	Network Realtime Inspection signature version: 1.289.1712.0
 	RTP state: Enabled
 	OA state: Enabled
 	IOAV state: Enabled
 	BM state: Enabled
 	Antivirus signature age: 0
 	Antispyware signature age: 0
 	Last quick scan age: 1
 	Last full scan age: 4294967295
 	Antivirus signature creation time: 2019/3/21 3:53:53
 	Antispyware signature creation time: 2019/3/21 3:53:52
 	Last quick scan start time: 2019/3/20 9:30:57
 	Last quick scan end time: 2019/3/20 9:46:41
 	Last quick scan source: 2
 	Last full scan start time: 1601/1/1 0:00:00
 	Last full scan end time: 1601/1/1 0:00:00
 	Last full scan source: 0
 	Product status: 0x00080000
"
Information	3/21/2019 11:44:04 PM	Microsoft-Windows-Windows Defender	1150	None	"Endpoint Protection client is up and running in a healthy state.
 	Platform version: 4.18.1902.2
 	Engine version: 1.1.15700.9
 	Signature version: 1.289.1712.0
"
Information	3/21/2019 10:26:37 PM	Microsoft-Windows-Windows Defender	1151	None	"Endpoint Protection client health report (time in UTC):
 	Platform version: 4.18.1902.2
 	Engine version: 1.1.15700.9
 	Network Realtime Inspection engine version: 1.1.15700.9
 	Antivirus signature version: 1.289.1712.0
 	Antispyware signature version: 1.289.1712.0
 	Network Realtime Inspection signature version: 1.289.1712.0
 	RTP state: Enabled
 	OA state: Enabled
 	IOAV state: Enabled
 	BM state: Enabled
 	Antivirus signature age: 0
 	Antispyware signature age: 0
 	Last quick scan age: 1
 	Last full scan age: 4294967295
 	Antivirus signature creation time: 2019/3/21 3:53:53
 	Antispyware signature creation time: 2019/3/21 3:53:52
 	Last quick scan start time: 2019/3/20 9:30:57
 	Last quick scan end time: 2019/3/20 9:46:41
 	Last quick scan source: 2
 	Last full scan start time: 1601/1/1 0:00:00
 	Last full scan end time: 1601/1/1 0:00:00
 	Last full scan source: 0
 	Product status: 0x00080000
"
Information	3/21/2019 10:26:37 PM	Microsoft-Windows-Windows Defender	1150	None	"Endpoint Protection client is up and running in a healthy state.
 	Platform version: 4.18.1902.2
 	Engine version: 1.1.15700.9
 	Signature version: 1.289.1712.0
"
Information	3/21/2019 7:20:11 PM	Microsoft-Windows-Windows Defender	1151	None	"Endpoint Protection client health report (time in UTC):
 	Platform version: 4.18.1902.2
 	Engine version: 1.1.15700.9
 	Network Realtime Inspection engine version: 1.1.15700.9
 	Antivirus signature version: 1.289.1712.0
 	Antispyware signature version: 1.289.1712.0
 	Network Realtime Inspection signature version: 1.289.1712.0
 	RTP state: Enabled
 	OA state: Enabled
 	IOAV state: Enabled
 	BM state: Enabled
 	Antivirus signature age: 0
 	Antispyware signature age: 0
 	Last quick scan age: 1
 	Last full scan age: 4294967295
 	Antivirus signature creation time: 2019/3/21 3:53:53
 	Antispyware signature creation time: 2019/3/21 3:53:52
 	Last quick scan start time: 2019/3/20 9:30:57
 	Last quick scan end time: 2019/3/20 9:46:41
 	Last quick scan source: 2
 	Last full scan start time: 1601/1/1 0:00:00
 	Last full scan end time: 1601/1/1 0:00:00
 	Last full scan source: 0
 	Product status: 0x00080000
"
Information	3/21/2019 7:20:11 PM	Microsoft-Windows-Windows Defender	1150	None	"Endpoint Protection client is up and running in a healthy state.
 	Platform version: 4.18.1902.2
 	Engine version: 1.1.15700.9
 	Signature version: 1.289.1712.0
"
Information	3/21/2019 6:16:47 PM	Microsoft-Windows-Windows Defender	1151	None	"Endpoint Protection client health report (time in UTC):
 	Platform version: 4.18.1902.2
 	Engine version: 1.1.15700.9
 	Network Realtime Inspection engine version: 1.1.15700.9
 	Antivirus signature version: 1.289.1712.0
 	Antispyware signature version: 1.289.1712.0
 	Network Realtime Inspection signature version: 1.289.1712.0
 	RTP state: Enabled
 	OA state: Enabled
 	IOAV state: Enabled
 	BM state: Enabled
 	Antivirus signature age: 0
 	Antispyware signature age: 0
 	Last quick scan age: 1
 	Last full scan age: 4294967295
 	Antivirus signature creation time: 2019/3/21 3:53:53
 	Antispyware signature creation time: 2019/3/21 3:53:52
 	Last quick scan start time: 2019/3/20 9:30:57
 	Last quick scan end time: 2019/3/20 9:46:41
 	Last quick scan source: 2
 	Last full scan start time: 1601/1/1 0:00:00
 	Last full scan end time: 1601/1/1 0:00:00
 	Last full scan source: 0
 	Product status: 0x00080000
"
Information	3/21/2019 6:16:47 PM	Microsoft-Windows-Windows Defender	1150	None	"Endpoint Protection client is up and running in a healthy state.
 	Platform version: 4.18.1902.2
 	Engine version: 1.1.15700.9
 	Signature version: 1.289.1712.0
"
Information	3/21/2019 5:16:47 PM	Microsoft-Windows-Windows Defender	1151	None	"Endpoint Protection client health report (time in UTC):
 	Platform version: 4.18.1902.2
 	Engine version: 1.1.15700.9
 	Network Realtime Inspection engine version: 1.1.15700.9
 	Antivirus signature version: 1.289.1712.0
 	Antispyware signature version: 1.289.1712.0
 	Network Realtime Inspection signature version: 1.289.1712.0
 	RTP state: Enabled
 	OA state: Enabled
 	IOAV state: Enabled
 	BM state: Enabled
 	Antivirus signature age: 0
 	Antispyware signature age: 0
 	Last quick scan age: 0
 	Last full scan age: 4294967295
 	Antivirus signature creation time: 2019/3/21 3:53:53
 	Antispyware signature creation time: 2019/3/21 3:53:52
 	Last quick scan start time: 2019/3/20 9:30:57
 	Last quick scan end time: 2019/3/20 9:46:41
 	Last quick scan source: 2
 	Last full scan start time: 1601/1/1 0:00:00
 	Last full scan end time: 1601/1/1 0:00:00
 	Last full scan source: 0
 	Product status: 0x00080000
"
Information	3/21/2019 5:16:47 PM	Microsoft-Windows-Windows Defender	1150	None	"Endpoint Protection client is up and running in a healthy state.
 	Platform version: 4.18.1902.2
 	Engine version: 1.1.15700.9
 	Signature version: 1.289.1712.0
"
Information	3/21/2019 4:16:47 PM	Microsoft-Windows-Windows Defender	1151	None	"Endpoint Protection client health report (time in UTC):
 	Platform version: 4.18.1902.2
 	Engine version: 1.1.15700.9
 	Network Realtime Inspection engine version: 1.1.15700.9
 	Antivirus signature version: 1.289.1712.0
 	Antispyware signature version: 1.289.1712.0
 	Network Realtime Inspection signature version: 1.289.1712.0
 	RTP state: Enabled
 	OA state: Enabled
 	IOAV state: Enabled
 	BM state: Enabled
 	Antivirus signature age: 0
 	Antispyware signature age: 0
 	Last quick scan age: 0
 	Last full scan age: 4294967295
 	Antivirus signature creation time: 2019/3/21 3:53:53
 	Antispyware signature creation time: 2019/3/21 3:53:52
 	Last quick scan start time: 2019/3/20 9:30:57
 	Last quick scan end time: 2019/3/20 9:46:41
 	Last quick scan source: 2
 	Last full scan start time: 1601/1/1 0:00:00
 	Last full scan end time: 1601/1/1 0:00:00
 	Last full scan source: 0
 	Product status: 0x00080000
"
Information	3/21/2019 4:16:47 PM	Microsoft-Windows-Windows Defender	1150	None	"Endpoint Protection client is up and running in a healthy state.
 	Platform version: 4.18.1902.2
 	Engine version: 1.1.15700.9
 	Signature version: 1.289.1712.0
"
Information	3/21/2019 3:28:37 PM	Microsoft-Windows-Windows Defender	2000	None	"Windows Defender Antivirus signature version has been updated.
 	Current Signature Version: 1.289.1712.0
 	Previous Signature Version: 1.289.1599.0
 	Signature Type: AntiSpyware
 	Update Type: Delta
 	User: NT AUTHORITY\SYSTEM
 	Current Engine Version: 1.1.15700.9
 	Previous Engine Version: 1.1.15700.9"
Information	3/21/2019 3:28:37 PM	Microsoft-Windows-Windows Defender	2000	None	"Windows Defender Antivirus signature version has been updated.
 	Current Signature Version: 1.289.1712.0
 	Previous Signature Version: 1.289.1599.0
 	Signature Type: AntiVirus
 	Update Type: Delta
 	User: NT AUTHORITY\SYSTEM
 	Current Engine Version: 1.1.15700.9
 	Previous Engine Version: 1.1.15700.9"
Information	3/21/2019 3:11:10 PM	Microsoft-Windows-Windows Defender	1151	None	"Endpoint Protection client health report (time in UTC):
 	Platform version: 4.18.1902.2
 	Engine version: 1.1.15700.9
 	Network Realtime Inspection engine version: 1.1.15700.9
 	Antivirus signature version: 1.289.1599.0
 	Antispyware signature version: 1.289.1599.0
 	Network Realtime Inspection signature version: 1.289.1599.0
 	RTP state: Enabled
 	OA state: Enabled
 	IOAV state: Enabled
 	BM state: Enabled
 	Antivirus signature age: 1
 	Antispyware signature age: 1
 	Last quick scan age: 0
 	Last full scan age: 4294967295
 	Antivirus signature creation time: 2019/3/19 20:14:44
 	Antispyware signature creation time: 2019/3/19 20:14:43
 	Last quick scan start time: 2019/3/20 9:30:57
 	Last quick scan end time: 2019/3/20 9:46:41
 	Last quick scan source: 2
 	Last full scan start time: 1601/1/1 0:00:00
 	Last full scan end time: 1601/1/1 0:00:00
 	Last full scan source: 0
 	Product status: 0x00080000
"
Information	3/21/2019 3:11:10 PM	Microsoft-Windows-Windows Defender	1150	None	"Endpoint Protection client is up and running in a healthy state.
 	Platform version: 4.18.1902.2
 	Engine version: 1.1.15700.9
 	Signature version: 1.289.1599.0
"
Error	3/21/2019 2:29:58 PM	Microsoft-Windows-Windows Defender	2001	None	"Windows Defender Antivirus has encountered an error trying to update signatures.
 	New Signature Version: 
 	Previous Signature Version: 1.289.1599.0
 	Update Source: Microsoft Update Server
 	Signature Type: AntiVirus
 	Update Type: Full
 	User: NT AUTHORITY\SYSTEM
 	Current Engine Version: 
 	Previous Engine Version: 1.1.15700.9
 	Error code: 0x8024401c
 	Error description: 在检查更新时出现意外问题。有关更新的安装和疑难解答的信息，请参阅“帮助和支持”。 "
Information	3/21/2019 2:11:10 PM	Microsoft-Windows-Windows Defender	1151	None	"Endpoint Protection client health report (time in UTC):
 	Platform version: 4.18.1902.2
 	Engine version: 1.1.15700.9
 	Network Realtime Inspection engine version: 1.1.15700.9
 	Antivirus signature version: 1.289.1599.0
 	Antispyware signature version: 1.289.1599.0
 	Network Realtime Inspection signature version: 1.289.1599.0
 	RTP state: Enabled
 	OA state: Enabled
 	IOAV state: Enabled
 	BM state: Enabled
 	Antivirus signature age: 1
 	Antispyware signature age: 1
 	Last quick scan age: 0
 	Last full scan age: 4294967295
 	Antivirus signature creation time: 2019/3/19 20:14:44
 	Antispyware signature creation time: 2019/3/19 20:14:43
 	Last quick scan start time: 2019/3/20 9:30:57
 	Last quick scan end time: 2019/3/20 9:46:41
 	Last quick scan source: 2
 	Last full scan start time: 1601/1/1 0:00:00
 	Last full scan end time: 1601/1/1 0:00:00
 	Last full scan source: 0
 	Product status: 0x00080000
"
Information	3/21/2019 2:11:10 PM	Microsoft-Windows-Windows Defender	1150	None	"Endpoint Protection client is up and running in a healthy state.
 	Platform version: 4.18.1902.2
 	Engine version: 1.1.15700.9
 	Signature version: 1.289.1599.0
"
Information	3/21/2019 1:04:17 PM	Microsoft-Windows-Windows Defender	1151	None	"Endpoint Protection client health report (time in UTC):
 	Platform version: 4.18.1902.2
 	Engine version: 1.1.15700.9
 	Network Realtime Inspection engine version: 1.1.15700.9
 	Antivirus signature version: 1.289.1599.0
 	Antispyware signature version: 1.289.1599.0
 	Network Realtime Inspection signature version: 1.289.1599.0
 	RTP state: Enabled
 	OA state: Enabled
 	IOAV state: Enabled
 	BM state: Enabled
 	Antivirus signature age: 1
 	Antispyware signature age: 1
 	Last quick scan age: 0
 	Last full scan age: 4294967295
 	Antivirus signature creation time: 2019/3/19 20:14:44
 	Antispyware signature creation time: 2019/3/19 20:14:43
 	Last quick scan start time: 2019/3/20 9:30:57
 	Last quick scan end time: 2019/3/20 9:46:41
 	Last quick scan source: 2
 	Last full scan start time: 1601/1/1 0:00:00
 	Last full scan end time: 1601/1/1 0:00:00
 	Last full scan source: 0
 	Product status: 0x00080000
"
Information	3/21/2019 1:04:17 PM	Microsoft-Windows-Windows Defender	1150	None	"Endpoint Protection client is up and running in a healthy state.
 	Platform version: 4.18.1902.2
 	Engine version: 1.1.15700.9
 	Signature version: 1.289.1599.0
"
Information	3/21/2019 12:04:14 PM	Microsoft-Windows-Windows Defender	1151	None	"Endpoint Protection client health report (time in UTC):
 	Platform version: 4.18.1902.2
 	Engine version: 1.1.15700.9
 	Network Realtime Inspection engine version: 1.1.15700.9
 	Antivirus signature version: 1.289.1599.0
 	Antispyware signature version: 1.289.1599.0
 	Network Realtime Inspection signature version: 1.289.1599.0
 	RTP state: Enabled
 	OA state: Enabled
 	IOAV state: Enabled
 	BM state: Enabled
 	Antivirus signature age: 1
 	Antispyware signature age: 1
 	Last quick scan age: 0
 	Last full scan age: 4294967295
 	Antivirus signature creation time: 2019/3/19 20:14:44
 	Antispyware signature creation time: 2019/3/19 20:14:43
 	Last quick scan start time: 2019/3/20 9:30:57
 	Last quick scan end time: 2019/3/20 9:46:41
 	Last quick scan source: 2
 	Last full scan start time: 1601/1/1 0:00:00
 	Last full scan end time: 1601/1/1 0:00:00
 	Last full scan source: 0
 	Product status: 0x00080000
"
Information	3/21/2019 12:04:14 PM	Microsoft-Windows-Windows Defender	1150	None	"Endpoint Protection client is up and running in a healthy state.
 	Platform version: 4.18.1902.2
 	Engine version: 1.1.15700.9
 	Signature version: 1.289.1599.0
"
Information	3/21/2019 12:45:16 AM	Microsoft-Windows-Windows Defender	1151	None	"Endpoint Protection client health report (time in UTC):
 	Platform version: 4.18.1902.2
 	Engine version: 1.1.15700.9
 	Network Realtime Inspection engine version: 1.1.15700.9
 	Antivirus signature version: 1.289.1599.0
 	Antispyware signature version: 1.289.1599.0
 	Network Realtime Inspection signature version: 1.289.1599.0
 	RTP state: Enabled
 	OA state: Enabled
 	IOAV state: Enabled
 	BM state: Enabled
 	Antivirus signature age: 0
 	Antispyware signature age: 0
 	Last quick scan age: 0
 	Last full scan age: 4294967295
 	Antivirus signature creation time: 2019/3/19 20:14:44
 	Antispyware signature creation time: 2019/3/19 20:14:43
 	Last quick scan start time: 2019/3/20 9:30:57
 	Last quick scan end time: 2019/3/20 9:46:41
 	Last quick scan source: 2
 	Last full scan start time: 1601/1/1 0:00:00
 	Last full scan end time: 1601/1/1 0:00:00
 	Last full scan source: 0
 	Product status: 0x00080000
"
Information	3/21/2019 12:45:16 AM	Microsoft-Windows-Windows Defender	1150	None	"Endpoint Protection client is up and running in a healthy state.
 	Platform version: 4.18.1902.2
 	Engine version: 1.1.15700.9
 	Signature version: 1.289.1599.0
"
Information	3/20/2019 11:45:16 PM	Microsoft-Windows-Windows Defender	1151	None	"Endpoint Protection client health report (time in UTC):
 	Platform version: 4.18.1902.2
 	Engine version: 1.1.15700.9
 	Network Realtime Inspection engine version: 1.1.15700.9
 	Antivirus signature version: 1.289.1599.0
 	Antispyware signature version: 1.289.1599.0
 	Network Realtime Inspection signature version: 1.289.1599.0
 	RTP state: Enabled
 	OA state: Enabled
 	IOAV state: Enabled
 	BM state: Enabled
 	Antivirus signature age: 0
 	Antispyware signature age: 0
 	Last quick scan age: 0
 	Last full scan age: 4294967295
 	Antivirus signature creation time: 2019/3/19 20:14:44
 	Antispyware signature creation time: 2019/3/19 20:14:43
 	Last quick scan start time: 2019/3/20 9:30:57
 	Last quick scan end time: 2019/3/20 9:46:41
 	Last quick scan source: 2
 	Last full scan start time: 1601/1/1 0:00:00
 	Last full scan end time: 1601/1/1 0:00:00
 	Last full scan source: 0
 	Product status: 0x00080000
"
Information	3/20/2019 11:45:16 PM	Microsoft-Windows-Windows Defender	1150	None	"Endpoint Protection client is up and running in a healthy state.
 	Platform version: 4.18.1902.2
 	Engine version: 1.1.15700.9
 	Signature version: 1.289.1599.0
"
Information	3/20/2019 10:43:44 PM	Microsoft-Windows-Windows Defender	1151	None	"Endpoint Protection client health report (time in UTC):
 	Platform version: 4.18.1902.2
 	Engine version: 1.1.15700.9
 	Network Realtime Inspection engine version: 1.1.15700.9
 	Antivirus signature version: 1.289.1599.0
 	Antispyware signature version: 1.289.1599.0
 	Network Realtime Inspection signature version: 1.289.1599.0
 	RTP state: Enabled
 	OA state: Enabled
 	IOAV state: Enabled
 	BM state: Enabled
 	Antivirus signature age: 0
 	Antispyware signature age: 0
 	Last quick scan age: 0
 	Last full scan age: 4294967295
 	Antivirus signature creation time: 2019/3/19 20:14:44
 	Antispyware signature creation time: 2019/3/19 20:14:43
 	Last quick scan start time: 2019/3/20 9:30:57
 	Last quick scan end time: 2019/3/20 9:46:41
 	Last quick scan source: 2
 	Last full scan start time: 1601/1/1 0:00:00
 	Last full scan end time: 1601/1/1 0:00:00
 	Last full scan source: 0
 	Product status: 0x00080000
"
Information	3/20/2019 10:43:44 PM	Microsoft-Windows-Windows Defender	1150	None	"Endpoint Protection client is up and running in a healthy state.
 	Platform version: 4.18.1902.2
 	Engine version: 1.1.15700.9
 	Signature version: 1.289.1599.0
"
Information	3/20/2019 9:43:45 PM	Microsoft-Windows-Windows Defender	1151	None	"Endpoint Protection client health report (time in UTC):
 	Platform version: 4.18.1902.2
 	Engine version: 1.1.15700.9
 	Network Realtime Inspection engine version: 1.1.15700.9
 	Antivirus signature version: 1.289.1599.0
 	Antispyware signature version: 1.289.1599.0
 	Network Realtime Inspection signature version: 1.289.1599.0
 	RTP state: Enabled
 	OA state: Enabled
 	IOAV state: Enabled
 	BM state: Enabled
 	Antivirus signature age: 0
 	Antispyware signature age: 0
 	Last quick scan age: 0
 	Last full scan age: 4294967295
 	Antivirus signature creation time: 2019/3/19 20:14:44
 	Antispyware signature creation time: 2019/3/19 20:14:43
 	Last quick scan start time: 2019/3/20 9:30:57
 	Last quick scan end time: 2019/3/20 9:46:41
 	Last quick scan source: 2
 	Last full scan start time: 1601/1/1 0:00:00
 	Last full scan end time: 1601/1/1 0:00:00
 	Last full scan source: 0
 	Product status: 0x00080000
"
Information	3/20/2019 9:43:45 PM	Microsoft-Windows-Windows Defender	1150	None	"Endpoint Protection client is up and running in a healthy state.
 	Platform version: 4.18.1902.2
 	Engine version: 1.1.15700.9
 	Signature version: 1.289.1599.0
"
Information	3/20/2019 8:43:45 PM	Microsoft-Windows-Windows Defender	1151	None	"Endpoint Protection client health report (time in UTC):
 	Platform version: 4.18.1902.2
 	Engine version: 1.1.15700.9
 	Network Realtime Inspection engine version: 1.1.15700.9
 	Antivirus signature version: 1.289.1599.0
 	Antispyware signature version: 1.289.1599.0
 	Network Realtime Inspection signature version: 1.289.1599.0
 	RTP state: Enabled
 	OA state: Enabled
 	IOAV state: Enabled
 	BM state: Enabled
 	Antivirus signature age: 0
 	Antispyware signature age: 0
 	Last quick scan age: 0
 	Last full scan age: 4294967295
 	Antivirus signature creation time: 2019/3/19 20:14:44
 	Antispyware signature creation time: 2019/3/19 20:14:43
 	Last quick scan start time: 2019/3/20 9:30:57
 	Last quick scan end time: 2019/3/20 9:46:41
 	Last quick scan source: 2
 	Last full scan start time: 1601/1/1 0:00:00
 	Last full scan end time: 1601/1/1 0:00:00
 	Last full scan source: 0
 	Product status: 0x00080000
"
Information	3/20/2019 8:43:45 PM	Microsoft-Windows-Windows Defender	1150	None	"Endpoint Protection client is up and running in a healthy state.
 	Platform version: 4.18.1902.2
 	Engine version: 1.1.15700.9
 	Signature version: 1.289.1599.0
"
Information	3/20/2019 7:43:45 PM	Microsoft-Windows-Windows Defender	1151	None	"Endpoint Protection client health report (time in UTC):
 	Platform version: 4.18.1902.2
 	Engine version: 1.1.15700.9
 	Network Realtime Inspection engine version: 1.1.15700.9
 	Antivirus signature version: 1.289.1599.0
 	Antispyware signature version: 1.289.1599.0
 	Network Realtime Inspection signature version: 1.289.1599.0
 	RTP state: Enabled
 	OA state: Enabled
 	IOAV state: Enabled
 	BM state: Enabled
 	Antivirus signature age: 0
 	Antispyware signature age: 0
 	Last quick scan age: 0
 	Last full scan age: 4294967295
 	Antivirus signature creation time: 2019/3/19 20:14:44
 	Antispyware signature creation time: 2019/3/19 20:14:43
 	Last quick scan start time: 2019/3/20 9:30:57
 	Last quick scan end time: 2019/3/20 9:46:41
 	Last quick scan source: 2
 	Last full scan start time: 1601/1/1 0:00:00
 	Last full scan end time: 1601/1/1 0:00:00
 	Last full scan source: 0
 	Product status: 0x00080000
"
Information	3/20/2019 7:43:45 PM	Microsoft-Windows-Windows Defender	1150	None	"Endpoint Protection client is up and running in a healthy state.
 	Platform version: 4.18.1902.2
 	Engine version: 1.1.15700.9
 	Signature version: 1.289.1599.0
"
Information	3/20/2019 6:43:45 PM	Microsoft-Windows-Windows Defender	1151	None	"Endpoint Protection client health report (time in UTC):
 	Platform version: 4.18.1902.2
 	Engine version: 1.1.15700.9
 	Network Realtime Inspection engine version: 1.1.15700.9
 	Antivirus signature version: 1.289.1599.0
 	Antispyware signature version: 1.289.1599.0
 	Network Realtime Inspection signature version: 1.289.1599.0
 	RTP state: Enabled
 	OA state: Enabled
 	IOAV state: Enabled
 	BM state: Enabled
 	Antivirus signature age: 0
 	Antispyware signature age: 0
 	Last quick scan age: 0
 	Last full scan age: 4294967295
 	Antivirus signature creation time: 2019/3/19 20:14:44
 	Antispyware signature creation time: 2019/3/19 20:14:43
 	Last quick scan start time: 2019/3/20 9:30:57
 	Last quick scan end time: 2019/3/20 9:46:41
 	Last quick scan source: 2
 	Last full scan start time: 1601/1/1 0:00:00
 	Last full scan end time: 1601/1/1 0:00:00
 	Last full scan source: 0
 	Product status: 0x00080000
"
Information	3/20/2019 6:43:45 PM	Microsoft-Windows-Windows Defender	1150	None	"Endpoint Protection client is up and running in a healthy state.
 	Platform version: 4.18.1902.2
 	Engine version: 1.1.15700.9
 	Signature version: 1.289.1599.0
"
Information	3/20/2019 5:46:42 PM	Microsoft-Windows-Windows Defender	1001	None	"Windows Defender Antivirus scan has finished.
 	Scan ID: {7F86E22E-BD62-41BC-AE5E-74280D00FAB1}
 	Scan Type: Antimalware
 	Scan Parameters: Quick Scan
 	User: NT AUTHORITY\SYSTEM
 	Scan Time: 0:15:44"
Information	3/20/2019 5:43:45 PM	Microsoft-Windows-Windows Defender	1151	None	"Endpoint Protection client health report (time in UTC):
 	Platform version: 4.18.1902.2
 	Engine version: 1.1.15700.9
 	Network Realtime Inspection engine version: 1.1.15700.9
 	Antivirus signature version: 1.289.1599.0
 	Antispyware signature version: 1.289.1599.0
 	Network Realtime Inspection signature version: 1.289.1599.0
 	RTP state: Enabled
 	OA state: Enabled
 	IOAV state: Enabled
 	BM state: Enabled
 	Antivirus signature age: 0
 	Antispyware signature age: 0
 	Last quick scan age: 2
 	Last full scan age: 4294967295
 	Antivirus signature creation time: 2019/3/19 20:14:44
 	Antispyware signature creation time: 2019/3/19 20:14:43
 	Last quick scan start time: 2019/3/18 3:21:26
 	Last quick scan end time: 2019/3/18 3:36:21
 	Last quick scan source: 2
 	Last full scan start time: 1601/1/1 0:00:00
 	Last full scan end time: 1601/1/1 0:00:00
 	Last full scan source: 0
 	Product status: 0x00080200
"
Information	3/20/2019 5:43:45 PM	Microsoft-Windows-Windows Defender	1150	None	"Endpoint Protection client is up and running in a healthy state.
 	Platform version: 4.18.1902.2
 	Engine version: 1.1.15700.9
 	Signature version: 1.289.1599.0
"
Information	3/20/2019 5:30:57 PM	Microsoft-Windows-Windows Defender	1000	None	"Windows Defender Antivirus scan has started.
 	Scan ID: {7F86E22E-BD62-41BC-AE5E-74280D00FAB1}
 	Scan Type: Antimalware
 	Scan Parameters: Quick Scan
 	Scan Resources: 
 	User: NT AUTHORITY\SYSTEM"
Warning	3/20/2019 5:23:07 PM	Microsoft-Windows-Windows Defender	1002	None	"Windows Defender Antivirus scan has been stopped before completion.
 	Scan ID: {2E50F96E-665D-44BD-8E62-B3DBDB5C872A}
 	Scan Type: Antimalware
 	Scan Parameters: Quick Scan
  	User: NT AUTHORITY\SYSTEM"
Information	3/20/2019 5:22:06 PM	Microsoft-Windows-Windows Defender	1013	None	"Windows Defender Antivirus has removed history of malware and other potentially unwanted software.
 	Time: 2019/3/5 17:22:04
 	User: NT AUTHORITY\SYSTEM
"
Information	3/20/2019 5:22:04 PM	Microsoft-Windows-Windows Defender	1000	None	"Windows Defender Antivirus scan has started.
 	Scan ID: {2E50F96E-665D-44BD-8E62-B3DBDB5C872A}
 	Scan Type: Antimalware
 	Scan Parameters: Quick Scan
 	Scan Resources: 
 	User: NT AUTHORITY\SYSTEM"
Information	3/20/2019 4:43:45 PM	Microsoft-Windows-Windows Defender	1151	None	"Endpoint Protection client health report (time in UTC):
 	Platform version: 4.18.1902.2
 	Engine version: 1.1.15700.9
 	Network Realtime Inspection engine version: 1.1.15700.9
 	Antivirus signature version: 1.289.1599.0
 	Antispyware signature version: 1.289.1599.0
 	Network Realtime Inspection signature version: 1.289.1599.0
 	RTP state: Enabled
 	OA state: Enabled
 	IOAV state: Enabled
 	BM state: Enabled
 	Antivirus signature age: 0
 	Antispyware signature age: 0
 	Last quick scan age: 2
 	Last full scan age: 4294967295
 	Antivirus signature creation time: 2019/3/19 20:14:44
 	Antispyware signature creation time: 2019/3/19 20:14:43
 	Last quick scan start time: 2019/3/18 3:21:26
 	Last quick scan end time: 2019/3/18 3:36:21
 	Last quick scan source: 2
 	Last full scan start time: 1601/1/1 0:00:00
 	Last full scan end time: 1601/1/1 0:00:00
 	Last full scan source: 0
 	Product status: 0x00080000
"
Information	3/20/2019 4:43:45 PM	Microsoft-Windows-Windows Defender	1150	None	"Endpoint Protection client is up and running in a healthy state.
 	Platform version: 4.18.1902.2
 	Engine version: 1.1.15700.9
 	Signature version: 1.289.1599.0
"
Information	3/20/2019 3:43:45 PM	Microsoft-Windows-Windows Defender	1151	None	"Endpoint Protection client health report (time in UTC):
 	Platform version: 4.18.1902.2
 	Engine version: 1.1.15700.9
 	Network Realtime Inspection engine version: 1.1.15700.9
 	Antivirus signature version: 1.289.1599.0
 	Antispyware signature version: 1.289.1599.0
 	Network Realtime Inspection signature version: 1.289.1599.0
 	RTP state: Enabled
 	OA state: Enabled
 	IOAV state: Enabled
 	BM state: Enabled
 	Antivirus signature age: 0
 	Antispyware signature age: 0
 	Last quick scan age: 2
 	Last full scan age: 4294967295
 	Antivirus signature creation time: 2019/3/19 20:14:44
 	Antispyware signature creation time: 2019/3/19 20:14:43
 	Last quick scan start time: 2019/3/18 3:21:26
 	Last quick scan end time: 2019/3/18 3:36:21
 	Last quick scan source: 2
 	Last full scan start time: 1601/1/1 0:00:00
 	Last full scan end time: 1601/1/1 0:00:00
 	Last full scan source: 0
 	Product status: 0x00080000
"
Information	3/20/2019 3:43:45 PM	Microsoft-Windows-Windows Defender	1150	None	"Endpoint Protection client is up and running in a healthy state.
 	Platform version: 4.18.1902.2
 	Engine version: 1.1.15700.9
 	Signature version: 1.289.1599.0
"
Information	3/20/2019 2:37:52 PM	Microsoft-Windows-Windows Defender	1151	None	"Endpoint Protection client health report (time in UTC):
 	Platform version: 4.18.1902.2
 	Engine version: 1.1.15700.9
 	Network Realtime Inspection engine version: 1.1.15700.9
 	Antivirus signature version: 1.289.1599.0
 	Antispyware signature version: 1.289.1599.0
 	Network Realtime Inspection signature version: 1.289.1599.0
 	RTP state: Enabled
 	OA state: Enabled
 	IOAV state: Enabled
 	BM state: Enabled
 	Antivirus signature age: 0
 	Antispyware signature age: 0
 	Last quick scan age: 2
 	Last full scan age: 4294967295
 	Antivirus signature creation time: 2019/3/19 20:14:44
 	Antispyware signature creation time: 2019/3/19 20:14:43
 	Last quick scan start time: 2019/3/18 3:21:26
 	Last quick scan end time: 2019/3/18 3:36:21
 	Last quick scan source: 2
 	Last full scan start time: 1601/1/1 0:00:00
 	Last full scan end time: 1601/1/1 0:00:00
 	Last full scan source: 0
 	Product status: 0x00080000
"
Information	3/20/2019 2:37:52 PM	Microsoft-Windows-Windows Defender	1150	None	"Endpoint Protection client is up and running in a healthy state.
 	Platform version: 4.18.1902.2
 	Engine version: 1.1.15700.9
 	Signature version: 1.289.1599.0
"
Information	3/20/2019 1:58:44 PM	Microsoft-Windows-Windows Defender	2000	None	"Windows Defender Antivirus signature version has been updated.
 	Current Signature Version: 1.289.1599.0
 	Previous Signature Version: 1.289.1521.0
 	Signature Type: AntiSpyware
 	Update Type: Delta
 	User: NT AUTHORITY\SYSTEM
 	Current Engine Version: 1.1.15700.9
 	Previous Engine Version: 1.1.15700.9"
Information	3/20/2019 1:58:44 PM	Microsoft-Windows-Windows Defender	2000	None	"Windows Defender Antivirus signature version has been updated.
 	Current Signature Version: 1.289.1599.0
 	Previous Signature Version: 1.289.1521.0
 	Signature Type: AntiVirus
 	Update Type: Delta
 	User: NT AUTHORITY\SYSTEM
 	Current Engine Version: 1.1.15700.9
 	Previous Engine Version: 1.1.15700.9"
Information	3/20/2019 1:27:50 AM	Microsoft-Windows-Windows Defender	1151	None	"Endpoint Protection client health report (time in UTC):
 	Platform version: 4.18.1902.2
 	Engine version: 1.1.15700.9
 	Network Realtime Inspection engine version: 1.1.15700.9
 	Antivirus signature version: 1.289.1521.0
 	Antispyware signature version: 1.289.1521.0
 	Network Realtime Inspection signature version: 1.289.1521.0
 	RTP state: Enabled
 	OA state: Enabled
 	IOAV state: Enabled
 	BM state: Enabled
 	Antivirus signature age: 0
 	Antispyware signature age: 0
 	Last quick scan age: 1
 	Last full scan age: 4294967295
 	Antivirus signature creation time: 2019/3/18 21:39:21
 	Antispyware signature creation time: 2019/3/18 21:39:20
 	Last quick scan start time: 2019/3/18 3:21:26
 	Last quick scan end time: 2019/3/18 3:36:21
 	Last quick scan source: 2
 	Last full scan start time: 1601/1/1 0:00:00
 	Last full scan end time: 1601/1/1 0:00:00
 	Last full scan source: 0
 	Product status: 0x00080000
"
Information	3/20/2019 1:27:50 AM	Microsoft-Windows-Windows Defender	1150	None	"Endpoint Protection client is up and running in a healthy state.
 	Platform version: 4.18.1902.2
 	Engine version: 1.1.15700.9
 	Signature version: 1.289.1521.0
"
Information	3/20/2019 12:27:50 AM	Microsoft-Windows-Windows Defender	1151	None	"Endpoint Protection client health report (time in UTC):
 	Platform version: 4.18.1902.2
 	Engine version: 1.1.15700.9
 	Network Realtime Inspection engine version: 1.1.15700.9
 	Antivirus signature version: 1.289.1521.0
 	Antispyware signature version: 1.289.1521.0
 	Network Realtime Inspection signature version: 1.289.1521.0
 	RTP state: Enabled
 	OA state: Enabled
 	IOAV state: Enabled
 	BM state: Enabled
 	Antivirus signature age: 0
 	Antispyware signature age: 0
 	Last quick scan age: 1
 	Last full scan age: 4294967295
 	Antivirus signature creation time: 2019/3/18 21:39:21
 	Antispyware signature creation time: 2019/3/18 21:39:20
 	Last quick scan start time: 2019/3/18 3:21:26
 	Last quick scan end time: 2019/3/18 3:36:21
 	Last quick scan source: 2
 	Last full scan start time: 1601/1/1 0:00:00
 	Last full scan end time: 1601/1/1 0:00:00
 	Last full scan source: 0
 	Product status: 0x00080000
"
Information	3/20/2019 12:27:50 AM	Microsoft-Windows-Windows Defender	1150	None	"Endpoint Protection client is up and running in a healthy state.
 	Platform version: 4.18.1902.2
 	Engine version: 1.1.15700.9
 	Signature version: 1.289.1521.0
"
Information	3/19/2019 11:06:00 PM	Microsoft-Windows-Windows Defender	1151	None	"Endpoint Protection client health report (time in UTC):
 	Platform version: 4.18.1902.2
 	Engine version: 1.1.15700.9
 	Network Realtime Inspection engine version: 1.1.15700.9
 	Antivirus signature version: 1.289.1521.0
 	Antispyware signature version: 1.289.1521.0
 	Network Realtime Inspection signature version: 1.289.1521.0
 	RTP state: Enabled
 	OA state: Enabled
 	IOAV state: Enabled
 	BM state: Enabled
 	Antivirus signature age: 0
 	Antispyware signature age: 0
 	Last quick scan age: 1
 	Last full scan age: 4294967295
 	Antivirus signature creation time: 2019/3/18 21:39:21
 	Antispyware signature creation time: 2019/3/18 21:39:20
 	Last quick scan start time: 2019/3/18 3:21:26
 	Last quick scan end time: 2019/3/18 3:36:21
 	Last quick scan source: 2
 	Last full scan start time: 1601/1/1 0:00:00
 	Last full scan end time: 1601/1/1 0:00:00
 	Last full scan source: 0
 	Product status: 0x00080000
"
Information	3/19/2019 11:06:00 PM	Microsoft-Windows-Windows Defender	1150	None	"Endpoint Protection client is up and running in a healthy state.
 	Platform version: 4.18.1902.2
 	Engine version: 1.1.15700.9
 	Signature version: 1.289.1521.0
"
Information	3/19/2019 10:06:00 PM	Microsoft-Windows-Windows Defender	1151	None	"Endpoint Protection client health report (time in UTC):
 	Platform version: 4.18.1902.2
 	Engine version: 1.1.15700.9
 	Network Realtime Inspection engine version: 1.1.15700.9
 	Antivirus signature version: 1.289.1521.0
 	Antispyware signature version: 1.289.1521.0
 	Network Realtime Inspection signature version: 1.289.1521.0
 	RTP state: Enabled
 	OA state: Enabled
 	IOAV state: Enabled
 	BM state: Enabled
 	Antivirus signature age: 0
 	Antispyware signature age: 0
 	Last quick scan age: 1
 	Last full scan age: 4294967295
 	Antivirus signature creation time: 2019/3/18 21:39:21
 	Antispyware signature creation time: 2019/3/18 21:39:20
 	Last quick scan start time: 2019/3/18 3:21:26
 	Last quick scan end time: 2019/3/18 3:36:21
 	Last quick scan source: 2
 	Last full scan start time: 1601/1/1 0:00:00
 	Last full scan end time: 1601/1/1 0:00:00
 	Last full scan source: 0
 	Product status: 0x00080000
"
